#! /c/Source/iverilog-install/bin/vvp
:ivl_version "12.0 (devel)" "(s20150603-1110-g18392a46)";
:ivl_delay_selection "TYPICAL";
:vpi_time_precision - 12;
:vpi_module "C:\iverilog\lib\ivl\system.vpi";
:vpi_module "C:\iverilog\lib\ivl\vhdl_sys.vpi";
:vpi_module "C:\iverilog\lib\ivl\vhdl_textio.vpi";
:vpi_module "C:\iverilog\lib\ivl\v2005_math.vpi";
:vpi_module "C:\iverilog\lib\ivl\va_math.vpi";
S_00000134a71eb870 .scope module, "moore_machine" "moore_machine" 2 3;
 .timescale -9 -12;
    .port_info 0 /INPUT 1 "clk";
    .port_info 1 /INPUT 1 "in";
    .port_info 2 /INPUT 1 "rst_n";
    .port_info 3 /OUTPUT 3 "state";
P_00000134a71eba00 .param/l "S0" 0 2 12, C4<000>;
P_00000134a71eba38 .param/l "S1" 0 2 13, C4<001>;
P_00000134a71eba70 .param/l "S2" 0 2 14, C4<010>;
P_00000134a71ebaa8 .param/l "S3" 0 2 15, C4<011>;
P_00000134a71ebae0 .param/l "S4" 0 2 16, C4<100>;
P_00000134a71ebb18 .param/l "S5" 0 2 17, C4<101>;
o00000134a74e8fb8 .functor BUFZ 1, C4<z>; HiZ drive
v00000134a71ebb60_0 .net "clk", 0 0, o00000134a74e8fb8;  0 drivers
o00000134a74e8fe8 .functor BUFZ 1, C4<z>; HiZ drive
v00000134a74b3100_0 .net "in", 0 0, o00000134a74e8fe8;  0 drivers
v00000134a74e3ae0_0 .var "next_state", 2 0;
o00000134a74e9048 .functor BUFZ 1, C4<z>; HiZ drive
v00000134a74e3b80_0 .net "rst_n", 0 0, o00000134a74e9048;  0 drivers
v00000134a74e3c20_0 .var "state", 2 0;
E_00000134a71e7ef0 .event anyedge, v00000134a74e3c20_0, v00000134a74b3100_0;
E_00000134a71e8c70 .event posedge, v00000134a71ebb60_0;
    .scope S_00000134a71eb870;
T_0 ;
    %wait E_00000134a71e8c70;
    %load/vec4 v00000134a74e3b80_0;
    %nor/r;
    %flag_set/vec4 8;
    %jmp/0xz  T_0.0, 8;
    %pushi/vec4 0, 0, 3;
    %assign/vec4 v00000134a74e3c20_0, 0;
    %jmp T_0.1;
T_0.0 ;
    %load/vec4 v00000134a74e3ae0_0;
    %assign/vec4 v00000134a74e3c20_0, 0;
T_0.1 ;
    %jmp T_0;
    .thread T_0;
    .scope S_00000134a71eb870;
T_1 ;
    %wait E_00000134a71e7ef0;
    %load/vec4 v00000134a74e3c20_0;
    %dup/vec4;
    %pushi/vec4 0, 0, 3;
    %cmp/u;
    %jmp/1 T_1.0, 6;
    %dup/vec4;
    %pushi/vec4 1, 0, 3;
    %cmp/u;
    %jmp/1 T_1.1, 6;
    %dup/vec4;
    %pushi/vec4 2, 0, 3;
    %cmp/u;
    %jmp/1 T_1.2, 6;
    %dup/vec4;
    %pushi/vec4 3, 0, 3;
    %cmp/u;
    %jmp/1 T_1.3, 6;
    %dup/vec4;
    %pushi/vec4 4, 0, 3;
    %cmp/u;
    %jmp/1 T_1.4, 6;
    %dup/vec4;
    %pushi/vec4 5, 0, 3;
    %cmp/u;
    %jmp/1 T_1.5, 6;
    %jmp T_1.6;
T_1.0 ;
    %load/vec4 v00000134a74b3100_0;
    %flag_set/vec4 8;
    %jmp/0xz  T_1.7, 8;
    %pushi/vec4 2, 0, 3;
    %store/vec4 v00000134a74e3ae0_0, 0, 3;
    %jmp T_1.8;
T_1.7 ;
    %pushi/vec4 1, 0, 3;
    %store/vec4 v00000134a74e3ae0_0, 0, 3;
T_1.8 ;
    %jmp T_1.6;
T_1.1 ;
    %load/vec4 v00000134a74b3100_0;
    %flag_set/vec4 8;
    %jmp/0xz  T_1.9, 8;
    %pushi/vec4 5, 0, 3;
    %store/vec4 v00000134a74e3ae0_0, 0, 3;
    %jmp T_1.10;
T_1.9 ;
    %pushi/vec4 4, 0, 3;
    %store/vec4 v00000134a74e3ae0_0, 0, 3;
T_1.10 ;
    %jmp T_1.6;
T_1.2 ;
    %load/vec4 v00000134a74b3100_0;
    %flag_set/vec4 8;
    %jmp/0xz  T_1.11, 8;
    %pushi/vec4 3, 0, 3;
    %store/vec4 v00000134a74e3ae0_0, 0, 3;
    %jmp T_1.12;
T_1.11 ;
    %pushi/vec4 1, 0, 3;
    %store/vec4 v00000134a74e3ae0_0, 0, 3;
T_1.12 ;
    %jmp T_1.6;
T_1.3 ;
    %load/vec4 v00000134a74b3100_0;
    %flag_set/vec4 8;
    %jmp/0xz  T_1.13, 8;
    %pushi/vec4 0, 0, 3;
    %store/vec4 v00000134a74e3ae0_0, 0, 3;
    %jmp T_1.14;
T_1.13 ;
    %pushi/vec4 1, 0, 3;
    %store/vec4 v00000134a74e3ae0_0, 0, 3;
T_1.14 ;
    %jmp T_1.6;
T_1.4 ;
    %load/vec4 v00000134a74b3100_0;
    %flag_set/vec4 8;
    %jmp/0xz  T_1.15, 8;
    %pushi/vec4 5, 0, 3;
    %store/vec4 v00000134a74e3ae0_0, 0, 3;
    %jmp T_1.16;
T_1.15 ;
    %pushi/vec4 4, 0, 3;
    %store/vec4 v00000134a74e3ae0_0, 0, 3;
T_1.16 ;
    %jmp T_1.6;
T_1.5 ;
    %load/vec4 v00000134a74b3100_0;
    %flag_set/vec4 8;
    %jmp/0xz  T_1.17, 8;
    %pushi/vec4 0, 0, 3;
    %store/vec4 v00000134a74e3ae0_0, 0, 3;
    %jmp T_1.18;
T_1.17 ;
    %pushi/vec4 3, 0, 3;
    %store/vec4 v00000134a74e3ae0_0, 0, 3;
T_1.18 ;
    %jmp T_1.6;
T_1.6 ;
    %pop/vec4 1;
    %jmp T_1;
    .thread T_1, $push;
# The file index is used to find the file name in the following table.
:file_names 3;
    "N/A";
    "<interactive>";
    "Moore_machine.v";
