#! /c/Source/iverilog-install/bin/vvp
:ivl_version "12.0 (devel)" "(s20150603-1110-g18392a46)";
:ivl_delay_selection "TYPICAL";
:vpi_time_precision - 12;
:vpi_module "C:\iverilog\lib\ivl\system.vpi";
:vpi_module "C:\iverilog\lib\ivl\vhdl_sys.vpi";
:vpi_module "C:\iverilog\lib\ivl\vhdl_textio.vpi";
:vpi_module "C:\iverilog\lib\ivl\v2005_math.vpi";
:vpi_module "C:\iverilog\lib\ivl\va_math.vpi";
S_0000022a1e40b880 .scope module, "Moore_machine_t" "Moore_machine_t" 2 4;
 .timescale -9 -12;
v0000022a1e528ce0_0 .var "clk", 0 0;
v0000022a1e528d80_0 .var "in", 0 0;
v0000022a1e524300_0 .var "rst_n", 0 0;
v0000022a1e5243a0_0 .net "state", 2 0, v0000022a1e528c40_0;  1 drivers
S_0000022a1e40ba10 .scope module, "moore_machine" "moore_machine" 2 8, 3 3 0, S_0000022a1e40b880;
 .timescale -9 -12;
    .port_info 0 /INPUT 1 "clk";
    .port_info 1 /INPUT 1 "in";
    .port_info 2 /INPUT 1 "rst_n";
    .port_info 3 /OUTPUT 3 "state";
P_0000022a1e5289a0 .param/l "S0" 0 3 12, C4<000>;
P_0000022a1e5289d8 .param/l "S1" 0 3 13, C4<001>;
P_0000022a1e528a10 .param/l "S2" 0 3 14, C4<010>;
P_0000022a1e528a48 .param/l "S3" 0 3 15, C4<011>;
P_0000022a1e528a80 .param/l "S4" 0 3 16, C4<100>;
P_0000022a1e528ab8 .param/l "S5" 0 3 17, C4<101>;
v0000022a1e40b530_0 .net "clk", 0 0, v0000022a1e528ce0_0;  1 drivers
v0000022a1e4f3140_0 .net "in", 0 0, v0000022a1e528d80_0;  1 drivers
v0000022a1e528b00_0 .var "next_state", 2 0;
v0000022a1e528ba0_0 .net "rst_n", 0 0, v0000022a1e524300_0;  1 drivers
v0000022a1e528c40_0 .var "state", 2 0;
E_0000022a1e517720 .event anyedge, v0000022a1e528c40_0, v0000022a1e4f3140_0;
E_0000022a1e517ae0 .event posedge, v0000022a1e40b530_0;
    .scope S_0000022a1e40ba10;
T_0 ;
    %wait E_0000022a1e517ae0;
    %load/vec4 v0000022a1e528ba0_0;
    %nor/r;
    %flag_set/vec4 8;
    %jmp/0xz  T_0.0, 8;
    %pushi/vec4 0, 0, 3;
    %assign/vec4 v0000022a1e528c40_0, 0;
    %jmp T_0.1;
T_0.0 ;
    %load/vec4 v0000022a1e528b00_0;
    %assign/vec4 v0000022a1e528c40_0, 0;
T_0.1 ;
    %jmp T_0;
    .thread T_0;
    .scope S_0000022a1e40ba10;
T_1 ;
    %wait E_0000022a1e517720;
    %load/vec4 v0000022a1e528c40_0;
    %dup/vec4;
    %pushi/vec4 0, 0, 3;
    %cmp/u;
    %jmp/1 T_1.0, 6;
    %dup/vec4;
    %pushi/vec4 1, 0, 3;
    %cmp/u;
    %jmp/1 T_1.1, 6;
    %dup/vec4;
    %pushi/vec4 2, 0, 3;
    %cmp/u;
    %jmp/1 T_1.2, 6;
    %dup/vec4;
    %pushi/vec4 3, 0, 3;
    %cmp/u;
    %jmp/1 T_1.3, 6;
    %dup/vec4;
    %pushi/vec4 4, 0, 3;
    %cmp/u;
    %jmp/1 T_1.4, 6;
    %dup/vec4;
    %pushi/vec4 5, 0, 3;
    %cmp/u;
    %jmp/1 T_1.5, 6;
    %jmp T_1.6;
T_1.0 ;
    %load/vec4 v0000022a1e4f3140_0;
    %flag_set/vec4 8;
    %jmp/0xz  T_1.7, 8;
    %pushi/vec4 2, 0, 3;
    %store/vec4 v0000022a1e528b00_0, 0, 3;
    %jmp T_1.8;
T_1.7 ;
    %pushi/vec4 1, 0, 3;
    %store/vec4 v0000022a1e528b00_0, 0, 3;
T_1.8 ;
    %jmp T_1.6;
T_1.1 ;
    %load/vec4 v0000022a1e4f3140_0;
    %flag_set/vec4 8;
    %jmp/0xz  T_1.9, 8;
    %pushi/vec4 5, 0, 3;
    %store/vec4 v0000022a1e528b00_0, 0, 3;
    %jmp T_1.10;
T_1.9 ;
    %pushi/vec4 4, 0, 3;
    %store/vec4 v0000022a1e528b00_0, 0, 3;
T_1.10 ;
    %jmp T_1.6;
T_1.2 ;
    %load/vec4 v0000022a1e4f3140_0;
    %flag_set/vec4 8;
    %jmp/0xz  T_1.11, 8;
    %pushi/vec4 3, 0, 3;
    %store/vec4 v0000022a1e528b00_0, 0, 3;
    %jmp T_1.12;
T_1.11 ;
    %pushi/vec4 1, 0, 3;
    %store/vec4 v0000022a1e528b00_0, 0, 3;
T_1.12 ;
    %jmp T_1.6;
T_1.3 ;
    %load/vec4 v0000022a1e4f3140_0;
    %flag_set/vec4 8;
    %jmp/0xz  T_1.13, 8;
    %pushi/vec4 0, 0, 3;
    %store/vec4 v0000022a1e528b00_0, 0, 3;
    %jmp T_1.14;
T_1.13 ;
    %pushi/vec4 1, 0, 3;
    %store/vec4 v0000022a1e528b00_0, 0, 3;
T_1.14 ;
    %jmp T_1.6;
T_1.4 ;
    %load/vec4 v0000022a1e4f3140_0;
    %flag_set/vec4 8;
    %jmp/0xz  T_1.15, 8;
    %pushi/vec4 5, 0, 3;
    %store/vec4 v0000022a1e528b00_0, 0, 3;
    %jmp T_1.16;
T_1.15 ;
    %pushi/vec4 4, 0, 3;
    %store/vec4 v0000022a1e528b00_0, 0, 3;
T_1.16 ;
    %jmp T_1.6;
T_1.5 ;
    %load/vec4 v0000022a1e4f3140_0;
    %flag_set/vec4 8;
    %jmp/0xz  T_1.17, 8;
    %pushi/vec4 0, 0, 3;
    %store/vec4 v0000022a1e528b00_0, 0, 3;
    %jmp T_1.18;
T_1.17 ;
    %pushi/vec4 3, 0, 3;
    %store/vec4 v0000022a1e528b00_0, 0, 3;
T_1.18 ;
    %jmp T_1.6;
T_1.6 ;
    %pop/vec4 1;
    %jmp T_1;
    .thread T_1, $push;
    .scope S_0000022a1e40b880;
T_2 ;
    %vpi_call 2 11 "$dumpfile", "moore_machine.vcd" {0 0 0};
    %vpi_call 2 12 "$dumpvars", 32'sb00000000000000000000000000000000, S_0000022a1e40ba10 {0 0 0};
    %pushi/vec4 0, 0, 1;
    %store/vec4 v0000022a1e528ce0_0, 0, 1;
    %pushi/vec4 0, 0, 1;
    %store/vec4 v0000022a1e524300_0, 0, 1;
    %pushi/vec4 0, 0, 1;
    %store/vec4 v0000022a1e528d80_0, 0, 1;
    %delay 10000, 0;
    %pushi/vec4 1, 0, 1;
    %store/vec4 v0000022a1e524300_0, 0, 1;
    %pushi/vec4 10, 0, 32;
T_2.0 %dup/vec4;
    %pushi/vec4 0, 0, 32;
    %cmp/s;
    %jmp/1xz T_2.1, 5;
    %jmp/1 T_2.1, 4;
    %pushi/vec4 1, 0, 32;
    %sub;
    %delay 10000, 0;
    %vpi_func 2 18 "$random" 32 {0 0 0};
    %pushi/vec4 2, 0, 32;
    %mod/s;
    %pad/s 1;
    %store/vec4 v0000022a1e528d80_0, 0, 1;
    %jmp T_2.0;
T_2.1 ;
    %pop/vec4 1;
    %delay 10000, 0;
    %pushi/vec4 0, 0, 1;
    %store/vec4 v0000022a1e524300_0, 0, 1;
    %delay 10000, 0;
    %pushi/vec4 1, 0, 1;
    %store/vec4 v0000022a1e528d80_0, 0, 1;
    %delay 10000, 0;
    %pushi/vec4 1, 0, 1;
    %store/vec4 v0000022a1e524300_0, 0, 1;
    %pushi/vec4 20, 0, 32;
T_2.2 %dup/vec4;
    %pushi/vec4 0, 0, 32;
    %cmp/s;
    %jmp/1xz T_2.3, 5;
    %jmp/1 T_2.3, 4;
    %pushi/vec4 1, 0, 32;
    %sub;
    %delay 10000, 0;
    %vpi_func 2 24 "$random" 32 {0 0 0};
    %pushi/vec4 2, 0, 32;
    %mod/s;
    %pad/s 1;
    %store/vec4 v0000022a1e528d80_0, 0, 1;
    %jmp T_2.2;
T_2.3 ;
    %pop/vec4 1;
    %delay 10000, 0;
    %vpi_call 2 26 "$finish" {0 0 0};
    %end;
    .thread T_2;
    .scope S_0000022a1e40b880;
T_3 ;
    %delay 5000, 0;
    %load/vec4 v0000022a1e528ce0_0;
    %inv;
    %store/vec4 v0000022a1e528ce0_0, 0, 1;
    %jmp T_3;
    .thread T_3;
# The file index is used to find the file name in the following table.
:file_names 4;
    "N/A";
    "<interactive>";
    "Moore_machine_t.v";
    "./Moore_machine.v";
