#! /c/Source/iverilog-install/bin/vvp
:ivl_version "12.0 (devel)" "(s20150603-1110-g18392a46)";
:ivl_delay_selection "TYPICAL";
:vpi_time_precision - 12;
:vpi_module "C:\iverilog\lib\ivl\system.vpi";
:vpi_module "C:\iverilog\lib\ivl\vhdl_sys.vpi";
:vpi_module "C:\iverilog\lib\ivl\vhdl_textio.vpi";
:vpi_module "C:\iverilog\lib\ivl\v2005_math.vpi";
:vpi_module "C:\iverilog\lib\ivl\va_math.vpi";
S_000001930d5ed670 .scope module, "Crossbar_4x4_4bit_t" "Crossbar_4x4_4bit_t" 2 4;
 .timescale -9 -12;
v000001930da94070_0 .var "ctl", 4 0;
v000001930da93170_0 .var "in1", 3 0;
v000001930da92630_0 .var "in2", 3 0;
v000001930da92770_0 .var "in3", 3 0;
v000001930da92bd0_0 .var "in4", 3 0;
v000001930da92c70_0 .net "o1", 3 0, L_000001930daa6840;  1 drivers
v000001930da93210_0 .net "o2", 3 0, L_000001930daa5f80;  1 drivers
v000001930da92db0_0 .net "o3", 3 0, L_000001930daa7420;  1 drivers
v000001930da92e50_0 .net "o4", 3 0, L_000001930daa8780;  1 drivers
S_000001930d5ed800 .scope module, "C1" "Crossbar_4x4_4bit" 2 18, 3 62 0, S_000001930d5ed670;
 .timescale -9 -12;
    .port_info 0 /INPUT 4 "in1";
    .port_info 1 /INPUT 4 "in2";
    .port_info 2 /INPUT 4 "in3";
    .port_info 3 /INPUT 4 "in4";
    .port_info 4 /OUTPUT 4 "out1";
    .port_info 5 /OUTPUT 4 "out2";
    .port_info 6 /OUTPUT 4 "out3";
    .port_info 7 /OUTPUT 4 "out4";
    .port_info 8 /INPUT 5 "control";
v000001930da94d90_0 .net "control", 4 0, v000001930da94070_0;  1 drivers
v000001930da93e90_0 .net "in1", 3 0, v000001930da93170_0;  1 drivers
v000001930da926d0_0 .net "in2", 3 0, v000001930da92630_0;  1 drivers
v000001930da928b0_0 .net "in3", 3 0, v000001930da92770_0;  1 drivers
v000001930da93490_0 .net "in4", 3 0, v000001930da92bd0_0;  1 drivers
v000001930da93530_0 .net "out1", 3 0, L_000001930daa6840;  alias, 1 drivers
v000001930da938f0_0 .net "out2", 3 0, L_000001930daa5f80;  alias, 1 drivers
v000001930da94250_0 .net "out3", 3 0, L_000001930daa7420;  alias, 1 drivers
v000001930da94430_0 .net "out4", 3 0, L_000001930daa8780;  alias, 1 drivers
v000001930da94930_0 .net "temp1", 3 0, L_000001930da96690;  1 drivers
v000001930da944d0_0 .net "temp2", 3 0, L_000001930da97090;  1 drivers
v000001930da93fd0_0 .net "temp3", 3 0, L_000001930da90830;  1 drivers
v000001930da94570_0 .net "temp4", 3 0, L_000001930da91730;  1 drivers
v000001930da92b30_0 .net "temp5", 3 0, L_000001930daa3500;  1 drivers
v000001930da94a70_0 .net "temp6", 3 0, L_000001930daa3960;  1 drivers
L_000001930da97450 .part v000001930da94070_0, 0, 1;
L_000001930da91550 .part v000001930da94070_0, 3, 1;
L_000001930daa2e20 .part v000001930da94070_0, 2, 1;
L_000001930daa6980 .part v000001930da94070_0, 1, 1;
L_000001930daa9680 .part v000001930da94070_0, 4, 1;
S_000001930d5ed990 .scope module, "c1" "Crossbar_2x2_4bit" 3 69, 3 46 0, S_000001930d5ed800;
 .timescale -9 -12;
    .port_info 0 /INPUT 4 "in1";
    .port_info 1 /INPUT 4 "in2";
    .port_info 2 /INPUT 1 "control";
    .port_info 3 /OUTPUT 4 "out1";
    .port_info 4 /OUTPUT 4 "out2";
L_000001930d6c9520 .functor NOT 1, L_000001930da97450, C4<0>, C4<0>, C4<0>;
v000001930da6a8e0_0 .net "control", 0 0, L_000001930da97450;  1 drivers
v000001930da69f80_0 .net "in1", 3 0, v000001930da93170_0;  alias, 1 drivers
v000001930da6a020_0 .net "in2", 3 0, v000001930da92630_0;  alias, 1 drivers
v000001930da6a0c0_0 .net "ncontrol", 0 0, L_000001930d6c9520;  1 drivers
v000001930da6b380_0 .net "out1", 3 0, L_000001930da96690;  alias, 1 drivers
v000001930da6b9c0_0 .net "out2", 3 0, L_000001930da97090;  alias, 1 drivers
v000001930da6a660_0 .net "temp1", 3 0, L_000001930da933f0;  1 drivers
v000001930da6b060_0 .net "temp2", 3 0, L_000001930da950b0;  1 drivers
v000001930da6a700_0 .net "temp3", 3 0, L_000001930da95c90;  1 drivers
v000001930da6b240_0 .net "temp4", 3 0, L_000001930da95fb0;  1 drivers
S_000001930d646200 .scope module, "d1" "Dmux_1x2_4bit" 3 54, 3 3 0, S_000001930d5ed990;
 .timescale -9 -12;
    .port_info 0 /INPUT 4 "in";
    .port_info 1 /OUTPUT 4 "a";
    .port_info 2 /OUTPUT 4 "b";
    .port_info 3 /INPUT 1 "sel";
L_000001930d6c9830 .functor NOT 1, L_000001930da97450, C4<0>, C4<0>, C4<0>;
L_000001930d6c90c0 .functor AND 1, L_000001930da92ef0, L_000001930d6c9830, C4<1>, C4<1>;
L_000001930d6c9670 .functor AND 1, L_000001930da932b0, L_000001930d6c9830, C4<1>, C4<1>;
L_000001930d6c8e20 .functor AND 1, L_000001930da93350, L_000001930d6c9830, C4<1>, C4<1>;
L_000001930d6c9c90 .functor AND 1, L_000001930da93990, L_000001930d6c9830, C4<1>, C4<1>;
L_000001930d6c9b40 .functor AND 1, L_000001930da95330, L_000001930da97450, C4<1>, C4<1>;
L_000001930d6c99f0 .functor AND 1, L_000001930da96b90, L_000001930da97450, C4<1>, C4<1>;
L_000001930d6c9ad0 .functor AND 1, L_000001930da95290, L_000001930da97450, C4<1>, C4<1>;
L_000001930d6c9280 .functor AND 1, L_000001930da94ed0, L_000001930da97450, C4<1>, C4<1>;
v000001930d6c8340_0 .net *"_ivl_0", 0 0, L_000001930d6c90c0;  1 drivers
v000001930d6c74e0_0 .net *"_ivl_11", 0 0, L_000001930da93350;  1 drivers
v000001930d6c6400_0 .net *"_ivl_12", 0 0, L_000001930d6c9c90;  1 drivers
v000001930d6c7260_0 .net *"_ivl_16", 0 0, L_000001930da93990;  1 drivers
v000001930d6c6220_0 .net *"_ivl_17", 0 0, L_000001930d6c9b40;  1 drivers
v000001930d6c5dc0_0 .net *"_ivl_20", 0 0, L_000001930da95330;  1 drivers
v000001930d6c62c0_0 .net *"_ivl_21", 0 0, L_000001930d6c99f0;  1 drivers
v000001930d6c6180_0 .net *"_ivl_24", 0 0, L_000001930da96b90;  1 drivers
v000001930d6c5e60_0 .net *"_ivl_25", 0 0, L_000001930d6c9ad0;  1 drivers
v000001930d6c6540_0 .net *"_ivl_28", 0 0, L_000001930da95290;  1 drivers
v000001930d6c51e0_0 .net *"_ivl_29", 0 0, L_000001930d6c9280;  1 drivers
v000001930d6c6ae0_0 .net *"_ivl_3", 0 0, L_000001930da92ef0;  1 drivers
v000001930d6c60e0_0 .net *"_ivl_33", 0 0, L_000001930da94ed0;  1 drivers
v000001930d6c5640_0 .net *"_ivl_4", 0 0, L_000001930d6c9670;  1 drivers
v000001930d6c5820_0 .net *"_ivl_7", 0 0, L_000001930da932b0;  1 drivers
v000001930d6c5140_0 .net *"_ivl_8", 0 0, L_000001930d6c8e20;  1 drivers
v000001930d6c64a0_0 .net "a", 3 0, L_000001930da933f0;  alias, 1 drivers
v000001930d6c56e0_0 .net "b", 3 0, L_000001930da950b0;  alias, 1 drivers
v000001930d6c6360_0 .net "in", 3 0, v000001930da93170_0;  alias, 1 drivers
v000001930d6c6f40_0 .net "nsel", 0 0, L_000001930d6c9830;  1 drivers
v000001930d6c5b40_0 .net "sel", 0 0, L_000001930da97450;  alias, 1 drivers
L_000001930da92ef0 .part v000001930da93170_0, 0, 1;
L_000001930da932b0 .part v000001930da93170_0, 1, 1;
L_000001930da93350 .part v000001930da93170_0, 2, 1;
L_000001930da933f0 .concat8 [ 1 1 1 1], L_000001930d6c90c0, L_000001930d6c9670, L_000001930d6c8e20, L_000001930d6c9c90;
L_000001930da93990 .part v000001930da93170_0, 3, 1;
L_000001930da95330 .part v000001930da93170_0, 0, 1;
L_000001930da96b90 .part v000001930da93170_0, 1, 1;
L_000001930da95290 .part v000001930da93170_0, 2, 1;
L_000001930da950b0 .concat8 [ 1 1 1 1], L_000001930d6c9b40, L_000001930d6c99f0, L_000001930d6c9ad0, L_000001930d6c9280;
L_000001930da94ed0 .part v000001930da93170_0, 3, 1;
S_000001930d6464a0 .scope module, "d2" "Dmux_1x2_4bit" 3 55, 3 3 0, S_000001930d5ed990;
 .timescale -9 -12;
    .port_info 0 /INPUT 4 "in";
    .port_info 1 /OUTPUT 4 "a";
    .port_info 2 /OUTPUT 4 "b";
    .port_info 3 /INPUT 1 "sel";
L_000001930d6c9050 .functor NOT 1, L_000001930d6c9520, C4<0>, C4<0>, C4<0>;
L_000001930d6c9360 .functor AND 1, L_000001930da96a50, L_000001930d6c9050, C4<1>, C4<1>;
L_000001930d6c9a60 .functor AND 1, L_000001930da953d0, L_000001930d6c9050, C4<1>, C4<1>;
L_000001930d6c9bb0 .functor AND 1, L_000001930da96410, L_000001930d6c9050, C4<1>, C4<1>;
L_000001930d6c96e0 .functor AND 1, L_000001930da96af0, L_000001930d6c9050, C4<1>, C4<1>;
L_000001930d6c9600 .functor AND 1, L_000001930da96050, L_000001930d6c9520, C4<1>, C4<1>;
L_000001930d6c9130 .functor AND 1, L_000001930da95f10, L_000001930d6c9520, C4<1>, C4<1>;
L_000001930d6c9910 .functor AND 1, L_000001930da955b0, L_000001930d6c9520, C4<1>, C4<1>;
L_000001930d6c9750 .functor AND 1, L_000001930da95470, L_000001930d6c9520, C4<1>, C4<1>;
v000001930d6c7580_0 .net *"_ivl_0", 0 0, L_000001930d6c9360;  1 drivers
v000001930d6c5780_0 .net *"_ivl_11", 0 0, L_000001930da96410;  1 drivers
v000001930d6c58c0_0 .net *"_ivl_12", 0 0, L_000001930d6c96e0;  1 drivers
v000001930d6c5960_0 .net *"_ivl_16", 0 0, L_000001930da96af0;  1 drivers
v000001930d6c6a40_0 .net *"_ivl_17", 0 0, L_000001930d6c9600;  1 drivers
v000001930d6c65e0_0 .net *"_ivl_20", 0 0, L_000001930da96050;  1 drivers
v000001930d6c5f00_0 .net *"_ivl_21", 0 0, L_000001930d6c9130;  1 drivers
v000001930d6c67c0_0 .net *"_ivl_24", 0 0, L_000001930da95f10;  1 drivers
v000001930d6c5c80_0 .net *"_ivl_25", 0 0, L_000001930d6c9910;  1 drivers
v000001930d6c6680_0 .net *"_ivl_28", 0 0, L_000001930da955b0;  1 drivers
v000001930d6c6d60_0 .net *"_ivl_29", 0 0, L_000001930d6c9750;  1 drivers
v000001930d6c5d20_0 .net *"_ivl_3", 0 0, L_000001930da96a50;  1 drivers
v000001930d6c6720_0 .net *"_ivl_33", 0 0, L_000001930da95470;  1 drivers
v000001930d6c6860_0 .net *"_ivl_4", 0 0, L_000001930d6c9a60;  1 drivers
v000001930d6c6900_0 .net *"_ivl_7", 0 0, L_000001930da953d0;  1 drivers
v000001930d6c5500_0 .net *"_ivl_8", 0 0, L_000001930d6c9bb0;  1 drivers
v000001930d6c5aa0_0 .net "a", 3 0, L_000001930da95c90;  alias, 1 drivers
v000001930d6c55a0_0 .net "b", 3 0, L_000001930da95fb0;  alias, 1 drivers
v000001930d6c5be0_0 .net "in", 3 0, v000001930da92630_0;  alias, 1 drivers
v000001930d6c71c0_0 .net "nsel", 0 0, L_000001930d6c9050;  1 drivers
v000001930d6c5280_0 .net "sel", 0 0, L_000001930d6c9520;  alias, 1 drivers
L_000001930da96a50 .part v000001930da92630_0, 0, 1;
L_000001930da953d0 .part v000001930da92630_0, 1, 1;
L_000001930da96410 .part v000001930da92630_0, 2, 1;
L_000001930da95c90 .concat8 [ 1 1 1 1], L_000001930d6c9360, L_000001930d6c9a60, L_000001930d6c9bb0, L_000001930d6c96e0;
L_000001930da96af0 .part v000001930da92630_0, 3, 1;
L_000001930da96050 .part v000001930da92630_0, 0, 1;
L_000001930da95f10 .part v000001930da92630_0, 1, 1;
L_000001930da955b0 .part v000001930da92630_0, 2, 1;
L_000001930da95fb0 .concat8 [ 1 1 1 1], L_000001930d6c9600, L_000001930d6c9130, L_000001930d6c9910, L_000001930d6c9750;
L_000001930da95470 .part v000001930da92630_0, 3, 1;
S_000001930d5e63b0 .scope module, "m1" "Mux_2x1_4bit" 3 57, 3 23 0, S_000001930d5ed990;
 .timescale -9 -12;
    .port_info 0 /INPUT 4 "a";
    .port_info 1 /INPUT 4 "b";
    .port_info 2 /INPUT 1 "sel";
    .port_info 3 /OUTPUT 4 "f";
L_000001930d6c9210 .functor NOT 1, L_000001930da97450, C4<0>, C4<0>, C4<0>;
L_000001930d6c8f00 .functor AND 1, L_000001930d6c9210, L_000001930da95650, C4<1>, C4<1>;
L_000001930d6c8f70 .functor AND 1, L_000001930d6c9210, L_000001930da964b0, C4<1>, C4<1>;
L_000001930d6c9c20 .functor AND 1, L_000001930d6c9210, L_000001930da96d70, C4<1>, C4<1>;
L_000001930d6c8fe0 .functor AND 1, L_000001930d6c9210, L_000001930da96910, C4<1>, C4<1>;
L_000001930d6c92f0 .functor AND 1, L_000001930da97450, L_000001930da95dd0, C4<1>, C4<1>;
L_000001930d6c97c0 .functor AND 1, L_000001930da97450, L_000001930da95ab0, C4<1>, C4<1>;
L_000001930d6c98a0 .functor AND 1, L_000001930da97450, L_000001930da96550, C4<1>, C4<1>;
L_000001930d6c9590 .functor AND 1, L_000001930da97450, L_000001930da95bf0, C4<1>, C4<1>;
L_000001930d6c9980 .functor OR 1, L_000001930da96f50, L_000001930da958d0, C4<0>, C4<0>;
L_000001930da99970 .functor OR 1, L_000001930da965f0, L_000001930da95510, C4<0>, C4<0>;
L_000001930da999e0 .functor OR 1, L_000001930da969b0, L_000001930da96eb0, C4<0>, C4<0>;
L_000001930da99c80 .functor OR 1, L_000001930da95830, L_000001930da960f0, C4<0>, C4<0>;
v000001930d6c7300_0 .net *"_ivl_0", 0 0, L_000001930d6c8f00;  1 drivers
v000001930d6c6b80_0 .net *"_ivl_11", 0 0, L_000001930da96d70;  1 drivers
v000001930d6c4e20_0 .net *"_ivl_12", 0 0, L_000001930d6c8fe0;  1 drivers
v000001930d6c7440_0 .net *"_ivl_16", 0 0, L_000001930da96910;  1 drivers
v000001930d6c6fe0_0 .net *"_ivl_17", 0 0, L_000001930d6c92f0;  1 drivers
v000001930d6c4ec0_0 .net *"_ivl_20", 0 0, L_000001930da95dd0;  1 drivers
v000001930d6c5320_0 .net *"_ivl_21", 0 0, L_000001930d6c97c0;  1 drivers
v000001930d6c4f60_0 .net *"_ivl_24", 0 0, L_000001930da95ab0;  1 drivers
v000001930d6c6c20_0 .net *"_ivl_25", 0 0, L_000001930d6c98a0;  1 drivers
v000001930d6c6e00_0 .net *"_ivl_28", 0 0, L_000001930da96550;  1 drivers
v000001930d6c6ea0_0 .net *"_ivl_29", 0 0, L_000001930d6c9590;  1 drivers
v000001930d6c7080_0 .net *"_ivl_3", 0 0, L_000001930da95650;  1 drivers
v000001930d6c69a0_0 .net *"_ivl_33", 0 0, L_000001930da95bf0;  1 drivers
v000001930d6c5a00_0 .net *"_ivl_34", 0 0, L_000001930d6c9980;  1 drivers
v000001930d6c5fa0_0 .net *"_ivl_37", 0 0, L_000001930da96f50;  1 drivers
v000001930d6c6040_0 .net *"_ivl_39", 0 0, L_000001930da958d0;  1 drivers
v000001930d6c6cc0_0 .net *"_ivl_4", 0 0, L_000001930d6c8f70;  1 drivers
v000001930d6c5000_0 .net *"_ivl_40", 0 0, L_000001930da99970;  1 drivers
v000001930d6c73a0_0 .net *"_ivl_43", 0 0, L_000001930da965f0;  1 drivers
v000001930d6c7120_0 .net *"_ivl_45", 0 0, L_000001930da95510;  1 drivers
v000001930d6c50a0_0 .net *"_ivl_46", 0 0, L_000001930da999e0;  1 drivers
v000001930d6c53c0_0 .net *"_ivl_49", 0 0, L_000001930da969b0;  1 drivers
v000001930d6c5460_0 .net *"_ivl_51", 0 0, L_000001930da96eb0;  1 drivers
v000001930d6bc580_0 .net *"_ivl_52", 0 0, L_000001930da99c80;  1 drivers
v000001930d6bb680_0 .net *"_ivl_56", 0 0, L_000001930da95830;  1 drivers
v000001930d6bcbc0_0 .net *"_ivl_58", 0 0, L_000001930da960f0;  1 drivers
v000001930da699e0_0 .net *"_ivl_7", 0 0, L_000001930da964b0;  1 drivers
v000001930da6a2a0_0 .net *"_ivl_8", 0 0, L_000001930d6c9c20;  1 drivers
v000001930da69e40_0 .net "a", 3 0, L_000001930da933f0;  alias, 1 drivers
v000001930da6b880_0 .net "b", 3 0, L_000001930da95c90;  alias, 1 drivers
v000001930da6a340_0 .net "f", 3 0, L_000001930da96690;  alias, 1 drivers
v000001930da6bb00_0 .net "newa", 3 0, L_000001930da95d30;  1 drivers
v000001930da6b2e0_0 .net "newb", 3 0, L_000001930da96e10;  1 drivers
v000001930da6ade0_0 .net "not_sel", 0 0, L_000001930d6c9210;  1 drivers
v000001930da6b7e0_0 .net "sel", 0 0, L_000001930da97450;  alias, 1 drivers
L_000001930da95650 .part L_000001930da933f0, 0, 1;
L_000001930da964b0 .part L_000001930da933f0, 1, 1;
L_000001930da96d70 .part L_000001930da933f0, 2, 1;
L_000001930da95d30 .concat8 [ 1 1 1 1], L_000001930d6c8f00, L_000001930d6c8f70, L_000001930d6c9c20, L_000001930d6c8fe0;
L_000001930da96910 .part L_000001930da933f0, 3, 1;
L_000001930da95dd0 .part L_000001930da95c90, 0, 1;
L_000001930da95ab0 .part L_000001930da95c90, 1, 1;
L_000001930da96550 .part L_000001930da95c90, 2, 1;
L_000001930da96e10 .concat8 [ 1 1 1 1], L_000001930d6c92f0, L_000001930d6c97c0, L_000001930d6c98a0, L_000001930d6c9590;
L_000001930da95bf0 .part L_000001930da95c90, 3, 1;
L_000001930da96f50 .part L_000001930da95d30, 0, 1;
L_000001930da958d0 .part L_000001930da96e10, 0, 1;
L_000001930da965f0 .part L_000001930da95d30, 1, 1;
L_000001930da95510 .part L_000001930da96e10, 1, 1;
L_000001930da969b0 .part L_000001930da95d30, 2, 1;
L_000001930da96eb0 .part L_000001930da96e10, 2, 1;
L_000001930da96690 .concat8 [ 1 1 1 1], L_000001930d6c9980, L_000001930da99970, L_000001930da999e0, L_000001930da99c80;
L_000001930da95830 .part L_000001930da95d30, 3, 1;
L_000001930da960f0 .part L_000001930da96e10, 3, 1;
S_000001930d5e6540 .scope module, "m2" "Mux_2x1_4bit" 3 58, 3 23 0, S_000001930d5ed990;
 .timescale -9 -12;
    .port_info 0 /INPUT 4 "a";
    .port_info 1 /INPUT 4 "b";
    .port_info 2 /INPUT 1 "sel";
    .port_info 3 /OUTPUT 4 "f";
L_000001930da99900 .functor NOT 1, L_000001930d6c9520, C4<0>, C4<0>, C4<0>;
L_000001930da995f0 .functor AND 1, L_000001930da99900, L_000001930da96cd0, C4<1>, C4<1>;
L_000001930da99510 .functor AND 1, L_000001930da99900, L_000001930da95e70, C4<1>, C4<1>;
L_000001930da99cf0 .functor AND 1, L_000001930da99900, L_000001930da96730, C4<1>, C4<1>;
L_000001930da99350 .functor AND 1, L_000001930da99900, L_000001930da96190, C4<1>, C4<1>;
L_000001930da99e40 .functor AND 1, L_000001930d6c9520, L_000001930da956f0, C4<1>, C4<1>;
L_000001930da99ac0 .functor AND 1, L_000001930d6c9520, L_000001930da96230, C4<1>, C4<1>;
L_000001930da99660 .functor AND 1, L_000001930d6c9520, L_000001930da96370, C4<1>, C4<1>;
L_000001930da99d60 .functor AND 1, L_000001930d6c9520, L_000001930da97310, C4<1>, C4<1>;
L_000001930da99eb0 .functor OR 1, L_000001930da962d0, L_000001930da967d0, C4<0>, C4<0>;
L_000001930da99f20 .functor OR 1, L_000001930da96870, L_000001930da95b50, C4<0>, C4<0>;
L_000001930da99dd0 .functor OR 1, L_000001930da95790, L_000001930da95970, C4<0>, C4<0>;
L_000001930da99b30 .functor OR 1, L_000001930da95a10, L_000001930da96c30, C4<0>, C4<0>;
v000001930da6c000_0 .net *"_ivl_0", 0 0, L_000001930da995f0;  1 drivers
v000001930da6aca0_0 .net *"_ivl_11", 0 0, L_000001930da96730;  1 drivers
v000001930da6bc40_0 .net *"_ivl_12", 0 0, L_000001930da99350;  1 drivers
v000001930da69a80_0 .net *"_ivl_16", 0 0, L_000001930da96190;  1 drivers
v000001930da6bec0_0 .net *"_ivl_17", 0 0, L_000001930da99e40;  1 drivers
v000001930da6bd80_0 .net *"_ivl_20", 0 0, L_000001930da956f0;  1 drivers
v000001930da6b6a0_0 .net *"_ivl_21", 0 0, L_000001930da99ac0;  1 drivers
v000001930da69b20_0 .net *"_ivl_24", 0 0, L_000001930da96230;  1 drivers
v000001930da6a160_0 .net *"_ivl_25", 0 0, L_000001930da99660;  1 drivers
v000001930da6a200_0 .net *"_ivl_28", 0 0, L_000001930da96370;  1 drivers
v000001930da6b560_0 .net *"_ivl_29", 0 0, L_000001930da99d60;  1 drivers
v000001930da6bf60_0 .net *"_ivl_3", 0 0, L_000001930da96cd0;  1 drivers
v000001930da6be20_0 .net *"_ivl_33", 0 0, L_000001930da97310;  1 drivers
v000001930da6b4c0_0 .net *"_ivl_34", 0 0, L_000001930da99eb0;  1 drivers
v000001930da69bc0_0 .net *"_ivl_37", 0 0, L_000001930da962d0;  1 drivers
v000001930da6b600_0 .net *"_ivl_39", 0 0, L_000001930da967d0;  1 drivers
v000001930da6a3e0_0 .net *"_ivl_4", 0 0, L_000001930da99510;  1 drivers
v000001930da6a480_0 .net *"_ivl_40", 0 0, L_000001930da99f20;  1 drivers
v000001930da69c60_0 .net *"_ivl_43", 0 0, L_000001930da96870;  1 drivers
v000001930da6ae80_0 .net *"_ivl_45", 0 0, L_000001930da95b50;  1 drivers
v000001930da6a520_0 .net *"_ivl_46", 0 0, L_000001930da99dd0;  1 drivers
v000001930da6aac0_0 .net *"_ivl_49", 0 0, L_000001930da95790;  1 drivers
v000001930da69d00_0 .net *"_ivl_51", 0 0, L_000001930da95970;  1 drivers
v000001930da6a840_0 .net *"_ivl_52", 0 0, L_000001930da99b30;  1 drivers
v000001930da6b920_0 .net *"_ivl_56", 0 0, L_000001930da95a10;  1 drivers
v000001930da6af20_0 .net *"_ivl_58", 0 0, L_000001930da96c30;  1 drivers
v000001930da69da0_0 .net *"_ivl_7", 0 0, L_000001930da95e70;  1 drivers
v000001930da6ad40_0 .net *"_ivl_8", 0 0, L_000001930da99cf0;  1 drivers
v000001930da6a5c0_0 .net "a", 3 0, L_000001930da950b0;  alias, 1 drivers
v000001930da6bba0_0 .net "b", 3 0, L_000001930da95fb0;  alias, 1 drivers
v000001930da6bce0_0 .net "f", 3 0, L_000001930da97090;  alias, 1 drivers
v000001930da6c0a0_0 .net "newa", 3 0, L_000001930da96ff0;  1 drivers
v000001930da69940_0 .net "newb", 3 0, L_000001930da971d0;  1 drivers
v000001930da6afc0_0 .net "not_sel", 0 0, L_000001930da99900;  1 drivers
v000001930da69ee0_0 .net "sel", 0 0, L_000001930d6c9520;  alias, 1 drivers
L_000001930da96cd0 .part L_000001930da950b0, 0, 1;
L_000001930da95e70 .part L_000001930da950b0, 1, 1;
L_000001930da96730 .part L_000001930da950b0, 2, 1;
L_000001930da96ff0 .concat8 [ 1 1 1 1], L_000001930da995f0, L_000001930da99510, L_000001930da99cf0, L_000001930da99350;
L_000001930da96190 .part L_000001930da950b0, 3, 1;
L_000001930da956f0 .part L_000001930da95fb0, 0, 1;
L_000001930da96230 .part L_000001930da95fb0, 1, 1;
L_000001930da96370 .part L_000001930da95fb0, 2, 1;
L_000001930da971d0 .concat8 [ 1 1 1 1], L_000001930da99e40, L_000001930da99ac0, L_000001930da99660, L_000001930da99d60;
L_000001930da97310 .part L_000001930da95fb0, 3, 1;
L_000001930da962d0 .part L_000001930da96ff0, 0, 1;
L_000001930da967d0 .part L_000001930da971d0, 0, 1;
L_000001930da96870 .part L_000001930da96ff0, 1, 1;
L_000001930da95b50 .part L_000001930da971d0, 1, 1;
L_000001930da95790 .part L_000001930da96ff0, 2, 1;
L_000001930da95970 .part L_000001930da971d0, 2, 1;
L_000001930da97090 .concat8 [ 1 1 1 1], L_000001930da99eb0, L_000001930da99f20, L_000001930da99dd0, L_000001930da99b30;
L_000001930da95a10 .part L_000001930da96ff0, 3, 1;
L_000001930da96c30 .part L_000001930da971d0, 3, 1;
S_000001930d640890 .scope module, "c2" "Crossbar_2x2_4bit" 3 70, 3 46 0, S_000001930d5ed800;
 .timescale -9 -12;
    .port_info 0 /INPUT 4 "in1";
    .port_info 1 /INPUT 4 "in2";
    .port_info 2 /INPUT 1 "control";
    .port_info 3 /OUTPUT 4 "out1";
    .port_info 4 /OUTPUT 4 "out2";
L_000001930da9a070 .functor NOT 1, L_000001930da91550, C4<0>, C4<0>, C4<0>;
v000001930da71cc0_0 .net "control", 0 0, L_000001930da91550;  1 drivers
v000001930da729e0_0 .net "in1", 3 0, v000001930da92770_0;  alias, 1 drivers
v000001930da72a80_0 .net "in2", 3 0, v000001930da92bd0_0;  alias, 1 drivers
v000001930da72760_0 .net "ncontrol", 0 0, L_000001930da9a070;  1 drivers
v000001930da72300_0 .net "out1", 3 0, L_000001930da90830;  alias, 1 drivers
v000001930da726c0_0 .net "out2", 3 0, L_000001930da91730;  alias, 1 drivers
v000001930da72800_0 .net "temp1", 3 0, L_000001930da974f0;  1 drivers
v000001930da72120_0 .net "temp2", 3 0, L_000001930da95010;  1 drivers
v000001930da717c0_0 .net "temp3", 3 0, L_000001930da97770;  1 drivers
v000001930da72260_0 .net "temp4", 3 0, L_000001930da97bd0;  1 drivers
S_000001930d6eebe0 .scope module, "d1" "Dmux_1x2_4bit" 3 54, 3 3 0, S_000001930d640890;
 .timescale -9 -12;
    .port_info 0 /INPUT 4 "in";
    .port_info 1 /OUTPUT 4 "a";
    .port_info 2 /OUTPUT 4 "b";
    .port_info 3 /INPUT 1 "sel";
L_000001930da99ba0 .functor NOT 1, L_000001930da91550, C4<0>, C4<0>, C4<0>;
L_000001930da9a150 .functor AND 1, L_000001930da97130, L_000001930da99ba0, C4<1>, C4<1>;
L_000001930da99580 .functor AND 1, L_000001930da97270, L_000001930da99ba0, C4<1>, C4<1>;
L_000001930da993c0 .functor AND 1, L_000001930da973b0, L_000001930da99ba0, C4<1>, C4<1>;
L_000001930da996d0 .functor AND 1, L_000001930da95150, L_000001930da99ba0, C4<1>, C4<1>;
L_000001930da99a50 .functor AND 1, L_000001930da97590, L_000001930da91550, C4<1>, C4<1>;
L_000001930da99c10 .functor AND 1, L_000001930da94e30, L_000001930da91550, C4<1>, C4<1>;
L_000001930da9a000 .functor AND 1, L_000001930da94f70, L_000001930da91550, C4<1>, C4<1>;
L_000001930da9a0e0 .functor AND 1, L_000001930da951f0, L_000001930da91550, C4<1>, C4<1>;
v000001930da6a7a0_0 .net *"_ivl_0", 0 0, L_000001930da9a150;  1 drivers
v000001930da6a980_0 .net *"_ivl_11", 0 0, L_000001930da973b0;  1 drivers
v000001930da6aa20_0 .net *"_ivl_12", 0 0, L_000001930da996d0;  1 drivers
v000001930da6ba60_0 .net *"_ivl_16", 0 0, L_000001930da95150;  1 drivers
v000001930da6b100_0 .net *"_ivl_17", 0 0, L_000001930da99a50;  1 drivers
v000001930da6ab60_0 .net *"_ivl_20", 0 0, L_000001930da97590;  1 drivers
v000001930da6ac00_0 .net *"_ivl_21", 0 0, L_000001930da99c10;  1 drivers
v000001930da6b1a0_0 .net *"_ivl_24", 0 0, L_000001930da94e30;  1 drivers
v000001930da6b420_0 .net *"_ivl_25", 0 0, L_000001930da9a000;  1 drivers
v000001930da6b740_0 .net *"_ivl_28", 0 0, L_000001930da94f70;  1 drivers
v000001930da6c320_0 .net *"_ivl_29", 0 0, L_000001930da9a0e0;  1 drivers
v000001930da6cdc0_0 .net *"_ivl_3", 0 0, L_000001930da97130;  1 drivers
v000001930da6ce60_0 .net *"_ivl_33", 0 0, L_000001930da951f0;  1 drivers
v000001930da6d400_0 .net *"_ivl_4", 0 0, L_000001930da99580;  1 drivers
v000001930da6d2c0_0 .net *"_ivl_7", 0 0, L_000001930da97270;  1 drivers
v000001930da6d180_0 .net *"_ivl_8", 0 0, L_000001930da993c0;  1 drivers
v000001930da6d5e0_0 .net "a", 3 0, L_000001930da974f0;  alias, 1 drivers
v000001930da6cc80_0 .net "b", 3 0, L_000001930da95010;  alias, 1 drivers
v000001930da6c780_0 .net "in", 3 0, v000001930da92770_0;  alias, 1 drivers
v000001930da6c6e0_0 .net "nsel", 0 0, L_000001930da99ba0;  1 drivers
v000001930da6cf00_0 .net "sel", 0 0, L_000001930da91550;  alias, 1 drivers
L_000001930da97130 .part v000001930da92770_0, 0, 1;
L_000001930da97270 .part v000001930da92770_0, 1, 1;
L_000001930da973b0 .part v000001930da92770_0, 2, 1;
L_000001930da974f0 .concat8 [ 1 1 1 1], L_000001930da9a150, L_000001930da99580, L_000001930da993c0, L_000001930da996d0;
L_000001930da95150 .part v000001930da92770_0, 3, 1;
L_000001930da97590 .part v000001930da92770_0, 0, 1;
L_000001930da94e30 .part v000001930da92770_0, 1, 1;
L_000001930da94f70 .part v000001930da92770_0, 2, 1;
L_000001930da95010 .concat8 [ 1 1 1 1], L_000001930da99a50, L_000001930da99c10, L_000001930da9a000, L_000001930da9a0e0;
L_000001930da951f0 .part v000001930da92770_0, 3, 1;
S_000001930d6eed70 .scope module, "d2" "Dmux_1x2_4bit" 3 55, 3 3 0, S_000001930d640890;
 .timescale -9 -12;
    .port_info 0 /INPUT 4 "in";
    .port_info 1 /OUTPUT 4 "a";
    .port_info 2 /OUTPUT 4 "b";
    .port_info 3 /INPUT 1 "sel";
L_000001930da99270 .functor NOT 1, L_000001930da9a070, C4<0>, C4<0>, C4<0>;
L_000001930da99430 .functor AND 1, L_000001930da97d10, L_000001930da99270, C4<1>, C4<1>;
L_000001930da994a0 .functor AND 1, L_000001930da97b30, L_000001930da99270, C4<1>, C4<1>;
L_000001930da99740 .functor AND 1, L_000001930da97950, L_000001930da99270, C4<1>, C4<1>;
L_000001930da997b0 .functor AND 1, L_000001930da97a90, L_000001930da99270, C4<1>, C4<1>;
L_000001930da99820 .functor AND 1, L_000001930da979f0, L_000001930da9a070, C4<1>, C4<1>;
L_000001930da99890 .functor AND 1, L_000001930da978b0, L_000001930da9a070, C4<1>, C4<1>;
L_000001930da9c8b0 .functor AND 1, L_000001930da976d0, L_000001930da9a070, C4<1>, C4<1>;
L_000001930da9ca70 .functor AND 1, L_000001930da97630, L_000001930da9a070, C4<1>, C4<1>;
v000001930da6cd20_0 .net *"_ivl_0", 0 0, L_000001930da99430;  1 drivers
v000001930da6c140_0 .net *"_ivl_11", 0 0, L_000001930da97950;  1 drivers
v000001930da6c8c0_0 .net *"_ivl_12", 0 0, L_000001930da997b0;  1 drivers
v000001930da6d040_0 .net *"_ivl_16", 0 0, L_000001930da97a90;  1 drivers
v000001930da6cfa0_0 .net *"_ivl_17", 0 0, L_000001930da99820;  1 drivers
v000001930da6c820_0 .net *"_ivl_20", 0 0, L_000001930da979f0;  1 drivers
v000001930da6c3c0_0 .net *"_ivl_21", 0 0, L_000001930da99890;  1 drivers
v000001930da6d0e0_0 .net *"_ivl_24", 0 0, L_000001930da978b0;  1 drivers
v000001930da6c960_0 .net *"_ivl_25", 0 0, L_000001930da9c8b0;  1 drivers
v000001930da6ca00_0 .net *"_ivl_28", 0 0, L_000001930da976d0;  1 drivers
v000001930da6d680_0 .net *"_ivl_29", 0 0, L_000001930da9ca70;  1 drivers
v000001930da6d7c0_0 .net *"_ivl_3", 0 0, L_000001930da97d10;  1 drivers
v000001930da6d720_0 .net *"_ivl_33", 0 0, L_000001930da97630;  1 drivers
v000001930da6d220_0 .net *"_ivl_4", 0 0, L_000001930da994a0;  1 drivers
v000001930da6c1e0_0 .net *"_ivl_7", 0 0, L_000001930da97b30;  1 drivers
v000001930da6d360_0 .net *"_ivl_8", 0 0, L_000001930da99740;  1 drivers
v000001930da6c5a0_0 .net "a", 3 0, L_000001930da97770;  alias, 1 drivers
v000001930da6d4a0_0 .net "b", 3 0, L_000001930da97bd0;  alias, 1 drivers
v000001930da6caa0_0 .net "in", 3 0, v000001930da92bd0_0;  alias, 1 drivers
v000001930da6d540_0 .net "nsel", 0 0, L_000001930da99270;  1 drivers
v000001930da6cb40_0 .net "sel", 0 0, L_000001930da9a070;  alias, 1 drivers
L_000001930da97d10 .part v000001930da92bd0_0, 0, 1;
L_000001930da97b30 .part v000001930da92bd0_0, 1, 1;
L_000001930da97950 .part v000001930da92bd0_0, 2, 1;
L_000001930da97770 .concat8 [ 1 1 1 1], L_000001930da99430, L_000001930da994a0, L_000001930da99740, L_000001930da997b0;
L_000001930da97a90 .part v000001930da92bd0_0, 3, 1;
L_000001930da979f0 .part v000001930da92bd0_0, 0, 1;
L_000001930da978b0 .part v000001930da92bd0_0, 1, 1;
L_000001930da976d0 .part v000001930da92bd0_0, 2, 1;
L_000001930da97bd0 .concat8 [ 1 1 1 1], L_000001930da99820, L_000001930da99890, L_000001930da9c8b0, L_000001930da9ca70;
L_000001930da97630 .part v000001930da92bd0_0, 3, 1;
S_000001930da6ea10 .scope module, "m1" "Mux_2x1_4bit" 3 57, 3 23 0, S_000001930d640890;
 .timescale -9 -12;
    .port_info 0 /INPUT 4 "a";
    .port_info 1 /INPUT 4 "b";
    .port_info 2 /INPUT 1 "sel";
    .port_info 3 /OUTPUT 4 "f";
L_000001930da9cf40 .functor NOT 1, L_000001930da91550, C4<0>, C4<0>, C4<0>;
L_000001930da9c290 .functor AND 1, L_000001930da9cf40, L_000001930da97810, C4<1>, C4<1>;
L_000001930da9ca00 .functor AND 1, L_000001930da9cf40, L_000001930da97c70, C4<1>, C4<1>;
L_000001930da9cae0 .functor AND 1, L_000001930da9cf40, L_000001930da91370, C4<1>, C4<1>;
L_000001930da9cb50 .functor AND 1, L_000001930da9cf40, L_000001930da921d0, C4<1>, C4<1>;
L_000001930da9c680 .functor AND 1, L_000001930da91550, L_000001930da90fb0, C4<1>, C4<1>;
L_000001930da9c920 .functor AND 1, L_000001930da91550, L_000001930da924f0, C4<1>, C4<1>;
L_000001930da9d090 .functor AND 1, L_000001930da91550, L_000001930da8fed0, C4<1>, C4<1>;
L_000001930da9c990 .functor AND 1, L_000001930da91550, L_000001930da92590, C4<1>, C4<1>;
L_000001930da9d100 .functor OR 1, L_000001930da91f50, L_000001930da906f0, C4<0>, C4<0>;
L_000001930da9cd80 .functor OR 1, L_000001930da91eb0, L_000001930da912d0, C4<0>, C4<0>;
L_000001930da9cbc0 .functor OR 1, L_000001930da91230, L_000001930da91d70, C4<0>, C4<0>;
L_000001930da9cca0 .functor OR 1, L_000001930da91050, L_000001930da91ff0, C4<0>, C4<0>;
v000001930da6cbe0_0 .net *"_ivl_0", 0 0, L_000001930da9c290;  1 drivers
v000001930da6c280_0 .net *"_ivl_11", 0 0, L_000001930da91370;  1 drivers
v000001930da6c460_0 .net *"_ivl_12", 0 0, L_000001930da9cb50;  1 drivers
v000001930da6c500_0 .net *"_ivl_16", 0 0, L_000001930da921d0;  1 drivers
v000001930da6c640_0 .net *"_ivl_17", 0 0, L_000001930da9c680;  1 drivers
v000001930da70000_0 .net *"_ivl_20", 0 0, L_000001930da90fb0;  1 drivers
v000001930da71360_0 .net *"_ivl_21", 0 0, L_000001930da9c920;  1 drivers
v000001930da6f920_0 .net *"_ivl_24", 0 0, L_000001930da924f0;  1 drivers
v000001930da70be0_0 .net *"_ivl_25", 0 0, L_000001930da9d090;  1 drivers
v000001930da6ec00_0 .net *"_ivl_28", 0 0, L_000001930da8fed0;  1 drivers
v000001930da6f060_0 .net *"_ivl_29", 0 0, L_000001930da9c990;  1 drivers
v000001930da70f00_0 .net *"_ivl_3", 0 0, L_000001930da97810;  1 drivers
v000001930da6fc40_0 .net *"_ivl_33", 0 0, L_000001930da92590;  1 drivers
v000001930da6fd80_0 .net *"_ivl_34", 0 0, L_000001930da9d100;  1 drivers
v000001930da701e0_0 .net *"_ivl_37", 0 0, L_000001930da91f50;  1 drivers
v000001930da70820_0 .net *"_ivl_39", 0 0, L_000001930da906f0;  1 drivers
v000001930da70fa0_0 .net *"_ivl_4", 0 0, L_000001930da9ca00;  1 drivers
v000001930da710e0_0 .net *"_ivl_40", 0 0, L_000001930da9cd80;  1 drivers
v000001930da6fba0_0 .net *"_ivl_43", 0 0, L_000001930da91eb0;  1 drivers
v000001930da6fce0_0 .net *"_ivl_45", 0 0, L_000001930da912d0;  1 drivers
v000001930da6eca0_0 .net *"_ivl_46", 0 0, L_000001930da9cbc0;  1 drivers
v000001930da6f100_0 .net *"_ivl_49", 0 0, L_000001930da91230;  1 drivers
v000001930da6ed40_0 .net *"_ivl_51", 0 0, L_000001930da91d70;  1 drivers
v000001930da708c0_0 .net *"_ivl_52", 0 0, L_000001930da9cca0;  1 drivers
v000001930da70640_0 .net *"_ivl_56", 0 0, L_000001930da91050;  1 drivers
v000001930da6ede0_0 .net *"_ivl_58", 0 0, L_000001930da91ff0;  1 drivers
v000001930da700a0_0 .net *"_ivl_7", 0 0, L_000001930da97c70;  1 drivers
v000001930da70aa0_0 .net *"_ivl_8", 0 0, L_000001930da9cae0;  1 drivers
v000001930da70140_0 .net "a", 3 0, L_000001930da974f0;  alias, 1 drivers
v000001930da6ff60_0 .net "b", 3 0, L_000001930da97770;  alias, 1 drivers
v000001930da6f9c0_0 .net "f", 3 0, L_000001930da90830;  alias, 1 drivers
v000001930da706e0_0 .net "newa", 3 0, L_000001930da91190;  1 drivers
v000001930da70c80_0 .net "newb", 3 0, L_000001930da90790;  1 drivers
v000001930da70280_0 .net "not_sel", 0 0, L_000001930da9cf40;  1 drivers
v000001930da6f560_0 .net "sel", 0 0, L_000001930da91550;  alias, 1 drivers
L_000001930da97810 .part L_000001930da974f0, 0, 1;
L_000001930da97c70 .part L_000001930da974f0, 1, 1;
L_000001930da91370 .part L_000001930da974f0, 2, 1;
L_000001930da91190 .concat8 [ 1 1 1 1], L_000001930da9c290, L_000001930da9ca00, L_000001930da9cae0, L_000001930da9cb50;
L_000001930da921d0 .part L_000001930da974f0, 3, 1;
L_000001930da90fb0 .part L_000001930da97770, 0, 1;
L_000001930da924f0 .part L_000001930da97770, 1, 1;
L_000001930da8fed0 .part L_000001930da97770, 2, 1;
L_000001930da90790 .concat8 [ 1 1 1 1], L_000001930da9c680, L_000001930da9c920, L_000001930da9d090, L_000001930da9c990;
L_000001930da92590 .part L_000001930da97770, 3, 1;
L_000001930da91f50 .part L_000001930da91190, 0, 1;
L_000001930da906f0 .part L_000001930da90790, 0, 1;
L_000001930da91eb0 .part L_000001930da91190, 1, 1;
L_000001930da912d0 .part L_000001930da90790, 1, 1;
L_000001930da91230 .part L_000001930da91190, 2, 1;
L_000001930da91d70 .part L_000001930da90790, 2, 1;
L_000001930da90830 .concat8 [ 1 1 1 1], L_000001930da9d100, L_000001930da9cd80, L_000001930da9cbc0, L_000001930da9cca0;
L_000001930da91050 .part L_000001930da91190, 3, 1;
L_000001930da91ff0 .part L_000001930da90790, 3, 1;
S_000001930da72ed0 .scope module, "m2" "Mux_2x1_4bit" 3 58, 3 23 0, S_000001930d640890;
 .timescale -9 -12;
    .port_info 0 /INPUT 4 "a";
    .port_info 1 /INPUT 4 "b";
    .port_info 2 /INPUT 1 "sel";
    .port_info 3 /OUTPUT 4 "f";
L_000001930da9d020 .functor NOT 1, L_000001930da9a070, C4<0>, C4<0>, C4<0>;
L_000001930da9cc30 .functor AND 1, L_000001930da9d020, L_000001930da900b0, C4<1>, C4<1>;
L_000001930da9cd10 .functor AND 1, L_000001930da9d020, L_000001930da92310, C4<1>, C4<1>;
L_000001930da9cdf0 .functor AND 1, L_000001930da9d020, L_000001930da90970, C4<1>, C4<1>;
L_000001930da9c5a0 .functor AND 1, L_000001930da9d020, L_000001930da914b0, C4<1>, C4<1>;
L_000001930da9ce60 .functor AND 1, L_000001930da9a070, L_000001930da92450, C4<1>, C4<1>;
L_000001930da9ced0 .functor AND 1, L_000001930da9a070, L_000001930da910f0, C4<1>, C4<1>;
L_000001930da9d170 .functor AND 1, L_000001930da9a070, L_000001930da90a10, C4<1>, C4<1>;
L_000001930da9c300 .functor AND 1, L_000001930da9a070, L_000001930da91e10, C4<1>, C4<1>;
L_000001930da9c370 .functor OR 1, L_000001930da90dd0, L_000001930da90bf0, C4<0>, C4<0>;
L_000001930da9c450 .functor OR 1, L_000001930da91410, L_000001930da919b0, C4<0>, C4<0>;
L_000001930da9c840 .functor OR 1, L_000001930da91cd0, L_000001930da90510, C4<0>, C4<0>;
L_000001930da9c4c0 .functor OR 1, L_000001930da92090, L_000001930da91910, C4<0>, C4<0>;
v000001930da6f600_0 .net *"_ivl_0", 0 0, L_000001930da9cc30;  1 drivers
v000001930da6fe20_0 .net *"_ivl_11", 0 0, L_000001930da90970;  1 drivers
v000001930da6f2e0_0 .net *"_ivl_12", 0 0, L_000001930da9c5a0;  1 drivers
v000001930da6f1a0_0 .net *"_ivl_16", 0 0, L_000001930da914b0;  1 drivers
v000001930da6ee80_0 .net *"_ivl_17", 0 0, L_000001930da9ce60;  1 drivers
v000001930da70d20_0 .net *"_ivl_20", 0 0, L_000001930da92450;  1 drivers
v000001930da6f6a0_0 .net *"_ivl_21", 0 0, L_000001930da9ced0;  1 drivers
v000001930da6fb00_0 .net *"_ivl_24", 0 0, L_000001930da910f0;  1 drivers
v000001930da6fec0_0 .net *"_ivl_25", 0 0, L_000001930da9d170;  1 drivers
v000001930da6ef20_0 .net *"_ivl_28", 0 0, L_000001930da90a10;  1 drivers
v000001930da6f880_0 .net *"_ivl_29", 0 0, L_000001930da9c300;  1 drivers
v000001930da70dc0_0 .net *"_ivl_3", 0 0, L_000001930da900b0;  1 drivers
v000001930da70960_0 .net *"_ivl_33", 0 0, L_000001930da91e10;  1 drivers
v000001930da70320_0 .net *"_ivl_34", 0 0, L_000001930da9c370;  1 drivers
v000001930da70780_0 .net *"_ivl_37", 0 0, L_000001930da90dd0;  1 drivers
v000001930da6f240_0 .net *"_ivl_39", 0 0, L_000001930da90bf0;  1 drivers
v000001930da70e60_0 .net *"_ivl_4", 0 0, L_000001930da9cd10;  1 drivers
v000001930da6f420_0 .net *"_ivl_40", 0 0, L_000001930da9c450;  1 drivers
v000001930da6efc0_0 .net *"_ivl_43", 0 0, L_000001930da91410;  1 drivers
v000001930da703c0_0 .net *"_ivl_45", 0 0, L_000001930da919b0;  1 drivers
v000001930da6f4c0_0 .net *"_ivl_46", 0 0, L_000001930da9c840;  1 drivers
v000001930da70460_0 .net *"_ivl_49", 0 0, L_000001930da91cd0;  1 drivers
v000001930da6f380_0 .net *"_ivl_51", 0 0, L_000001930da90510;  1 drivers
v000001930da6fa60_0 .net *"_ivl_52", 0 0, L_000001930da9c4c0;  1 drivers
v000001930da71040_0 .net *"_ivl_56", 0 0, L_000001930da92090;  1 drivers
v000001930da70500_0 .net *"_ivl_58", 0 0, L_000001930da91910;  1 drivers
v000001930da6f740_0 .net *"_ivl_7", 0 0, L_000001930da92310;  1 drivers
v000001930da705a0_0 .net *"_ivl_8", 0 0, L_000001930da9cdf0;  1 drivers
v000001930da6f7e0_0 .net "a", 3 0, L_000001930da95010;  alias, 1 drivers
v000001930da71180_0 .net "b", 3 0, L_000001930da97bd0;  alias, 1 drivers
v000001930da71220_0 .net "f", 3 0, L_000001930da91730;  alias, 1 drivers
v000001930da712c0_0 .net "newa", 3 0, L_000001930da908d0;  1 drivers
v000001930da70a00_0 .net "newb", 3 0, L_000001930da90e70;  1 drivers
v000001930da70b40_0 .net "not_sel", 0 0, L_000001930da9d020;  1 drivers
v000001930da71680_0 .net "sel", 0 0, L_000001930da9a070;  alias, 1 drivers
L_000001930da900b0 .part L_000001930da95010, 0, 1;
L_000001930da92310 .part L_000001930da95010, 1, 1;
L_000001930da90970 .part L_000001930da95010, 2, 1;
L_000001930da908d0 .concat8 [ 1 1 1 1], L_000001930da9cc30, L_000001930da9cd10, L_000001930da9cdf0, L_000001930da9c5a0;
L_000001930da914b0 .part L_000001930da95010, 3, 1;
L_000001930da92450 .part L_000001930da97bd0, 0, 1;
L_000001930da910f0 .part L_000001930da97bd0, 1, 1;
L_000001930da90a10 .part L_000001930da97bd0, 2, 1;
L_000001930da90e70 .concat8 [ 1 1 1 1], L_000001930da9ce60, L_000001930da9ced0, L_000001930da9d170, L_000001930da9c300;
L_000001930da91e10 .part L_000001930da97bd0, 3, 1;
L_000001930da90dd0 .part L_000001930da908d0, 0, 1;
L_000001930da90bf0 .part L_000001930da90e70, 0, 1;
L_000001930da91410 .part L_000001930da908d0, 1, 1;
L_000001930da919b0 .part L_000001930da90e70, 1, 1;
L_000001930da91cd0 .part L_000001930da908d0, 2, 1;
L_000001930da90510 .part L_000001930da90e70, 2, 1;
L_000001930da91730 .concat8 [ 1 1 1 1], L_000001930da9c370, L_000001930da9c450, L_000001930da9c840, L_000001930da9c4c0;
L_000001930da92090 .part L_000001930da908d0, 3, 1;
L_000001930da91910 .part L_000001930da90e70, 3, 1;
S_000001930da73270 .scope module, "c3" "Crossbar_2x2_4bit" 3 71, 3 46 0, S_000001930d5ed800;
 .timescale -9 -12;
    .port_info 0 /INPUT 4 "in1";
    .port_info 1 /INPUT 4 "in2";
    .port_info 2 /INPUT 1 "control";
    .port_info 3 /OUTPUT 4 "out1";
    .port_info 4 /OUTPUT 4 "out2";
L_000001930da9c610 .functor NOT 1, L_000001930daa2e20, C4<0>, C4<0>, C4<0>;
v000001930da75260_0 .net "control", 0 0, L_000001930daa2e20;  1 drivers
v000001930da742c0_0 .net "in1", 3 0, L_000001930da97090;  alias, 1 drivers
v000001930da75620_0 .net "in2", 3 0, L_000001930da90830;  alias, 1 drivers
v000001930da73d20_0 .net "ncontrol", 0 0, L_000001930da9c610;  1 drivers
v000001930da75bc0_0 .net "out1", 3 0, L_000001930daa3500;  alias, 1 drivers
v000001930da73780_0 .net "out2", 3 0, L_000001930daa3960;  alias, 1 drivers
v000001930da738c0_0 .net "temp1", 3 0, L_000001930da905b0;  1 drivers
v000001930da73960_0 .net "temp2", 3 0, L_000001930da90650;  1 drivers
v000001930da73a00_0 .net "temp3", 3 0, L_000001930da90d30;  1 drivers
v000001930da74040_0 .net "temp4", 3 0, L_000001930da903d0;  1 drivers
S_000001930da73400 .scope module, "d1" "Dmux_1x2_4bit" 3 54, 3 3 0, S_000001930da73270;
 .timescale -9 -12;
    .port_info 0 /INPUT 4 "in";
    .port_info 1 /OUTPUT 4 "a";
    .port_info 2 /OUTPUT 4 "b";
    .port_info 3 /INPUT 1 "sel";
L_000001930da9c3e0 .functor NOT 1, L_000001930daa2e20, C4<0>, C4<0>, C4<0>;
L_000001930da9c6f0 .functor AND 1, L_000001930da90330, L_000001930da9c3e0, C4<1>, C4<1>;
L_000001930da9c760 .functor AND 1, L_000001930da90c90, L_000001930da9c3e0, C4<1>, C4<1>;
L_000001930da9c7d0 .functor AND 1, L_000001930da92130, L_000001930da9c3e0, C4<1>, C4<1>;
L_000001930daa06b0 .functor AND 1, L_000001930da92270, L_000001930da9c3e0, C4<1>, C4<1>;
L_000001930daa10c0 .functor AND 1, L_000001930da915f0, L_000001930daa2e20, C4<1>, C4<1>;
L_000001930daa1210 .functor AND 1, L_000001930da91690, L_000001930daa2e20, C4<1>, C4<1>;
L_000001930daa18a0 .functor AND 1, L_000001930da90ab0, L_000001930daa2e20, C4<1>, C4<1>;
L_000001930daa0f70 .functor AND 1, L_000001930da917d0, L_000001930daa2e20, C4<1>, C4<1>;
v000001930da71a40_0 .net *"_ivl_0", 0 0, L_000001930da9c6f0;  1 drivers
v000001930da714a0_0 .net *"_ivl_11", 0 0, L_000001930da92130;  1 drivers
v000001930da728a0_0 .net *"_ivl_12", 0 0, L_000001930daa06b0;  1 drivers
v000001930da72620_0 .net *"_ivl_16", 0 0, L_000001930da92270;  1 drivers
v000001930da721c0_0 .net *"_ivl_17", 0 0, L_000001930daa10c0;  1 drivers
v000001930da71400_0 .net *"_ivl_20", 0 0, L_000001930da915f0;  1 drivers
v000001930da71ae0_0 .net *"_ivl_21", 0 0, L_000001930daa1210;  1 drivers
v000001930da71fe0_0 .net *"_ivl_24", 0 0, L_000001930da91690;  1 drivers
v000001930da715e0_0 .net *"_ivl_25", 0 0, L_000001930daa18a0;  1 drivers
v000001930da71540_0 .net *"_ivl_28", 0 0, L_000001930da90ab0;  1 drivers
v000001930da71900_0 .net *"_ivl_29", 0 0, L_000001930daa0f70;  1 drivers
v000001930da723a0_0 .net *"_ivl_3", 0 0, L_000001930da90330;  1 drivers
v000001930da72440_0 .net *"_ivl_33", 0 0, L_000001930da917d0;  1 drivers
v000001930da71720_0 .net *"_ivl_4", 0 0, L_000001930da9c760;  1 drivers
v000001930da71860_0 .net *"_ivl_7", 0 0, L_000001930da90c90;  1 drivers
v000001930da719a0_0 .net *"_ivl_8", 0 0, L_000001930da9c7d0;  1 drivers
v000001930da71b80_0 .net "a", 3 0, L_000001930da905b0;  alias, 1 drivers
v000001930da72940_0 .net "b", 3 0, L_000001930da90650;  alias, 1 drivers
v000001930da724e0_0 .net "in", 3 0, L_000001930da97090;  alias, 1 drivers
v000001930da72580_0 .net "nsel", 0 0, L_000001930da9c3e0;  1 drivers
v000001930da71c20_0 .net "sel", 0 0, L_000001930daa2e20;  alias, 1 drivers
L_000001930da90330 .part L_000001930da97090, 0, 1;
L_000001930da90c90 .part L_000001930da97090, 1, 1;
L_000001930da92130 .part L_000001930da97090, 2, 1;
L_000001930da905b0 .concat8 [ 1 1 1 1], L_000001930da9c6f0, L_000001930da9c760, L_000001930da9c7d0, L_000001930daa06b0;
L_000001930da92270 .part L_000001930da97090, 3, 1;
L_000001930da915f0 .part L_000001930da97090, 0, 1;
L_000001930da91690 .part L_000001930da97090, 1, 1;
L_000001930da90ab0 .part L_000001930da97090, 2, 1;
L_000001930da90650 .concat8 [ 1 1 1 1], L_000001930daa10c0, L_000001930daa1210, L_000001930daa18a0, L_000001930daa0f70;
L_000001930da917d0 .part L_000001930da97090, 3, 1;
S_000001930da73590 .scope module, "d2" "Dmux_1x2_4bit" 3 55, 3 3 0, S_000001930da73270;
 .timescale -9 -12;
    .port_info 0 /INPUT 4 "in";
    .port_info 1 /OUTPUT 4 "a";
    .port_info 2 /OUTPUT 4 "b";
    .port_info 3 /INPUT 1 "sel";
L_000001930daa1050 .functor NOT 1, L_000001930da9c610, C4<0>, C4<0>, C4<0>;
L_000001930daa0480 .functor AND 1, L_000001930da8fe30, L_000001930daa1050, C4<1>, C4<1>;
L_000001930daa1c90 .functor AND 1, L_000001930da91870, L_000001930daa1050, C4<1>, C4<1>;
L_000001930daa1e50 .functor AND 1, L_000001930da90b50, L_000001930daa1050, C4<1>, C4<1>;
L_000001930daa1280 .functor AND 1, L_000001930da923b0, L_000001930daa1050, C4<1>, C4<1>;
L_000001930daa0f00 .functor AND 1, L_000001930da91af0, L_000001930da9c610, C4<1>, C4<1>;
L_000001930daa1910 .functor AND 1, L_000001930da91b90, L_000001930da9c610, C4<1>, C4<1>;
L_000001930daa1830 .functor AND 1, L_000001930da91c30, L_000001930da9c610, C4<1>, C4<1>;
L_000001930daa0fe0 .functor AND 1, L_000001930da8ff70, L_000001930da9c610, C4<1>, C4<1>;
v000001930da71d60_0 .net *"_ivl_0", 0 0, L_000001930daa0480;  1 drivers
v000001930da71e00_0 .net *"_ivl_11", 0 0, L_000001930da90b50;  1 drivers
v000001930da72080_0 .net *"_ivl_12", 0 0, L_000001930daa1280;  1 drivers
v000001930da71ea0_0 .net *"_ivl_16", 0 0, L_000001930da923b0;  1 drivers
v000001930da71f40_0 .net *"_ivl_17", 0 0, L_000001930daa0f00;  1 drivers
v000001930da771a0_0 .net *"_ivl_20", 0 0, L_000001930da91af0;  1 drivers
v000001930da767a0_0 .net *"_ivl_21", 0 0, L_000001930daa1910;  1 drivers
v000001930da76660_0 .net *"_ivl_24", 0 0, L_000001930da91b90;  1 drivers
v000001930da76700_0 .net *"_ivl_25", 0 0, L_000001930daa1830;  1 drivers
v000001930da76fc0_0 .net *"_ivl_28", 0 0, L_000001930da91c30;  1 drivers
v000001930da763e0_0 .net *"_ivl_29", 0 0, L_000001930daa0fe0;  1 drivers
v000001930da77420_0 .net *"_ivl_3", 0 0, L_000001930da8fe30;  1 drivers
v000001930da77060_0 .net *"_ivl_33", 0 0, L_000001930da8ff70;  1 drivers
v000001930da75f80_0 .net *"_ivl_4", 0 0, L_000001930daa1c90;  1 drivers
v000001930da76480_0 .net *"_ivl_7", 0 0, L_000001930da91870;  1 drivers
v000001930da77600_0 .net *"_ivl_8", 0 0, L_000001930daa1e50;  1 drivers
v000001930da76520_0 .net "a", 3 0, L_000001930da90d30;  alias, 1 drivers
v000001930da765c0_0 .net "b", 3 0, L_000001930da903d0;  alias, 1 drivers
v000001930da76200_0 .net "in", 3 0, L_000001930da90830;  alias, 1 drivers
v000001930da76340_0 .net "nsel", 0 0, L_000001930daa1050;  1 drivers
v000001930da76e80_0 .net "sel", 0 0, L_000001930da9c610;  alias, 1 drivers
L_000001930da8fe30 .part L_000001930da90830, 0, 1;
L_000001930da91870 .part L_000001930da90830, 1, 1;
L_000001930da90b50 .part L_000001930da90830, 2, 1;
L_000001930da90d30 .concat8 [ 1 1 1 1], L_000001930daa0480, L_000001930daa1c90, L_000001930daa1e50, L_000001930daa1280;
L_000001930da923b0 .part L_000001930da90830, 3, 1;
L_000001930da91af0 .part L_000001930da90830, 0, 1;
L_000001930da91b90 .part L_000001930da90830, 1, 1;
L_000001930da91c30 .part L_000001930da90830, 2, 1;
L_000001930da903d0 .concat8 [ 1 1 1 1], L_000001930daa0f00, L_000001930daa1910, L_000001930daa1830, L_000001930daa0fe0;
L_000001930da8ff70 .part L_000001930da90830, 3, 1;
S_000001930da7fc50 .scope module, "m1" "Mux_2x1_4bit" 3 57, 3 23 0, S_000001930da73270;
 .timescale -9 -12;
    .port_info 0 /INPUT 4 "a";
    .port_info 1 /INPUT 4 "b";
    .port_info 2 /INPUT 1 "sel";
    .port_info 3 /OUTPUT 4 "f";
L_000001930daa0c60 .functor NOT 1, L_000001930daa2e20, C4<0>, C4<0>, C4<0>;
L_000001930daa1bb0 .functor AND 1, L_000001930daa0c60, L_000001930da90010, C4<1>, C4<1>;
L_000001930daa0720 .functor AND 1, L_000001930daa0c60, L_000001930da90150, C4<1>, C4<1>;
L_000001930daa1130 .functor AND 1, L_000001930daa0c60, L_000001930da90f10, C4<1>, C4<1>;
L_000001930daa02c0 .functor AND 1, L_000001930daa0c60, L_000001930da90290, C4<1>, C4<1>;
L_000001930daa14b0 .functor AND 1, L_000001930daa2e20, L_000001930da90470, C4<1>, C4<1>;
L_000001930daa05d0 .functor AND 1, L_000001930daa2e20, L_000001930daa4400, C4<1>, C4<1>;
L_000001930daa0790 .functor AND 1, L_000001930daa2e20, L_000001930daa3e60, C4<1>, C4<1>;
L_000001930daa1520 .functor AND 1, L_000001930daa2e20, L_000001930daa2920, C4<1>, C4<1>;
L_000001930daa0640 .functor OR 1, L_000001930daa3f00, L_000001930daa2a60, C4<0>, C4<0>;
L_000001930daa1c20 .functor OR 1, L_000001930daa3460, L_000001930daa33c0, C4<0>, C4<0>;
L_000001930daa0950 .functor OR 1, L_000001930daa3fa0, L_000001930daa2d80, C4<0>, C4<0>;
L_000001930daa1d00 .functor OR 1, L_000001930daa4360, L_000001930daa2c40, C4<0>, C4<0>;
v000001930da76c00_0 .net *"_ivl_0", 0 0, L_000001930daa1bb0;  1 drivers
v000001930da77240_0 .net *"_ivl_11", 0 0, L_000001930da90f10;  1 drivers
v000001930da774c0_0 .net *"_ivl_12", 0 0, L_000001930daa02c0;  1 drivers
v000001930da762a0_0 .net *"_ivl_16", 0 0, L_000001930da90290;  1 drivers
v000001930da77100_0 .net *"_ivl_17", 0 0, L_000001930daa14b0;  1 drivers
v000001930da76840_0 .net *"_ivl_20", 0 0, L_000001930da90470;  1 drivers
v000001930da77560_0 .net *"_ivl_21", 0 0, L_000001930daa05d0;  1 drivers
v000001930da76020_0 .net *"_ivl_24", 0 0, L_000001930daa4400;  1 drivers
v000001930da760c0_0 .net *"_ivl_25", 0 0, L_000001930daa0790;  1 drivers
v000001930da768e0_0 .net *"_ivl_28", 0 0, L_000001930daa3e60;  1 drivers
v000001930da76f20_0 .net *"_ivl_29", 0 0, L_000001930daa1520;  1 drivers
v000001930da76160_0 .net *"_ivl_3", 0 0, L_000001930da90010;  1 drivers
v000001930da772e0_0 .net *"_ivl_33", 0 0, L_000001930daa2920;  1 drivers
v000001930da77380_0 .net *"_ivl_34", 0 0, L_000001930daa0640;  1 drivers
v000001930da76980_0 .net *"_ivl_37", 0 0, L_000001930daa3f00;  1 drivers
v000001930da76a20_0 .net *"_ivl_39", 0 0, L_000001930daa2a60;  1 drivers
v000001930da76ac0_0 .net *"_ivl_4", 0 0, L_000001930daa0720;  1 drivers
v000001930da76b60_0 .net *"_ivl_40", 0 0, L_000001930daa1c20;  1 drivers
v000001930da76ca0_0 .net *"_ivl_43", 0 0, L_000001930daa3460;  1 drivers
v000001930da76d40_0 .net *"_ivl_45", 0 0, L_000001930daa33c0;  1 drivers
v000001930da76de0_0 .net *"_ivl_46", 0 0, L_000001930daa0950;  1 drivers
v000001930da75760_0 .net *"_ivl_49", 0 0, L_000001930daa3fa0;  1 drivers
v000001930da75da0_0 .net *"_ivl_51", 0 0, L_000001930daa2d80;  1 drivers
v000001930da74720_0 .net *"_ivl_52", 0 0, L_000001930daa1d00;  1 drivers
v000001930da74b80_0 .net *"_ivl_56", 0 0, L_000001930daa4360;  1 drivers
v000001930da74ae0_0 .net *"_ivl_58", 0 0, L_000001930daa2c40;  1 drivers
v000001930da74c20_0 .net *"_ivl_7", 0 0, L_000001930da90150;  1 drivers
v000001930da756c0_0 .net *"_ivl_8", 0 0, L_000001930daa1130;  1 drivers
v000001930da74180_0 .net "a", 3 0, L_000001930da905b0;  alias, 1 drivers
v000001930da75940_0 .net "b", 3 0, L_000001930da90d30;  alias, 1 drivers
v000001930da75120_0 .net "f", 3 0, L_000001930daa3500;  alias, 1 drivers
v000001930da74cc0_0 .net "newa", 3 0, L_000001930da901f0;  1 drivers
v000001930da749a0_0 .net "newb", 3 0, L_000001930daa4900;  1 drivers
v000001930da73be0_0 .net "not_sel", 0 0, L_000001930daa0c60;  1 drivers
v000001930da753a0_0 .net "sel", 0 0, L_000001930daa2e20;  alias, 1 drivers
L_000001930da90010 .part L_000001930da905b0, 0, 1;
L_000001930da90150 .part L_000001930da905b0, 1, 1;
L_000001930da90f10 .part L_000001930da905b0, 2, 1;
L_000001930da901f0 .concat8 [ 1 1 1 1], L_000001930daa1bb0, L_000001930daa0720, L_000001930daa1130, L_000001930daa02c0;
L_000001930da90290 .part L_000001930da905b0, 3, 1;
L_000001930da90470 .part L_000001930da90d30, 0, 1;
L_000001930daa4400 .part L_000001930da90d30, 1, 1;
L_000001930daa3e60 .part L_000001930da90d30, 2, 1;
L_000001930daa4900 .concat8 [ 1 1 1 1], L_000001930daa14b0, L_000001930daa05d0, L_000001930daa0790, L_000001930daa1520;
L_000001930daa2920 .part L_000001930da90d30, 3, 1;
L_000001930daa3f00 .part L_000001930da901f0, 0, 1;
L_000001930daa2a60 .part L_000001930daa4900, 0, 1;
L_000001930daa3460 .part L_000001930da901f0, 1, 1;
L_000001930daa33c0 .part L_000001930daa4900, 1, 1;
L_000001930daa3fa0 .part L_000001930da901f0, 2, 1;
L_000001930daa2d80 .part L_000001930daa4900, 2, 1;
L_000001930daa3500 .concat8 [ 1 1 1 1], L_000001930daa0640, L_000001930daa1c20, L_000001930daa0950, L_000001930daa1d00;
L_000001930daa4360 .part L_000001930da901f0, 3, 1;
L_000001930daa2c40 .part L_000001930daa4900, 3, 1;
S_000001930da80470 .scope module, "m2" "Mux_2x1_4bit" 3 58, 3 23 0, S_000001930da73270;
 .timescale -9 -12;
    .port_info 0 /INPUT 4 "a";
    .port_info 1 /INPUT 4 "b";
    .port_info 2 /INPUT 1 "sel";
    .port_info 3 /OUTPUT 4 "f";
L_000001930daa0e20 .functor NOT 1, L_000001930da9c610, C4<0>, C4<0>, C4<0>;
L_000001930daa1980 .functor AND 1, L_000001930daa0e20, L_000001930daa38c0, C4<1>, C4<1>;
L_000001930daa1d70 .functor AND 1, L_000001930daa0e20, L_000001930daa4040, C4<1>, C4<1>;
L_000001930daa0e90 .functor AND 1, L_000001930daa0e20, L_000001930daa22e0, C4<1>, C4<1>;
L_000001930daa1a60 .functor AND 1, L_000001930daa0e20, L_000001930daa4180, C4<1>, C4<1>;
L_000001930daa1ad0 .functor AND 1, L_000001930da9c610, L_000001930daa3820, C4<1>, C4<1>;
L_000001930daa0a30 .functor AND 1, L_000001930da9c610, L_000001930daa3dc0, C4<1>, C4<1>;
L_000001930daa19f0 .functor AND 1, L_000001930da9c610, L_000001930daa2ce0, C4<1>, C4<1>;
L_000001930daa0d40 .functor AND 1, L_000001930da9c610, L_000001930daa4680, C4<1>, C4<1>;
L_000001930daa1de0 .functor OR 1, L_000001930daa3280, L_000001930daa3320, C4<0>, C4<0>;
L_000001930daa0cd0 .functor OR 1, L_000001930daa44a0, L_000001930daa4540, C4<0>, C4<0>;
L_000001930daa12f0 .functor OR 1, L_000001930daa4220, L_000001930daa40e0, C4<0>, C4<0>;
L_000001930daa0800 .functor OR 1, L_000001930daa2420, L_000001930daa4720, C4<0>, C4<0>;
v000001930da75300_0 .net *"_ivl_0", 0 0, L_000001930daa1980;  1 drivers
v000001930da73820_0 .net *"_ivl_11", 0 0, L_000001930daa22e0;  1 drivers
v000001930da73fa0_0 .net *"_ivl_12", 0 0, L_000001930daa1a60;  1 drivers
v000001930da75e40_0 .net *"_ivl_16", 0 0, L_000001930daa4180;  1 drivers
v000001930da75080_0 .net *"_ivl_17", 0 0, L_000001930daa1ad0;  1 drivers
v000001930da73c80_0 .net *"_ivl_20", 0 0, L_000001930daa3820;  1 drivers
v000001930da73f00_0 .net *"_ivl_21", 0 0, L_000001930daa0a30;  1 drivers
v000001930da75440_0 .net *"_ivl_24", 0 0, L_000001930daa3dc0;  1 drivers
v000001930da74d60_0 .net *"_ivl_25", 0 0, L_000001930daa19f0;  1 drivers
v000001930da73b40_0 .net *"_ivl_28", 0 0, L_000001930daa2ce0;  1 drivers
v000001930da73dc0_0 .net *"_ivl_29", 0 0, L_000001930daa0d40;  1 drivers
v000001930da75580_0 .net *"_ivl_3", 0 0, L_000001930daa38c0;  1 drivers
v000001930da74360_0 .net *"_ivl_33", 0 0, L_000001930daa4680;  1 drivers
v000001930da74e00_0 .net *"_ivl_34", 0 0, L_000001930daa1de0;  1 drivers
v000001930da75800_0 .net *"_ivl_37", 0 0, L_000001930daa3280;  1 drivers
v000001930da745e0_0 .net *"_ivl_39", 0 0, L_000001930daa3320;  1 drivers
v000001930da74f40_0 .net *"_ivl_4", 0 0, L_000001930daa1d70;  1 drivers
v000001930da74ea0_0 .net *"_ivl_40", 0 0, L_000001930daa0cd0;  1 drivers
v000001930da747c0_0 .net *"_ivl_43", 0 0, L_000001930daa44a0;  1 drivers
v000001930da754e0_0 .net *"_ivl_45", 0 0, L_000001930daa4540;  1 drivers
v000001930da74a40_0 .net *"_ivl_46", 0 0, L_000001930daa12f0;  1 drivers
v000001930da73e60_0 .net *"_ivl_49", 0 0, L_000001930daa4220;  1 drivers
v000001930da758a0_0 .net *"_ivl_51", 0 0, L_000001930daa40e0;  1 drivers
v000001930da73aa0_0 .net *"_ivl_52", 0 0, L_000001930daa0800;  1 drivers
v000001930da74fe0_0 .net *"_ivl_56", 0 0, L_000001930daa2420;  1 drivers
v000001930da74220_0 .net *"_ivl_58", 0 0, L_000001930daa4720;  1 drivers
v000001930da759e0_0 .net *"_ivl_7", 0 0, L_000001930daa4040;  1 drivers
v000001930da75b20_0 .net *"_ivl_8", 0 0, L_000001930daa0e90;  1 drivers
v000001930da75d00_0 .net "a", 3 0, L_000001930da90650;  alias, 1 drivers
v000001930da75c60_0 .net "b", 3 0, L_000001930da903d0;  alias, 1 drivers
v000001930da751c0_0 .net "f", 3 0, L_000001930daa3960;  alias, 1 drivers
v000001930da75ee0_0 .net "newa", 3 0, L_000001930daa27e0;  1 drivers
v000001930da75a80_0 .net "newb", 3 0, L_000001930daa26a0;  1 drivers
v000001930da74860_0 .net "not_sel", 0 0, L_000001930daa0e20;  1 drivers
v000001930da74900_0 .net "sel", 0 0, L_000001930da9c610;  alias, 1 drivers
L_000001930daa38c0 .part L_000001930da90650, 0, 1;
L_000001930daa4040 .part L_000001930da90650, 1, 1;
L_000001930daa22e0 .part L_000001930da90650, 2, 1;
L_000001930daa27e0 .concat8 [ 1 1 1 1], L_000001930daa1980, L_000001930daa1d70, L_000001930daa0e90, L_000001930daa1a60;
L_000001930daa4180 .part L_000001930da90650, 3, 1;
L_000001930daa3820 .part L_000001930da903d0, 0, 1;
L_000001930daa3dc0 .part L_000001930da903d0, 1, 1;
L_000001930daa2ce0 .part L_000001930da903d0, 2, 1;
L_000001930daa26a0 .concat8 [ 1 1 1 1], L_000001930daa1ad0, L_000001930daa0a30, L_000001930daa19f0, L_000001930daa0d40;
L_000001930daa4680 .part L_000001930da903d0, 3, 1;
L_000001930daa3280 .part L_000001930daa27e0, 0, 1;
L_000001930daa3320 .part L_000001930daa26a0, 0, 1;
L_000001930daa44a0 .part L_000001930daa27e0, 1, 1;
L_000001930daa4540 .part L_000001930daa26a0, 1, 1;
L_000001930daa4220 .part L_000001930daa27e0, 2, 1;
L_000001930daa40e0 .part L_000001930daa26a0, 2, 1;
L_000001930daa3960 .concat8 [ 1 1 1 1], L_000001930daa1de0, L_000001930daa0cd0, L_000001930daa12f0, L_000001930daa0800;
L_000001930daa2420 .part L_000001930daa27e0, 3, 1;
L_000001930daa4720 .part L_000001930daa26a0, 3, 1;
S_000001930da80790 .scope module, "c4" "Crossbar_2x2_4bit" 3 72, 3 46 0, S_000001930d5ed800;
 .timescale -9 -12;
    .port_info 0 /INPUT 4 "in1";
    .port_info 1 /INPUT 4 "in2";
    .port_info 2 /INPUT 1 "control";
    .port_info 3 /OUTPUT 4 "out1";
    .port_info 4 /OUTPUT 4 "out2";
L_000001930daa0aa0 .functor NOT 1, L_000001930daa6980, C4<0>, C4<0>, C4<0>;
v000001930da8ca60_0 .net "control", 0 0, L_000001930daa6980;  1 drivers
v000001930da8c7e0_0 .net "in1", 3 0, L_000001930da96690;  alias, 1 drivers
v000001930da8a9e0_0 .net "in2", 3 0, L_000001930daa3500;  alias, 1 drivers
v000001930da8a620_0 .net "ncontrol", 0 0, L_000001930daa0aa0;  1 drivers
v000001930da8ad00_0 .net "out1", 3 0, L_000001930daa6840;  alias, 1 drivers
v000001930da8b2a0_0 .net "out2", 3 0, L_000001930daa5f80;  alias, 1 drivers
v000001930da8ae40_0 .net "temp1", 3 0, L_000001930daa49a0;  1 drivers
v000001930da8a760_0 .net "temp2", 3 0, L_000001930daa3640;  1 drivers
v000001930da8aa80_0 .net "temp3", 3 0, L_000001930daa3000;  1 drivers
v000001930da8c560_0 .net "temp4", 3 0, L_000001930daa2600;  1 drivers
S_000001930da80c40 .scope module, "d1" "Dmux_1x2_4bit" 3 54, 3 3 0, S_000001930da80790;
 .timescale -9 -12;
    .port_info 0 /INPUT 4 "in";
    .port_info 1 /OUTPUT 4 "a";
    .port_info 2 /OUTPUT 4 "b";
    .port_info 3 /INPUT 1 "sel";
L_000001930daa1590 .functor NOT 1, L_000001930daa6980, C4<0>, C4<0>, C4<0>;
L_000001930daa0330 .functor AND 1, L_000001930daa47c0, L_000001930daa1590, C4<1>, C4<1>;
L_000001930daa0870 .functor AND 1, L_000001930daa2ec0, L_000001930daa1590, C4<1>, C4<1>;
L_000001930daa11a0 .functor AND 1, L_000001930daa2380, L_000001930daa1590, C4<1>, C4<1>;
L_000001930daa1360 .functor AND 1, L_000001930daa2f60, L_000001930daa1590, C4<1>, C4<1>;
L_000001930daa03a0 .functor AND 1, L_000001930daa2880, L_000001930daa6980, C4<1>, C4<1>;
L_000001930daa0410 .functor AND 1, L_000001930daa36e0, L_000001930daa6980, C4<1>, C4<1>;
L_000001930daa13d0 .functor AND 1, L_000001930daa3a00, L_000001930daa6980, C4<1>, C4<1>;
L_000001930daa1600 .functor AND 1, L_000001930daa35a0, L_000001930daa6980, C4<1>, C4<1>;
v000001930da740e0_0 .net *"_ivl_0", 0 0, L_000001930daa0330;  1 drivers
v000001930da74400_0 .net *"_ivl_11", 0 0, L_000001930daa2380;  1 drivers
v000001930da744a0_0 .net *"_ivl_12", 0 0, L_000001930daa1360;  1 drivers
v000001930da74540_0 .net *"_ivl_16", 0 0, L_000001930daa2f60;  1 drivers
v000001930da74680_0 .net *"_ivl_17", 0 0, L_000001930daa03a0;  1 drivers
v000001930da89f40_0 .net *"_ivl_20", 0 0, L_000001930daa2880;  1 drivers
v000001930da88d20_0 .net *"_ivl_21", 0 0, L_000001930daa0410;  1 drivers
v000001930da89fe0_0 .net *"_ivl_24", 0 0, L_000001930daa36e0;  1 drivers
v000001930da897c0_0 .net *"_ivl_25", 0 0, L_000001930daa13d0;  1 drivers
v000001930da881e0_0 .net *"_ivl_28", 0 0, L_000001930daa3a00;  1 drivers
v000001930da88820_0 .net *"_ivl_29", 0 0, L_000001930daa1600;  1 drivers
v000001930da88140_0 .net *"_ivl_3", 0 0, L_000001930daa47c0;  1 drivers
v000001930da88e60_0 .net *"_ivl_33", 0 0, L_000001930daa35a0;  1 drivers
v000001930da87ec0_0 .net *"_ivl_4", 0 0, L_000001930daa0870;  1 drivers
v000001930da888c0_0 .net *"_ivl_7", 0 0, L_000001930daa2ec0;  1 drivers
v000001930da87ba0_0 .net *"_ivl_8", 0 0, L_000001930daa11a0;  1 drivers
v000001930da880a0_0 .net "a", 3 0, L_000001930daa49a0;  alias, 1 drivers
v000001930da88280_0 .net "b", 3 0, L_000001930daa3640;  alias, 1 drivers
v000001930da88960_0 .net "in", 3 0, L_000001930da96690;  alias, 1 drivers
v000001930da88dc0_0 .net "nsel", 0 0, L_000001930daa1590;  1 drivers
v000001930da88320_0 .net "sel", 0 0, L_000001930daa6980;  alias, 1 drivers
L_000001930daa47c0 .part L_000001930da96690, 0, 1;
L_000001930daa2ec0 .part L_000001930da96690, 1, 1;
L_000001930daa2380 .part L_000001930da96690, 2, 1;
L_000001930daa49a0 .concat8 [ 1 1 1 1], L_000001930daa0330, L_000001930daa0870, L_000001930daa11a0, L_000001930daa1360;
L_000001930daa2f60 .part L_000001930da96690, 3, 1;
L_000001930daa2880 .part L_000001930da96690, 0, 1;
L_000001930daa36e0 .part L_000001930da96690, 1, 1;
L_000001930daa3a00 .part L_000001930da96690, 2, 1;
L_000001930daa3640 .concat8 [ 1 1 1 1], L_000001930daa03a0, L_000001930daa0410, L_000001930daa13d0, L_000001930daa1600;
L_000001930daa35a0 .part L_000001930da96690, 3, 1;
S_000001930da80dd0 .scope module, "d2" "Dmux_1x2_4bit" 3 55, 3 3 0, S_000001930da80790;
 .timescale -9 -12;
    .port_info 0 /INPUT 4 "in";
    .port_info 1 /OUTPUT 4 "a";
    .port_info 2 /OUTPUT 4 "b";
    .port_info 3 /INPUT 1 "sel";
L_000001930daa08e0 .functor NOT 1, L_000001930daa0aa0, C4<0>, C4<0>, C4<0>;
L_000001930daa16e0 .functor AND 1, L_000001930daa2560, L_000001930daa08e0, C4<1>, C4<1>;
L_000001930daa1670 .functor AND 1, L_000001930daa45e0, L_000001930daa08e0, C4<1>, C4<1>;
L_000001930daa09c0 .functor AND 1, L_000001930daa24c0, L_000001930daa08e0, C4<1>, C4<1>;
L_000001930daa1440 .functor AND 1, L_000001930daa3aa0, L_000001930daa08e0, C4<1>, C4<1>;
L_000001930daa1750 .functor AND 1, L_000001930daa3780, L_000001930daa0aa0, C4<1>, C4<1>;
L_000001930daa17c0 .functor AND 1, L_000001930daa4860, L_000001930daa0aa0, C4<1>, C4<1>;
L_000001930daa04f0 .functor AND 1, L_000001930daa30a0, L_000001930daa0aa0, C4<1>, C4<1>;
L_000001930daa0560 .functor AND 1, L_000001930daa3b40, L_000001930daa0aa0, C4<1>, C4<1>;
v000001930da87c40_0 .net *"_ivl_0", 0 0, L_000001930daa16e0;  1 drivers
v000001930da89e00_0 .net *"_ivl_11", 0 0, L_000001930daa24c0;  1 drivers
v000001930da89180_0 .net *"_ivl_12", 0 0, L_000001930daa1440;  1 drivers
v000001930da88f00_0 .net *"_ivl_16", 0 0, L_000001930daa3aa0;  1 drivers
v000001930da88a00_0 .net *"_ivl_17", 0 0, L_000001930daa1750;  1 drivers
v000001930da892c0_0 .net *"_ivl_20", 0 0, L_000001930daa3780;  1 drivers
v000001930da87ce0_0 .net *"_ivl_21", 0 0, L_000001930daa17c0;  1 drivers
v000001930da8a080_0 .net *"_ivl_24", 0 0, L_000001930daa4860;  1 drivers
v000001930da88500_0 .net *"_ivl_25", 0 0, L_000001930daa04f0;  1 drivers
v000001930da89720_0 .net *"_ivl_28", 0 0, L_000001930daa30a0;  1 drivers
v000001930da87d80_0 .net *"_ivl_29", 0 0, L_000001930daa0560;  1 drivers
v000001930da88c80_0 .net *"_ivl_3", 0 0, L_000001930daa2560;  1 drivers
v000001930da89a40_0 .net *"_ivl_33", 0 0, L_000001930daa3b40;  1 drivers
v000001930da883c0_0 .net *"_ivl_4", 0 0, L_000001930daa1670;  1 drivers
v000001930da88fa0_0 .net *"_ivl_7", 0 0, L_000001930daa45e0;  1 drivers
v000001930da87e20_0 .net *"_ivl_8", 0 0, L_000001930daa09c0;  1 drivers
v000001930da885a0_0 .net "a", 3 0, L_000001930daa3000;  alias, 1 drivers
v000001930da89040_0 .net "b", 3 0, L_000001930daa2600;  alias, 1 drivers
v000001930da87f60_0 .net "in", 3 0, L_000001930daa3500;  alias, 1 drivers
v000001930da890e0_0 .net "nsel", 0 0, L_000001930daa08e0;  1 drivers
v000001930da88aa0_0 .net "sel", 0 0, L_000001930daa0aa0;  alias, 1 drivers
L_000001930daa2560 .part L_000001930daa3500, 0, 1;
L_000001930daa45e0 .part L_000001930daa3500, 1, 1;
L_000001930daa24c0 .part L_000001930daa3500, 2, 1;
L_000001930daa3000 .concat8 [ 1 1 1 1], L_000001930daa16e0, L_000001930daa1670, L_000001930daa09c0, L_000001930daa1440;
L_000001930daa3aa0 .part L_000001930daa3500, 3, 1;
L_000001930daa3780 .part L_000001930daa3500, 0, 1;
L_000001930daa4860 .part L_000001930daa3500, 1, 1;
L_000001930daa30a0 .part L_000001930daa3500, 2, 1;
L_000001930daa2600 .concat8 [ 1 1 1 1], L_000001930daa1750, L_000001930daa17c0, L_000001930daa04f0, L_000001930daa0560;
L_000001930daa3b40 .part L_000001930daa3500, 3, 1;
S_000001930da80600 .scope module, "m1" "Mux_2x1_4bit" 3 57, 3 23 0, S_000001930da80790;
 .timescale -9 -12;
    .port_info 0 /INPUT 4 "a";
    .port_info 1 /INPUT 4 "b";
    .port_info 2 /INPUT 1 "sel";
    .port_info 3 /OUTPUT 4 "f";
L_000001930daa0b10 .functor NOT 1, L_000001930daa6980, C4<0>, C4<0>, C4<0>;
L_000001930daa0b80 .functor AND 1, L_000001930daa0b10, L_000001930daa2740, C4<1>, C4<1>;
L_000001930daa0bf0 .functor AND 1, L_000001930daa0b10, L_000001930daa29c0, C4<1>, C4<1>;
L_000001930daa21d0 .functor AND 1, L_000001930daa0b10, L_000001930daa2b00, C4<1>, C4<1>;
L_000001930daa2160 .functor AND 1, L_000001930daa0b10, L_000001930daa2ba0, C4<1>, C4<1>;
L_000001930daa1ec0 .functor AND 1, L_000001930daa6980, L_000001930daa3c80, C4<1>, C4<1>;
L_000001930daa1fa0 .functor AND 1, L_000001930daa6980, L_000001930daa3140, C4<1>, C4<1>;
L_000001930daa1f30 .functor AND 1, L_000001930daa6980, L_000001930daa3d20, C4<1>, C4<1>;
L_000001930daa2010 .functor AND 1, L_000001930daa6980, L_000001930daa5580, C4<1>, C4<1>;
L_000001930daa2080 .functor OR 1, L_000001930daa6700, L_000001930daa6020, C4<0>, C4<0>;
L_000001930daac8b0 .functor OR 1, L_000001930daa5a80, L_000001930daa4fe0, C4<0>, C4<0>;
L_000001930daad640 .functor OR 1, L_000001930daa5080, L_000001930daa5940, C4<0>, C4<0>;
L_000001930daada30 .functor OR 1, L_000001930daa7060, L_000001930daa5b20, C4<0>, C4<0>;
v000001930da8a260_0 .net *"_ivl_0", 0 0, L_000001930daa0b80;  1 drivers
v000001930da89220_0 .net *"_ivl_11", 0 0, L_000001930daa2b00;  1 drivers
v000001930da8a120_0 .net *"_ivl_12", 0 0, L_000001930daa2160;  1 drivers
v000001930da8a1c0_0 .net *"_ivl_16", 0 0, L_000001930daa2ba0;  1 drivers
v000001930da88b40_0 .net *"_ivl_17", 0 0, L_000001930daa1ec0;  1 drivers
v000001930da89360_0 .net *"_ivl_20", 0 0, L_000001930daa3c80;  1 drivers
v000001930da88be0_0 .net *"_ivl_21", 0 0, L_000001930daa1fa0;  1 drivers
v000001930da89400_0 .net *"_ivl_24", 0 0, L_000001930daa3140;  1 drivers
v000001930da88000_0 .net *"_ivl_25", 0 0, L_000001930daa1f30;  1 drivers
v000001930da894a0_0 .net *"_ivl_28", 0 0, L_000001930daa3d20;  1 drivers
v000001930da88460_0 .net *"_ivl_29", 0 0, L_000001930daa2010;  1 drivers
v000001930da88640_0 .net *"_ivl_3", 0 0, L_000001930daa2740;  1 drivers
v000001930da89ae0_0 .net *"_ivl_33", 0 0, L_000001930daa5580;  1 drivers
v000001930da89c20_0 .net *"_ivl_34", 0 0, L_000001930daa2080;  1 drivers
v000001930da89860_0 .net *"_ivl_37", 0 0, L_000001930daa6700;  1 drivers
v000001930da89540_0 .net *"_ivl_39", 0 0, L_000001930daa6020;  1 drivers
v000001930da89680_0 .net *"_ivl_4", 0 0, L_000001930daa0bf0;  1 drivers
v000001930da886e0_0 .net *"_ivl_40", 0 0, L_000001930daac8b0;  1 drivers
v000001930da89900_0 .net *"_ivl_43", 0 0, L_000001930daa5a80;  1 drivers
v000001930da8a300_0 .net *"_ivl_45", 0 0, L_000001930daa4fe0;  1 drivers
v000001930da88780_0 .net *"_ivl_46", 0 0, L_000001930daad640;  1 drivers
v000001930da895e0_0 .net *"_ivl_49", 0 0, L_000001930daa5080;  1 drivers
v000001930da899a0_0 .net *"_ivl_51", 0 0, L_000001930daa5940;  1 drivers
v000001930da89b80_0 .net *"_ivl_52", 0 0, L_000001930daada30;  1 drivers
v000001930da89cc0_0 .net *"_ivl_56", 0 0, L_000001930daa7060;  1 drivers
v000001930da89d60_0 .net *"_ivl_58", 0 0, L_000001930daa5b20;  1 drivers
v000001930da89ea0_0 .net *"_ivl_7", 0 0, L_000001930daa29c0;  1 drivers
v000001930da8a800_0 .net *"_ivl_8", 0 0, L_000001930daa21d0;  1 drivers
v000001930da8ab20_0 .net "a", 3 0, L_000001930daa49a0;  alias, 1 drivers
v000001930da8bfc0_0 .net "b", 3 0, L_000001930daa3000;  alias, 1 drivers
v000001930da8b980_0 .net "f", 3 0, L_000001930daa6840;  alias, 1 drivers
v000001930da8ba20_0 .net "newa", 3 0, L_000001930daa3be0;  1 drivers
v000001930da8b3e0_0 .net "newb", 3 0, L_000001930daa31e0;  1 drivers
v000001930da8a8a0_0 .net "not_sel", 0 0, L_000001930daa0b10;  1 drivers
v000001930da8b520_0 .net "sel", 0 0, L_000001930daa6980;  alias, 1 drivers
L_000001930daa2740 .part L_000001930daa49a0, 0, 1;
L_000001930daa29c0 .part L_000001930daa49a0, 1, 1;
L_000001930daa2b00 .part L_000001930daa49a0, 2, 1;
L_000001930daa3be0 .concat8 [ 1 1 1 1], L_000001930daa0b80, L_000001930daa0bf0, L_000001930daa21d0, L_000001930daa2160;
L_000001930daa2ba0 .part L_000001930daa49a0, 3, 1;
L_000001930daa3c80 .part L_000001930daa3000, 0, 1;
L_000001930daa3140 .part L_000001930daa3000, 1, 1;
L_000001930daa3d20 .part L_000001930daa3000, 2, 1;
L_000001930daa31e0 .concat8 [ 1 1 1 1], L_000001930daa1ec0, L_000001930daa1fa0, L_000001930daa1f30, L_000001930daa2010;
L_000001930daa5580 .part L_000001930daa3000, 3, 1;
L_000001930daa6700 .part L_000001930daa3be0, 0, 1;
L_000001930daa6020 .part L_000001930daa31e0, 0, 1;
L_000001930daa5a80 .part L_000001930daa3be0, 1, 1;
L_000001930daa4fe0 .part L_000001930daa31e0, 1, 1;
L_000001930daa5080 .part L_000001930daa3be0, 2, 1;
L_000001930daa5940 .part L_000001930daa31e0, 2, 1;
L_000001930daa6840 .concat8 [ 1 1 1 1], L_000001930daa2080, L_000001930daac8b0, L_000001930daad640, L_000001930daada30;
L_000001930daa7060 .part L_000001930daa3be0, 3, 1;
L_000001930daa5b20 .part L_000001930daa31e0, 3, 1;
S_000001930da802e0 .scope module, "m2" "Mux_2x1_4bit" 3 58, 3 23 0, S_000001930da80790;
 .timescale -9 -12;
    .port_info 0 /INPUT 4 "a";
    .port_info 1 /INPUT 4 "b";
    .port_info 2 /INPUT 1 "sel";
    .port_info 3 /OUTPUT 4 "f";
L_000001930daad250 .functor NOT 1, L_000001930daa0aa0, C4<0>, C4<0>, C4<0>;
L_000001930daad2c0 .functor AND 1, L_000001930daad250, L_000001930daa6ca0, C4<1>, C4<1>;
L_000001930daad6b0 .functor AND 1, L_000001930daad250, L_000001930daa60c0, C4<1>, C4<1>;
L_000001930daad1e0 .functor AND 1, L_000001930daad250, L_000001930daa6d40, C4<1>, C4<1>;
L_000001930daade20 .functor AND 1, L_000001930daad250, L_000001930daa5da0, C4<1>, C4<1>;
L_000001930daaced0 .functor AND 1, L_000001930daa0aa0, L_000001930daa65c0, C4<1>, C4<1>;
L_000001930daad5d0 .functor AND 1, L_000001930daa0aa0, L_000001930daa63e0, C4<1>, C4<1>;
L_000001930daad560 .functor AND 1, L_000001930daa0aa0, L_000001930daa4c20, C4<1>, C4<1>;
L_000001930daad3a0 .functor AND 1, L_000001930daa0aa0, L_000001930daa5c60, C4<1>, C4<1>;
L_000001930daadc60 .functor OR 1, L_000001930daa5d00, L_000001930daa4d60, C4<0>, C4<0>;
L_000001930daaddb0 .functor OR 1, L_000001930daa5ee0, L_000001930daa5120, C4<0>, C4<0>;
L_000001930daadf00 .functor OR 1, L_000001930daa6160, L_000001930daa5e40, C4<0>, C4<0>;
L_000001930daad410 .functor OR 1, L_000001930daa5300, L_000001930daa68e0, C4<0>, C4<0>;
v000001930da8b200_0 .net *"_ivl_0", 0 0, L_000001930daad2c0;  1 drivers
v000001930da8b8e0_0 .net *"_ivl_11", 0 0, L_000001930daa6d40;  1 drivers
v000001930da8cb00_0 .net *"_ivl_12", 0 0, L_000001930daade20;  1 drivers
v000001930da8bf20_0 .net *"_ivl_16", 0 0, L_000001930daa5da0;  1 drivers
v000001930da8b660_0 .net *"_ivl_17", 0 0, L_000001930daaced0;  1 drivers
v000001930da8b7a0_0 .net *"_ivl_20", 0 0, L_000001930daa65c0;  1 drivers
v000001930da8c420_0 .net *"_ivl_21", 0 0, L_000001930daad5d0;  1 drivers
v000001930da8a6c0_0 .net *"_ivl_24", 0 0, L_000001930daa63e0;  1 drivers
v000001930da8b840_0 .net *"_ivl_25", 0 0, L_000001930daad560;  1 drivers
v000001930da8b480_0 .net *"_ivl_28", 0 0, L_000001930daa4c20;  1 drivers
v000001930da8b5c0_0 .net *"_ivl_29", 0 0, L_000001930daad3a0;  1 drivers
v000001930da8bac0_0 .net *"_ivl_3", 0 0, L_000001930daa6ca0;  1 drivers
v000001930da8c060_0 .net *"_ivl_33", 0 0, L_000001930daa5c60;  1 drivers
v000001930da8c740_0 .net *"_ivl_34", 0 0, L_000001930daadc60;  1 drivers
v000001930da8c880_0 .net *"_ivl_37", 0 0, L_000001930daa5d00;  1 drivers
v000001930da8b340_0 .net *"_ivl_39", 0 0, L_000001930daa4d60;  1 drivers
v000001930da8b700_0 .net *"_ivl_4", 0 0, L_000001930daad6b0;  1 drivers
v000001930da8a3a0_0 .net *"_ivl_40", 0 0, L_000001930daaddb0;  1 drivers
v000001930da8a940_0 .net *"_ivl_43", 0 0, L_000001930daa5ee0;  1 drivers
v000001930da8a440_0 .net *"_ivl_45", 0 0, L_000001930daa5120;  1 drivers
v000001930da8c100_0 .net *"_ivl_46", 0 0, L_000001930daadf00;  1 drivers
v000001930da8bde0_0 .net *"_ivl_49", 0 0, L_000001930daa6160;  1 drivers
v000001930da8a4e0_0 .net *"_ivl_51", 0 0, L_000001930daa5e40;  1 drivers
v000001930da8bb60_0 .net *"_ivl_52", 0 0, L_000001930daad410;  1 drivers
v000001930da8c240_0 .net *"_ivl_56", 0 0, L_000001930daa5300;  1 drivers
v000001930da8bc00_0 .net *"_ivl_58", 0 0, L_000001930daa68e0;  1 drivers
v000001930da8bca0_0 .net *"_ivl_7", 0 0, L_000001930daa60c0;  1 drivers
v000001930da8b160_0 .net *"_ivl_8", 0 0, L_000001930daad1e0;  1 drivers
v000001930da8be80_0 .net "a", 3 0, L_000001930daa3640;  alias, 1 drivers
v000001930da8c380_0 .net "b", 3 0, L_000001930daa2600;  alias, 1 drivers
v000001930da8bd40_0 .net "f", 3 0, L_000001930daa5f80;  alias, 1 drivers
v000001930da8c2e0_0 .net "newa", 3 0, L_000001930daa5bc0;  1 drivers
v000001930da8c1a0_0 .net "newb", 3 0, L_000001930daa6e80;  1 drivers
v000001930da8c4c0_0 .net "not_sel", 0 0, L_000001930daad250;  1 drivers
v000001930da8a580_0 .net "sel", 0 0, L_000001930daa0aa0;  alias, 1 drivers
L_000001930daa6ca0 .part L_000001930daa3640, 0, 1;
L_000001930daa60c0 .part L_000001930daa3640, 1, 1;
L_000001930daa6d40 .part L_000001930daa3640, 2, 1;
L_000001930daa5bc0 .concat8 [ 1 1 1 1], L_000001930daad2c0, L_000001930daad6b0, L_000001930daad1e0, L_000001930daade20;
L_000001930daa5da0 .part L_000001930daa3640, 3, 1;
L_000001930daa65c0 .part L_000001930daa2600, 0, 1;
L_000001930daa63e0 .part L_000001930daa2600, 1, 1;
L_000001930daa4c20 .part L_000001930daa2600, 2, 1;
L_000001930daa6e80 .concat8 [ 1 1 1 1], L_000001930daaced0, L_000001930daad5d0, L_000001930daad560, L_000001930daad3a0;
L_000001930daa5c60 .part L_000001930daa2600, 3, 1;
L_000001930daa5d00 .part L_000001930daa5bc0, 0, 1;
L_000001930daa4d60 .part L_000001930daa6e80, 0, 1;
L_000001930daa5ee0 .part L_000001930daa5bc0, 1, 1;
L_000001930daa5120 .part L_000001930daa6e80, 1, 1;
L_000001930daa6160 .part L_000001930daa5bc0, 2, 1;
L_000001930daa5e40 .part L_000001930daa6e80, 2, 1;
L_000001930daa5f80 .concat8 [ 1 1 1 1], L_000001930daadc60, L_000001930daaddb0, L_000001930daadf00, L_000001930daad410;
L_000001930daa5300 .part L_000001930daa5bc0, 3, 1;
L_000001930daa68e0 .part L_000001930daa6e80, 3, 1;
S_000001930da80920 .scope module, "c5" "Crossbar_2x2_4bit" 3 73, 3 46 0, S_000001930d5ed800;
 .timescale -9 -12;
    .port_info 0 /INPUT 4 "in1";
    .port_info 1 /INPUT 4 "in2";
    .port_info 2 /INPUT 1 "control";
    .port_info 3 /OUTPUT 4 "out1";
    .port_info 4 /OUTPUT 4 "out2";
L_000001930daad480 .functor NOT 1, L_000001930daa9680, C4<0>, C4<0>, C4<0>;
v000001930da941b0_0 .net "control", 0 0, L_000001930daa9680;  1 drivers
v000001930da93cb0_0 .net "in1", 3 0, L_000001930daa3960;  alias, 1 drivers
v000001930da94390_0 .net "in2", 3 0, L_000001930da91730;  alias, 1 drivers
v000001930da93f30_0 .net "ncontrol", 0 0, L_000001930daad480;  1 drivers
v000001930da92d10_0 .net "out1", 3 0, L_000001930daa7420;  alias, 1 drivers
v000001930da93d50_0 .net "out2", 3 0, L_000001930daa8780;  alias, 1 drivers
v000001930da929f0_0 .net "temp1", 3 0, L_000001930daa6a20;  1 drivers
v000001930da92f90_0 .net "temp2", 3 0, L_000001930daa6340;  1 drivers
v000001930da92a90_0 .net "temp3", 3 0, L_000001930daa6c00;  1 drivers
v000001930da93850_0 .net "temp4", 3 0, L_000001930daa6520;  1 drivers
S_000001930da80f60 .scope module, "d1" "Dmux_1x2_4bit" 3 54, 3 3 0, S_000001930da80920;
 .timescale -9 -12;
    .port_info 0 /INPUT 4 "in";
    .port_info 1 /OUTPUT 4 "a";
    .port_info 2 /OUTPUT 4 "b";
    .port_info 3 /INPUT 1 "sel";
L_000001930daad4f0 .functor NOT 1, L_000001930daa9680, C4<0>, C4<0>, C4<0>;
L_000001930daadfe0 .functor AND 1, L_000001930daa6f20, L_000001930daad4f0, C4<1>, C4<1>;
L_000001930daadaa0 .functor AND 1, L_000001930daa6200, L_000001930daad4f0, C4<1>, C4<1>;
L_000001930daadb80 .functor AND 1, L_000001930daa6fc0, L_000001930daad4f0, C4<1>, C4<1>;
L_000001930daac920 .functor AND 1, L_000001930daa62a0, L_000001930daad4f0, C4<1>, C4<1>;
L_000001930daac6f0 .functor AND 1, L_000001930daa4cc0, L_000001930daa9680, C4<1>, C4<1>;
L_000001930daad720 .functor AND 1, L_000001930daa7100, L_000001930daa9680, C4<1>, C4<1>;
L_000001930daadd40 .functor AND 1, L_000001930daa6ac0, L_000001930daa9680, C4<1>, C4<1>;
L_000001930daacbc0 .functor AND 1, L_000001930daa6b60, L_000001930daa9680, C4<1>, C4<1>;
v000001930da8c600_0 .net *"_ivl_0", 0 0, L_000001930daadfe0;  1 drivers
v000001930da8ada0_0 .net *"_ivl_11", 0 0, L_000001930daa6fc0;  1 drivers
v000001930da8c6a0_0 .net *"_ivl_12", 0 0, L_000001930daac920;  1 drivers
v000001930da8b020_0 .net *"_ivl_16", 0 0, L_000001930daa62a0;  1 drivers
v000001930da8abc0_0 .net *"_ivl_17", 0 0, L_000001930daac6f0;  1 drivers
v000001930da8b0c0_0 .net *"_ivl_20", 0 0, L_000001930daa4cc0;  1 drivers
v000001930da8ac60_0 .net *"_ivl_21", 0 0, L_000001930daad720;  1 drivers
v000001930da8aee0_0 .net *"_ivl_24", 0 0, L_000001930daa7100;  1 drivers
v000001930da8c920_0 .net *"_ivl_25", 0 0, L_000001930daadd40;  1 drivers
v000001930da8af80_0 .net *"_ivl_28", 0 0, L_000001930daa6ac0;  1 drivers
v000001930da8c9c0_0 .net *"_ivl_29", 0 0, L_000001930daacbc0;  1 drivers
v000001930da8cec0_0 .net *"_ivl_3", 0 0, L_000001930daa6f20;  1 drivers
v000001930da8cce0_0 .net *"_ivl_33", 0 0, L_000001930daa6b60;  1 drivers
v000001930da8d140_0 .net *"_ivl_4", 0 0, L_000001930daadaa0;  1 drivers
v000001930da8d000_0 .net *"_ivl_7", 0 0, L_000001930daa6200;  1 drivers
v000001930da8cba0_0 .net *"_ivl_8", 0 0, L_000001930daadb80;  1 drivers
v000001930da8cc40_0 .net "a", 3 0, L_000001930daa6a20;  alias, 1 drivers
v000001930da8cf60_0 .net "b", 3 0, L_000001930daa6340;  alias, 1 drivers
v000001930da8cd80_0 .net "in", 3 0, L_000001930daa3960;  alias, 1 drivers
v000001930da8d0a0_0 .net "nsel", 0 0, L_000001930daad4f0;  1 drivers
v000001930da8ce20_0 .net "sel", 0 0, L_000001930daa9680;  alias, 1 drivers
L_000001930daa6f20 .part L_000001930daa3960, 0, 1;
L_000001930daa6200 .part L_000001930daa3960, 1, 1;
L_000001930daa6fc0 .part L_000001930daa3960, 2, 1;
L_000001930daa6a20 .concat8 [ 1 1 1 1], L_000001930daadfe0, L_000001930daadaa0, L_000001930daadb80, L_000001930daac920;
L_000001930daa62a0 .part L_000001930daa3960, 3, 1;
L_000001930daa4cc0 .part L_000001930daa3960, 0, 1;
L_000001930daa7100 .part L_000001930daa3960, 1, 1;
L_000001930daa6ac0 .part L_000001930daa3960, 2, 1;
L_000001930daa6340 .concat8 [ 1 1 1 1], L_000001930daac6f0, L_000001930daad720, L_000001930daadd40, L_000001930daacbc0;
L_000001930daa6b60 .part L_000001930daa3960, 3, 1;
S_000001930da80ab0 .scope module, "d2" "Dmux_1x2_4bit" 3 55, 3 3 0, S_000001930da80920;
 .timescale -9 -12;
    .port_info 0 /INPUT 4 "in";
    .port_info 1 /OUTPUT 4 "a";
    .port_info 2 /OUTPUT 4 "b";
    .port_info 3 /INPUT 1 "sel";
L_000001930daacd80 .functor NOT 1, L_000001930daad480, C4<0>, C4<0>, C4<0>;
L_000001930daacf40 .functor AND 1, L_000001930daa59e0, L_000001930daacd80, C4<1>, C4<1>;
L_000001930daad790 .functor AND 1, L_000001930daa71a0, L_000001930daacd80, C4<1>, C4<1>;
L_000001930daaca00 .functor AND 1, L_000001930daa4ea0, L_000001930daacd80, C4<1>, C4<1>;
L_000001930daad090 .functor AND 1, L_000001930daa6de0, L_000001930daacd80, C4<1>, C4<1>;
L_000001930daad800 .functor AND 1, L_000001930daa5620, L_000001930daad480, C4<1>, C4<1>;
L_000001930daadf70 .functor AND 1, L_000001930daa51c0, L_000001930daad480, C4<1>, C4<1>;
L_000001930daade90 .functor AND 1, L_000001930daa6480, L_000001930daad480, C4<1>, C4<1>;
L_000001930daac760 .functor AND 1, L_000001930daa7240, L_000001930daad480, C4<1>, C4<1>;
v000001930da8d280_0 .net *"_ivl_0", 0 0, L_000001930daacf40;  1 drivers
v000001930da8d1e0_0 .net *"_ivl_11", 0 0, L_000001930daa4ea0;  1 drivers
v000001930da85a80_0 .net *"_ivl_12", 0 0, L_000001930daad090;  1 drivers
v000001930da86ca0_0 .net *"_ivl_16", 0 0, L_000001930daa6de0;  1 drivers
v000001930da86840_0 .net *"_ivl_17", 0 0, L_000001930daad800;  1 drivers
v000001930da87380_0 .net *"_ivl_20", 0 0, L_000001930daa5620;  1 drivers
v000001930da86980_0 .net *"_ivl_21", 0 0, L_000001930daadf70;  1 drivers
v000001930da87240_0 .net *"_ivl_24", 0 0, L_000001930daa51c0;  1 drivers
v000001930da86e80_0 .net *"_ivl_25", 0 0, L_000001930daade90;  1 drivers
v000001930da86de0_0 .net *"_ivl_28", 0 0, L_000001930daa6480;  1 drivers
v000001930da862a0_0 .net *"_ivl_29", 0 0, L_000001930daac760;  1 drivers
v000001930da86480_0 .net *"_ivl_3", 0 0, L_000001930daa59e0;  1 drivers
v000001930da87420_0 .net *"_ivl_33", 0 0, L_000001930daa7240;  1 drivers
v000001930da86ac0_0 .net *"_ivl_4", 0 0, L_000001930daad790;  1 drivers
v000001930da858a0_0 .net *"_ivl_7", 0 0, L_000001930daa71a0;  1 drivers
v000001930da86a20_0 .net *"_ivl_8", 0 0, L_000001930daaca00;  1 drivers
v000001930da874c0_0 .net "a", 3 0, L_000001930daa6c00;  alias, 1 drivers
v000001930da85d00_0 .net "b", 3 0, L_000001930daa6520;  alias, 1 drivers
v000001930da86340_0 .net "in", 3 0, L_000001930da91730;  alias, 1 drivers
v000001930da863e0_0 .net "nsel", 0 0, L_000001930daacd80;  1 drivers
v000001930da85760_0 .net "sel", 0 0, L_000001930daad480;  alias, 1 drivers
L_000001930daa59e0 .part L_000001930da91730, 0, 1;
L_000001930daa71a0 .part L_000001930da91730, 1, 1;
L_000001930daa4ea0 .part L_000001930da91730, 2, 1;
L_000001930daa6c00 .concat8 [ 1 1 1 1], L_000001930daacf40, L_000001930daad790, L_000001930daaca00, L_000001930daad090;
L_000001930daa6de0 .part L_000001930da91730, 3, 1;
L_000001930daa5620 .part L_000001930da91730, 0, 1;
L_000001930daa51c0 .part L_000001930da91730, 1, 1;
L_000001930daa6480 .part L_000001930da91730, 2, 1;
L_000001930daa6520 .concat8 [ 1 1 1 1], L_000001930daad800, L_000001930daadf70, L_000001930daade90, L_000001930daac760;
L_000001930daa7240 .part L_000001930da91730, 3, 1;
S_000001930da80150 .scope module, "m1" "Mux_2x1_4bit" 3 57, 3 23 0, S_000001930da80920;
 .timescale -9 -12;
    .port_info 0 /INPUT 4 "a";
    .port_info 1 /INPUT 4 "b";
    .port_info 2 /INPUT 1 "sel";
    .port_info 3 /OUTPUT 4 "f";
L_000001930daad870 .functor NOT 1, L_000001930daa9680, C4<0>, C4<0>, C4<0>;
L_000001930daae050 .functor AND 1, L_000001930daad870, L_000001930daa4f40, C4<1>, C4<1>;
L_000001930daae0c0 .functor AND 1, L_000001930daad870, L_000001930daa5260, C4<1>, C4<1>;
L_000001930daadb10 .functor AND 1, L_000001930daad870, L_000001930daa4ae0, C4<1>, C4<1>;
L_000001930daad8e0 .functor AND 1, L_000001930daad870, L_000001930daa4b80, C4<1>, C4<1>;
L_000001930daad950 .functor AND 1, L_000001930daa9680, L_000001930daa53a0, C4<1>, C4<1>;
L_000001930daae130 .functor AND 1, L_000001930daa9680, L_000001930daa5440, C4<1>, C4<1>;
L_000001930daae1a0 .functor AND 1, L_000001930daa9680, L_000001930daa54e0, C4<1>, C4<1>;
L_000001930daad9c0 .functor AND 1, L_000001930daa9680, L_000001930daa5760, C4<1>, C4<1>;
L_000001930daace60 .functor OR 1, L_000001930daa5800, L_000001930daa58a0, C4<0>, C4<0>;
L_000001930daae210 .functor OR 1, L_000001930daa8460, L_000001930daa7ce0, C4<0>, C4<0>;
L_000001930daae280 .functor OR 1, L_000001930daa9720, L_000001930daa77e0, C4<0>, C4<0>;
L_000001930daac7d0 .functor OR 1, L_000001930daa8dc0, L_000001930daa79c0, C4<0>, C4<0>;
v000001930da871a0_0 .net *"_ivl_0", 0 0, L_000001930daae050;  1 drivers
v000001930da87880_0 .net *"_ivl_11", 0 0, L_000001930daa4ae0;  1 drivers
v000001930da85940_0 .net *"_ivl_12", 0 0, L_000001930daad8e0;  1 drivers
v000001930da85ee0_0 .net *"_ivl_16", 0 0, L_000001930daa4b80;  1 drivers
v000001930da85da0_0 .net *"_ivl_17", 0 0, L_000001930daad950;  1 drivers
v000001930da86700_0 .net *"_ivl_20", 0 0, L_000001930daa53a0;  1 drivers
v000001930da867a0_0 .net *"_ivl_21", 0 0, L_000001930daae130;  1 drivers
v000001930da872e0_0 .net *"_ivl_24", 0 0, L_000001930daa5440;  1 drivers
v000001930da85e40_0 .net *"_ivl_25", 0 0, L_000001930daae1a0;  1 drivers
v000001930da87060_0 .net *"_ivl_28", 0 0, L_000001930daa54e0;  1 drivers
v000001930da86660_0 .net *"_ivl_29", 0 0, L_000001930daad9c0;  1 drivers
v000001930da85bc0_0 .net *"_ivl_3", 0 0, L_000001930daa4f40;  1 drivers
v000001930da85f80_0 .net *"_ivl_33", 0 0, L_000001930daa5760;  1 drivers
v000001930da87560_0 .net *"_ivl_34", 0 0, L_000001930daace60;  1 drivers
v000001930da87100_0 .net *"_ivl_37", 0 0, L_000001930daa5800;  1 drivers
v000001930da868e0_0 .net *"_ivl_39", 0 0, L_000001930daa58a0;  1 drivers
v000001930da85c60_0 .net *"_ivl_4", 0 0, L_000001930daae0c0;  1 drivers
v000001930da85b20_0 .net *"_ivl_40", 0 0, L_000001930daae210;  1 drivers
v000001930da86520_0 .net *"_ivl_43", 0 0, L_000001930daa8460;  1 drivers
v000001930da87600_0 .net *"_ivl_45", 0 0, L_000001930daa7ce0;  1 drivers
v000001930da86020_0 .net *"_ivl_46", 0 0, L_000001930daae280;  1 drivers
v000001930da877e0_0 .net *"_ivl_49", 0 0, L_000001930daa9720;  1 drivers
v000001930da876a0_0 .net *"_ivl_51", 0 0, L_000001930daa77e0;  1 drivers
v000001930da85440_0 .net *"_ivl_52", 0 0, L_000001930daac7d0;  1 drivers
v000001930da860c0_0 .net *"_ivl_56", 0 0, L_000001930daa8dc0;  1 drivers
v000001930da879c0_0 .net *"_ivl_58", 0 0, L_000001930daa79c0;  1 drivers
v000001930da86160_0 .net *"_ivl_7", 0 0, L_000001930daa5260;  1 drivers
v000001930da86200_0 .net *"_ivl_8", 0 0, L_000001930daadb10;  1 drivers
v000001930da85800_0 .net "a", 3 0, L_000001930daa6a20;  alias, 1 drivers
v000001930da854e0_0 .net "b", 3 0, L_000001930daa6c00;  alias, 1 drivers
v000001930da86b60_0 .net "f", 3 0, L_000001930daa7420;  alias, 1 drivers
v000001930da87740_0 .net "newa", 3 0, L_000001930daa6660;  1 drivers
v000001930da86c00_0 .net "newb", 3 0, L_000001930daa56c0;  1 drivers
v000001930da87920_0 .net "not_sel", 0 0, L_000001930daad870;  1 drivers
v000001930da87a60_0 .net "sel", 0 0, L_000001930daa9680;  alias, 1 drivers
L_000001930daa4f40 .part L_000001930daa6a20, 0, 1;
L_000001930daa5260 .part L_000001930daa6a20, 1, 1;
L_000001930daa4ae0 .part L_000001930daa6a20, 2, 1;
L_000001930daa6660 .concat8 [ 1 1 1 1], L_000001930daae050, L_000001930daae0c0, L_000001930daadb10, L_000001930daad8e0;
L_000001930daa4b80 .part L_000001930daa6a20, 3, 1;
L_000001930daa53a0 .part L_000001930daa6c00, 0, 1;
L_000001930daa5440 .part L_000001930daa6c00, 1, 1;
L_000001930daa54e0 .part L_000001930daa6c00, 2, 1;
L_000001930daa56c0 .concat8 [ 1 1 1 1], L_000001930daad950, L_000001930daae130, L_000001930daae1a0, L_000001930daad9c0;
L_000001930daa5760 .part L_000001930daa6c00, 3, 1;
L_000001930daa5800 .part L_000001930daa6660, 0, 1;
L_000001930daa58a0 .part L_000001930daa56c0, 0, 1;
L_000001930daa8460 .part L_000001930daa6660, 1, 1;
L_000001930daa7ce0 .part L_000001930daa56c0, 1, 1;
L_000001930daa9720 .part L_000001930daa6660, 2, 1;
L_000001930daa77e0 .part L_000001930daa56c0, 2, 1;
L_000001930daa7420 .concat8 [ 1 1 1 1], L_000001930daace60, L_000001930daae210, L_000001930daae280, L_000001930daac7d0;
L_000001930daa8dc0 .part L_000001930daa6660, 3, 1;
L_000001930daa79c0 .part L_000001930daa56c0, 3, 1;
S_000001930da8f0d0 .scope module, "m2" "Mux_2x1_4bit" 3 58, 3 23 0, S_000001930da80920;
 .timescale -9 -12;
    .port_info 0 /INPUT 4 "a";
    .port_info 1 /INPUT 4 "b";
    .port_info 2 /INPUT 1 "sel";
    .port_info 3 /OUTPUT 4 "f";
L_000001930daad100 .functor NOT 1, L_000001930daad480, C4<0>, C4<0>, C4<0>;
L_000001930daacfb0 .functor AND 1, L_000001930daad100, L_000001930daa97c0, C4<1>, C4<1>;
L_000001930daac990 .functor AND 1, L_000001930daad100, L_000001930daa7d80, C4<1>, C4<1>;
L_000001930daacdf0 .functor AND 1, L_000001930daad100, L_000001930daa8960, C4<1>, C4<1>;
L_000001930daadbf0 .functor AND 1, L_000001930daad100, L_000001930daa8500, C4<1>, C4<1>;
L_000001930daaca70 .functor AND 1, L_000001930daad480, L_000001930daa8fa0, C4<1>, C4<1>;
L_000001930daacc30 .functor AND 1, L_000001930daad480, L_000001930daa8e60, C4<1>, C4<1>;
L_000001930daacae0 .functor AND 1, L_000001930daad480, L_000001930daa7b00, C4<1>, C4<1>;
L_000001930daacb50 .functor AND 1, L_000001930daad480, L_000001930daa7600, C4<1>, C4<1>;
L_000001930daacca0 .functor OR 1, L_000001930daa9540, L_000001930daa7880, C4<0>, C4<0>;
L_000001930daad020 .functor OR 1, L_000001930daa9220, L_000001930daa8140, C4<0>, C4<0>;
L_000001930daacd10 .functor OR 1, L_000001930daa86e0, L_000001930daa8f00, C4<0>, C4<0>;
L_000001930daae360 .functor OR 1, L_000001930daa9040, L_000001930daa94a0, C4<0>, C4<0>;
v000001930da865c0_0 .net *"_ivl_0", 0 0, L_000001930daacfb0;  1 drivers
v000001930da86d40_0 .net *"_ivl_11", 0 0, L_000001930daa8960;  1 drivers
v000001930da86f20_0 .net *"_ivl_12", 0 0, L_000001930daadbf0;  1 drivers
v000001930da86fc0_0 .net *"_ivl_16", 0 0, L_000001930daa8500;  1 drivers
v000001930da859e0_0 .net *"_ivl_17", 0 0, L_000001930daaca70;  1 drivers
v000001930da87b00_0 .net *"_ivl_20", 0 0, L_000001930daa8fa0;  1 drivers
v000001930da853a0_0 .net *"_ivl_21", 0 0, L_000001930daacc30;  1 drivers
v000001930da85580_0 .net *"_ivl_24", 0 0, L_000001930daa8e60;  1 drivers
v000001930da856c0_0 .net *"_ivl_25", 0 0, L_000001930daacae0;  1 drivers
v000001930da85620_0 .net *"_ivl_28", 0 0, L_000001930daa7b00;  1 drivers
v000001930da942f0_0 .net *"_ivl_29", 0 0, L_000001930daacb50;  1 drivers
v000001930da935d0_0 .net *"_ivl_3", 0 0, L_000001930daa97c0;  1 drivers
v000001930da93670_0 .net *"_ivl_33", 0 0, L_000001930daa7600;  1 drivers
v000001930da93df0_0 .net *"_ivl_34", 0 0, L_000001930daacca0;  1 drivers
v000001930da94750_0 .net *"_ivl_37", 0 0, L_000001930daa9540;  1 drivers
v000001930da94110_0 .net *"_ivl_39", 0 0, L_000001930daa7880;  1 drivers
v000001930da94b10_0 .net *"_ivl_4", 0 0, L_000001930daac990;  1 drivers
v000001930da93a30_0 .net *"_ivl_40", 0 0, L_000001930daad020;  1 drivers
v000001930da946b0_0 .net *"_ivl_43", 0 0, L_000001930daa9220;  1 drivers
v000001930da92950_0 .net *"_ivl_45", 0 0, L_000001930daa8140;  1 drivers
v000001930da93ad0_0 .net *"_ivl_46", 0 0, L_000001930daacd10;  1 drivers
v000001930da93030_0 .net *"_ivl_49", 0 0, L_000001930daa86e0;  1 drivers
v000001930da947f0_0 .net *"_ivl_51", 0 0, L_000001930daa8f00;  1 drivers
v000001930da949d0_0 .net *"_ivl_52", 0 0, L_000001930daae360;  1 drivers
v000001930da94bb0_0 .net *"_ivl_56", 0 0, L_000001930daa9040;  1 drivers
v000001930da93b70_0 .net *"_ivl_58", 0 0, L_000001930daa94a0;  1 drivers
v000001930da93710_0 .net *"_ivl_7", 0 0, L_000001930daa7d80;  1 drivers
v000001930da94c50_0 .net *"_ivl_8", 0 0, L_000001930daacdf0;  1 drivers
v000001930da94890_0 .net "a", 3 0, L_000001930daa6340;  alias, 1 drivers
v000001930da937b0_0 .net "b", 3 0, L_000001930daa6520;  alias, 1 drivers
v000001930da94cf0_0 .net "f", 3 0, L_000001930daa8780;  alias, 1 drivers
v000001930da92810_0 .net "newa", 3 0, L_000001930daa8640;  1 drivers
v000001930da93c10_0 .net "newb", 3 0, L_000001930daa8c80;  1 drivers
v000001930da930d0_0 .net "not_sel", 0 0, L_000001930daad100;  1 drivers
v000001930da94610_0 .net "sel", 0 0, L_000001930daad480;  alias, 1 drivers
L_000001930daa97c0 .part L_000001930daa6340, 0, 1;
L_000001930daa7d80 .part L_000001930daa6340, 1, 1;
L_000001930daa8960 .part L_000001930daa6340, 2, 1;
L_000001930daa8640 .concat8 [ 1 1 1 1], L_000001930daacfb0, L_000001930daac990, L_000001930daacdf0, L_000001930daadbf0;
L_000001930daa8500 .part L_000001930daa6340, 3, 1;
L_000001930daa8fa0 .part L_000001930daa6520, 0, 1;
L_000001930daa8e60 .part L_000001930daa6520, 1, 1;
L_000001930daa7b00 .part L_000001930daa6520, 2, 1;
L_000001930daa8c80 .concat8 [ 1 1 1 1], L_000001930daaca70, L_000001930daacc30, L_000001930daacae0, L_000001930daacb50;
L_000001930daa7600 .part L_000001930daa6520, 3, 1;
L_000001930daa9540 .part L_000001930daa8640, 0, 1;
L_000001930daa7880 .part L_000001930daa8c80, 0, 1;
L_000001930daa9220 .part L_000001930daa8640, 1, 1;
L_000001930daa8140 .part L_000001930daa8c80, 1, 1;
L_000001930daa86e0 .part L_000001930daa8640, 2, 1;
L_000001930daa8f00 .part L_000001930daa8c80, 2, 1;
L_000001930daa8780 .concat8 [ 1 1 1 1], L_000001930daacca0, L_000001930daad020, L_000001930daacd10, L_000001930daae360;
L_000001930daa9040 .part L_000001930daa8640, 3, 1;
L_000001930daa94a0 .part L_000001930daa8c80, 3, 1;
    .scope S_000001930d5ed670;
T_0 ;
    %pushi/vec4 1, 0, 4;
    %store/vec4 v000001930da93170_0, 0, 4;
    %pushi/vec4 2, 0, 4;
    %store/vec4 v000001930da92630_0, 0, 4;
    %pushi/vec4 3, 0, 4;
    %store/vec4 v000001930da92770_0, 0, 4;
    %pushi/vec4 4, 0, 4;
    %store/vec4 v000001930da92bd0_0, 0, 4;
    %pushi/vec4 0, 0, 5;
    %store/vec4 v000001930da94070_0, 0, 5;
    %end;
    .thread T_0;
    .scope S_000001930d5ed670;
T_1 ;
    %vpi_call 2 14 "$dumpfile", "Cbar_4x4.vcd" {0 0 0};
    %vpi_call 2 15 "$dumpvars", 32'sb00000000000000000000000000000000, S_000001930d5ed670 {0 0 0};
    %end;
    .thread T_1;
    .scope S_000001930d5ed670;
T_2 ;
    %pushi/vec4 32, 0, 32;
T_2.0 %dup/vec4;
    %pushi/vec4 0, 0, 32;
    %cmp/s;
    %jmp/1xz T_2.1, 5;
    %jmp/1 T_2.1, 4;
    %pushi/vec4 1, 0, 32;
    %sub;
    %delay 1000, 0;
    %load/vec4 v000001930da94070_0;
    %addi 1, 0, 5;
    %store/vec4 v000001930da94070_0, 0, 5;
    %jmp T_2.0;
T_2.1 ;
    %pop/vec4 1;
    %delay 1000, 0;
    %vpi_call 2 38 "$finish" {0 0 0};
    %end;
    .thread T_2;
# The file index is used to find the file name in the following table.
:file_names 4;
    "N/A";
    "<interactive>";
    "Lab1_111062109_Crossbar_4x4_4bit_t.v";
    "./Lab1_111062109_Crossbar_4x4_4bit.v";
