#-----------------------------------------------------------
# Vivado v2020.2 (64-bit)
# SW Build 3064766 on Wed Nov 18 09:12:45 MST 2020
# IP Build 3064653 on Wed Nov 18 14:17:31 MST 2020
# Start of session at: Thu Oct 12 15:16:55 2023
# Process ID: 496
# Current directory: D:/GitHub/2023-Fall-Hardware_Design_and_Lab_Lee/Lab2/Basic/2-2
# Command line: vivado.exe -gui_launcher_event rodinguilauncherevent9016 D:\GitHub\2023-Fall-Hardware_Design_and_Lab_Lee\Lab2\Basic\2-2\2-2.xpr
# Log file: D:/GitHub/2023-Fall-Hardware_Design_and_Lab_Lee/Lab2/Basic/2-2/vivado.log
# Journal file: D:/GitHub/2023-Fall-Hardware_Design_and_Lab_Lee/Lab2/Basic/2-2\vivado.jou
#-----------------------------------------------------------
Sourcing tcl script 'C:/Xilinx/Vivado/2020.2/scripts/Vivado_init.tcl'
start_gui
open_project D:/GitHub/2023-Fall-Hardware_Design_and_Lab_Lee/Lab2/Basic/2-2/2-2.xpr
WARNING: [filemgmt 56-3] Default IP Output Path : Could not find the directory 'D:/GitHub/2023-Fall-Hardware_Design_and_Lab_Lee/Lab2/Basic/2-2/2-2.gen/sources_1'.
Scanning sources...
Finished scanning sources
INFO: [IP_Flow 19-234] Refreshing IP repositories
INFO: [IP_Flow 19-1704] No user IP repositories specified
INFO: [IP_Flow 19-2313] Loaded Vivado IP repository 'C:/Xilinx/Vivado/2020.2/data/ip'.
open_project: Time (s): cpu = 00:00:38 ; elapsed = 00:00:26 . Memory (MB): peak = 1004.418 ; gain = 0.000
update_compile_order -fileset sources_1
launch_simulation
Command: launch_simulation 
INFO: [Vivado 12-5682] Launching behavioral simulation in 'D:/GitHub/2023-Fall-Hardware_Design_and_Lab_Lee/Lab2/Basic/2-2/2-2.sim/sim_1/behav/xsim'
INFO: [SIM-utils-51] Simulation object is 'sim_1'
INFO: [SIM-utils-54] Inspecting design source files for 'Majority_t' in fileset 'sim_1'...
INFO: [USF-XSim-97] Finding global include files...
INFO: [USF-XSim-98] Fetching design files from 'sim_1'...
INFO: [USF-XSim-2] XSim::Compile design
INFO: [USF-XSim-61] Executing 'COMPILE and ANALYZE' step in 'D:/GitHub/2023-Fall-Hardware_Design_and_Lab_Lee/Lab2/Basic/2-2/2-2.sim/sim_1/behav/xsim'
"xvlog --incr --relax -prj Majority_t_vlog.prj"
INFO: [VRFC 10-2263] Analyzing Verilog file "D:/GitHub/2023-Fall-Hardware_Design_and_Lab_Lee/Lab2/Basic/2-2/Majority_t.v" into library xil_defaultlib
INFO: [VRFC 10-311] analyzing module AND
INFO: [VRFC 10-311] analyzing module OR
INFO: [VRFC 10-311] analyzing module Majority
INFO: [VRFC 10-311] analyzing module Majority_t
INFO: [VRFC 10-2263] Analyzing Verilog file "D:/GitHub/2023-Fall-Hardware_Design_and_Lab_Lee/Lab2/Basic/2-2/2-2.sim/sim_1/behav/xsim/glbl.v" into library xil_defaultlib
INFO: [VRFC 10-311] analyzing module glbl
INFO: [USF-XSim-69] 'compile' step finished in '2' seconds
INFO: [USF-XSim-3] XSim::Elaborate design
INFO: [USF-XSim-61] Executing 'ELABORATE' step in 'D:/GitHub/2023-Fall-Hardware_Design_and_Lab_Lee/Lab2/Basic/2-2/2-2.sim/sim_1/behav/xsim'
"xelab -wto 98b1ce8f43b3450696cb165c78272c1d --incr --debug typical --relax --mt 32 -L xil_defaultlib -L unisims_ver -L unimacro_ver -L secureip --snapshot Majority_t_behav xil_defaultlib.Majority_t xil_defaultlib.glbl -log elaborate.log"
Vivado Simulator 2020.2
Copyright 1986-1999, 2001-2020 Xilinx, Inc. All Rights Reserved.
Running: C:/Xilinx/Vivado/2020.2/bin/unwrapped/win64.o/xelab.exe -wto 98b1ce8f43b3450696cb165c78272c1d --incr --debug typical --relax --mt 32 -L xil_defaultlib -L unisims_ver -L unimacro_ver -L secureip --snapshot Majority_t_behav xil_defaultlib.Majority_t xil_defaultlib.glbl -log elaborate.log 
Using 32 slave threads.
Starting static elaboration
Pass Through NonSizing Optimizer
Completed static elaboration
Starting simulation data flow analysis
Completed simulation data flow analysis
Time Resolution for simulation is 1ps
Compiling module xil_defaultlib.AND
Compiling module xil_defaultlib.OR
Compiling module xil_defaultlib.Majority
Compiling module xil_defaultlib.Majority_t
Compiling module xil_defaultlib.glbl
Built simulation snapshot Majority_t_behav

****** Webtalk v2020.2 (64-bit)
  **** SW Build 3064766 on Wed Nov 18 09:12:45 MST 2020
  **** IP Build 3064653 on Wed Nov 18 14:17:31 MST 2020
    ** Copyright 1986-2020 Xilinx, Inc. All Rights Reserved.

source D:/GitHub/2023-Fall-Hardware_Design_and_Lab_Lee/Lab2/Basic/2-2/2-2.sim/sim_1/behav/xsim/xsim.dir/Majority_t_behav/webtalk/xsim_webtalk.tcl -notrace
INFO: [Common 17-206] Exiting Webtalk at Thu Oct 12 15:23:05 2023...
run_program: Time (s): cpu = 00:00:00 ; elapsed = 00:00:06 . Memory (MB): peak = 1004.418 ; gain = 0.000
INFO: [USF-XSim-69] 'elaborate' step finished in '7' seconds
INFO: [USF-XSim-4] XSim::Simulate design
INFO: [USF-XSim-61] Executing 'SIMULATE' step in 'D:/GitHub/2023-Fall-Hardware_Design_and_Lab_Lee/Lab2/Basic/2-2/2-2.sim/sim_1/behav/xsim'
INFO: [USF-XSim-98] *** Running xsim
   with args "Majority_t_behav -key {Behavioral:sim_1:Functional:Majority_t} -tclbatch {Majority_t.tcl} -log {simulate.log}"
INFO: [USF-XSim-8] Loading simulator feature
Vivado Simulator 2020.2
Time resolution is 1 ps
source Majority_t.tcl
# set curr_wave [current_wave_config]
# if { [string length $curr_wave] == 0 } {
#   if { [llength [get_objects]] > 0} {
#     add_wave /
#     set_property needs_save false [current_wave_config]
#   } else {
#      send_msg_id Add_Wave-1 WARNING "No top level signals found. Simulator will start without a wave window. If you want to open a wave window go to 'File->New Waveform Configuration' or type 'create_wave_config' in the TCL console."
#   }
# }
# run 1000ns
$finish called at time : 9 ns : File "D:/GitHub/2023-Fall-Hardware_Design_and_Lab_Lee/Lab2/Basic/2-2/Majority_t.v" Line 28
xsim: Time (s): cpu = 00:00:09 ; elapsed = 00:00:05 . Memory (MB): peak = 1004.418 ; gain = 0.000
INFO: [USF-XSim-96] XSim completed. Design snapshot 'Majority_t_behav' loaded.
INFO: [USF-XSim-97] XSim simulation ran for 1000ns
launch_simulation: Time (s): cpu = 00:00:11 ; elapsed = 00:00:14 . Memory (MB): peak = 1004.418 ; gain = 0.000
close_sim
INFO: [Simtcl 6-16] Simulation closed
close_sim: Time (s): cpu = 00:00:03 ; elapsed = 00:00:06 . Memory (MB): peak = 1004.418 ; gain = 0.000
exit
INFO: [Common 17-206] Exiting Vivado at Thu Oct 12 15:47:37 2023...
