#! /c/Source/iverilog-install/bin/vvp
:ivl_version "12.0 (devel)" "(s20150603-1110-g18392a46)";
:ivl_delay_selection "TYPICAL";
:vpi_time_precision - 12;
:vpi_module "C:\iverilog\lib\ivl\system.vpi";
:vpi_module "C:\iverilog\lib\ivl\vhdl_sys.vpi";
:vpi_module "C:\iverilog\lib\ivl\vhdl_textio.vpi";
:vpi_module "C:\iverilog\lib\ivl\v2005_math.vpi";
:vpi_module "C:\iverilog\lib\ivl\va_math.vpi";
S_00000267ac498780 .scope module, "Many_to_one_LFSR_t" "Many_to_one_LFSR_t" 2 4;
 .timescale -9 -12;
v00000267ac496790_0 .var "clk", 0 0;
v00000267ac4968d0_0 .net "out", 0 0, L_00000267ac4a1a80;  1 drivers
v00000267ac496830_0 .var "rst_n", 0 0;
S_00000267ac45cca0 .scope module, "Many_to_one_LFSR" "Many_to_one_LFSR" 2 7, 3 3 0, S_00000267ac498780;
 .timescale -9 -12;
    .port_info 0 /INPUT 1 "clk";
    .port_info 1 /INPUT 1 "rst_n";
    .port_info 2 /OUTPUT 1 "out";
L_00000267ac473590 .functor XOR 1, L_00000267ac4a23e0, L_00000267ac4a20c0, C4<0>, C4<0>;
L_00000267ac473850 .functor XOR 1, L_00000267ac4a31a0, L_00000267ac4a1940, C4<0>, C4<0>;
L_00000267ac4a3e80 .functor XOR 1, L_00000267ac473590, L_00000267ac473850, C4<0>, C4<0>;
v00000267ac4965b0_0 .var "DFF", 7 0;
v00000267ac496510_0 .net *"_ivl_1", 6 0, L_00000267ac4a2660;  1 drivers
v00000267ac496650_0 .net *"_ivl_11", 0 0, L_00000267ac4a1940;  1 drivers
v00000267ac496330_0 .net *"_ivl_12", 0 0, L_00000267ac473850;  1 drivers
v00000267ac496e70_0 .net *"_ivl_14", 0 0, L_00000267ac4a3e80;  1 drivers
v00000267ac4966f0_0 .net *"_ivl_3", 0 0, L_00000267ac4a23e0;  1 drivers
v00000267ac496ab0_0 .net *"_ivl_5", 0 0, L_00000267ac4a20c0;  1 drivers
v00000267ac4970f0_0 .net *"_ivl_6", 0 0, L_00000267ac473590;  1 drivers
v00000267ac496c90_0 .net *"_ivl_9", 0 0, L_00000267ac4a31a0;  1 drivers
v00000267ac496290_0 .net "clk", 0 0, v00000267ac496790_0;  1 drivers
v00000267ac496fb0_0 .net "next_DFF", 7 0, L_00000267ac4a2700;  1 drivers
v00000267ac497050_0 .net "out", 0 0, L_00000267ac4a1a80;  alias, 1 drivers
v00000267ac496b50_0 .net "rst_n", 0 0, v00000267ac496830_0;  1 drivers
E_00000267ac496140 .event posedge, v00000267ac496290_0;
L_00000267ac4a2660 .part v00000267ac4965b0_0, 0, 7;
L_00000267ac4a23e0 .part v00000267ac4965b0_0, 7, 1;
L_00000267ac4a20c0 .part v00000267ac4965b0_0, 3, 1;
L_00000267ac4a31a0 .part v00000267ac4965b0_0, 1, 1;
L_00000267ac4a1940 .part v00000267ac4965b0_0, 2, 1;
L_00000267ac4a2700 .concat [ 1 7 0 0], L_00000267ac4a3e80, L_00000267ac4a2660;
L_00000267ac4a1a80 .part v00000267ac4965b0_0, 7, 1;
    .scope S_00000267ac45cca0;
T_0 ;
    %wait E_00000267ac496140;
    %load/vec4 v00000267ac496b50_0;
    %nor/r;
    %flag_set/vec4 8;
    %jmp/0xz  T_0.0, 8;
    %pushi/vec4 189, 0, 8;
    %assign/vec4 v00000267ac4965b0_0, 0;
    %jmp T_0.1;
T_0.0 ;
    %load/vec4 v00000267ac496fb0_0;
    %assign/vec4 v00000267ac4965b0_0, 0;
T_0.1 ;
    %jmp T_0;
    .thread T_0;
    .scope S_00000267ac498780;
T_1 ;
    %vpi_call 2 9 "$dumpfile", "Many_to_one_LFSR.vcd" {0 0 0};
    %vpi_call 2 10 "$dumpvars", 32'sb00000000000000000000000000000000, S_00000267ac45cca0 {0 0 0};
    %pushi/vec4 0, 0, 1;
    %store/vec4 v00000267ac496790_0, 0, 1;
    %pushi/vec4 0, 0, 1;
    %store/vec4 v00000267ac496830_0, 0, 1;
    %delay 10000, 0;
    %pushi/vec4 1, 0, 1;
    %store/vec4 v00000267ac496830_0, 0, 1;
    %delay 200000, 0;
    %vpi_call 2 14 "$finish" {0 0 0};
    %end;
    .thread T_1;
    .scope S_00000267ac498780;
T_2 ;
    %delay 5000, 0;
    %load/vec4 v00000267ac496790_0;
    %inv;
    %store/vec4 v00000267ac496790_0, 0, 1;
    %jmp T_2;
    .thread T_2;
# The file index is used to find the file name in the following table.
:file_names 4;
    "N/A";
    "<interactive>";
    "Many_to_one_LFSR_t.v";
    "./Many_to_one_LFSR.v";
