#! /c/Source/iverilog-install/bin/vvp
:ivl_version "12.0 (devel)" "(s20150603-1110-g18392a46)";
:ivl_delay_selection "TYPICAL";
:vpi_time_precision - 12;
:vpi_module "C:\iverilog\lib\ivl\system.vpi";
:vpi_module "C:\iverilog\lib\ivl\vhdl_sys.vpi";
:vpi_module "C:\iverilog\lib\ivl\vhdl_textio.vpi";
:vpi_module "C:\iverilog\lib\ivl\v2005_math.vpi";
:vpi_module "C:\iverilog\lib\ivl\va_math.vpi";
S_0000019b76a5dec0 .scope module, "Many_to_one_LFSR" "Many_to_one_LFSR" 2 3;
 .timescale -9 -12;
    .port_info 0 /INPUT 1 "clk";
    .port_info 1 /INPUT 1 "rst_n";
    .port_info 2 /OUTPUT 1 "out";
L_0000019b76a731a0 .functor XOR 1, L_0000019b76ae8740, L_0000019b76ae84c0, C4<0>, C4<0>;
L_0000019b76a59600 .functor XOR 1, L_0000019b76ae82e0, L_0000019b76ae8f60, C4<0>, C4<0>;
L_0000019b76a73550 .functor XOR 1, L_0000019b76a731a0, L_0000019b76a59600, C4<0>, C4<0>;
v0000019b76a5e050_0 .var "DFF", 7 0;
v0000019b76a5bb30_0 .net *"_ivl_1", 6 0, L_0000019b76ae8600;  1 drivers
v0000019b76a73100_0 .net *"_ivl_11", 0 0, L_0000019b76ae8f60;  1 drivers
v0000019b76a59560_0 .net *"_ivl_12", 0 0, L_0000019b76a59600;  1 drivers
v0000019b76aa42b0_0 .net *"_ivl_14", 0 0, L_0000019b76a73550;  1 drivers
v0000019b76ae8a60_0 .net *"_ivl_3", 0 0, L_0000019b76ae8740;  1 drivers
v0000019b76ae8b00_0 .net *"_ivl_5", 0 0, L_0000019b76ae84c0;  1 drivers
v0000019b76ae8ce0_0 .net *"_ivl_6", 0 0, L_0000019b76a731a0;  1 drivers
v0000019b76ae8d80_0 .net *"_ivl_9", 0 0, L_0000019b76ae82e0;  1 drivers
o0000019b76aa7148 .functor BUFZ 1, C4<z>; HiZ drive
v0000019b76ae8420_0 .net "clk", 0 0, o0000019b76aa7148;  0 drivers
v0000019b76ae89c0_0 .net "next_DFF", 7 0, L_0000019b76ae8ba0;  1 drivers
v0000019b76ae87e0_0 .net "out", 0 0, L_0000019b76ae86a0;  1 drivers
o0000019b76aa71d8 .functor BUFZ 1, C4<z>; HiZ drive
v0000019b76ae8560_0 .net "rst_n", 0 0, o0000019b76aa71d8;  0 drivers
E_0000019b76a5bcb0 .event posedge, v0000019b76ae8420_0;
L_0000019b76ae8600 .part v0000019b76a5e050_0, 0, 7;
L_0000019b76ae8740 .part v0000019b76a5e050_0, 7, 1;
L_0000019b76ae84c0 .part v0000019b76a5e050_0, 3, 1;
L_0000019b76ae82e0 .part v0000019b76a5e050_0, 1, 1;
L_0000019b76ae8f60 .part v0000019b76a5e050_0, 2, 1;
L_0000019b76ae8ba0 .concat [ 1 7 0 0], L_0000019b76a73550, L_0000019b76ae8600;
L_0000019b76ae86a0 .part v0000019b76a5e050_0, 7, 1;
    .scope S_0000019b76a5dec0;
T_0 ;
    %wait E_0000019b76a5bcb0;
    %load/vec4 v0000019b76ae8560_0;
    %nor/r;
    %flag_set/vec4 8;
    %jmp/0xz  T_0.0, 8;
    %pushi/vec4 189, 0, 8;
    %assign/vec4 v0000019b76a5e050_0, 0;
    %jmp T_0.1;
T_0.0 ;
    %load/vec4 v0000019b76ae89c0_0;
    %assign/vec4 v0000019b76a5e050_0, 0;
T_0.1 ;
    %jmp T_0;
    .thread T_0;
# The file index is used to find the file name in the following table.
:file_names 3;
    "N/A";
    "<interactive>";
    "Many_to_one_LFSR.v";
