#! /opt/local/bin/vvp
:ivl_version "11.0 (stable)" "(v11_0)";
:ivl_delay_selection "TYPICAL";
:vpi_time_precision - 12;
:vpi_module "/opt/local/lib/ivl/system.vpi";
:vpi_module "/opt/local/lib/ivl/vhdl_sys.vpi";
:vpi_module "/opt/local/lib/ivl/vhdl_textio.vpi";
:vpi_module "/opt/local/lib/ivl/v2005_math.vpi";
:vpi_module "/opt/local/lib/ivl/va_math.vpi";
S_0x13f61cb00 .scope module, "Content_Addressable_Memory_t" "Content_Addressable_Memory_t" 2 4;
 .timescale -9 -12;
v0x13f635790_0 .var "addr", 3 0;
v0x13f635860_0 .var "clk", 0 0;
v0x13f6358f0_0 .var "din", 7 0;
v0x13f6359a0_0 .net "dout", 3 0, v0x13f635150_0;  1 drivers
v0x13f635a50_0 .net "hit", 0 0, v0x13f635200_0;  1 drivers
v0x13f635b20_0 .var "ren", 0 0;
v0x13f635bd0_0 .var "wen", 0 0;
E_0x13f623f00 .event negedge, v0x13f635020_0;
S_0x13f61f920 .scope module, "uut" "Content_Addressable_Memory" 2 12, 3 26 0, S_0x13f61cb00;
 .timescale -9 -12;
    .port_info 0 /INPUT 1 "clk";
    .port_info 1 /INPUT 1 "wen";
    .port_info 2 /INPUT 1 "ren";
    .port_info 3 /INPUT 8 "din";
    .port_info 4 /INPUT 4 "addr";
    .port_info 5 /OUTPUT 4 "dout";
    .port_info 6 /OUTPUT 1 "hit";
v0x13f6343e0_0 .net *"_ivl_13", 0 0, L_0x13f635e60;  1 drivers
v0x13f634480_0 .net *"_ivl_18", 0 0, L_0x13f635fa0;  1 drivers
v0x13f634520_0 .net *"_ivl_23", 0 0, L_0x13f636060;  1 drivers
v0x13f6345d0_0 .net *"_ivl_28", 0 0, L_0x13f636150;  1 drivers
v0x13f634670_0 .net *"_ivl_3", 0 0, L_0x13f635c80;  1 drivers
v0x13f634750_0 .net *"_ivl_33", 0 0, L_0x13f636210;  1 drivers
v0x13f6347f0_0 .net *"_ivl_38", 0 0, L_0x13f6363d0;  1 drivers
v0x13f634890_0 .net *"_ivl_43", 0 0, L_0x13f636470;  1 drivers
v0x13f634930_0 .net *"_ivl_48", 0 0, L_0x13f636560;  1 drivers
v0x13f634a40_0 .net *"_ivl_53", 0 0, L_0x13f636620;  1 drivers
v0x13f634ad0_0 .net *"_ivl_58", 0 0, L_0x13f636720;  1 drivers
v0x13f634b70_0 .net *"_ivl_63", 0 0, L_0x13f6367c0;  1 drivers
v0x13f634c10_0 .net *"_ivl_68", 0 0, L_0x13f6368d0;  1 drivers
v0x13f634cb0_0 .net *"_ivl_73", 0 0, L_0x13f636990;  1 drivers
v0x13f634d50_0 .net *"_ivl_79", 0 0, L_0x13f636fa0;  1 drivers
v0x13f634df0_0 .net *"_ivl_8", 0 0, L_0x13f635d80;  1 drivers
v0x13f634e90_0 .net "addr", 3 0, v0x13f635790_0;  1 drivers
v0x13f635020_0 .net "clk", 0 0, v0x13f635860_0;  1 drivers
v0x13f6350b0_0 .net "din", 7 0, v0x13f6358f0_0;  1 drivers
v0x13f635150_0 .var "dout", 3 0;
v0x13f635200_0 .var "hit", 0 0;
v0x13f6352a0_0 .net "match", 15 0, L_0x13f636c30;  1 drivers
v0x13f635360 .array "memory", 0 15, 7 0;
v0x13f6354f0_0 .net "ren", 0 0, v0x13f635b20_0;  1 drivers
v0x13f635590_0 .net "temp_dout", 3 0, v0x13f634320_0;  1 drivers
v0x13f635650_0 .net "wen", 0 0, v0x13f635bd0_0;  1 drivers
E_0x13f6244b0 .event posedge, v0x13f635020_0;
v0x13f635360_0 .array/port v0x13f635360, 0;
L_0x13f635c80 .cmp/eeq 8, v0x13f635360_0, v0x13f6358f0_0;
v0x13f635360_1 .array/port v0x13f635360, 1;
L_0x13f635d80 .cmp/eeq 8, v0x13f635360_1, v0x13f6358f0_0;
v0x13f635360_2 .array/port v0x13f635360, 2;
L_0x13f635e60 .cmp/eeq 8, v0x13f635360_2, v0x13f6358f0_0;
v0x13f635360_3 .array/port v0x13f635360, 3;
L_0x13f635fa0 .cmp/eeq 8, v0x13f635360_3, v0x13f6358f0_0;
v0x13f635360_4 .array/port v0x13f635360, 4;
L_0x13f636060 .cmp/eeq 8, v0x13f635360_4, v0x13f6358f0_0;
v0x13f635360_5 .array/port v0x13f635360, 5;
L_0x13f636150 .cmp/eeq 8, v0x13f635360_5, v0x13f6358f0_0;
v0x13f635360_6 .array/port v0x13f635360, 6;
L_0x13f636210 .cmp/eeq 8, v0x13f635360_6, v0x13f6358f0_0;
v0x13f635360_7 .array/port v0x13f635360, 7;
L_0x13f6363d0 .cmp/eeq 8, v0x13f635360_7, v0x13f6358f0_0;
v0x13f635360_8 .array/port v0x13f635360, 8;
L_0x13f636470 .cmp/eeq 8, v0x13f635360_8, v0x13f6358f0_0;
v0x13f635360_9 .array/port v0x13f635360, 9;
L_0x13f636560 .cmp/eeq 8, v0x13f635360_9, v0x13f6358f0_0;
v0x13f635360_10 .array/port v0x13f635360, 10;
L_0x13f636620 .cmp/eeq 8, v0x13f635360_10, v0x13f6358f0_0;
v0x13f635360_11 .array/port v0x13f635360, 11;
L_0x13f636720 .cmp/eeq 8, v0x13f635360_11, v0x13f6358f0_0;
v0x13f635360_12 .array/port v0x13f635360, 12;
L_0x13f6367c0 .cmp/eeq 8, v0x13f635360_12, v0x13f6358f0_0;
v0x13f635360_13 .array/port v0x13f635360, 13;
L_0x13f6368d0 .cmp/eeq 8, v0x13f635360_13, v0x13f6358f0_0;
v0x13f635360_14 .array/port v0x13f635360, 14;
L_0x13f636990 .cmp/eeq 8, v0x13f635360_14, v0x13f6358f0_0;
LS_0x13f636c30_0_0 .concat8 [ 1 1 1 1], L_0x13f635c80, L_0x13f635d80, L_0x13f635e60, L_0x13f635fa0;
LS_0x13f636c30_0_4 .concat8 [ 1 1 1 1], L_0x13f636060, L_0x13f636150, L_0x13f636210, L_0x13f6363d0;
LS_0x13f636c30_0_8 .concat8 [ 1 1 1 1], L_0x13f636470, L_0x13f636560, L_0x13f636620, L_0x13f636720;
LS_0x13f636c30_0_12 .concat8 [ 1 1 1 1], L_0x13f6367c0, L_0x13f6368d0, L_0x13f636990, L_0x13f636fa0;
L_0x13f636c30 .concat8 [ 4 4 4 4], LS_0x13f636c30_0_0, LS_0x13f636c30_0_4, LS_0x13f636c30_0_8, LS_0x13f636c30_0_12;
v0x13f635360_15 .array/port v0x13f635360, 15;
L_0x13f636fa0 .cmp/eeq 8, v0x13f635360_15, v0x13f6358f0_0;
S_0x13f61f170 .scope module, "match_encoder" "priority_encoder_4bit" 3 39, 3 3 0, S_0x13f61f920;
 .timescale -9 -12;
    .port_info 0 /INPUT 16 "in";
    .port_info 1 /OUTPUT 4 "out";
v0x13f624910_0 .net "in", 15 0, L_0x13f636c30;  alias, 1 drivers
v0x13f634320_0 .var "out", 3 0;
E_0x13f624ef0 .event edge, v0x13f624910_0;
    .scope S_0x13f61f170;
T_0 ;
    %wait E_0x13f624ef0;
    %load/vec4 v0x13f624910_0;
    %parti/s 1, 15, 5;
    %flag_set/vec4 8;
    %jmp/0xz  T_0.0, 8;
    %pushi/vec4 15, 0, 4;
    %store/vec4 v0x13f634320_0, 0, 4;
    %jmp T_0.1;
T_0.0 ;
    %load/vec4 v0x13f624910_0;
    %parti/s 1, 14, 5;
    %flag_set/vec4 8;
    %jmp/0xz  T_0.2, 8;
    %pushi/vec4 14, 0, 4;
    %store/vec4 v0x13f634320_0, 0, 4;
    %jmp T_0.3;
T_0.2 ;
    %load/vec4 v0x13f624910_0;
    %parti/s 1, 13, 5;
    %flag_set/vec4 8;
    %jmp/0xz  T_0.4, 8;
    %pushi/vec4 13, 0, 4;
    %store/vec4 v0x13f634320_0, 0, 4;
    %jmp T_0.5;
T_0.4 ;
    %load/vec4 v0x13f624910_0;
    %parti/s 1, 12, 5;
    %flag_set/vec4 8;
    %jmp/0xz  T_0.6, 8;
    %pushi/vec4 12, 0, 4;
    %store/vec4 v0x13f634320_0, 0, 4;
    %jmp T_0.7;
T_0.6 ;
    %load/vec4 v0x13f624910_0;
    %parti/s 1, 11, 5;
    %flag_set/vec4 8;
    %jmp/0xz  T_0.8, 8;
    %pushi/vec4 11, 0, 4;
    %store/vec4 v0x13f634320_0, 0, 4;
    %jmp T_0.9;
T_0.8 ;
    %load/vec4 v0x13f624910_0;
    %parti/s 1, 10, 5;
    %flag_set/vec4 8;
    %jmp/0xz  T_0.10, 8;
    %pushi/vec4 10, 0, 4;
    %store/vec4 v0x13f634320_0, 0, 4;
    %jmp T_0.11;
T_0.10 ;
    %load/vec4 v0x13f624910_0;
    %parti/s 1, 9, 5;
    %flag_set/vec4 8;
    %jmp/0xz  T_0.12, 8;
    %pushi/vec4 9, 0, 4;
    %store/vec4 v0x13f634320_0, 0, 4;
    %jmp T_0.13;
T_0.12 ;
    %load/vec4 v0x13f624910_0;
    %parti/s 1, 8, 5;
    %flag_set/vec4 8;
    %jmp/0xz  T_0.14, 8;
    %pushi/vec4 8, 0, 4;
    %store/vec4 v0x13f634320_0, 0, 4;
    %jmp T_0.15;
T_0.14 ;
    %load/vec4 v0x13f624910_0;
    %parti/s 1, 7, 4;
    %flag_set/vec4 8;
    %jmp/0xz  T_0.16, 8;
    %pushi/vec4 7, 0, 4;
    %store/vec4 v0x13f634320_0, 0, 4;
    %jmp T_0.17;
T_0.16 ;
    %load/vec4 v0x13f624910_0;
    %parti/s 1, 6, 4;
    %flag_set/vec4 8;
    %jmp/0xz  T_0.18, 8;
    %pushi/vec4 6, 0, 4;
    %store/vec4 v0x13f634320_0, 0, 4;
    %jmp T_0.19;
T_0.18 ;
    %load/vec4 v0x13f624910_0;
    %parti/s 1, 5, 4;
    %flag_set/vec4 8;
    %jmp/0xz  T_0.20, 8;
    %pushi/vec4 5, 0, 4;
    %store/vec4 v0x13f634320_0, 0, 4;
    %jmp T_0.21;
T_0.20 ;
    %load/vec4 v0x13f624910_0;
    %parti/s 1, 4, 4;
    %flag_set/vec4 8;
    %jmp/0xz  T_0.22, 8;
    %pushi/vec4 4, 0, 4;
    %store/vec4 v0x13f634320_0, 0, 4;
    %jmp T_0.23;
T_0.22 ;
    %load/vec4 v0x13f624910_0;
    %parti/s 1, 3, 3;
    %flag_set/vec4 8;
    %jmp/0xz  T_0.24, 8;
    %pushi/vec4 3, 0, 4;
    %store/vec4 v0x13f634320_0, 0, 4;
    %jmp T_0.25;
T_0.24 ;
    %load/vec4 v0x13f624910_0;
    %parti/s 1, 2, 3;
    %flag_set/vec4 8;
    %jmp/0xz  T_0.26, 8;
    %pushi/vec4 2, 0, 4;
    %store/vec4 v0x13f634320_0, 0, 4;
    %jmp T_0.27;
T_0.26 ;
    %load/vec4 v0x13f624910_0;
    %parti/s 1, 1, 2;
    %flag_set/vec4 8;
    %jmp/0xz  T_0.28, 8;
    %pushi/vec4 1, 0, 4;
    %store/vec4 v0x13f634320_0, 0, 4;
    %jmp T_0.29;
T_0.28 ;
    %pushi/vec4 0, 0, 4;
    %store/vec4 v0x13f634320_0, 0, 4;
T_0.29 ;
T_0.27 ;
T_0.25 ;
T_0.23 ;
T_0.21 ;
T_0.19 ;
T_0.17 ;
T_0.15 ;
T_0.13 ;
T_0.11 ;
T_0.9 ;
T_0.7 ;
T_0.5 ;
T_0.3 ;
T_0.1 ;
    %jmp T_0;
    .thread T_0, $push;
    .scope S_0x13f61f920;
T_1 ;
    %wait E_0x13f6244b0;
    %load/vec4 v0x13f6354f0_0;
    %flag_set/vec4 8;
    %jmp/0xz  T_1.0, 8;
    %load/vec4 v0x13f635590_0;
    %assign/vec4 v0x13f635150_0, 0;
    %load/vec4 v0x13f6352a0_0;
    %pushi/vec4 0, 0, 16;
    %cmp/ne;
    %flag_get/vec4 4;
    %assign/vec4 v0x13f635200_0, 0;
    %jmp T_1.1;
T_1.0 ;
    %load/vec4 v0x13f635650_0;
    %flag_set/vec4 8;
    %jmp/0xz  T_1.2, 8;
    %load/vec4 v0x13f6350b0_0;
    %load/vec4 v0x13f634e90_0;
    %pad/u 6;
    %ix/vec4 3;
    %ix/load 4, 0, 0; Constant delay
    %assign/vec4/a/d v0x13f635360, 0, 4;
    %pushi/vec4 0, 0, 1;
    %assign/vec4 v0x13f635200_0, 0;
    %pushi/vec4 0, 0, 4;
    %assign/vec4 v0x13f635150_0, 0;
    %jmp T_1.3;
T_1.2 ;
    %pushi/vec4 0, 0, 1;
    %assign/vec4 v0x13f635200_0, 0;
    %pushi/vec4 0, 0, 4;
    %assign/vec4 v0x13f635150_0, 0;
T_1.3 ;
T_1.1 ;
    %jmp T_1;
    .thread T_1;
    .scope S_0x13f61cb00;
T_2 ;
    %vpi_call 2 15 "$dumpfile", "Content_Addressable_Memory.vcd" {0 0 0};
    %vpi_call 2 16 "$dumpvars", 32'sb00000000000000000000000000000000, S_0x13f61cb00 {0 0 0};
    %pushi/vec4 0, 0, 1;
    %store/vec4 v0x13f635860_0, 0, 1;
    %pushi/vec4 0, 0, 1;
    %store/vec4 v0x13f635bd0_0, 0, 1;
    %pushi/vec4 0, 0, 1;
    %store/vec4 v0x13f635b20_0, 0, 1;
    %pushi/vec4 0, 0, 8;
    %store/vec4 v0x13f6358f0_0, 0, 8;
    %pushi/vec4 0, 0, 4;
    %store/vec4 v0x13f635790_0, 0, 4;
    %wait E_0x13f623f00;
    %pushi/vec4 1, 0, 1;
    %store/vec4 v0x13f635bd0_0, 0, 1;
    %pushi/vec4 4, 0, 8;
    %store/vec4 v0x13f6358f0_0, 0, 8;
    %pushi/vec4 0, 0, 4;
    %store/vec4 v0x13f635790_0, 0, 4;
    %wait E_0x13f623f00;
    %pushi/vec4 8, 0, 8;
    %store/vec4 v0x13f6358f0_0, 0, 8;
    %pushi/vec4 7, 0, 4;
    %store/vec4 v0x13f635790_0, 0, 4;
    %wait E_0x13f623f00;
    %pushi/vec4 35, 0, 8;
    %store/vec4 v0x13f6358f0_0, 0, 8;
    %pushi/vec4 15, 0, 4;
    %store/vec4 v0x13f635790_0, 0, 4;
    %wait E_0x13f623f00;
    %pushi/vec4 8, 0, 8;
    %store/vec4 v0x13f6358f0_0, 0, 8;
    %pushi/vec4 9, 0, 4;
    %store/vec4 v0x13f635790_0, 0, 4;
    %wait E_0x13f623f00;
    %pushi/vec4 8, 0, 8;
    %store/vec4 v0x13f6358f0_0, 0, 8;
    %pushi/vec4 5, 0, 4;
    %store/vec4 v0x13f635790_0, 0, 4;
    %wait E_0x13f623f00;
    %pushi/vec4 0, 0, 1;
    %store/vec4 v0x13f635bd0_0, 0, 1;
    %pushi/vec4 0, 0, 8;
    %store/vec4 v0x13f6358f0_0, 0, 8;
    %pushi/vec4 0, 0, 4;
    %store/vec4 v0x13f635790_0, 0, 4;
    %delay 25000, 0;
    %wait E_0x13f623f00;
    %pushi/vec4 1, 0, 1;
    %store/vec4 v0x13f635b20_0, 0, 1;
    %pushi/vec4 4, 0, 8;
    %store/vec4 v0x13f6358f0_0, 0, 8;
    %wait E_0x13f623f00;
    %pushi/vec4 8, 0, 8;
    %store/vec4 v0x13f6358f0_0, 0, 8;
    %wait E_0x13f623f00;
    %pushi/vec4 35, 0, 8;
    %store/vec4 v0x13f6358f0_0, 0, 8;
    %wait E_0x13f623f00;
    %pushi/vec4 87, 0, 8;
    %store/vec4 v0x13f6358f0_0, 0, 8;
    %wait E_0x13f623f00;
    %pushi/vec4 45, 0, 8;
    %store/vec4 v0x13f6358f0_0, 0, 8;
    %wait E_0x13f623f00;
    %pushi/vec4 0, 0, 1;
    %store/vec4 v0x13f635b20_0, 0, 1;
    %pushi/vec4 0, 0, 8;
    %store/vec4 v0x13f6358f0_0, 0, 8;
    %delay 30000, 0;
    %vpi_call 2 57 "$finish" {0 0 0};
    %end;
    .thread T_2;
    .scope S_0x13f61cb00;
T_3 ;
    %delay 5000, 0;
    %load/vec4 v0x13f635860_0;
    %inv;
    %store/vec4 v0x13f635860_0, 0, 1;
    %jmp T_3;
    .thread T_3;
# The file index is used to find the file name in the following table.
:file_names 4;
    "N/A";
    "<interactive>";
    "Lab4_111062109_Content_Addressable_Memory_t.v";
    "./Lab4_111062109_Content_Addressable_Memory.v";
