#! /opt/local/bin/vvp
:ivl_version "11.0 (stable)" "(v11_0)";
:ivl_delay_selection "TYPICAL";
:vpi_time_precision - 12;
:vpi_module "/opt/local/lib/ivl/system.vpi";
:vpi_module "/opt/local/lib/ivl/vhdl_sys.vpi";
:vpi_module "/opt/local/lib/ivl/vhdl_textio.vpi";
:vpi_module "/opt/local/lib/ivl/v2005_math.vpi";
:vpi_module "/opt/local/lib/ivl/va_math.vpi";
S_0x157609ba0 .scope module, "memory_t" "memory_t" 2 3;
 .timescale -9 -12;
v0x157622730_0 .var "addr", 6 0;
v0x1576227e0_0 .var "clk", 0 0;
v0x157622870_0 .var "din", 7 0;
v0x157622940_0 .net "dout", 7 0, v0x157622470_0;  1 drivers
v0x1576229f0_0 .var "ren", 0 0;
v0x157622ac0_0 .var "wen", 0 0;
S_0x1576073a0 .scope module, "uut" "memory" 2 11, 3 1 0, S_0x157609ba0;
 .timescale -9 -12;
    .port_info 0 /INPUT 1 "clk";
    .port_info 1 /INPUT 1 "ren";
    .port_info 2 /INPUT 1 "wen";
    .port_info 3 /INPUT 7 "addr";
    .port_info 4 /INPUT 8 "din";
    .port_info 5 /OUTPUT 8 "dout";
v0x157607510 .array "My_Memory", 0 127, 7 0;
v0x1576075a0_0 .net "addr", 6 0, v0x157622730_0;  1 drivers
v0x157622310_0 .net "clk", 0 0, v0x1576227e0_0;  1 drivers
v0x1576223c0_0 .net "din", 7 0, v0x157622870_0;  1 drivers
v0x157622470_0 .var "dout", 7 0;
v0x157622560_0 .net "ren", 0 0, v0x1576229f0_0;  1 drivers
v0x157622600_0 .net "wen", 0 0, v0x157622ac0_0;  1 drivers
E_0x157607b70 .event posedge, v0x157622310_0;
    .scope S_0x1576073a0;
T_0 ;
    %wait E_0x157607b70;
    %load/vec4 v0x157622560_0;
    %flag_set/vec4 8;
    %jmp/0xz  T_0.0, 8;
    %load/vec4 v0x1576075a0_0;
    %pad/u 9;
    %ix/vec4 4;
    %load/vec4a v0x157607510, 4;
    %assign/vec4 v0x157622470_0, 0;
    %jmp T_0.1;
T_0.0 ;
    %load/vec4 v0x157622600_0;
    %flag_set/vec4 8;
    %jmp/0xz  T_0.2, 8;
    %load/vec4 v0x1576223c0_0;
    %load/vec4 v0x1576075a0_0;
    %pad/u 9;
    %ix/vec4 3;
    %ix/load 4, 0, 0; Constant delay
    %assign/vec4/a/d v0x157607510, 0, 4;
    %pushi/vec4 0, 0, 8;
    %assign/vec4 v0x157622470_0, 0;
    %jmp T_0.3;
T_0.2 ;
    %pushi/vec4 0, 0, 8;
    %assign/vec4 v0x157622470_0, 0;
T_0.3 ;
T_0.1 ;
    %jmp T_0;
    .thread T_0;
    .scope S_0x157609ba0;
T_1 ;
    %vpi_call 2 21 "$dumpfile", "memory.vcd" {0 0 0};
    %vpi_call 2 22 "$dumpvars", 32'sb00000000000000000000000000000000, S_0x157609ba0 {0 0 0};
    %pushi/vec4 0, 0, 1;
    %store/vec4 v0x1576227e0_0, 0, 1;
    %pushi/vec4 0, 0, 1;
    %store/vec4 v0x1576229f0_0, 0, 1;
    %pushi/vec4 0, 0, 1;
    %store/vec4 v0x157622ac0_0, 0, 1;
    %pushi/vec4 0, 0, 7;
    %store/vec4 v0x157622730_0, 0, 7;
    %pushi/vec4 0, 0, 8;
    %store/vec4 v0x157622870_0, 0, 8;
    %delay 10000, 0;
    %pushi/vec4 1, 0, 1;
    %store/vec4 v0x157622ac0_0, 0, 1;
    %pushi/vec4 63, 0, 7;
    %store/vec4 v0x157622730_0, 0, 7;
    %pushi/vec4 4, 0, 8;
    %store/vec4 v0x157622870_0, 0, 8;
    %delay 10000, 0;
    %pushi/vec4 45, 0, 7;
    %store/vec4 v0x157622730_0, 0, 7;
    %pushi/vec4 8, 0, 8;
    %store/vec4 v0x157622870_0, 0, 8;
    %delay 10000, 0;
    %pushi/vec4 87, 0, 7;
    %store/vec4 v0x157622730_0, 0, 7;
    %pushi/vec4 35, 0, 8;
    %store/vec4 v0x157622870_0, 0, 8;
    %delay 10000, 0;
    %pushi/vec4 26, 0, 7;
    %store/vec4 v0x157622730_0, 0, 7;
    %pushi/vec4 77, 0, 8;
    %store/vec4 v0x157622870_0, 0, 8;
    %delay 10000, 0;
    %pushi/vec4 0, 0, 7;
    %store/vec4 v0x157622730_0, 0, 7;
    %pushi/vec4 0, 0, 8;
    %store/vec4 v0x157622870_0, 0, 8;
    %pushi/vec4 0, 0, 1;
    %store/vec4 v0x157622ac0_0, 0, 1;
    %delay 30000, 0;
    %pushi/vec4 1, 0, 1;
    %store/vec4 v0x1576229f0_0, 0, 1;
    %pushi/vec4 87, 0, 7;
    %store/vec4 v0x157622730_0, 0, 7;
    %delay 10000, 0;
    %pushi/vec4 26, 0, 7;
    %store/vec4 v0x157622730_0, 0, 7;
    %delay 10000, 0;
    %pushi/vec4 63, 0, 7;
    %store/vec4 v0x157622730_0, 0, 7;
    %delay 10000, 0;
    %pushi/vec4 45, 0, 7;
    %store/vec4 v0x157622730_0, 0, 7;
    %delay 10000, 0;
    %pushi/vec4 0, 0, 1;
    %store/vec4 v0x1576229f0_0, 0, 1;
    %pushi/vec4 0, 0, 7;
    %store/vec4 v0x157622730_0, 0, 7;
    %delay 30000, 0;
    %vpi_call 2 47 "$finish" {0 0 0};
    %end;
    .thread T_1;
    .scope S_0x157609ba0;
T_2 ;
    %delay 5000, 0;
    %load/vec4 v0x1576227e0_0;
    %inv;
    %store/vec4 v0x1576227e0_0, 0, 1;
    %jmp T_2;
    .thread T_2;
# The file index is used to find the file name in the following table.
:file_names 4;
    "N/A";
    "<interactive>";
    "memory_t.v";
    "./memory.v";
