#! /opt/local/bin/vvp
:ivl_version "11.0 (stable)" "(v11_0)";
:ivl_delay_selection "TYPICAL";
:vpi_time_precision + 0;
:vpi_module "/opt/local/lib/ivl/system.vpi";
:vpi_module "/opt/local/lib/ivl/vhdl_sys.vpi";
:vpi_module "/opt/local/lib/ivl/vhdl_textio.vpi";
:vpi_module "/opt/local/lib/ivl/v2005_math.vpi";
:vpi_module "/opt/local/lib/ivl/va_math.vpi";
S_0x1376074b0 .scope module, "memory" "memory" 2 1;
 .timescale 0 0;
    .port_info 0 /INPUT 1 "clk";
    .port_info 1 /INPUT 1 "ren";
    .port_info 2 /INPUT 1 "wen";
    .port_info 3 /INPUT 7 "addr";
    .port_info 4 /INPUT 8 "din";
    .port_info 5 /OUTPUT 8 "dout";
v0x13760b5b0 .array "My_Memory", 0 127, 7 0;
o0x138040010 .functor BUFZ 7, C4<zzzzzzz>; HiZ drive
v0x13760b640_0 .net "addr", 6 0, o0x138040010;  0 drivers
o0x138040040 .functor BUFZ 1, C4<z>; HiZ drive
v0x13761b430_0 .net "clk", 0 0, o0x138040040;  0 drivers
o0x138040070 .functor BUFZ 8, C4<zzzzzzzz>; HiZ drive
v0x13761b4e0_0 .net "din", 7 0, o0x138040070;  0 drivers
v0x13761b590_0 .var "dout", 7 0;
o0x1380400d0 .functor BUFZ 1, C4<z>; HiZ drive
v0x13761b680_0 .net "ren", 0 0, o0x1380400d0;  0 drivers
o0x138040100 .functor BUFZ 1, C4<z>; HiZ drive
v0x13761b720_0 .net "wen", 0 0, o0x138040100;  0 drivers
E_0x1376072c0 .event posedge, v0x13761b430_0;
    .scope S_0x1376074b0;
T_0 ;
    %wait E_0x1376072c0;
    %load/vec4 v0x13761b680_0;
    %flag_set/vec4 8;
    %jmp/0xz  T_0.0, 8;
    %load/vec4 v0x13760b640_0;
    %pad/u 9;
    %ix/vec4 4;
    %load/vec4a v0x13760b5b0, 4;
    %assign/vec4 v0x13761b590_0, 0;
    %jmp T_0.1;
T_0.0 ;
    %load/vec4 v0x13761b720_0;
    %flag_set/vec4 8;
    %jmp/0xz  T_0.2, 8;
    %load/vec4 v0x13761b4e0_0;
    %load/vec4 v0x13760b640_0;
    %pad/u 9;
    %ix/vec4 3;
    %ix/load 4, 0, 0; Constant delay
    %assign/vec4/a/d v0x13760b5b0, 0, 4;
    %pushi/vec4 0, 0, 8;
    %assign/vec4 v0x13761b590_0, 0;
    %jmp T_0.3;
T_0.2 ;
    %pushi/vec4 0, 0, 8;
    %assign/vec4 v0x13761b590_0, 0;
T_0.3 ;
T_0.1 ;
    %jmp T_0;
    .thread T_0;
# The file index is used to find the file name in the following table.
:file_names 3;
    "N/A";
    "<interactive>";
    "memory.v";
