#! /opt/local/bin/vvp
:ivl_version "11.0 (stable)" "(v11_0)";
:ivl_delay_selection "TYPICAL";
:vpi_time_precision - 12;
:vpi_module "/opt/local/lib/ivl/system.vpi";
:vpi_module "/opt/local/lib/ivl/vhdl_sys.vpi";
:vpi_module "/opt/local/lib/ivl/vhdl_textio.vpi";
:vpi_module "/opt/local/lib/ivl/v2005_math.vpi";
:vpi_module "/opt/local/lib/ivl/va_math.vpi";
S_0x141e33bf0 .scope module, "Round_Robin_FIFO_Arbiter_t" "Round_Robin_FIFO_Arbiter_t" 2 3;
 .timescale -9 -12;
v0x141e4a860_0 .var "a", 7 0;
v0x141e4a930_0 .var "b", 7 0;
v0x141e4a9c0_0 .var "c", 7 0;
v0x141e4aa90_0 .var "clk", 0 0;
v0x141e4ab20_0 .var "d", 7 0;
v0x141e4ac30_0 .net "dout", 7 0, L_0x141e4b1d0;  1 drivers
v0x141e4acc0_0 .var "rst_n", 0 0;
v0x141e4ad50_0 .net "valid", 0 0, v0x141e4a530_0;  1 drivers
v0x141e4ade0_0 .var "wen", 3 0;
E_0x141e35480 .event negedge, v0x141e396b0_0;
S_0x141e2fdd0 .scope module, "uut" "Round_Robin_FIFO_Arbiter" 2 10, 3 63 0, S_0x141e33bf0;
 .timescale -9 -12;
    .port_info 0 /INPUT 1 "clk";
    .port_info 1 /INPUT 1 "rst_n";
    .port_info 2 /INPUT 4 "wen";
    .port_info 3 /INPUT 8 "a";
    .port_info 4 /INPUT 8 "b";
    .port_info 5 /INPUT 8 "c";
    .port_info 6 /INPUT 8 "d";
    .port_info 7 /OUTPUT 8 "dout";
    .port_info 8 /OUTPUT 1 "valid";
L_0x141e4b720 .functor AND 1, L_0x141e4b480, L_0x141e4b640, C4<1>, C4<1>;
L_0x141e4bc00 .functor AND 1, L_0x141e4b980, L_0x141e4bb60, C4<1>, C4<1>;
L_0x141e4c0a0 .functor AND 1, L_0x141e4be00, L_0x141e4c000, C4<1>, C4<1>;
L_0x141e4c330 .functor AND 1, L_0x141e4c3c0, L_0x141e4c5a0, C4<1>, C4<1>;
v0x141e48e20_0 .net *"_ivl_0", 7 0, L_0x141e4aef0;  1 drivers
L_0x1480780a0 .functor BUFT 1, C4<00>, C4<0>, C4<0>, C4<0>;
v0x141e48ee0_0 .net/2u *"_ivl_14", 1 0, L_0x1480780a0;  1 drivers
v0x141e48f80_0 .net *"_ivl_16", 0 0, L_0x141e4b480;  1 drivers
v0x141e49010_0 .net *"_ivl_19", 0 0, L_0x141e4b560;  1 drivers
v0x141e490b0_0 .net *"_ivl_21", 0 0, L_0x141e4b640;  1 drivers
L_0x1480780e8 .functor BUFT 1, C4<01>, C4<0>, C4<0>, C4<0>;
v0x141e49190_0 .net/2u *"_ivl_29", 1 0, L_0x1480780e8;  1 drivers
v0x141e49240_0 .net *"_ivl_3", 1 0, L_0x141e4af90;  1 drivers
v0x141e492f0_0 .net *"_ivl_31", 0 0, L_0x141e4b980;  1 drivers
v0x141e49390_0 .net *"_ivl_34", 0 0, L_0x141e4ba60;  1 drivers
v0x141e494a0_0 .net *"_ivl_36", 0 0, L_0x141e4bb60;  1 drivers
v0x141e49540_0 .net *"_ivl_4", 3 0, L_0x141e4b050;  1 drivers
L_0x148078130 .functor BUFT 1, C4<10>, C4<0>, C4<0>, C4<0>;
v0x141e495f0_0 .net/2u *"_ivl_44", 1 0, L_0x148078130;  1 drivers
v0x141e496a0_0 .net *"_ivl_46", 0 0, L_0x141e4be00;  1 drivers
v0x141e49740_0 .net *"_ivl_49", 0 0, L_0x141e4bee0;  1 drivers
v0x141e497f0_0 .net *"_ivl_51", 0 0, L_0x141e4c000;  1 drivers
L_0x148078178 .functor BUFT 1, C4<11>, C4<0>, C4<0>, C4<0>;
v0x141e49890_0 .net/2u *"_ivl_59", 1 0, L_0x148078178;  1 drivers
v0x141e49940_0 .net *"_ivl_61", 0 0, L_0x141e4c3c0;  1 drivers
v0x141e49ad0_0 .net *"_ivl_64", 0 0, L_0x141e4c460;  1 drivers
v0x141e49b60_0 .net *"_ivl_66", 0 0, L_0x141e4c5a0;  1 drivers
L_0x148078010 .functor BUFT 1, C4<00>, C4<0>, C4<0>, C4<0>;
v0x141e49bf0_0 .net *"_ivl_7", 1 0, L_0x148078010;  1 drivers
L_0x148078058 .functor BUFT 1, C4<00000000>, C4<0>, C4<0>, C4<0>;
v0x141e49ca0_0 .net/2u *"_ivl_8", 7 0, L_0x148078058;  1 drivers
v0x141e49d50_0 .net "a", 7 0, v0x141e4a860_0;  1 drivers
v0x141e49e10_0 .net "b", 7 0, v0x141e4a930_0;  1 drivers
v0x141e49ea0_0 .net "c", 7 0, v0x141e4a9c0_0;  1 drivers
v0x141e49f30_0 .net "clk", 0 0, v0x141e4aa90_0;  1 drivers
v0x141e4a040_0 .var "counter", 1 0;
v0x141e4a0d0_0 .net "d", 7 0, v0x141e4ab20_0;  1 drivers
v0x141e4a160_0 .net "dout", 7 0, L_0x141e4b1d0;  alias, 1 drivers
v0x141e4a1f0 .array "douts", 0 3;
v0x141e4a1f0_0 .net v0x141e4a1f0 0, 7 0, v0x141e464e0_0; 1 drivers
v0x141e4a1f0_1 .net v0x141e4a1f0 1, 7 0, v0x141e47050_0; 1 drivers
v0x141e4a1f0_2 .net v0x141e4a1f0 2, 7 0, v0x141e47be0_0; 1 drivers
v0x141e4a1f0_3 .net v0x141e4a1f0 3, 7 0, v0x141e48750_0; 1 drivers
v0x141e4a300_0 .net "error", 3 0, L_0x141e4c6c0;  1 drivers
v0x141e4a390_0 .var "fifo_out", 2 0;
v0x141e4a420_0 .net "rst_n", 0 0, v0x141e4acc0_0;  1 drivers
v0x141e4a530_0 .var "valid", 0 0;
v0x141e499e0_0 .net "wen", 3 0, v0x141e4ade0_0;  1 drivers
E_0x141e35610 .event edge, v0x141e4a390_0, v0x141e4a300_0;
L_0x141e4aef0 .array/port v0x141e4a1f0, L_0x141e4b050;
L_0x141e4af90 .part v0x141e4a390_0, 0, 2;
L_0x141e4b050 .concat [ 2 2 0 0], L_0x141e4af90, L_0x148078010;
L_0x141e4b1d0 .functor MUXZ 8, L_0x148078058, L_0x141e4aef0, v0x141e4a530_0, C4<>;
L_0x141e4b370 .part v0x141e4ade0_0, 0, 1;
L_0x141e4b480 .cmp/eq 2, v0x141e4a040_0, L_0x1480780a0;
L_0x141e4b560 .part v0x141e4ade0_0, 0, 1;
L_0x141e4b640 .reduce/nor L_0x141e4b560;
L_0x141e4b810 .part v0x141e4ade0_0, 1, 1;
L_0x141e4b980 .cmp/eq 2, v0x141e4a040_0, L_0x1480780e8;
L_0x141e4ba60 .part v0x141e4ade0_0, 1, 1;
L_0x141e4bb60 .reduce/nor L_0x141e4ba60;
L_0x141e4bcf0 .part v0x141e4ade0_0, 2, 1;
L_0x141e4be00 .cmp/eq 2, v0x141e4a040_0, L_0x148078130;
L_0x141e4bee0 .part v0x141e4ade0_0, 2, 1;
L_0x141e4c000 .reduce/nor L_0x141e4bee0;
L_0x141e4c190 .part v0x141e4ade0_0, 3, 1;
L_0x141e4c3c0 .cmp/eq 2, v0x141e4a040_0, L_0x148078178;
L_0x141e4c460 .part v0x141e4ade0_0, 3, 1;
L_0x141e4c5a0 .reduce/nor L_0x141e4c460;
L_0x141e4c6c0 .concat8 [ 1 1 1 1], v0x141e46590_0, v0x141e47100_0, v0x141e47c90_0, v0x141e48800_0;
S_0x141e2bfb0 .scope module, "a_fifo" "FIFO_8" 3 95, 3 3 0, S_0x141e2fdd0;
 .timescale -9 -12;
    .port_info 0 /INPUT 1 "clk";
    .port_info 1 /INPUT 1 "rst_n";
    .port_info 2 /INPUT 1 "wen";
    .port_info 3 /INPUT 1 "ren";
    .port_info 4 /INPUT 8 "din";
    .port_info 5 /OUTPUT 8 "dout";
    .port_info 6 /OUTPUT 1 "error";
v0x141e396b0_0 .net "clk", 0 0, v0x141e4aa90_0;  alias, 1 drivers
v0x141e46390_0 .net "din", 7 0, v0x141e4a860_0;  alias, 1 drivers
v0x141e46430_0 .var "dontcare", 7 0;
v0x141e464e0_0 .var "dout", 7 0;
v0x141e46590_0 .var "error", 0 0;
v0x141e46670_0 .var "full", 0 0;
v0x141e46710 .array "memory", 0 7, 7 0;
v0x141e467b0_0 .var "read_pointer", 2 0;
v0x141e46860_0 .net "ren", 0 0, L_0x141e4b720;  1 drivers
v0x141e46970_0 .net "rst_n", 0 0, v0x141e4acc0_0;  alias, 1 drivers
v0x141e46a00_0 .net "wen", 0 0, L_0x141e4b370;  1 drivers
v0x141e46aa0_0 .var "write_pointer", 2 0;
E_0x141e36170 .event posedge, v0x141e396b0_0;
S_0x141e46bc0 .scope module, "b_fifo" "FIFO_8" 3 96, 3 3 0, S_0x141e2fdd0;
 .timescale -9 -12;
    .port_info 0 /INPUT 1 "clk";
    .port_info 1 /INPUT 1 "rst_n";
    .port_info 2 /INPUT 1 "wen";
    .port_info 3 /INPUT 1 "ren";
    .port_info 4 /INPUT 8 "din";
    .port_info 5 /OUTPUT 8 "dout";
    .port_info 6 /OUTPUT 1 "error";
v0x141e46e40_0 .net "clk", 0 0, v0x141e4aa90_0;  alias, 1 drivers
v0x141e46ef0_0 .net "din", 7 0, v0x141e4a930_0;  alias, 1 drivers
v0x141e46f90_0 .var "dontcare", 7 0;
v0x141e47050_0 .var "dout", 7 0;
v0x141e47100_0 .var "error", 0 0;
v0x141e471e0_0 .var "full", 0 0;
v0x141e47280 .array "memory", 0 7, 7 0;
v0x141e47320_0 .var "read_pointer", 2 0;
v0x141e473d0_0 .net "ren", 0 0, L_0x141e4bc00;  1 drivers
v0x141e474e0_0 .net "rst_n", 0 0, v0x141e4acc0_0;  alias, 1 drivers
v0x141e47590_0 .net "wen", 0 0, L_0x141e4b810;  1 drivers
v0x141e47620_0 .var "write_pointer", 2 0;
S_0x141e47730 .scope module, "c_fifo" "FIFO_8" 3 97, 3 3 0, S_0x141e2fdd0;
 .timescale -9 -12;
    .port_info 0 /INPUT 1 "clk";
    .port_info 1 /INPUT 1 "rst_n";
    .port_info 2 /INPUT 1 "wen";
    .port_info 3 /INPUT 1 "ren";
    .port_info 4 /INPUT 8 "din";
    .port_info 5 /OUTPUT 8 "dout";
    .port_info 6 /OUTPUT 1 "error";
v0x141e479c0_0 .net "clk", 0 0, v0x141e4aa90_0;  alias, 1 drivers
v0x141e47a90_0 .net "din", 7 0, v0x141e4a9c0_0;  alias, 1 drivers
v0x141e47b30_0 .var "dontcare", 7 0;
v0x141e47be0_0 .var "dout", 7 0;
v0x141e47c90_0 .var "error", 0 0;
v0x141e47d70_0 .var "full", 0 0;
v0x141e47e10 .array "memory", 0 7, 7 0;
v0x141e47eb0_0 .var "read_pointer", 2 0;
v0x141e47f60_0 .net "ren", 0 0, L_0x141e4c0a0;  1 drivers
v0x141e48070_0 .net "rst_n", 0 0, v0x141e4acc0_0;  alias, 1 drivers
v0x141e48100_0 .net "wen", 0 0, L_0x141e4bcf0;  1 drivers
v0x141e48190_0 .var "write_pointer", 2 0;
S_0x141e482f0 .scope module, "d_fifo" "FIFO_8" 3 98, 3 3 0, S_0x141e2fdd0;
 .timescale -9 -12;
    .port_info 0 /INPUT 1 "clk";
    .port_info 1 /INPUT 1 "rst_n";
    .port_info 2 /INPUT 1 "wen";
    .port_info 3 /INPUT 1 "ren";
    .port_info 4 /INPUT 8 "din";
    .port_info 5 /OUTPUT 8 "dout";
    .port_info 6 /OUTPUT 1 "error";
v0x141e48560_0 .net "clk", 0 0, v0x141e4aa90_0;  alias, 1 drivers
v0x141e485f0_0 .net "din", 7 0, v0x141e4ab20_0;  alias, 1 drivers
v0x141e48690_0 .var "dontcare", 7 0;
v0x141e48750_0 .var "dout", 7 0;
v0x141e48800_0 .var "error", 0 0;
v0x141e488e0_0 .var "full", 0 0;
v0x141e48980 .array "memory", 0 7, 7 0;
v0x141e48a20_0 .var "read_pointer", 2 0;
v0x141e48ad0_0 .net "ren", 0 0, L_0x141e4c330;  1 drivers
v0x141e48be0_0 .net "rst_n", 0 0, v0x141e4acc0_0;  alias, 1 drivers
v0x141e48c70_0 .net "wen", 0 0, L_0x141e4c190;  1 drivers
v0x141e48d00_0 .var "write_pointer", 2 0;
    .scope S_0x141e2bfb0;
T_0 ;
    %wait E_0x141e36170;
    %load/vec4 v0x141e46970_0;
    %cmpi/e 0, 0, 1;
    %jmp/0xz  T_0.0, 4;
    %pushi/vec4 0, 0, 3;
    %assign/vec4 v0x141e46aa0_0, 0;
    %pushi/vec4 0, 0, 3;
    %assign/vec4 v0x141e467b0_0, 0;
    %pushi/vec4 0, 0, 1;
    %assign/vec4 v0x141e46590_0, 0;
    %pushi/vec4 0, 0, 8;
    %assign/vec4 v0x141e464e0_0, 0;
    %pushi/vec4 0, 0, 1;
    %assign/vec4 v0x141e46670_0, 0;
    %jmp T_0.1;
T_0.0 ;
    %load/vec4 v0x141e46860_0;
    %cmpi/e 1, 0, 1;
    %jmp/0xz  T_0.2, 4;
    %load/vec4 v0x141e46aa0_0;
    %load/vec4 v0x141e467b0_0;
    %cmp/e;
    %flag_get/vec4 4;
    %load/vec4 v0x141e46670_0;
    %pad/u 32;
    %pushi/vec4 0, 0, 32;
    %cmp/e;
    %flag_get/vec4 4;
    %and;
    %flag_set/vec4 8;
    %jmp/0xz  T_0.4, 8;
    %pushi/vec4 1, 0, 1;
    %assign/vec4 v0x141e46590_0, 0;
    %load/vec4 v0x141e46430_0;
    %assign/vec4 v0x141e464e0_0, 0;
    %jmp T_0.5;
T_0.4 ;
    %load/vec4 v0x141e467b0_0;
    %pad/u 5;
    %ix/vec4 4;
    %load/vec4a v0x141e46710, 4;
    %assign/vec4 v0x141e464e0_0, 0;
    %load/vec4 v0x141e467b0_0;
    %addi 1, 0, 3;
    %assign/vec4 v0x141e467b0_0, 0;
    %pushi/vec4 0, 0, 1;
    %assign/vec4 v0x141e46590_0, 0;
    %pushi/vec4 0, 0, 1;
    %assign/vec4 v0x141e46670_0, 0;
T_0.5 ;
    %jmp T_0.3;
T_0.2 ;
    %load/vec4 v0x141e46a00_0;
    %cmpi/e 1, 0, 1;
    %jmp/0xz  T_0.6, 4;
    %load/vec4 v0x141e46670_0;
    %flag_set/vec4 8;
    %jmp/0xz  T_0.8, 8;
    %pushi/vec4 1, 0, 1;
    %assign/vec4 v0x141e46590_0, 0;
    %load/vec4 v0x141e46430_0;
    %assign/vec4 v0x141e464e0_0, 0;
    %jmp T_0.9;
T_0.8 ;
    %load/vec4 v0x141e46390_0;
    %load/vec4 v0x141e46aa0_0;
    %pad/u 5;
    %ix/vec4 3;
    %ix/load 4, 0, 0; Constant delay
    %assign/vec4/a/d v0x141e46710, 0, 4;
    %load/vec4 v0x141e46aa0_0;
    %addi 1, 0, 3;
    %assign/vec4 v0x141e46aa0_0, 0;
    %load/vec4 v0x141e46430_0;
    %assign/vec4 v0x141e464e0_0, 0;
    %pushi/vec4 0, 0, 1;
    %assign/vec4 v0x141e46590_0, 0;
    %load/vec4 v0x141e46aa0_0;
    %pad/u 32;
    %addi 1, 0, 32;
    %load/vec4 v0x141e467b0_0;
    %pad/u 32;
    %cmp/e;
    %flag_mov 8, 4;
    %load/vec4 v0x141e46aa0_0;
    %pad/u 32;
    %pushi/vec4 7, 0, 32;
    %cmp/e;
    %flag_get/vec4 4;
    %load/vec4 v0x141e467b0_0;
    %pad/u 32;
    %pushi/vec4 0, 0, 32;
    %cmp/e;
    %flag_get/vec4 4;
    %and;
    %flag_set/vec4 9;
    %flag_or 9, 8;
    %jmp/0xz  T_0.10, 9;
    %pushi/vec4 1, 0, 1;
    %assign/vec4 v0x141e46670_0, 0;
T_0.10 ;
T_0.9 ;
    %jmp T_0.7;
T_0.6 ;
    %pushi/vec4 0, 0, 1;
    %assign/vec4 v0x141e46590_0, 0;
    %load/vec4 v0x141e46430_0;
    %assign/vec4 v0x141e464e0_0, 0;
T_0.7 ;
T_0.3 ;
T_0.1 ;
    %jmp T_0;
    .thread T_0;
    .scope S_0x141e46bc0;
T_1 ;
    %wait E_0x141e36170;
    %load/vec4 v0x141e474e0_0;
    %cmpi/e 0, 0, 1;
    %jmp/0xz  T_1.0, 4;
    %pushi/vec4 0, 0, 3;
    %assign/vec4 v0x141e47620_0, 0;
    %pushi/vec4 0, 0, 3;
    %assign/vec4 v0x141e47320_0, 0;
    %pushi/vec4 0, 0, 1;
    %assign/vec4 v0x141e47100_0, 0;
    %pushi/vec4 0, 0, 8;
    %assign/vec4 v0x141e47050_0, 0;
    %pushi/vec4 0, 0, 1;
    %assign/vec4 v0x141e471e0_0, 0;
    %jmp T_1.1;
T_1.0 ;
    %load/vec4 v0x141e473d0_0;
    %cmpi/e 1, 0, 1;
    %jmp/0xz  T_1.2, 4;
    %load/vec4 v0x141e47620_0;
    %load/vec4 v0x141e47320_0;
    %cmp/e;
    %flag_get/vec4 4;
    %load/vec4 v0x141e471e0_0;
    %pad/u 32;
    %pushi/vec4 0, 0, 32;
    %cmp/e;
    %flag_get/vec4 4;
    %and;
    %flag_set/vec4 8;
    %jmp/0xz  T_1.4, 8;
    %pushi/vec4 1, 0, 1;
    %assign/vec4 v0x141e47100_0, 0;
    %load/vec4 v0x141e46f90_0;
    %assign/vec4 v0x141e47050_0, 0;
    %jmp T_1.5;
T_1.4 ;
    %load/vec4 v0x141e47320_0;
    %pad/u 5;
    %ix/vec4 4;
    %load/vec4a v0x141e47280, 4;
    %assign/vec4 v0x141e47050_0, 0;
    %load/vec4 v0x141e47320_0;
    %addi 1, 0, 3;
    %assign/vec4 v0x141e47320_0, 0;
    %pushi/vec4 0, 0, 1;
    %assign/vec4 v0x141e47100_0, 0;
    %pushi/vec4 0, 0, 1;
    %assign/vec4 v0x141e471e0_0, 0;
T_1.5 ;
    %jmp T_1.3;
T_1.2 ;
    %load/vec4 v0x141e47590_0;
    %cmpi/e 1, 0, 1;
    %jmp/0xz  T_1.6, 4;
    %load/vec4 v0x141e471e0_0;
    %flag_set/vec4 8;
    %jmp/0xz  T_1.8, 8;
    %pushi/vec4 1, 0, 1;
    %assign/vec4 v0x141e47100_0, 0;
    %load/vec4 v0x141e46f90_0;
    %assign/vec4 v0x141e47050_0, 0;
    %jmp T_1.9;
T_1.8 ;
    %load/vec4 v0x141e46ef0_0;
    %load/vec4 v0x141e47620_0;
    %pad/u 5;
    %ix/vec4 3;
    %ix/load 4, 0, 0; Constant delay
    %assign/vec4/a/d v0x141e47280, 0, 4;
    %load/vec4 v0x141e47620_0;
    %addi 1, 0, 3;
    %assign/vec4 v0x141e47620_0, 0;
    %load/vec4 v0x141e46f90_0;
    %assign/vec4 v0x141e47050_0, 0;
    %pushi/vec4 0, 0, 1;
    %assign/vec4 v0x141e47100_0, 0;
    %load/vec4 v0x141e47620_0;
    %pad/u 32;
    %addi 1, 0, 32;
    %load/vec4 v0x141e47320_0;
    %pad/u 32;
    %cmp/e;
    %flag_mov 8, 4;
    %load/vec4 v0x141e47620_0;
    %pad/u 32;
    %pushi/vec4 7, 0, 32;
    %cmp/e;
    %flag_get/vec4 4;
    %load/vec4 v0x141e47320_0;
    %pad/u 32;
    %pushi/vec4 0, 0, 32;
    %cmp/e;
    %flag_get/vec4 4;
    %and;
    %flag_set/vec4 9;
    %flag_or 9, 8;
    %jmp/0xz  T_1.10, 9;
    %pushi/vec4 1, 0, 1;
    %assign/vec4 v0x141e471e0_0, 0;
T_1.10 ;
T_1.9 ;
    %jmp T_1.7;
T_1.6 ;
    %pushi/vec4 0, 0, 1;
    %assign/vec4 v0x141e47100_0, 0;
    %load/vec4 v0x141e46f90_0;
    %assign/vec4 v0x141e47050_0, 0;
T_1.7 ;
T_1.3 ;
T_1.1 ;
    %jmp T_1;
    .thread T_1;
    .scope S_0x141e47730;
T_2 ;
    %wait E_0x141e36170;
    %load/vec4 v0x141e48070_0;
    %cmpi/e 0, 0, 1;
    %jmp/0xz  T_2.0, 4;
    %pushi/vec4 0, 0, 3;
    %assign/vec4 v0x141e48190_0, 0;
    %pushi/vec4 0, 0, 3;
    %assign/vec4 v0x141e47eb0_0, 0;
    %pushi/vec4 0, 0, 1;
    %assign/vec4 v0x141e47c90_0, 0;
    %pushi/vec4 0, 0, 8;
    %assign/vec4 v0x141e47be0_0, 0;
    %pushi/vec4 0, 0, 1;
    %assign/vec4 v0x141e47d70_0, 0;
    %jmp T_2.1;
T_2.0 ;
    %load/vec4 v0x141e47f60_0;
    %cmpi/e 1, 0, 1;
    %jmp/0xz  T_2.2, 4;
    %load/vec4 v0x141e48190_0;
    %load/vec4 v0x141e47eb0_0;
    %cmp/e;
    %flag_get/vec4 4;
    %load/vec4 v0x141e47d70_0;
    %pad/u 32;
    %pushi/vec4 0, 0, 32;
    %cmp/e;
    %flag_get/vec4 4;
    %and;
    %flag_set/vec4 8;
    %jmp/0xz  T_2.4, 8;
    %pushi/vec4 1, 0, 1;
    %assign/vec4 v0x141e47c90_0, 0;
    %load/vec4 v0x141e47b30_0;
    %assign/vec4 v0x141e47be0_0, 0;
    %jmp T_2.5;
T_2.4 ;
    %load/vec4 v0x141e47eb0_0;
    %pad/u 5;
    %ix/vec4 4;
    %load/vec4a v0x141e47e10, 4;
    %assign/vec4 v0x141e47be0_0, 0;
    %load/vec4 v0x141e47eb0_0;
    %addi 1, 0, 3;
    %assign/vec4 v0x141e47eb0_0, 0;
    %pushi/vec4 0, 0, 1;
    %assign/vec4 v0x141e47c90_0, 0;
    %pushi/vec4 0, 0, 1;
    %assign/vec4 v0x141e47d70_0, 0;
T_2.5 ;
    %jmp T_2.3;
T_2.2 ;
    %load/vec4 v0x141e48100_0;
    %cmpi/e 1, 0, 1;
    %jmp/0xz  T_2.6, 4;
    %load/vec4 v0x141e47d70_0;
    %flag_set/vec4 8;
    %jmp/0xz  T_2.8, 8;
    %pushi/vec4 1, 0, 1;
    %assign/vec4 v0x141e47c90_0, 0;
    %load/vec4 v0x141e47b30_0;
    %assign/vec4 v0x141e47be0_0, 0;
    %jmp T_2.9;
T_2.8 ;
    %load/vec4 v0x141e47a90_0;
    %load/vec4 v0x141e48190_0;
    %pad/u 5;
    %ix/vec4 3;
    %ix/load 4, 0, 0; Constant delay
    %assign/vec4/a/d v0x141e47e10, 0, 4;
    %load/vec4 v0x141e48190_0;
    %addi 1, 0, 3;
    %assign/vec4 v0x141e48190_0, 0;
    %load/vec4 v0x141e47b30_0;
    %assign/vec4 v0x141e47be0_0, 0;
    %pushi/vec4 0, 0, 1;
    %assign/vec4 v0x141e47c90_0, 0;
    %load/vec4 v0x141e48190_0;
    %pad/u 32;
    %addi 1, 0, 32;
    %load/vec4 v0x141e47eb0_0;
    %pad/u 32;
    %cmp/e;
    %flag_mov 8, 4;
    %load/vec4 v0x141e48190_0;
    %pad/u 32;
    %pushi/vec4 7, 0, 32;
    %cmp/e;
    %flag_get/vec4 4;
    %load/vec4 v0x141e47eb0_0;
    %pad/u 32;
    %pushi/vec4 0, 0, 32;
    %cmp/e;
    %flag_get/vec4 4;
    %and;
    %flag_set/vec4 9;
    %flag_or 9, 8;
    %jmp/0xz  T_2.10, 9;
    %pushi/vec4 1, 0, 1;
    %assign/vec4 v0x141e47d70_0, 0;
T_2.10 ;
T_2.9 ;
    %jmp T_2.7;
T_2.6 ;
    %pushi/vec4 0, 0, 1;
    %assign/vec4 v0x141e47c90_0, 0;
    %load/vec4 v0x141e47b30_0;
    %assign/vec4 v0x141e47be0_0, 0;
T_2.7 ;
T_2.3 ;
T_2.1 ;
    %jmp T_2;
    .thread T_2;
    .scope S_0x141e482f0;
T_3 ;
    %wait E_0x141e36170;
    %load/vec4 v0x141e48be0_0;
    %cmpi/e 0, 0, 1;
    %jmp/0xz  T_3.0, 4;
    %pushi/vec4 0, 0, 3;
    %assign/vec4 v0x141e48d00_0, 0;
    %pushi/vec4 0, 0, 3;
    %assign/vec4 v0x141e48a20_0, 0;
    %pushi/vec4 0, 0, 1;
    %assign/vec4 v0x141e48800_0, 0;
    %pushi/vec4 0, 0, 8;
    %assign/vec4 v0x141e48750_0, 0;
    %pushi/vec4 0, 0, 1;
    %assign/vec4 v0x141e488e0_0, 0;
    %jmp T_3.1;
T_3.0 ;
    %load/vec4 v0x141e48ad0_0;
    %cmpi/e 1, 0, 1;
    %jmp/0xz  T_3.2, 4;
    %load/vec4 v0x141e48d00_0;
    %load/vec4 v0x141e48a20_0;
    %cmp/e;
    %flag_get/vec4 4;
    %load/vec4 v0x141e488e0_0;
    %pad/u 32;
    %pushi/vec4 0, 0, 32;
    %cmp/e;
    %flag_get/vec4 4;
    %and;
    %flag_set/vec4 8;
    %jmp/0xz  T_3.4, 8;
    %pushi/vec4 1, 0, 1;
    %assign/vec4 v0x141e48800_0, 0;
    %load/vec4 v0x141e48690_0;
    %assign/vec4 v0x141e48750_0, 0;
    %jmp T_3.5;
T_3.4 ;
    %load/vec4 v0x141e48a20_0;
    %pad/u 5;
    %ix/vec4 4;
    %load/vec4a v0x141e48980, 4;
    %assign/vec4 v0x141e48750_0, 0;
    %load/vec4 v0x141e48a20_0;
    %addi 1, 0, 3;
    %assign/vec4 v0x141e48a20_0, 0;
    %pushi/vec4 0, 0, 1;
    %assign/vec4 v0x141e48800_0, 0;
    %pushi/vec4 0, 0, 1;
    %assign/vec4 v0x141e488e0_0, 0;
T_3.5 ;
    %jmp T_3.3;
T_3.2 ;
    %load/vec4 v0x141e48c70_0;
    %cmpi/e 1, 0, 1;
    %jmp/0xz  T_3.6, 4;
    %load/vec4 v0x141e488e0_0;
    %flag_set/vec4 8;
    %jmp/0xz  T_3.8, 8;
    %pushi/vec4 1, 0, 1;
    %assign/vec4 v0x141e48800_0, 0;
    %load/vec4 v0x141e48690_0;
    %assign/vec4 v0x141e48750_0, 0;
    %jmp T_3.9;
T_3.8 ;
    %load/vec4 v0x141e485f0_0;
    %load/vec4 v0x141e48d00_0;
    %pad/u 5;
    %ix/vec4 3;
    %ix/load 4, 0, 0; Constant delay
    %assign/vec4/a/d v0x141e48980, 0, 4;
    %load/vec4 v0x141e48d00_0;
    %addi 1, 0, 3;
    %assign/vec4 v0x141e48d00_0, 0;
    %load/vec4 v0x141e48690_0;
    %assign/vec4 v0x141e48750_0, 0;
    %pushi/vec4 0, 0, 1;
    %assign/vec4 v0x141e48800_0, 0;
    %load/vec4 v0x141e48d00_0;
    %pad/u 32;
    %addi 1, 0, 32;
    %load/vec4 v0x141e48a20_0;
    %pad/u 32;
    %cmp/e;
    %flag_mov 8, 4;
    %load/vec4 v0x141e48d00_0;
    %pad/u 32;
    %pushi/vec4 7, 0, 32;
    %cmp/e;
    %flag_get/vec4 4;
    %load/vec4 v0x141e48a20_0;
    %pad/u 32;
    %pushi/vec4 0, 0, 32;
    %cmp/e;
    %flag_get/vec4 4;
    %and;
    %flag_set/vec4 9;
    %flag_or 9, 8;
    %jmp/0xz  T_3.10, 9;
    %pushi/vec4 1, 0, 1;
    %assign/vec4 v0x141e488e0_0, 0;
T_3.10 ;
T_3.9 ;
    %jmp T_3.7;
T_3.6 ;
    %pushi/vec4 0, 0, 1;
    %assign/vec4 v0x141e48800_0, 0;
    %load/vec4 v0x141e48690_0;
    %assign/vec4 v0x141e48750_0, 0;
T_3.7 ;
T_3.3 ;
T_3.1 ;
    %jmp T_3;
    .thread T_3;
    .scope S_0x141e2fdd0;
T_4 ;
    %wait E_0x141e36170;
    %load/vec4 v0x141e4a420_0;
    %nor/r;
    %flag_set/vec4 8;
    %jmp/0xz  T_4.0, 8;
    %pushi/vec4 0, 0, 2;
    %assign/vec4 v0x141e4a040_0, 0;
    %pushi/vec4 4, 0, 3;
    %assign/vec4 v0x141e4a390_0, 0;
    %jmp T_4.1;
T_4.0 ;
    %load/vec4 v0x141e4a040_0;
    %addi 1, 0, 2;
    %assign/vec4 v0x141e4a040_0, 0;
    %pushi/vec4 0, 0, 1;
    %load/vec4 v0x141e4a040_0;
    %concat/vec4; draw_concat_vec4
    %assign/vec4 v0x141e4a390_0, 0;
T_4.1 ;
    %jmp T_4;
    .thread T_4;
    .scope S_0x141e2fdd0;
T_5 ;
    %wait E_0x141e35610;
    %load/vec4 v0x141e4a390_0;
    %cmpi/e 4, 0, 3;
    %jmp/0xz  T_5.0, 4;
    %pushi/vec4 0, 0, 1;
    %store/vec4 v0x141e4a530_0, 0, 1;
    %jmp T_5.1;
T_5.0 ;
    %load/vec4 v0x141e499e0_0;
    %load/vec4 v0x141e4a390_0;
    %parti/s 2, 0, 2;
    %part/u 1;
    %flag_set/vec4 8;
    %load/vec4 v0x141e4a300_0;
    %load/vec4 v0x141e4a390_0;
    %parti/s 2, 0, 2;
    %part/u 1;
    %flag_set/vec4 9;
    %flag_or 9, 8;
    %jmp/0xz  T_5.2, 9;
    %pushi/vec4 0, 0, 1;
    %store/vec4 v0x141e4a530_0, 0, 1;
    %jmp T_5.3;
T_5.2 ;
    %pushi/vec4 1, 0, 1;
    %store/vec4 v0x141e4a530_0, 0, 1;
T_5.3 ;
T_5.1 ;
    %jmp T_5;
    .thread T_5, $push;
    .scope S_0x141e33bf0;
T_6 ;
    %vpi_call 2 14 "$dumpfile", "Round_Robin_FIFO_Arbiter.vcd" {0 0 0};
    %vpi_call 2 15 "$dumpvars", 32'sb00000000000000000000000000000000, S_0x141e33bf0 {0 0 0};
    %pushi/vec4 0, 0, 1;
    %store/vec4 v0x141e4aa90_0, 0, 1;
    %pushi/vec4 0, 0, 1;
    %store/vec4 v0x141e4acc0_0, 0, 1;
    %pushi/vec4 15, 0, 4;
    %store/vec4 v0x141e4ade0_0, 0, 4;
    %wait E_0x141e35480;
    %pushi/vec4 1, 0, 1;
    %store/vec4 v0x141e4acc0_0, 0, 1;
    %pushi/vec4 87, 0, 8;
    %store/vec4 v0x141e4a860_0, 0, 8;
    %pushi/vec4 56, 0, 8;
    %store/vec4 v0x141e4a930_0, 0, 8;
    %pushi/vec4 9, 0, 8;
    %store/vec4 v0x141e4a9c0_0, 0, 8;
    %pushi/vec4 13, 0, 8;
    %store/vec4 v0x141e4ab20_0, 0, 8;
    %wait E_0x141e35480;
    %pushi/vec4 8, 0, 4;
    %store/vec4 v0x141e4ade0_0, 0, 4;
    %pushi/vec4 255, 255, 8;
    %store/vec4 v0x141e4a860_0, 0, 8;
    %pushi/vec4 255, 255, 8;
    %store/vec4 v0x141e4a930_0, 0, 8;
    %pushi/vec4 255, 255, 8;
    %store/vec4 v0x141e4a9c0_0, 0, 8;
    %pushi/vec4 85, 0, 8;
    %store/vec4 v0x141e4ab20_0, 0, 8;
    %wait E_0x141e35480;
    %pushi/vec4 4, 0, 4;
    %store/vec4 v0x141e4ade0_0, 0, 4;
    %pushi/vec4 255, 255, 8;
    %store/vec4 v0x141e4a860_0, 0, 8;
    %pushi/vec4 255, 255, 8;
    %store/vec4 v0x141e4a930_0, 0, 8;
    %pushi/vec4 139, 0, 8;
    %store/vec4 v0x141e4a9c0_0, 0, 8;
    %pushi/vec4 255, 255, 8;
    %store/vec4 v0x141e4ab20_0, 0, 8;
    %wait E_0x141e35480;
    %pushi/vec4 0, 0, 4;
    %store/vec4 v0x141e4ade0_0, 0, 4;
    %pushi/vec4 255, 255, 8;
    %store/vec4 v0x141e4a860_0, 0, 8;
    %pushi/vec4 255, 255, 8;
    %store/vec4 v0x141e4a930_0, 0, 8;
    %pushi/vec4 255, 255, 8;
    %store/vec4 v0x141e4a9c0_0, 0, 8;
    %pushi/vec4 255, 255, 8;
    %store/vec4 v0x141e4ab20_0, 0, 8;
    %wait E_0x141e35480;
    %wait E_0x141e35480;
    %wait E_0x141e35480;
    %pushi/vec4 1, 0, 4;
    %store/vec4 v0x141e4ade0_0, 0, 4;
    %pushi/vec4 51, 0, 8;
    %store/vec4 v0x141e4a860_0, 0, 8;
    %pushi/vec4 255, 255, 8;
    %store/vec4 v0x141e4a930_0, 0, 8;
    %pushi/vec4 255, 255, 8;
    %store/vec4 v0x141e4a9c0_0, 0, 8;
    %pushi/vec4 255, 255, 8;
    %store/vec4 v0x141e4ab20_0, 0, 8;
    %wait E_0x141e35480;
    %pushi/vec4 0, 0, 4;
    %store/vec4 v0x141e4ade0_0, 0, 4;
    %pushi/vec4 255, 255, 8;
    %store/vec4 v0x141e4a860_0, 0, 8;
    %pushi/vec4 255, 255, 8;
    %store/vec4 v0x141e4a930_0, 0, 8;
    %pushi/vec4 255, 255, 8;
    %store/vec4 v0x141e4a9c0_0, 0, 8;
    %pushi/vec4 255, 255, 8;
    %store/vec4 v0x141e4ab20_0, 0, 8;
    %delay 40000, 0;
    %pushi/vec4 0, 0, 1;
    %store/vec4 v0x141e4acc0_0, 0, 1;
    %wait E_0x141e35480;
    %pushi/vec4 15, 0, 4;
    %store/vec4 v0x141e4ade0_0, 0, 4;
    %pushi/vec4 1, 0, 8;
    %store/vec4 v0x141e4a860_0, 0, 8;
    %pushi/vec4 2, 0, 8;
    %store/vec4 v0x141e4a930_0, 0, 8;
    %pushi/vec4 3, 0, 8;
    %store/vec4 v0x141e4a9c0_0, 0, 8;
    %pushi/vec4 4, 0, 8;
    %store/vec4 v0x141e4ab20_0, 0, 8;
    %wait E_0x141e35480;
    %pushi/vec4 1, 0, 1;
    %store/vec4 v0x141e4acc0_0, 0, 1;
    %pushi/vec4 0, 0, 4;
    %store/vec4 v0x141e4ade0_0, 0, 4;
    %pushi/vec4 255, 255, 8;
    %store/vec4 v0x141e4a860_0, 0, 8;
    %pushi/vec4 255, 255, 8;
    %store/vec4 v0x141e4a930_0, 0, 8;
    %pushi/vec4 255, 255, 8;
    %store/vec4 v0x141e4a9c0_0, 0, 8;
    %pushi/vec4 255, 255, 8;
    %store/vec4 v0x141e4ab20_0, 0, 8;
    %wait E_0x141e35480;
    %wait E_0x141e35480;
    %wait E_0x141e35480;
    %wait E_0x141e35480;
    %wait E_0x141e35480;
    %vpi_call 2 51 "$finish" {0 0 0};
    %end;
    .thread T_6;
    .scope S_0x141e33bf0;
T_7 ;
    %delay 5000, 0;
    %load/vec4 v0x141e4aa90_0;
    %inv;
    %store/vec4 v0x141e4aa90_0, 0, 1;
    %jmp T_7;
    .thread T_7;
# The file index is used to find the file name in the following table.
:file_names 4;
    "N/A";
    "<interactive>";
    "Lab3_111062109_Round_Robin_FIFO_Arbiter_t.v";
    "./Lab3_111062109_Round_Robin_FIFO_Arbiter.v";
