#! /opt/local/bin/vvp
:ivl_version "11.0 (stable)" "(v11_0)";
:ivl_delay_selection "TYPICAL";
:vpi_time_precision - 12;
:vpi_module "/opt/local/lib/ivl/system.vpi";
:vpi_module "/opt/local/lib/ivl/vhdl_sys.vpi";
:vpi_module "/opt/local/lib/ivl/vhdl_textio.vpi";
:vpi_module "/opt/local/lib/ivl/v2005_math.vpi";
:vpi_module "/opt/local/lib/ivl/va_math.vpi";
S_0x12160d820 .scope module, "Lab3_111062109_FIFO_8_t" "Lab3_111062109_FIFO_8_t" 2 3;
 .timescale -9 -12;
v0x1216288e0_0 .var "clk", 0 0;
v0x1216289a0_0 .var "din", 7 0;
v0x121628a30_0 .net "dout", 7 0, v0x121628200_0;  1 drivers
v0x121628ae0_0 .net "error", 0 0, v0x1216282b0_0;  1 drivers
v0x121628b90_0 .var "ren", 0 0;
v0x121628c60_0 .var "rst_n", 0 0;
v0x121628d10_0 .var "wen", 0 0;
S_0x1216073e0 .scope module, "UUT" "FIFO_8" 2 9, 3 3 0, S_0x12160d820;
 .timescale -9 -12;
    .port_info 0 /INPUT 1 "clk";
    .port_info 1 /INPUT 1 "rst_n";
    .port_info 2 /INPUT 1 "wen";
    .port_info 3 /INPUT 1 "ren";
    .port_info 4 /INPUT 8 "din";
    .port_info 5 /OUTPUT 8 "dout";
    .port_info 6 /OUTPUT 1 "error";
v0x121607600_0 .net "clk", 0 0, v0x1216288e0_0;  1 drivers
v0x1216280b0_0 .net "din", 7 0, v0x1216289a0_0;  1 drivers
v0x121628150_0 .var "dontcare", 7 0;
v0x121628200_0 .var "dout", 7 0;
v0x1216282b0_0 .var "error", 0 0;
v0x121628390_0 .var "full", 0 0;
v0x121628430 .array "memory", 0 7, 7 0;
v0x1216284d0_0 .var "read_pointer", 2 0;
v0x121628580_0 .net "ren", 0 0, v0x121628b90_0;  1 drivers
v0x121628690_0 .net "rst_n", 0 0, v0x121628c60_0;  1 drivers
v0x121628720_0 .net "wen", 0 0, v0x121628d10_0;  1 drivers
v0x1216287c0_0 .var "write_pointer", 2 0;
E_0x12160ea50 .event posedge, v0x121607600_0;
    .scope S_0x1216073e0;
T_0 ;
    %wait E_0x12160ea50;
    %load/vec4 v0x121628690_0;
    %cmpi/e 0, 0, 1;
    %jmp/0xz  T_0.0, 4;
    %pushi/vec4 0, 0, 3;
    %assign/vec4 v0x1216287c0_0, 0;
    %pushi/vec4 0, 0, 3;
    %assign/vec4 v0x1216284d0_0, 0;
    %pushi/vec4 0, 0, 1;
    %assign/vec4 v0x1216282b0_0, 0;
    %pushi/vec4 0, 0, 8;
    %assign/vec4 v0x121628200_0, 0;
    %pushi/vec4 0, 0, 1;
    %assign/vec4 v0x121628390_0, 0;
    %jmp T_0.1;
T_0.0 ;
    %load/vec4 v0x121628580_0;
    %cmpi/e 1, 0, 1;
    %jmp/0xz  T_0.2, 4;
    %load/vec4 v0x1216287c0_0;
    %load/vec4 v0x1216284d0_0;
    %cmp/e;
    %flag_get/vec4 4;
    %load/vec4 v0x121628390_0;
    %pad/u 32;
    %pushi/vec4 0, 0, 32;
    %cmp/e;
    %flag_get/vec4 4;
    %and;
    %flag_set/vec4 8;
    %jmp/0xz  T_0.4, 8;
    %pushi/vec4 1, 0, 1;
    %assign/vec4 v0x1216282b0_0, 0;
    %load/vec4 v0x121628150_0;
    %assign/vec4 v0x121628200_0, 0;
    %jmp T_0.5;
T_0.4 ;
    %load/vec4 v0x1216284d0_0;
    %pad/u 5;
    %ix/vec4 4;
    %load/vec4a v0x121628430, 4;
    %assign/vec4 v0x121628200_0, 0;
    %load/vec4 v0x1216284d0_0;
    %addi 1, 0, 3;
    %assign/vec4 v0x1216284d0_0, 0;
    %pushi/vec4 0, 0, 1;
    %assign/vec4 v0x1216282b0_0, 0;
    %pushi/vec4 0, 0, 1;
    %assign/vec4 v0x121628390_0, 0;
T_0.5 ;
    %jmp T_0.3;
T_0.2 ;
    %load/vec4 v0x121628720_0;
    %cmpi/e 1, 0, 1;
    %jmp/0xz  T_0.6, 4;
    %load/vec4 v0x121628390_0;
    %flag_set/vec4 8;
    %jmp/0xz  T_0.8, 8;
    %pushi/vec4 1, 0, 1;
    %assign/vec4 v0x1216282b0_0, 0;
    %load/vec4 v0x121628150_0;
    %assign/vec4 v0x121628200_0, 0;
    %jmp T_0.9;
T_0.8 ;
    %load/vec4 v0x1216280b0_0;
    %load/vec4 v0x1216287c0_0;
    %pad/u 5;
    %ix/vec4 3;
    %ix/load 4, 0, 0; Constant delay
    %assign/vec4/a/d v0x121628430, 0, 4;
    %load/vec4 v0x1216287c0_0;
    %addi 1, 0, 3;
    %assign/vec4 v0x1216287c0_0, 0;
    %load/vec4 v0x121628150_0;
    %assign/vec4 v0x121628200_0, 0;
    %pushi/vec4 0, 0, 1;
    %assign/vec4 v0x1216282b0_0, 0;
    %load/vec4 v0x1216287c0_0;
    %pad/u 32;
    %addi 1, 0, 32;
    %load/vec4 v0x1216284d0_0;
    %pad/u 32;
    %cmp/e;
    %flag_mov 8, 4;
    %load/vec4 v0x1216287c0_0;
    %pad/u 32;
    %pushi/vec4 7, 0, 32;
    %cmp/e;
    %flag_get/vec4 4;
    %load/vec4 v0x1216284d0_0;
    %pad/u 32;
    %pushi/vec4 0, 0, 32;
    %cmp/e;
    %flag_get/vec4 4;
    %and;
    %flag_set/vec4 9;
    %flag_or 9, 8;
    %jmp/0xz  T_0.10, 9;
    %pushi/vec4 1, 0, 1;
    %assign/vec4 v0x121628390_0, 0;
T_0.10 ;
T_0.9 ;
    %jmp T_0.7;
T_0.6 ;
    %pushi/vec4 0, 0, 1;
    %assign/vec4 v0x1216282b0_0, 0;
    %load/vec4 v0x121628150_0;
    %assign/vec4 v0x121628200_0, 0;
T_0.7 ;
T_0.3 ;
T_0.1 ;
    %jmp T_0;
    .thread T_0;
    .scope S_0x12160d820;
T_1 ;
    %vpi_call 2 12 "$dumpfile", "Lab3_111062109_FIFO_8_t.vcd" {0 0 0};
    %vpi_call 2 13 "$dumpvars", 32'sb00000000000000000000000000000000, S_0x12160d820 {0 0 0};
    %pushi/vec4 0, 0, 1;
    %store/vec4 v0x1216288e0_0, 0, 1;
    %pushi/vec4 0, 0, 1;
    %store/vec4 v0x121628c60_0, 0, 1;
    %pushi/vec4 0, 0, 1;
    %store/vec4 v0x121628d10_0, 0, 1;
    %pushi/vec4 1, 0, 1;
    %store/vec4 v0x121628b90_0, 0, 1;
    %pushi/vec4 0, 0, 8;
    %store/vec4 v0x1216289a0_0, 0, 8;
    %delay 10000, 0;
    %pushi/vec4 1, 0, 1;
    %store/vec4 v0x121628c60_0, 0, 1;
    %delay 10000, 0;
    %pushi/vec4 1, 0, 1;
    %store/vec4 v0x121628d10_0, 0, 1;
    %pushi/vec4 0, 0, 1;
    %store/vec4 v0x121628b90_0, 0, 1;
    %pushi/vec4 56, 0, 8;
    %store/vec4 v0x1216289a0_0, 0, 8;
    %delay 10000, 0;
    %pushi/vec4 11, 0, 8;
    %store/vec4 v0x1216289a0_0, 0, 8;
    %delay 10000, 0;
    %pushi/vec4 42, 0, 8;
    %store/vec4 v0x1216289a0_0, 0, 8;
    %delay 10000, 0;
    %pushi/vec4 10, 0, 8;
    %store/vec4 v0x1216289a0_0, 0, 8;
    %delay 10000, 0;
    %pushi/vec4 23, 0, 8;
    %store/vec4 v0x1216289a0_0, 0, 8;
    %delay 10000, 0;
    %pushi/vec4 20, 0, 8;
    %store/vec4 v0x1216289a0_0, 0, 8;
    %delay 10000, 0;
    %pushi/vec4 6, 0, 8;
    %store/vec4 v0x1216289a0_0, 0, 8;
    %delay 10000, 0;
    %pushi/vec4 85, 0, 8;
    %store/vec4 v0x1216289a0_0, 0, 8;
    %delay 10000, 0;
    %pushi/vec4 45, 0, 8;
    %store/vec4 v0x1216289a0_0, 0, 8;
    %pushi/vec4 1, 0, 1;
    %store/vec4 v0x121628b90_0, 0, 1;
    %delay 10000, 0;
    %pushi/vec4 12, 0, 8;
    %store/vec4 v0x1216289a0_0, 0, 8;
    %pushi/vec4 0, 0, 1;
    %store/vec4 v0x121628b90_0, 0, 1;
    %delay 10000, 0;
    %pushi/vec4 77, 0, 8;
    %store/vec4 v0x1216289a0_0, 0, 8;
    %delay 10000, 0;
    %pushi/vec4 0, 0, 1;
    %store/vec4 v0x121628d10_0, 0, 1;
    %delay 10000, 0;
    %vpi_call 2 36 "$finish" {0 0 0};
    %end;
    .thread T_1;
    .scope S_0x12160d820;
T_2 ;
    %delay 5000, 0;
    %load/vec4 v0x1216288e0_0;
    %inv;
    %store/vec4 v0x1216288e0_0, 0, 1;
    %jmp T_2;
    .thread T_2;
# The file index is used to find the file name in the following table.
:file_names 4;
    "N/A";
    "<interactive>";
    "Lab3_111062109_FIFO_8_t.v";
    "./Lab3_111062109_FIFO_8.v";
