#! /opt/local/bin/vvp
:ivl_version "11.0 (stable)" "(v11_0)";
:ivl_delay_selection "TYPICAL";
:vpi_time_precision - 12;
:vpi_module "/opt/local/lib/ivl/system.vpi";
:vpi_module "/opt/local/lib/ivl/vhdl_sys.vpi";
:vpi_module "/opt/local/lib/ivl/vhdl_textio.vpi";
:vpi_module "/opt/local/lib/ivl/v2005_math.vpi";
:vpi_module "/opt/local/lib/ivl/va_math.vpi";
S_0x130f05560 .scope module, "FIFO_8" "FIFO_8" 2 3;
 .timescale -9 -12;
    .port_info 0 /INPUT 1 "clk";
    .port_info 1 /INPUT 1 "rst_n";
    .port_info 2 /INPUT 1 "wen";
    .port_info 3 /INPUT 1 "ren";
    .port_info 4 /INPUT 8 "din";
    .port_info 5 /OUTPUT 8 "dout";
    .port_info 6 /OUTPUT 1 "error";
o0x138040010 .functor BUFZ 1, C4<z>; HiZ drive
v0x130f0e720_0 .net "clk", 0 0, o0x138040010;  0 drivers
o0x138040040 .functor BUFZ 8, C4<zzzzzzzz>; HiZ drive
v0x130f1e370_0 .net "din", 7 0, o0x138040040;  0 drivers
v0x130f1e410_0 .var "dontcare", 7 0;
v0x130f1e4c0_0 .var "dout", 7 0;
v0x130f1e570_0 .var "error", 0 0;
v0x130f1e650 .array "memory", 0 7, 7 0;
v0x130f1e6f0_0 .var "read_pointer", 3 0;
o0x138040130 .functor BUFZ 1, C4<z>; HiZ drive
v0x130f1e7a0_0 .net "ren", 0 0, o0x138040130;  0 drivers
o0x138040160 .functor BUFZ 1, C4<z>; HiZ drive
v0x130f1e840_0 .net "rst_n", 0 0, o0x138040160;  0 drivers
o0x138040190 .functor BUFZ 1, C4<z>; HiZ drive
v0x130f1e950_0 .net "wen", 0 0, o0x138040190;  0 drivers
v0x130f1e9e0_0 .var "write_pointer", 3 0;
E_0x130f0cc80 .event posedge, v0x130f0e720_0;
    .scope S_0x130f05560;
T_0 ;
    %wait E_0x130f0cc80;
    %load/vec4 v0x130f1e840_0;
    %cmpi/e 0, 0, 1;
    %jmp/0xz  T_0.0, 4;
    %pushi/vec4 0, 0, 4;
    %assign/vec4 v0x130f1e9e0_0, 0;
    %pushi/vec4 0, 0, 4;
    %assign/vec4 v0x130f1e6f0_0, 0;
    %pushi/vec4 0, 0, 1;
    %assign/vec4 v0x130f1e570_0, 0;
    %pushi/vec4 0, 0, 8;
    %assign/vec4 v0x130f1e4c0_0, 0;
    %jmp T_0.1;
T_0.0 ;
    %load/vec4 v0x130f1e7a0_0;
    %cmpi/e 1, 0, 1;
    %jmp/0xz  T_0.2, 4;
    %load/vec4 v0x130f1e9e0_0;
    %load/vec4 v0x130f1e6f0_0;
    %cmp/e;
    %jmp/0xz  T_0.4, 4;
    %pushi/vec4 1, 0, 1;
    %assign/vec4 v0x130f1e570_0, 0;
    %load/vec4 v0x130f1e410_0;
    %assign/vec4 v0x130f1e4c0_0, 0;
    %jmp T_0.5;
T_0.4 ;
    %load/vec4 v0x130f1e6f0_0;
    %pad/u 5;
    %ix/vec4 4;
    %load/vec4a v0x130f1e650, 4;
    %assign/vec4 v0x130f1e4c0_0, 0;
    %load/vec4 v0x130f1e6f0_0;
    %addi 1, 0, 4;
    %assign/vec4 v0x130f1e6f0_0, 0;
    %pushi/vec4 0, 0, 1;
    %assign/vec4 v0x130f1e570_0, 0;
T_0.5 ;
    %jmp T_0.3;
T_0.2 ;
    %load/vec4 v0x130f1e950_0;
    %cmpi/e 1, 0, 1;
    %jmp/0xz  T_0.6, 4;
    %load/vec4 v0x130f1e9e0_0;
    %pad/u 32;
    %addi 1, 0, 32;
    %vpi_call 2 38 "$display", "write_pointer = %d", S<0,vec4,u32> {1 0 0};
    %load/vec4 v0x130f1e9e0_0;
    %pad/u 32;
    %addi 1, 0, 32;
    %load/vec4 v0x130f1e6f0_0;
    %pad/u 32;
    %cmp/e;
    %jmp/0xz  T_0.8, 4;
    %pushi/vec4 1, 0, 1;
    %assign/vec4 v0x130f1e570_0, 0;
    %load/vec4 v0x130f1e410_0;
    %assign/vec4 v0x130f1e4c0_0, 0;
    %jmp T_0.9;
T_0.8 ;
    %load/vec4 v0x130f1e370_0;
    %load/vec4 v0x130f1e9e0_0;
    %pad/u 5;
    %ix/vec4 3;
    %ix/load 4, 0, 0; Constant delay
    %assign/vec4/a/d v0x130f1e650, 0, 4;
    %load/vec4 v0x130f1e9e0_0;
    %addi 1, 0, 4;
    %assign/vec4 v0x130f1e9e0_0, 0;
    %load/vec4 v0x130f1e410_0;
    %assign/vec4 v0x130f1e4c0_0, 0;
    %pushi/vec4 0, 0, 1;
    %assign/vec4 v0x130f1e570_0, 0;
T_0.9 ;
    %jmp T_0.7;
T_0.6 ;
    %pushi/vec4 0, 0, 1;
    %assign/vec4 v0x130f1e570_0, 0;
    %load/vec4 v0x130f1e410_0;
    %assign/vec4 v0x130f1e4c0_0, 0;
T_0.7 ;
T_0.3 ;
T_0.1 ;
    %jmp T_0;
    .thread T_0;
# The file index is used to find the file name in the following table.
:file_names 3;
    "N/A";
    "<interactive>";
    "Lab3_111062109_FIFO_8.v";
