#! /opt/local/bin/vvp
:ivl_version "11.0 (stable)" "(v11_0)";
:ivl_delay_selection "TYPICAL";
:vpi_time_precision - 12;
:vpi_module "/opt/local/lib/ivl/system.vpi";
:vpi_module "/opt/local/lib/ivl/vhdl_sys.vpi";
:vpi_module "/opt/local/lib/ivl/vhdl_textio.vpi";
:vpi_module "/opt/local/lib/ivl/v2005_math.vpi";
:vpi_module "/opt/local/lib/ivl/va_math.vpi";
S_0x149804b80 .scope module, "Parameterized_Ping_Pong_Counter_t" "Parameterized_Ping_Pong_Counter_t" 2 4;
 .timescale -9 -12;
v0x149815c80_0 .var "clk", 0 0;
v0x149815d10_0 .net "direction", 0 0, v0x149815670_0;  1 drivers
v0x149815da0_0 .var "enable", 0 0;
v0x149815e30_0 .var "flip", 0 0;
v0x149815ec0_0 .var "max", 3 0;
v0x149815f90_0 .var "min", 3 0;
v0x149816040_0 .net "out", 3 0, v0x1498159b0_0;  1 drivers
v0x1498160f0_0 .var "rst_n", 0 0;
S_0x149804cf0 .scope module, "uut" "Parameterized_Ping_Pong_Counter" 2 14, 3 3 0, S_0x149804b80;
 .timescale -9 -12;
    .port_info 0 /INPUT 1 "clk";
    .port_info 1 /INPUT 1 "rst_n";
    .port_info 2 /INPUT 1 "enable";
    .port_info 3 /INPUT 1 "flip";
    .port_info 4 /INPUT 4 "max";
    .port_info 5 /INPUT 4 "min";
    .port_info 6 /OUTPUT 1 "direction";
    .port_info 7 /OUTPUT 4 "out";
L_0x1498163c0 .functor OR 1, L_0x1498161a0, L_0x1498162e0, C4<0>, C4<0>;
L_0x149816670 .functor AND 1, L_0x1498164b0, L_0x1498165d0, C4<1>, C4<1>;
L_0x149816780 .functor OR 1, L_0x1498163c0, L_0x149816670, C4<0>, C4<0>;
L_0x149816980 .functor AND 1, v0x149815da0_0, L_0x149816870, C4<1>, C4<1>;
v0x149804f90_0 .net "_enable", 0 0, L_0x149816980;  1 drivers
v0x149815040_0 .net *"_ivl_0", 0 0, L_0x1498161a0;  1 drivers
v0x1498150e0_0 .net *"_ivl_11", 0 0, L_0x149816670;  1 drivers
v0x149815170_0 .net *"_ivl_13", 0 0, L_0x149816780;  1 drivers
v0x149815210_0 .net *"_ivl_15", 0 0, L_0x149816870;  1 drivers
v0x1498152f0_0 .net *"_ivl_2", 0 0, L_0x1498162e0;  1 drivers
v0x149815390_0 .net *"_ivl_5", 0 0, L_0x1498163c0;  1 drivers
v0x149815430_0 .net *"_ivl_6", 0 0, L_0x1498164b0;  1 drivers
v0x1498154d0_0 .net *"_ivl_8", 0 0, L_0x1498165d0;  1 drivers
v0x1498155e0_0 .net "clk", 0 0, v0x149815c80_0;  1 drivers
v0x149815670_0 .var "direction", 0 0;
v0x149815710_0 .net "enable", 0 0, v0x149815da0_0;  1 drivers
v0x1498157b0_0 .net "flip", 0 0, v0x149815e30_0;  1 drivers
v0x149815850_0 .net "max", 3 0, v0x149815ec0_0;  1 drivers
v0x149815900_0 .net "min", 3 0, v0x149815f90_0;  1 drivers
v0x1498159b0_0 .var "out", 3 0;
v0x149815a60_0 .net "rst_n", 0 0, v0x1498160f0_0;  1 drivers
E_0x149804f60 .event posedge, v0x1498155e0_0;
L_0x1498161a0 .cmp/gt 4, v0x1498159b0_0, v0x149815ec0_0;
L_0x1498162e0 .cmp/gt 4, v0x149815f90_0, v0x1498159b0_0;
L_0x1498164b0 .cmp/eq 4, v0x1498159b0_0, v0x149815ec0_0;
L_0x1498165d0 .cmp/eq 4, v0x1498159b0_0, v0x149815f90_0;
L_0x149816870 .reduce/nor L_0x149816780;
    .scope S_0x149804cf0;
T_0 ;
    %wait E_0x149804f60;
    %load/vec4 v0x149815a60_0;
    %nor/r;
    %flag_set/vec4 8;
    %jmp/0xz  T_0.0, 8;
    %load/vec4 v0x149815900_0;
    %assign/vec4 v0x1498159b0_0, 0;
    %pushi/vec4 1, 0, 1;
    %assign/vec4 v0x149815670_0, 0;
    %jmp T_0.1;
T_0.0 ;
    %load/vec4 v0x149804f90_0;
    %flag_set/vec4 8;
    %jmp/0xz  T_0.2, 8;
    %load/vec4 v0x1498157b0_0;
    %load/vec4 v0x1498159b0_0;
    %load/vec4 v0x149815850_0;
    %cmp/u;
    %flag_get/vec4 5;
    %and;
    %load/vec4 v0x149815900_0;
    %load/vec4 v0x1498159b0_0;
    %cmp/u;
    %flag_get/vec4 5;
    %and;
    %flag_set/vec4 8;
    %jmp/0xz  T_0.4, 8;
    %load/vec4 v0x149815670_0;
    %flag_set/vec4 8;
    %jmp/0 T_0.6, 8;
    %load/vec4 v0x1498159b0_0;
    %subi 1, 0, 4;
    %jmp/1 T_0.7, 8;
T_0.6 ; End of true expr.
    %load/vec4 v0x1498159b0_0;
    %addi 1, 0, 4;
    %jmp/0 T_0.7, 8;
 ; End of false expr.
    %blend;
T_0.7;
    %assign/vec4 v0x1498159b0_0, 0;
    %load/vec4 v0x149815670_0;
    %inv;
    %assign/vec4 v0x149815670_0, 0;
    %jmp T_0.5;
T_0.4 ;
    %load/vec4 v0x1498159b0_0;
    %load/vec4 v0x149815850_0;
    %cmp/e;
    %jmp/0xz  T_0.8, 4;
    %load/vec4 v0x1498159b0_0;
    %subi 1, 0, 4;
    %assign/vec4 v0x1498159b0_0, 0;
    %pushi/vec4 0, 0, 1;
    %assign/vec4 v0x149815670_0, 0;
    %jmp T_0.9;
T_0.8 ;
    %load/vec4 v0x1498159b0_0;
    %load/vec4 v0x149815900_0;
    %cmp/e;
    %jmp/0xz  T_0.10, 4;
    %load/vec4 v0x1498159b0_0;
    %addi 1, 0, 4;
    %assign/vec4 v0x1498159b0_0, 0;
    %pushi/vec4 1, 0, 1;
    %assign/vec4 v0x149815670_0, 0;
    %jmp T_0.11;
T_0.10 ;
    %load/vec4 v0x149815670_0;
    %flag_set/vec4 8;
    %jmp/0 T_0.12, 8;
    %load/vec4 v0x1498159b0_0;
    %addi 1, 0, 4;
    %jmp/1 T_0.13, 8;
T_0.12 ; End of true expr.
    %load/vec4 v0x1498159b0_0;
    %subi 1, 0, 4;
    %jmp/0 T_0.13, 8;
 ; End of false expr.
    %blend;
T_0.13;
    %assign/vec4 v0x1498159b0_0, 0;
T_0.11 ;
T_0.9 ;
T_0.5 ;
T_0.2 ;
T_0.1 ;
    %jmp T_0;
    .thread T_0;
    .scope S_0x149804b80;
T_1 ;
    %vpi_call 2 26 "$dumpfile", "Parameterized_Ping_Pong_Counter.vcd" {0 0 0};
    %vpi_call 2 27 "$dumpvars", 32'sb00000000000000000000000000000000, S_0x149804b80 {0 0 0};
    %pushi/vec4 0, 0, 1;
    %store/vec4 v0x1498160f0_0, 0, 1;
    %pushi/vec4 0, 0, 1;
    %store/vec4 v0x149815c80_0, 0, 1;
    %pushi/vec4 1, 0, 1;
    %store/vec4 v0x149815da0_0, 0, 1;
    %pushi/vec4 0, 0, 1;
    %store/vec4 v0x149815e30_0, 0, 1;
    %pushi/vec4 4, 0, 4;
    %store/vec4 v0x149815ec0_0, 0, 4;
    %pushi/vec4 0, 0, 4;
    %store/vec4 v0x149815f90_0, 0, 4;
    %delay 10000, 0;
    %pushi/vec4 1, 0, 1;
    %store/vec4 v0x1498160f0_0, 0, 1;
    %delay 90000, 0;
    %pushi/vec4 0, 0, 1;
    %store/vec4 v0x1498160f0_0, 0, 1;
    %delay 20000, 0;
    %pushi/vec4 1, 0, 1;
    %store/vec4 v0x1498160f0_0, 0, 1;
    %delay 30000, 0;
    %pushi/vec4 1, 0, 1;
    %store/vec4 v0x149815e30_0, 0, 1;
    %delay 10000, 0;
    %pushi/vec4 0, 0, 1;
    %store/vec4 v0x149815e30_0, 0, 1;
    %delay 50000, 0;
    %pushi/vec4 0, 0, 1;
    %store/vec4 v0x1498160f0_0, 0, 1;
    %delay 20000, 0;
    %pushi/vec4 1, 0, 1;
    %store/vec4 v0x1498160f0_0, 0, 1;
    %delay 30000, 0;
    %pushi/vec4 1, 0, 1;
    %store/vec4 v0x149815e30_0, 0, 1;
    %delay 10000, 0;
    %pushi/vec4 0, 0, 1;
    %store/vec4 v0x149815e30_0, 0, 1;
    %delay 10000, 0;
    %pushi/vec4 1, 0, 1;
    %store/vec4 v0x149815e30_0, 0, 1;
    %delay 10000, 0;
    %pushi/vec4 0, 0, 1;
    %store/vec4 v0x149815e30_0, 0, 1;
    %delay 30000, 0;
    %pushi/vec4 0, 0, 1;
    %store/vec4 v0x1498160f0_0, 0, 1;
    %delay 20000, 0;
    %pushi/vec4 1, 0, 1;
    %store/vec4 v0x1498160f0_0, 0, 1;
    %pushi/vec4 3, 0, 4;
    %store/vec4 v0x149815ec0_0, 0, 4;
    %delay 50000, 0;
    %pushi/vec4 1, 0, 1;
    %store/vec4 v0x149815e30_0, 0, 1;
    %pushi/vec4 1, 0, 4;
    %store/vec4 v0x149815f90_0, 0, 4;
    %delay 10000, 0;
    %pushi/vec4 0, 0, 1;
    %store/vec4 v0x149815e30_0, 0, 1;
    %pushi/vec4 3, 0, 4;
    %store/vec4 v0x149815f90_0, 0, 4;
    %delay 20000, 0;
    %pushi/vec4 2, 0, 4;
    %store/vec4 v0x149815f90_0, 0, 4;
    %pushi/vec4 2, 0, 4;
    %store/vec4 v0x149815ec0_0, 0, 4;
    %delay 10000, 0;
    %pushi/vec4 1, 0, 1;
    %store/vec4 v0x149815e30_0, 0, 1;
    %delay 10000, 0;
    %pushi/vec4 0, 0, 1;
    %store/vec4 v0x149815e30_0, 0, 1;
    %delay 10000, 0;
    %pushi/vec4 1, 0, 4;
    %store/vec4 v0x149815f90_0, 0, 4;
    %pushi/vec4 3, 0, 4;
    %store/vec4 v0x149815ec0_0, 0, 4;
    %delay 30000, 0;
    %pushi/vec4 0, 0, 1;
    %store/vec4 v0x1498160f0_0, 0, 1;
    %vpi_call 2 60 "$finish" {0 0 0};
    %end;
    .thread T_1;
    .scope S_0x149804b80;
T_2 ;
    %delay 5000, 0;
    %load/vec4 v0x149815c80_0;
    %inv;
    %store/vec4 v0x149815c80_0, 0, 1;
    %jmp T_2;
    .thread T_2;
# The file index is used to find the file name in the following table.
:file_names 4;
    "N/A";
    "<interactive>";
    "Lab3_111062109_Parameterized_Ping_Pong_Counter_t.v";
    "./Lab3_111062109_Parameterized_Ping_Pong_Counter.v";
