#! /opt/local/bin/vvp
:ivl_version "11.0 (stable)" "(v11_0)";
:ivl_delay_selection "TYPICAL";
:vpi_time_precision - 12;
:vpi_module "/opt/local/lib/ivl/system.vpi";
:vpi_module "/opt/local/lib/ivl/vhdl_sys.vpi";
:vpi_module "/opt/local/lib/ivl/vhdl_textio.vpi";
:vpi_module "/opt/local/lib/ivl/v2005_math.vpi";
:vpi_module "/opt/local/lib/ivl/va_math.vpi";
S_0x12781ce00 .scope module, "Scan_Chain_Design_t" "Scan_Chain_Design_t" 2 3;
 .timescale -9 -12;
v0x127832890_0 .var "clk", 0 0;
v0x127832920_0 .var "rst_n", 0 0;
v0x1278329b0_0 .var "scan_en", 0 0;
v0x127832a40_0 .var "scan_in", 0 0;
v0x127832ad0_0 .net "scan_out", 0 0, L_0x127834020;  1 drivers
S_0x127817b10 .scope module, "dut" "Scan_Chain_Design" 2 10, 3 27 0, S_0x12781ce00;
 .timescale -9 -12;
    .port_info 0 /INPUT 1 "clk";
    .port_info 1 /INPUT 1 "rst_n";
    .port_info 2 /INPUT 1 "scan_in";
    .port_info 3 /INPUT 1 "scan_en";
    .port_info 4 /OUTPUT 1 "scan_out";
v0x127831e00_0 .net *"_ivl_0", 7 0, L_0x127832b60;  1 drivers
L_0x128078010 .functor BUFT 1, C4<0000>, C4<0>, C4<0>, C4<0>;
v0x127831ea0_0 .net *"_ivl_3", 3 0, L_0x128078010;  1 drivers
v0x127831f40_0 .net *"_ivl_4", 7 0, L_0x127832c80;  1 drivers
L_0x128078058 .functor BUFT 1, C4<0000>, C4<0>, C4<0>, C4<0>;
v0x127831fe0_0 .net *"_ivl_7", 3 0, L_0x128078058;  1 drivers
v0x127832090_0 .net "a", 3 0, L_0x127833f80;  1 drivers
v0x127832180_0 .net "b", 3 0, L_0x1278336a0;  1 drivers
v0x127832230_0 .net "clk", 0 0, v0x127832890_0;  1 drivers
v0x1278323c0_0 .net "p", 7 0, L_0x127832dc0;  1 drivers
v0x127832450_0 .net "rst_n", 0 0, v0x127832920_0;  1 drivers
v0x1278325e0_0 .net "scan_en", 0 0, v0x1278329b0_0;  1 drivers
v0x127832770_0 .net "scan_in", 0 0, v0x127832a40_0;  1 drivers
v0x127832800_0 .net "scan_out", 0 0, L_0x127834020;  alias, 1 drivers
L_0x127832b60 .concat [ 4 4 0 0], L_0x127833f80, L_0x128078010;
L_0x127832c80 .concat [ 4 4 0 0], L_0x1278336a0, L_0x128078058;
L_0x127832dc0 .arith/mult 8, L_0x127832b60, L_0x127832c80;
L_0x127832ee0 .part L_0x1278336a0, 1, 1;
L_0x127832fc0 .part L_0x127832dc0, 0, 1;
L_0x1278330d0 .part L_0x1278336a0, 2, 1;
L_0x127833170 .part L_0x127832dc0, 1, 1;
L_0x127833250 .part L_0x1278336a0, 3, 1;
L_0x127833390 .part L_0x127832dc0, 2, 1;
L_0x127833500 .part L_0x127833f80, 0, 1;
L_0x1278335a0 .part L_0x127832dc0, 3, 1;
L_0x1278336a0 .concat8 [ 1 1 1 1], v0x12782ea70_0, v0x12782f140_0, v0x12782f850_0, v0x12782ff20_0;
L_0x127833760 .part L_0x127833f80, 1, 1;
L_0x127833890 .part L_0x127832dc0, 4, 1;
L_0x127833930 .part L_0x127833f80, 2, 1;
L_0x127833ad0 .part L_0x127832dc0, 5, 1;
L_0x127833b70 .part L_0x127833f80, 3, 1;
L_0x127833ca0 .part L_0x127832dc0, 6, 1;
L_0x127833e40 .part L_0x127832dc0, 7, 1;
L_0x127833f80 .concat8 [ 1 1 1 1], v0x127830690_0, v0x127830d80_0, v0x127831410_0, v0x127831ac0_0;
L_0x127834020 .part L_0x1278336a0, 0, 1;
S_0x12781f170 .scope module, "dff1" "Scan_DFF" 3 39, 3 3 0, S_0x127817b10;
 .timescale -9 -12;
    .port_info 0 /INPUT 1 "clk";
    .port_info 1 /INPUT 1 "rst_n";
    .port_info 2 /INPUT 1 "scan_in";
    .port_info 3 /INPUT 1 "scan_en";
    .port_info 4 /INPUT 1 "data";
    .port_info 5 /OUTPUT 1 "out";
v0x12781ca10_0 .net "clk", 0 0, v0x127832890_0;  alias, 1 drivers
v0x12782e9d0_0 .net "data", 0 0, L_0x127832fc0;  1 drivers
v0x12782ea70_0 .var "out", 0 0;
v0x12782eb00_0 .net "rst_n", 0 0, v0x127832920_0;  alias, 1 drivers
v0x12782eba0_0 .net "scan_en", 0 0, v0x1278329b0_0;  alias, 1 drivers
v0x12782ec80_0 .net "scan_in", 0 0, L_0x127832ee0;  1 drivers
E_0x12781d710 .event posedge, v0x12781ca10_0;
S_0x12782edb0 .scope module, "dff2" "Scan_DFF" 3 40, 3 3 0, S_0x127817b10;
 .timescale -9 -12;
    .port_info 0 /INPUT 1 "clk";
    .port_info 1 /INPUT 1 "rst_n";
    .port_info 2 /INPUT 1 "scan_in";
    .port_info 3 /INPUT 1 "scan_en";
    .port_info 4 /INPUT 1 "data";
    .port_info 5 /OUTPUT 1 "out";
v0x12782f000_0 .net "clk", 0 0, v0x127832890_0;  alias, 1 drivers
v0x12782f0b0_0 .net "data", 0 0, L_0x127833170;  1 drivers
v0x12782f140_0 .var "out", 0 0;
v0x12782f1f0_0 .net "rst_n", 0 0, v0x127832920_0;  alias, 1 drivers
v0x12782f2a0_0 .net "scan_en", 0 0, v0x1278329b0_0;  alias, 1 drivers
v0x12782f370_0 .net "scan_in", 0 0, L_0x1278330d0;  1 drivers
S_0x12782f470 .scope module, "dff3" "Scan_DFF" 3 41, 3 3 0, S_0x127817b10;
 .timescale -9 -12;
    .port_info 0 /INPUT 1 "clk";
    .port_info 1 /INPUT 1 "rst_n";
    .port_info 2 /INPUT 1 "scan_in";
    .port_info 3 /INPUT 1 "scan_en";
    .port_info 4 /INPUT 1 "data";
    .port_info 5 /OUTPUT 1 "out";
v0x12782f6e0_0 .net "clk", 0 0, v0x127832890_0;  alias, 1 drivers
v0x12782f7b0_0 .net "data", 0 0, L_0x127833390;  1 drivers
v0x12782f850_0 .var "out", 0 0;
v0x12782f8e0_0 .net "rst_n", 0 0, v0x127832920_0;  alias, 1 drivers
v0x12782f9b0_0 .net "scan_en", 0 0, v0x1278329b0_0;  alias, 1 drivers
v0x12782fac0_0 .net "scan_in", 0 0, L_0x127833250;  1 drivers
S_0x12782fbb0 .scope module, "dff4" "Scan_DFF" 3 42, 3 3 0, S_0x127817b10;
 .timescale -9 -12;
    .port_info 0 /INPUT 1 "clk";
    .port_info 1 /INPUT 1 "rst_n";
    .port_info 2 /INPUT 1 "scan_in";
    .port_info 3 /INPUT 1 "scan_en";
    .port_info 4 /INPUT 1 "data";
    .port_info 5 /OUTPUT 1 "out";
v0x12782fe00_0 .net "clk", 0 0, v0x127832890_0;  alias, 1 drivers
v0x12782fe90_0 .net "data", 0 0, L_0x1278335a0;  1 drivers
v0x12782ff20_0 .var "out", 0 0;
v0x12782ffd0_0 .net "rst_n", 0 0, v0x127832920_0;  alias, 1 drivers
v0x127830060_0 .net "scan_en", 0 0, v0x1278329b0_0;  alias, 1 drivers
v0x127830130_0 .net "scan_in", 0 0, L_0x127833500;  1 drivers
S_0x127830260 .scope module, "dff5" "Scan_DFF" 3 43, 3 3 0, S_0x127817b10;
 .timescale -9 -12;
    .port_info 0 /INPUT 1 "clk";
    .port_info 1 /INPUT 1 "rst_n";
    .port_info 2 /INPUT 1 "scan_in";
    .port_info 3 /INPUT 1 "scan_en";
    .port_info 4 /INPUT 1 "data";
    .port_info 5 /OUTPUT 1 "out";
v0x1278304f0_0 .net "clk", 0 0, v0x127832890_0;  alias, 1 drivers
v0x127830600_0 .net "data", 0 0, L_0x127833890;  1 drivers
v0x127830690_0 .var "out", 0 0;
v0x127830720_0 .net "rst_n", 0 0, v0x127832920_0;  alias, 1 drivers
v0x127830830_0 .net "scan_en", 0 0, v0x1278329b0_0;  alias, 1 drivers
v0x127830940_0 .net "scan_in", 0 0, L_0x127833760;  1 drivers
S_0x127830a10 .scope module, "dff6" "Scan_DFF" 3 44, 3 3 0, S_0x127817b10;
 .timescale -9 -12;
    .port_info 0 /INPUT 1 "clk";
    .port_info 1 /INPUT 1 "rst_n";
    .port_info 2 /INPUT 1 "scan_in";
    .port_info 3 /INPUT 1 "scan_en";
    .port_info 4 /INPUT 1 "data";
    .port_info 5 /OUTPUT 1 "out";
v0x127830c60_0 .net "clk", 0 0, v0x127832890_0;  alias, 1 drivers
v0x127830cf0_0 .net "data", 0 0, L_0x127833ad0;  1 drivers
v0x127830d80_0 .var "out", 0 0;
v0x127830e10_0 .net "rst_n", 0 0, v0x127832920_0;  alias, 1 drivers
v0x127830ea0_0 .net "scan_en", 0 0, v0x1278329b0_0;  alias, 1 drivers
v0x127830f70_0 .net "scan_in", 0 0, L_0x127833930;  1 drivers
S_0x1278310a0 .scope module, "dff7" "Scan_DFF" 3 45, 3 3 0, S_0x127817b10;
 .timescale -9 -12;
    .port_info 0 /INPUT 1 "clk";
    .port_info 1 /INPUT 1 "rst_n";
    .port_info 2 /INPUT 1 "scan_in";
    .port_info 3 /INPUT 1 "scan_en";
    .port_info 4 /INPUT 1 "data";
    .port_info 5 /OUTPUT 1 "out";
v0x1278312f0_0 .net "clk", 0 0, v0x127832890_0;  alias, 1 drivers
v0x127831380_0 .net "data", 0 0, L_0x127833ca0;  1 drivers
v0x127831410_0 .var "out", 0 0;
v0x1278314c0_0 .net "rst_n", 0 0, v0x127832920_0;  alias, 1 drivers
v0x127831550_0 .net "scan_en", 0 0, v0x1278329b0_0;  alias, 1 drivers
v0x127831620_0 .net "scan_in", 0 0, L_0x127833b70;  1 drivers
S_0x127831750 .scope module, "dff8" "Scan_DFF" 3 46, 3 3 0, S_0x127817b10;
 .timescale -9 -12;
    .port_info 0 /INPUT 1 "clk";
    .port_info 1 /INPUT 1 "rst_n";
    .port_info 2 /INPUT 1 "scan_in";
    .port_info 3 /INPUT 1 "scan_en";
    .port_info 4 /INPUT 1 "data";
    .port_info 5 /OUTPUT 1 "out";
v0x1278319a0_0 .net "clk", 0 0, v0x127832890_0;  alias, 1 drivers
v0x127831a30_0 .net "data", 0 0, L_0x127833e40;  1 drivers
v0x127831ac0_0 .var "out", 0 0;
v0x127831b70_0 .net "rst_n", 0 0, v0x127832920_0;  alias, 1 drivers
v0x127831c00_0 .net "scan_en", 0 0, v0x1278329b0_0;  alias, 1 drivers
v0x127831cd0_0 .net "scan_in", 0 0, v0x127832a40_0;  alias, 1 drivers
    .scope S_0x12781f170;
T_0 ;
    %wait E_0x12781d710;
    %load/vec4 v0x12782eb00_0;
    %nor/r;
    %flag_set/vec4 8;
    %jmp/0xz  T_0.0, 8;
    %pushi/vec4 0, 0, 1;
    %assign/vec4 v0x12782ea70_0, 0;
    %jmp T_0.1;
T_0.0 ;
    %load/vec4 v0x12782eba0_0;
    %flag_set/vec4 8;
    %jmp/0xz  T_0.2, 8;
    %load/vec4 v0x12782ec80_0;
    %assign/vec4 v0x12782ea70_0, 0;
    %jmp T_0.3;
T_0.2 ;
    %load/vec4 v0x12782e9d0_0;
    %assign/vec4 v0x12782ea70_0, 0;
T_0.3 ;
T_0.1 ;
    %jmp T_0;
    .thread T_0;
    .scope S_0x12782edb0;
T_1 ;
    %wait E_0x12781d710;
    %load/vec4 v0x12782f1f0_0;
    %nor/r;
    %flag_set/vec4 8;
    %jmp/0xz  T_1.0, 8;
    %pushi/vec4 0, 0, 1;
    %assign/vec4 v0x12782f140_0, 0;
    %jmp T_1.1;
T_1.0 ;
    %load/vec4 v0x12782f2a0_0;
    %flag_set/vec4 8;
    %jmp/0xz  T_1.2, 8;
    %load/vec4 v0x12782f370_0;
    %assign/vec4 v0x12782f140_0, 0;
    %jmp T_1.3;
T_1.2 ;
    %load/vec4 v0x12782f0b0_0;
    %assign/vec4 v0x12782f140_0, 0;
T_1.3 ;
T_1.1 ;
    %jmp T_1;
    .thread T_1;
    .scope S_0x12782f470;
T_2 ;
    %wait E_0x12781d710;
    %load/vec4 v0x12782f8e0_0;
    %nor/r;
    %flag_set/vec4 8;
    %jmp/0xz  T_2.0, 8;
    %pushi/vec4 0, 0, 1;
    %assign/vec4 v0x12782f850_0, 0;
    %jmp T_2.1;
T_2.0 ;
    %load/vec4 v0x12782f9b0_0;
    %flag_set/vec4 8;
    %jmp/0xz  T_2.2, 8;
    %load/vec4 v0x12782fac0_0;
    %assign/vec4 v0x12782f850_0, 0;
    %jmp T_2.3;
T_2.2 ;
    %load/vec4 v0x12782f7b0_0;
    %assign/vec4 v0x12782f850_0, 0;
T_2.3 ;
T_2.1 ;
    %jmp T_2;
    .thread T_2;
    .scope S_0x12782fbb0;
T_3 ;
    %wait E_0x12781d710;
    %load/vec4 v0x12782ffd0_0;
    %nor/r;
    %flag_set/vec4 8;
    %jmp/0xz  T_3.0, 8;
    %pushi/vec4 0, 0, 1;
    %assign/vec4 v0x12782ff20_0, 0;
    %jmp T_3.1;
T_3.0 ;
    %load/vec4 v0x127830060_0;
    %flag_set/vec4 8;
    %jmp/0xz  T_3.2, 8;
    %load/vec4 v0x127830130_0;
    %assign/vec4 v0x12782ff20_0, 0;
    %jmp T_3.3;
T_3.2 ;
    %load/vec4 v0x12782fe90_0;
    %assign/vec4 v0x12782ff20_0, 0;
T_3.3 ;
T_3.1 ;
    %jmp T_3;
    .thread T_3;
    .scope S_0x127830260;
T_4 ;
    %wait E_0x12781d710;
    %load/vec4 v0x127830720_0;
    %nor/r;
    %flag_set/vec4 8;
    %jmp/0xz  T_4.0, 8;
    %pushi/vec4 0, 0, 1;
    %assign/vec4 v0x127830690_0, 0;
    %jmp T_4.1;
T_4.0 ;
    %load/vec4 v0x127830830_0;
    %flag_set/vec4 8;
    %jmp/0xz  T_4.2, 8;
    %load/vec4 v0x127830940_0;
    %assign/vec4 v0x127830690_0, 0;
    %jmp T_4.3;
T_4.2 ;
    %load/vec4 v0x127830600_0;
    %assign/vec4 v0x127830690_0, 0;
T_4.3 ;
T_4.1 ;
    %jmp T_4;
    .thread T_4;
    .scope S_0x127830a10;
T_5 ;
    %wait E_0x12781d710;
    %load/vec4 v0x127830e10_0;
    %nor/r;
    %flag_set/vec4 8;
    %jmp/0xz  T_5.0, 8;
    %pushi/vec4 0, 0, 1;
    %assign/vec4 v0x127830d80_0, 0;
    %jmp T_5.1;
T_5.0 ;
    %load/vec4 v0x127830ea0_0;
    %flag_set/vec4 8;
    %jmp/0xz  T_5.2, 8;
    %load/vec4 v0x127830f70_0;
    %assign/vec4 v0x127830d80_0, 0;
    %jmp T_5.3;
T_5.2 ;
    %load/vec4 v0x127830cf0_0;
    %assign/vec4 v0x127830d80_0, 0;
T_5.3 ;
T_5.1 ;
    %jmp T_5;
    .thread T_5;
    .scope S_0x1278310a0;
T_6 ;
    %wait E_0x12781d710;
    %load/vec4 v0x1278314c0_0;
    %nor/r;
    %flag_set/vec4 8;
    %jmp/0xz  T_6.0, 8;
    %pushi/vec4 0, 0, 1;
    %assign/vec4 v0x127831410_0, 0;
    %jmp T_6.1;
T_6.0 ;
    %load/vec4 v0x127831550_0;
    %flag_set/vec4 8;
    %jmp/0xz  T_6.2, 8;
    %load/vec4 v0x127831620_0;
    %assign/vec4 v0x127831410_0, 0;
    %jmp T_6.3;
T_6.2 ;
    %load/vec4 v0x127831380_0;
    %assign/vec4 v0x127831410_0, 0;
T_6.3 ;
T_6.1 ;
    %jmp T_6;
    .thread T_6;
    .scope S_0x127831750;
T_7 ;
    %wait E_0x12781d710;
    %load/vec4 v0x127831b70_0;
    %nor/r;
    %flag_set/vec4 8;
    %jmp/0xz  T_7.0, 8;
    %pushi/vec4 0, 0, 1;
    %assign/vec4 v0x127831ac0_0, 0;
    %jmp T_7.1;
T_7.0 ;
    %load/vec4 v0x127831c00_0;
    %flag_set/vec4 8;
    %jmp/0xz  T_7.2, 8;
    %load/vec4 v0x127831cd0_0;
    %assign/vec4 v0x127831ac0_0, 0;
    %jmp T_7.3;
T_7.2 ;
    %load/vec4 v0x127831a30_0;
    %assign/vec4 v0x127831ac0_0, 0;
T_7.3 ;
T_7.1 ;
    %jmp T_7;
    .thread T_7;
    .scope S_0x12781ce00;
T_8 ;
    %vpi_call 2 13 "$dumpfile", "Scan_Chain_Design.vcd" {0 0 0};
    %vpi_call 2 14 "$dumpvars", 32'sb00000000000000000000000000000000, S_0x12781ce00 {0 0 0};
    %pushi/vec4 0, 0, 1;
    %store/vec4 v0x127832890_0, 0, 1;
    %pushi/vec4 0, 0, 1;
    %store/vec4 v0x127832920_0, 0, 1;
    %pushi/vec4 0, 0, 1;
    %store/vec4 v0x127832a40_0, 0, 1;
    %pushi/vec4 0, 0, 1;
    %store/vec4 v0x1278329b0_0, 0, 1;
    %delay 10000, 0;
    %pushi/vec4 1, 0, 1;
    %store/vec4 v0x127832920_0, 0, 1;
    %delay 10000, 0;
    %pushi/vec4 1, 0, 1;
    %store/vec4 v0x1278329b0_0, 0, 1;
    %pushi/vec4 1, 0, 1;
    %store/vec4 v0x127832a40_0, 0, 1;
    %delay 10000, 0;
    %pushi/vec4 0, 0, 1;
    %store/vec4 v0x127832a40_0, 0, 1;
    %delay 10000, 0;
    %pushi/vec4 1, 0, 1;
    %store/vec4 v0x127832a40_0, 0, 1;
    %delay 10000, 0;
    %pushi/vec4 0, 0, 1;
    %store/vec4 v0x127832a40_0, 0, 1;
    %delay 10000, 0;
    %pushi/vec4 1, 0, 1;
    %store/vec4 v0x127832a40_0, 0, 1;
    %delay 10000, 0;
    %pushi/vec4 0, 0, 1;
    %store/vec4 v0x127832a40_0, 0, 1;
    %delay 10000, 0;
    %pushi/vec4 1, 0, 1;
    %store/vec4 v0x127832a40_0, 0, 1;
    %delay 10000, 0;
    %pushi/vec4 0, 0, 1;
    %store/vec4 v0x127832a40_0, 0, 1;
    %delay 10000, 0;
    %pushi/vec4 0, 0, 1;
    %store/vec4 v0x1278329b0_0, 0, 1;
    %delay 10000, 0;
    %pushi/vec4 1, 0, 1;
    %store/vec4 v0x1278329b0_0, 0, 1;
    %delay 80000, 0;
    %pushi/vec4 0, 0, 1;
    %store/vec4 v0x1278329b0_0, 0, 1;
    %delay 10000, 0;
    %vpi_call 2 32 "$finish" {0 0 0};
    %end;
    .thread T_8;
    .scope S_0x12781ce00;
T_9 ;
    %delay 5000, 0;
    %load/vec4 v0x127832890_0;
    %inv;
    %store/vec4 v0x127832890_0, 0, 1;
    %jmp T_9;
    .thread T_9;
# The file index is used to find the file name in the following table.
:file_names 4;
    "N/A";
    "<interactive>";
    "Lab4_111062109_Scan_Chain_Design_t.v";
    "./Lab4_111062109_Scan_Chain_Design.v";
