#! /opt/local/bin/vvp
:ivl_version "11.0 (stable)" "(v11_0)";
:ivl_delay_selection "TYPICAL";
:vpi_time_precision - 12;
:vpi_module "/opt/local/lib/ivl/system.vpi";
:vpi_module "/opt/local/lib/ivl/vhdl_sys.vpi";
:vpi_module "/opt/local/lib/ivl/vhdl_textio.vpi";
:vpi_module "/opt/local/lib/ivl/v2005_math.vpi";
:vpi_module "/opt/local/lib/ivl/va_math.vpi";
S_0x13df041c0 .scope module, "Ripple_Carry_Adder" "Ripple_Carry_Adder" 2 50;
 .timescale -9 -12;
    .port_info 0 /INPUT 4 "a";
    .port_info 1 /INPUT 4 "b";
    .port_info 2 /INPUT 1 "cin";
    .port_info 3 /OUTPUT 1 "cout";
    .port_info 4 /OUTPUT 4 "sum";
o0x13000a950 .functor BUFZ 4, C4<zzzz>; HiZ drive
v0x13df22590_0 .net "a", 3 0, o0x13000a950;  0 drivers
o0x13000a980 .functor BUFZ 4, C4<zzzz>; HiZ drive
v0x13df22620_0 .net "b", 3 0, o0x13000a980;  0 drivers
o0x130008160 .functor BUFZ 1, C4<z>; HiZ drive
v0x13df226b0_0 .net "cin", 0 0, o0x130008160;  0 drivers
L_0x130040010 .functor BUFT 1, C4<0>, C4<0>, C4<0>, C4<0>;
v0x13df22740_0 .net "cout", 0 0, L_0x130040010;  1 drivers
v0x13df227d0_0 .net "eater", 0 0, L_0x13df27550;  1 drivers
v0x13df228a0_0 .net "sum", 3 0, L_0x13df28410;  1 drivers
v0x13df22940_0 .net "tempcin", 2 0, L_0x13df26b10;  1 drivers
L_0x13df23e60 .part o0x13000a950, 0, 1;
L_0x13df23f00 .part o0x13000a980, 0, 1;
L_0x13df25330 .part o0x13000a950, 1, 1;
L_0x13df253d0 .part o0x13000a980, 1, 1;
L_0x13df254b0 .part L_0x13df26b10, 0, 1;
L_0x13df268f0 .part o0x13000a950, 2, 1;
L_0x13df26990 .part o0x13000a980, 2, 1;
L_0x13df26a30 .part L_0x13df26b10, 1, 1;
L_0x13df26b10 .concat8 [ 1 1 1 0], L_0x13df233a0, L_0x13df24890, L_0x13df25e30;
L_0x13df28050 .part o0x13000a950, 3, 1;
L_0x13df28170 .part o0x13000a980, 3, 1;
L_0x13df282f0 .part L_0x13df26b10, 2, 1;
L_0x13df28410 .concat8 [ 1 1 1 1], L_0x13df23d00, L_0x13df251d0, L_0x13df26790, L_0x13df27ef0;
S_0x13df043f0 .scope module, "F1" "Full_Adder" 2 58, 2 41 0, S_0x13df041c0;
 .timescale -9 -12;
    .port_info 0 /INPUT 1 "a";
    .port_info 1 /INPUT 1 "b";
    .port_info 2 /INPUT 1 "cin";
    .port_info 3 /OUTPUT 1 "cout";
    .port_info 4 /OUTPUT 1 "sum";
v0x13df17730_0 .net "a", 0 0, L_0x13df23e60;  1 drivers
v0x13df17850_0 .net "b", 0 0, L_0x13df23f00;  1 drivers
v0x13df17960_0 .net "cin", 0 0, o0x130008160;  alias, 0 drivers
v0x13df17a70_0 .net "cout", 0 0, L_0x13df233a0;  1 drivers
v0x13df17b00_0 .net "sum", 0 0, L_0x13df23d00;  1 drivers
v0x13df17b90_0 .net "temp1", 0 0, L_0x13df23860;  1 drivers
S_0x13df04660 .scope module, "M1" "Majority" 2 45, 2 30 0, S_0x13df043f0;
 .timescale -9 -12;
    .port_info 0 /INPUT 1 "a";
    .port_info 1 /INPUT 1 "b";
    .port_info 2 /INPUT 1 "c";
    .port_info 3 /OUTPUT 1 "out";
v0x13df16360_0 .net "a", 0 0, L_0x13df23e60;  alias, 1 drivers
v0x13df16440_0 .net "b", 0 0, L_0x13df23f00;  alias, 1 drivers
v0x13df16510_0 .net "c", 0 0, o0x130008160;  alias, 0 drivers
v0x13df165e0_0 .net "out", 0 0, L_0x13df233a0;  alias, 1 drivers
v0x13df16670_0 .net "temp1", 0 0, L_0x13df22b00;  1 drivers
v0x13df16780_0 .net "temp2", 0 0, L_0x13df22c60;  1 drivers
v0x13df16850_0 .net "temp3", 0 0, L_0x13df22dc0;  1 drivers
v0x13df16920_0 .net "temp4", 0 0, L_0x13df230d0;  1 drivers
S_0x13df04880 .scope module, "A1" "AND" 2 34, 2 2 0, S_0x13df04660;
 .timescale -9 -12;
    .port_info 0 /OUTPUT 1 "out";
    .port_info 1 /INPUT 1 "a";
    .port_info 2 /INPUT 1 "b";
L_0x13df22a70 .functor NAND 1, L_0x13df23e60, L_0x13df23f00, C4<1>, C4<1>;
L_0x13df22b00 .functor NAND 1, L_0x13df22a70, L_0x13df22a70, C4<1>, C4<1>;
v0x13df04ac0_0 .net "a", 0 0, L_0x13df23e60;  alias, 1 drivers
v0x13df14b70_0 .net "b", 0 0, L_0x13df23f00;  alias, 1 drivers
v0x13df14c10_0 .net "out", 0 0, L_0x13df22b00;  alias, 1 drivers
v0x13df14cc0_0 .net "temp", 0 0, L_0x13df22a70;  1 drivers
S_0x13df14db0 .scope module, "A2" "AND" 2 35, 2 2 0, S_0x13df04660;
 .timescale -9 -12;
    .port_info 0 /OUTPUT 1 "out";
    .port_info 1 /INPUT 1 "a";
    .port_info 2 /INPUT 1 "b";
L_0x13df22bd0 .functor NAND 1, L_0x13df23e60, o0x130008160, C4<1>, C4<1>;
L_0x13df22c60 .functor NAND 1, L_0x13df22bd0, L_0x13df22bd0, C4<1>, C4<1>;
v0x13df14fd0_0 .net "a", 0 0, L_0x13df23e60;  alias, 1 drivers
v0x13df15080_0 .net "b", 0 0, o0x130008160;  alias, 0 drivers
v0x13df15110_0 .net "out", 0 0, L_0x13df22c60;  alias, 1 drivers
v0x13df151c0_0 .net "temp", 0 0, L_0x13df22bd0;  1 drivers
S_0x13df152b0 .scope module, "A3" "AND" 2 36, 2 2 0, S_0x13df04660;
 .timescale -9 -12;
    .port_info 0 /OUTPUT 1 "out";
    .port_info 1 /INPUT 1 "a";
    .port_info 2 /INPUT 1 "b";
L_0x13df22d30 .functor NAND 1, L_0x13df23f00, o0x130008160, C4<1>, C4<1>;
L_0x13df22dc0 .functor NAND 1, L_0x13df22d30, L_0x13df22d30, C4<1>, C4<1>;
v0x13df154e0_0 .net "a", 0 0, L_0x13df23f00;  alias, 1 drivers
v0x13df15590_0 .net "b", 0 0, o0x130008160;  alias, 0 drivers
v0x13df15640_0 .net "out", 0 0, L_0x13df22dc0;  alias, 1 drivers
v0x13df156f0_0 .net "temp", 0 0, L_0x13df22d30;  1 drivers
S_0x13df157c0 .scope module, "O1" "OR" 2 37, 2 10 0, S_0x13df04660;
 .timescale -9 -12;
    .port_info 0 /OUTPUT 1 "out";
    .port_info 1 /INPUT 1 "a";
    .port_info 2 /INPUT 1 "b";
L_0x13df22e90 .functor NAND 1, L_0x13df22b00, L_0x13df22b00, C4<1>, C4<1>;
L_0x13df22fa0 .functor NAND 1, L_0x13df22c60, L_0x13df22c60, C4<1>, C4<1>;
L_0x13df230d0 .functor NAND 1, L_0x13df22e90, L_0x13df22fa0, C4<1>, C4<1>;
v0x13df159d0_0 .net "a", 0 0, L_0x13df22b00;  alias, 1 drivers
v0x13df15a90_0 .net "b", 0 0, L_0x13df22c60;  alias, 1 drivers
v0x13df15b40_0 .net "out", 0 0, L_0x13df230d0;  alias, 1 drivers
v0x13df15bf0_0 .net "temp1", 0 0, L_0x13df22e90;  1 drivers
v0x13df15c80_0 .net "temp2", 0 0, L_0x13df22fa0;  1 drivers
S_0x13df15d80 .scope module, "O2" "OR" 2 38, 2 10 0, S_0x13df04660;
 .timescale -9 -12;
    .port_info 0 /OUTPUT 1 "out";
    .port_info 1 /INPUT 1 "a";
    .port_info 2 /INPUT 1 "b";
L_0x13df23180 .functor NAND 1, L_0x13df230d0, L_0x13df230d0, C4<1>, C4<1>;
L_0x13df23270 .functor NAND 1, L_0x13df22dc0, L_0x13df22dc0, C4<1>, C4<1>;
L_0x13df233a0 .functor NAND 1, L_0x13df23180, L_0x13df23270, C4<1>, C4<1>;
v0x13df15fd0_0 .net "a", 0 0, L_0x13df230d0;  alias, 1 drivers
v0x13df16080_0 .net "b", 0 0, L_0x13df22dc0;  alias, 1 drivers
v0x13df16130_0 .net "out", 0 0, L_0x13df233a0;  alias, 1 drivers
v0x13df161c0_0 .net "temp1", 0 0, L_0x13df23180;  1 drivers
v0x13df16250_0 .net "temp2", 0 0, L_0x13df23270;  1 drivers
S_0x13df169f0 .scope module, "X1" "XOR" 2 46, 2 19 0, S_0x13df043f0;
 .timescale -9 -12;
    .port_info 0 /OUTPUT 1 "out";
    .port_info 1 /INPUT 1 "a";
    .port_info 2 /INPUT 1 "b";
L_0x13df23450 .functor NAND 1, L_0x13df23e60, L_0x13df23e60, C4<1>, C4<1>;
L_0x13df235c0 .functor NAND 1, L_0x13df23f00, L_0x13df23f00, C4<1>, C4<1>;
L_0x13df177d0 .functor NAND 1, L_0x13df23450, L_0x13df23f00, C4<1>, C4<1>;
L_0x13df237b0 .functor NAND 1, L_0x13df235c0, L_0x13df23e60, C4<1>, C4<1>;
L_0x13df23860 .functor NAND 1, L_0x13df177d0, L_0x13df237b0, C4<1>, C4<1>;
v0x13df16c00_0 .net "a", 0 0, L_0x13df23e60;  alias, 1 drivers
v0x13df16c90_0 .net "b", 0 0, L_0x13df23f00;  alias, 1 drivers
v0x13df16d20_0 .net "na", 0 0, L_0x13df23450;  1 drivers
v0x13df16db0_0 .net "nb", 0 0, L_0x13df235c0;  1 drivers
v0x13df16e40_0 .net "out", 0 0, L_0x13df23860;  alias, 1 drivers
v0x13df16f10_0 .net "temp1", 0 0, L_0x13df177d0;  1 drivers
v0x13df16fa0_0 .net "temp2", 0 0, L_0x13df237b0;  1 drivers
S_0x13df17030 .scope module, "X2" "XOR" 2 47, 2 19 0, S_0x13df043f0;
 .timescale -9 -12;
    .port_info 0 /OUTPUT 1 "out";
    .port_info 1 /INPUT 1 "a";
    .port_info 2 /INPUT 1 "b";
L_0x13df23980 .functor NAND 1, L_0x13df23860, L_0x13df23860, C4<1>, C4<1>;
L_0x13df23a70 .functor NAND 1, o0x130008160, o0x130008160, C4<1>, C4<1>;
L_0x13df23be0 .functor NAND 1, L_0x13df23980, o0x130008160, C4<1>, C4<1>;
L_0x13df23c50 .functor NAND 1, L_0x13df23a70, L_0x13df23860, C4<1>, C4<1>;
L_0x13df23d00 .functor NAND 1, L_0x13df23be0, L_0x13df23c50, C4<1>, C4<1>;
v0x13df17260_0 .net "a", 0 0, L_0x13df23860;  alias, 1 drivers
v0x13df17310_0 .net "b", 0 0, o0x130008160;  alias, 0 drivers
v0x13df173a0_0 .net "na", 0 0, L_0x13df23980;  1 drivers
v0x13df17450_0 .net "nb", 0 0, L_0x13df23a70;  1 drivers
v0x13df174e0_0 .net "out", 0 0, L_0x13df23d00;  alias, 1 drivers
v0x13df175c0_0 .net "temp1", 0 0, L_0x13df23be0;  1 drivers
v0x13df17660_0 .net "temp2", 0 0, L_0x13df23c50;  1 drivers
S_0x13df17c90 .scope module, "F2" "Full_Adder" 2 59, 2 41 0, S_0x13df041c0;
 .timescale -9 -12;
    .port_info 0 /INPUT 1 "a";
    .port_info 1 /INPUT 1 "b";
    .port_info 2 /INPUT 1 "cin";
    .port_info 3 /OUTPUT 1 "cout";
    .port_info 4 /OUTPUT 1 "sum";
v0x13df1af80_0 .net "a", 0 0, L_0x13df25330;  1 drivers
v0x13df1b0a0_0 .net "b", 0 0, L_0x13df253d0;  1 drivers
v0x13df1b1b0_0 .net "cin", 0 0, L_0x13df254b0;  1 drivers
v0x13df1b2c0_0 .net "cout", 0 0, L_0x13df24890;  1 drivers
v0x13df1b350_0 .net "sum", 0 0, L_0x13df251d0;  1 drivers
v0x13df1b3e0_0 .net "temp1", 0 0, L_0x13df24d30;  1 drivers
S_0x13df17ed0 .scope module, "M1" "Majority" 2 45, 2 30 0, S_0x13df17c90;
 .timescale -9 -12;
    .port_info 0 /INPUT 1 "a";
    .port_info 1 /INPUT 1 "b";
    .port_info 2 /INPUT 1 "c";
    .port_info 3 /OUTPUT 1 "out";
v0x13df19bb0_0 .net "a", 0 0, L_0x13df25330;  alias, 1 drivers
v0x13df19c90_0 .net "b", 0 0, L_0x13df253d0;  alias, 1 drivers
v0x13df19d60_0 .net "c", 0 0, L_0x13df254b0;  alias, 1 drivers
v0x13df19e30_0 .net "out", 0 0, L_0x13df24890;  alias, 1 drivers
v0x13df19ec0_0 .net "temp1", 0 0, L_0x13df24010;  1 drivers
v0x13df19fd0_0 .net "temp2", 0 0, L_0x13df24150;  1 drivers
v0x13df1a0a0_0 .net "temp3", 0 0, L_0x13df242b0;  1 drivers
v0x13df1a170_0 .net "temp4", 0 0, L_0x13df245c0;  1 drivers
S_0x13df180f0 .scope module, "A1" "AND" 2 34, 2 2 0, S_0x13df17ed0;
 .timescale -9 -12;
    .port_info 0 /OUTPUT 1 "out";
    .port_info 1 /INPUT 1 "a";
    .port_info 2 /INPUT 1 "b";
L_0x13df23fa0 .functor NAND 1, L_0x13df25330, L_0x13df253d0, C4<1>, C4<1>;
L_0x13df24010 .functor NAND 1, L_0x13df23fa0, L_0x13df23fa0, C4<1>, C4<1>;
v0x13df18320_0 .net "a", 0 0, L_0x13df25330;  alias, 1 drivers
v0x13df183c0_0 .net "b", 0 0, L_0x13df253d0;  alias, 1 drivers
v0x13df18460_0 .net "out", 0 0, L_0x13df24010;  alias, 1 drivers
v0x13df18510_0 .net "temp", 0 0, L_0x13df23fa0;  1 drivers
S_0x13df18600 .scope module, "A2" "AND" 2 35, 2 2 0, S_0x13df17ed0;
 .timescale -9 -12;
    .port_info 0 /OUTPUT 1 "out";
    .port_info 1 /INPUT 1 "a";
    .port_info 2 /INPUT 1 "b";
L_0x13df240c0 .functor NAND 1, L_0x13df25330, L_0x13df254b0, C4<1>, C4<1>;
L_0x13df24150 .functor NAND 1, L_0x13df240c0, L_0x13df240c0, C4<1>, C4<1>;
v0x13df18820_0 .net "a", 0 0, L_0x13df25330;  alias, 1 drivers
v0x13df188d0_0 .net "b", 0 0, L_0x13df254b0;  alias, 1 drivers
v0x13df18960_0 .net "out", 0 0, L_0x13df24150;  alias, 1 drivers
v0x13df18a10_0 .net "temp", 0 0, L_0x13df240c0;  1 drivers
S_0x13df18b00 .scope module, "A3" "AND" 2 36, 2 2 0, S_0x13df17ed0;
 .timescale -9 -12;
    .port_info 0 /OUTPUT 1 "out";
    .port_info 1 /INPUT 1 "a";
    .port_info 2 /INPUT 1 "b";
L_0x13df24220 .functor NAND 1, L_0x13df253d0, L_0x13df254b0, C4<1>, C4<1>;
L_0x13df242b0 .functor NAND 1, L_0x13df24220, L_0x13df24220, C4<1>, C4<1>;
v0x13df18d30_0 .net "a", 0 0, L_0x13df253d0;  alias, 1 drivers
v0x13df18de0_0 .net "b", 0 0, L_0x13df254b0;  alias, 1 drivers
v0x13df18e90_0 .net "out", 0 0, L_0x13df242b0;  alias, 1 drivers
v0x13df18f40_0 .net "temp", 0 0, L_0x13df24220;  1 drivers
S_0x13df19010 .scope module, "O1" "OR" 2 37, 2 10 0, S_0x13df17ed0;
 .timescale -9 -12;
    .port_info 0 /OUTPUT 1 "out";
    .port_info 1 /INPUT 1 "a";
    .port_info 2 /INPUT 1 "b";
L_0x13df24380 .functor NAND 1, L_0x13df24010, L_0x13df24010, C4<1>, C4<1>;
L_0x13df24490 .functor NAND 1, L_0x13df24150, L_0x13df24150, C4<1>, C4<1>;
L_0x13df245c0 .functor NAND 1, L_0x13df24380, L_0x13df24490, C4<1>, C4<1>;
v0x13df19220_0 .net "a", 0 0, L_0x13df24010;  alias, 1 drivers
v0x13df192e0_0 .net "b", 0 0, L_0x13df24150;  alias, 1 drivers
v0x13df19390_0 .net "out", 0 0, L_0x13df245c0;  alias, 1 drivers
v0x13df19440_0 .net "temp1", 0 0, L_0x13df24380;  1 drivers
v0x13df194d0_0 .net "temp2", 0 0, L_0x13df24490;  1 drivers
S_0x13df195d0 .scope module, "O2" "OR" 2 38, 2 10 0, S_0x13df17ed0;
 .timescale -9 -12;
    .port_info 0 /OUTPUT 1 "out";
    .port_info 1 /INPUT 1 "a";
    .port_info 2 /INPUT 1 "b";
L_0x13df24670 .functor NAND 1, L_0x13df245c0, L_0x13df245c0, C4<1>, C4<1>;
L_0x13df24760 .functor NAND 1, L_0x13df242b0, L_0x13df242b0, C4<1>, C4<1>;
L_0x13df24890 .functor NAND 1, L_0x13df24670, L_0x13df24760, C4<1>, C4<1>;
v0x13df19820_0 .net "a", 0 0, L_0x13df245c0;  alias, 1 drivers
v0x13df198d0_0 .net "b", 0 0, L_0x13df242b0;  alias, 1 drivers
v0x13df19980_0 .net "out", 0 0, L_0x13df24890;  alias, 1 drivers
v0x13df19a10_0 .net "temp1", 0 0, L_0x13df24670;  1 drivers
v0x13df19aa0_0 .net "temp2", 0 0, L_0x13df24760;  1 drivers
S_0x13df1a240 .scope module, "X1" "XOR" 2 46, 2 19 0, S_0x13df17c90;
 .timescale -9 -12;
    .port_info 0 /OUTPUT 1 "out";
    .port_info 1 /INPUT 1 "a";
    .port_info 2 /INPUT 1 "b";
L_0x13df24940 .functor NAND 1, L_0x13df25330, L_0x13df25330, C4<1>, C4<1>;
L_0x13df24ab0 .functor NAND 1, L_0x13df253d0, L_0x13df253d0, C4<1>, C4<1>;
L_0x13df1b020 .functor NAND 1, L_0x13df24940, L_0x13df253d0, C4<1>, C4<1>;
L_0x13df24c80 .functor NAND 1, L_0x13df24ab0, L_0x13df25330, C4<1>, C4<1>;
L_0x13df24d30 .functor NAND 1, L_0x13df1b020, L_0x13df24c80, C4<1>, C4<1>;
v0x13df1a450_0 .net "a", 0 0, L_0x13df25330;  alias, 1 drivers
v0x13df1a4e0_0 .net "b", 0 0, L_0x13df253d0;  alias, 1 drivers
v0x13df1a570_0 .net "na", 0 0, L_0x13df24940;  1 drivers
v0x13df1a600_0 .net "nb", 0 0, L_0x13df24ab0;  1 drivers
v0x13df1a690_0 .net "out", 0 0, L_0x13df24d30;  alias, 1 drivers
v0x13df1a760_0 .net "temp1", 0 0, L_0x13df1b020;  1 drivers
v0x13df1a7f0_0 .net "temp2", 0 0, L_0x13df24c80;  1 drivers
S_0x13df1a880 .scope module, "X2" "XOR" 2 47, 2 19 0, S_0x13df17c90;
 .timescale -9 -12;
    .port_info 0 /OUTPUT 1 "out";
    .port_info 1 /INPUT 1 "a";
    .port_info 2 /INPUT 1 "b";
L_0x13df24e50 .functor NAND 1, L_0x13df24d30, L_0x13df24d30, C4<1>, C4<1>;
L_0x13df24f40 .functor NAND 1, L_0x13df254b0, L_0x13df254b0, C4<1>, C4<1>;
L_0x13df250b0 .functor NAND 1, L_0x13df24e50, L_0x13df254b0, C4<1>, C4<1>;
L_0x13df25120 .functor NAND 1, L_0x13df24f40, L_0x13df24d30, C4<1>, C4<1>;
L_0x13df251d0 .functor NAND 1, L_0x13df250b0, L_0x13df25120, C4<1>, C4<1>;
v0x13df1aab0_0 .net "a", 0 0, L_0x13df24d30;  alias, 1 drivers
v0x13df1ab60_0 .net "b", 0 0, L_0x13df254b0;  alias, 1 drivers
v0x13df1abf0_0 .net "na", 0 0, L_0x13df24e50;  1 drivers
v0x13df1aca0_0 .net "nb", 0 0, L_0x13df24f40;  1 drivers
v0x13df1ad30_0 .net "out", 0 0, L_0x13df251d0;  alias, 1 drivers
v0x13df1ae10_0 .net "temp1", 0 0, L_0x13df250b0;  1 drivers
v0x13df1aeb0_0 .net "temp2", 0 0, L_0x13df25120;  1 drivers
S_0x13df1b4e0 .scope module, "F3" "Full_Adder" 2 60, 2 41 0, S_0x13df041c0;
 .timescale -9 -12;
    .port_info 0 /INPUT 1 "a";
    .port_info 1 /INPUT 1 "b";
    .port_info 2 /INPUT 1 "cin";
    .port_info 3 /OUTPUT 1 "cout";
    .port_info 4 /OUTPUT 1 "sum";
v0x13df1e7e0_0 .net "a", 0 0, L_0x13df268f0;  1 drivers
v0x13df1e900_0 .net "b", 0 0, L_0x13df26990;  1 drivers
v0x13df1ea10_0 .net "cin", 0 0, L_0x13df26a30;  1 drivers
v0x13df1eb20_0 .net "cout", 0 0, L_0x13df25e30;  1 drivers
v0x13df1ebb0_0 .net "sum", 0 0, L_0x13df26790;  1 drivers
v0x13df1ec40_0 .net "temp1", 0 0, L_0x13df262f0;  1 drivers
S_0x13df1b720 .scope module, "M1" "Majority" 2 45, 2 30 0, S_0x13df1b4e0;
 .timescale -9 -12;
    .port_info 0 /INPUT 1 "a";
    .port_info 1 /INPUT 1 "b";
    .port_info 2 /INPUT 1 "c";
    .port_info 3 /OUTPUT 1 "out";
v0x13df1d410_0 .net "a", 0 0, L_0x13df268f0;  alias, 1 drivers
v0x13df1d4f0_0 .net "b", 0 0, L_0x13df26990;  alias, 1 drivers
v0x13df1d5c0_0 .net "c", 0 0, L_0x13df26a30;  alias, 1 drivers
v0x13df1d690_0 .net "out", 0 0, L_0x13df25e30;  alias, 1 drivers
v0x13df1d720_0 .net "temp1", 0 0, L_0x13df255f0;  1 drivers
v0x13df1d830_0 .net "temp2", 0 0, L_0x13df25710;  1 drivers
v0x13df1d900_0 .net "temp3", 0 0, L_0x13df25870;  1 drivers
v0x13df1d9d0_0 .net "temp4", 0 0, L_0x13df25b80;  1 drivers
S_0x13df1b940 .scope module, "A1" "AND" 2 34, 2 2 0, S_0x13df1b720;
 .timescale -9 -12;
    .port_info 0 /OUTPUT 1 "out";
    .port_info 1 /INPUT 1 "a";
    .port_info 2 /INPUT 1 "b";
L_0x13df25580 .functor NAND 1, L_0x13df268f0, L_0x13df26990, C4<1>, C4<1>;
L_0x13df255f0 .functor NAND 1, L_0x13df25580, L_0x13df25580, C4<1>, C4<1>;
v0x13df1bb70_0 .net "a", 0 0, L_0x13df268f0;  alias, 1 drivers
v0x13df1bc20_0 .net "b", 0 0, L_0x13df26990;  alias, 1 drivers
v0x13df1bcc0_0 .net "out", 0 0, L_0x13df255f0;  alias, 1 drivers
v0x13df1bd70_0 .net "temp", 0 0, L_0x13df25580;  1 drivers
S_0x13df1be60 .scope module, "A2" "AND" 2 35, 2 2 0, S_0x13df1b720;
 .timescale -9 -12;
    .port_info 0 /OUTPUT 1 "out";
    .port_info 1 /INPUT 1 "a";
    .port_info 2 /INPUT 1 "b";
L_0x13df256a0 .functor NAND 1, L_0x13df268f0, L_0x13df26a30, C4<1>, C4<1>;
L_0x13df25710 .functor NAND 1, L_0x13df256a0, L_0x13df256a0, C4<1>, C4<1>;
v0x13df1c080_0 .net "a", 0 0, L_0x13df268f0;  alias, 1 drivers
v0x13df1c130_0 .net "b", 0 0, L_0x13df26a30;  alias, 1 drivers
v0x13df1c1c0_0 .net "out", 0 0, L_0x13df25710;  alias, 1 drivers
v0x13df1c270_0 .net "temp", 0 0, L_0x13df256a0;  1 drivers
S_0x13df1c360 .scope module, "A3" "AND" 2 36, 2 2 0, S_0x13df1b720;
 .timescale -9 -12;
    .port_info 0 /OUTPUT 1 "out";
    .port_info 1 /INPUT 1 "a";
    .port_info 2 /INPUT 1 "b";
L_0x13df257e0 .functor NAND 1, L_0x13df26990, L_0x13df26a30, C4<1>, C4<1>;
L_0x13df25870 .functor NAND 1, L_0x13df257e0, L_0x13df257e0, C4<1>, C4<1>;
v0x13df1c590_0 .net "a", 0 0, L_0x13df26990;  alias, 1 drivers
v0x13df1c640_0 .net "b", 0 0, L_0x13df26a30;  alias, 1 drivers
v0x13df1c6f0_0 .net "out", 0 0, L_0x13df25870;  alias, 1 drivers
v0x13df1c7a0_0 .net "temp", 0 0, L_0x13df257e0;  1 drivers
S_0x13df1c870 .scope module, "O1" "OR" 2 37, 2 10 0, S_0x13df1b720;
 .timescale -9 -12;
    .port_info 0 /OUTPUT 1 "out";
    .port_info 1 /INPUT 1 "a";
    .port_info 2 /INPUT 1 "b";
L_0x13df25940 .functor NAND 1, L_0x13df255f0, L_0x13df255f0, C4<1>, C4<1>;
L_0x13df25a50 .functor NAND 1, L_0x13df25710, L_0x13df25710, C4<1>, C4<1>;
L_0x13df25b80 .functor NAND 1, L_0x13df25940, L_0x13df25a50, C4<1>, C4<1>;
v0x13df1ca80_0 .net "a", 0 0, L_0x13df255f0;  alias, 1 drivers
v0x13df1cb40_0 .net "b", 0 0, L_0x13df25710;  alias, 1 drivers
v0x13df1cbf0_0 .net "out", 0 0, L_0x13df25b80;  alias, 1 drivers
v0x13df1cca0_0 .net "temp1", 0 0, L_0x13df25940;  1 drivers
v0x13df1cd30_0 .net "temp2", 0 0, L_0x13df25a50;  1 drivers
S_0x13df1ce30 .scope module, "O2" "OR" 2 38, 2 10 0, S_0x13df1b720;
 .timescale -9 -12;
    .port_info 0 /OUTPUT 1 "out";
    .port_info 1 /INPUT 1 "a";
    .port_info 2 /INPUT 1 "b";
L_0x13df25c30 .functor NAND 1, L_0x13df25b80, L_0x13df25b80, C4<1>, C4<1>;
L_0x13df25d20 .functor NAND 1, L_0x13df25870, L_0x13df25870, C4<1>, C4<1>;
L_0x13df25e30 .functor NAND 1, L_0x13df25c30, L_0x13df25d20, C4<1>, C4<1>;
v0x13df1d080_0 .net "a", 0 0, L_0x13df25b80;  alias, 1 drivers
v0x13df1d130_0 .net "b", 0 0, L_0x13df25870;  alias, 1 drivers
v0x13df1d1e0_0 .net "out", 0 0, L_0x13df25e30;  alias, 1 drivers
v0x13df1d270_0 .net "temp1", 0 0, L_0x13df25c30;  1 drivers
v0x13df1d300_0 .net "temp2", 0 0, L_0x13df25d20;  1 drivers
S_0x13df1daa0 .scope module, "X1" "XOR" 2 46, 2 19 0, S_0x13df1b4e0;
 .timescale -9 -12;
    .port_info 0 /OUTPUT 1 "out";
    .port_info 1 /INPUT 1 "a";
    .port_info 2 /INPUT 1 "b";
L_0x13df25ee0 .functor NAND 1, L_0x13df268f0, L_0x13df268f0, C4<1>, C4<1>;
L_0x13df26050 .functor NAND 1, L_0x13df26990, L_0x13df26990, C4<1>, C4<1>;
L_0x13df1e880 .functor NAND 1, L_0x13df25ee0, L_0x13df26990, C4<1>, C4<1>;
L_0x13df26240 .functor NAND 1, L_0x13df26050, L_0x13df268f0, C4<1>, C4<1>;
L_0x13df262f0 .functor NAND 1, L_0x13df1e880, L_0x13df26240, C4<1>, C4<1>;
v0x13df1dcb0_0 .net "a", 0 0, L_0x13df268f0;  alias, 1 drivers
v0x13df1dd40_0 .net "b", 0 0, L_0x13df26990;  alias, 1 drivers
v0x13df1ddd0_0 .net "na", 0 0, L_0x13df25ee0;  1 drivers
v0x13df1de60_0 .net "nb", 0 0, L_0x13df26050;  1 drivers
v0x13df1def0_0 .net "out", 0 0, L_0x13df262f0;  alias, 1 drivers
v0x13df1dfc0_0 .net "temp1", 0 0, L_0x13df1e880;  1 drivers
v0x13df1e050_0 .net "temp2", 0 0, L_0x13df26240;  1 drivers
S_0x13df1e0e0 .scope module, "X2" "XOR" 2 47, 2 19 0, S_0x13df1b4e0;
 .timescale -9 -12;
    .port_info 0 /OUTPUT 1 "out";
    .port_info 1 /INPUT 1 "a";
    .port_info 2 /INPUT 1 "b";
L_0x13df26410 .functor NAND 1, L_0x13df262f0, L_0x13df262f0, C4<1>, C4<1>;
L_0x13df26500 .functor NAND 1, L_0x13df26a30, L_0x13df26a30, C4<1>, C4<1>;
L_0x13df26670 .functor NAND 1, L_0x13df26410, L_0x13df26a30, C4<1>, C4<1>;
L_0x13df266e0 .functor NAND 1, L_0x13df26500, L_0x13df262f0, C4<1>, C4<1>;
L_0x13df26790 .functor NAND 1, L_0x13df26670, L_0x13df266e0, C4<1>, C4<1>;
v0x13df1e310_0 .net "a", 0 0, L_0x13df262f0;  alias, 1 drivers
v0x13df1e3c0_0 .net "b", 0 0, L_0x13df26a30;  alias, 1 drivers
v0x13df1e450_0 .net "na", 0 0, L_0x13df26410;  1 drivers
v0x13df1e500_0 .net "nb", 0 0, L_0x13df26500;  1 drivers
v0x13df1e590_0 .net "out", 0 0, L_0x13df26790;  alias, 1 drivers
v0x13df1e670_0 .net "temp1", 0 0, L_0x13df26670;  1 drivers
v0x13df1e710_0 .net "temp2", 0 0, L_0x13df266e0;  1 drivers
S_0x13df1ed40 .scope module, "F4" "Full_Adder" 2 61, 2 41 0, S_0x13df041c0;
 .timescale -9 -12;
    .port_info 0 /INPUT 1 "a";
    .port_info 1 /INPUT 1 "b";
    .port_info 2 /INPUT 1 "cin";
    .port_info 3 /OUTPUT 1 "cout";
    .port_info 4 /OUTPUT 1 "sum";
v0x13df22030_0 .net "a", 0 0, L_0x13df28050;  1 drivers
v0x13df22150_0 .net "b", 0 0, L_0x13df28170;  1 drivers
v0x13df22260_0 .net "cin", 0 0, L_0x13df282f0;  1 drivers
v0x13df22370_0 .net "cout", 0 0, L_0x13df27550;  alias, 1 drivers
v0x13df22400_0 .net "sum", 0 0, L_0x13df27ef0;  1 drivers
v0x13df22490_0 .net "temp1", 0 0, L_0x13df27a50;  1 drivers
S_0x13df1ef80 .scope module, "M1" "Majority" 2 45, 2 30 0, S_0x13df1ed40;
 .timescale -9 -12;
    .port_info 0 /INPUT 1 "a";
    .port_info 1 /INPUT 1 "b";
    .port_info 2 /INPUT 1 "c";
    .port_info 3 /OUTPUT 1 "out";
v0x13df20c60_0 .net "a", 0 0, L_0x13df28050;  alias, 1 drivers
v0x13df20d40_0 .net "b", 0 0, L_0x13df28170;  alias, 1 drivers
v0x13df20e10_0 .net "c", 0 0, L_0x13df282f0;  alias, 1 drivers
v0x13df20ee0_0 .net "out", 0 0, L_0x13df27550;  alias, 1 drivers
v0x13df20f70_0 .net "temp1", 0 0, L_0x13df26df0;  1 drivers
v0x13df21080_0 .net "temp2", 0 0, L_0x13df26ed0;  1 drivers
v0x13df21150_0 .net "temp3", 0 0, L_0x13df26fb0;  1 drivers
v0x13df21220_0 .net "temp4", 0 0, L_0x13df27280;  1 drivers
S_0x13df1f1a0 .scope module, "A1" "AND" 2 34, 2 2 0, S_0x13df1ef80;
 .timescale -9 -12;
    .port_info 0 /OUTPUT 1 "out";
    .port_info 1 /INPUT 1 "a";
    .port_info 2 /INPUT 1 "b";
L_0x13df26d80 .functor NAND 1, L_0x13df28050, L_0x13df28170, C4<1>, C4<1>;
L_0x13df26df0 .functor NAND 1, L_0x13df26d80, L_0x13df26d80, C4<1>, C4<1>;
v0x13df1f3d0_0 .net "a", 0 0, L_0x13df28050;  alias, 1 drivers
v0x13df1f470_0 .net "b", 0 0, L_0x13df28170;  alias, 1 drivers
v0x13df1f510_0 .net "out", 0 0, L_0x13df26df0;  alias, 1 drivers
v0x13df1f5c0_0 .net "temp", 0 0, L_0x13df26d80;  1 drivers
S_0x13df1f6b0 .scope module, "A2" "AND" 2 35, 2 2 0, S_0x13df1ef80;
 .timescale -9 -12;
    .port_info 0 /OUTPUT 1 "out";
    .port_info 1 /INPUT 1 "a";
    .port_info 2 /INPUT 1 "b";
L_0x13df26e60 .functor NAND 1, L_0x13df28050, L_0x13df282f0, C4<1>, C4<1>;
L_0x13df26ed0 .functor NAND 1, L_0x13df26e60, L_0x13df26e60, C4<1>, C4<1>;
v0x13df1f8d0_0 .net "a", 0 0, L_0x13df28050;  alias, 1 drivers
v0x13df1f980_0 .net "b", 0 0, L_0x13df282f0;  alias, 1 drivers
v0x13df1fa10_0 .net "out", 0 0, L_0x13df26ed0;  alias, 1 drivers
v0x13df1fac0_0 .net "temp", 0 0, L_0x13df26e60;  1 drivers
S_0x13df1fbb0 .scope module, "A3" "AND" 2 36, 2 2 0, S_0x13df1ef80;
 .timescale -9 -12;
    .port_info 0 /OUTPUT 1 "out";
    .port_info 1 /INPUT 1 "a";
    .port_info 2 /INPUT 1 "b";
L_0x13df26f40 .functor NAND 1, L_0x13df28170, L_0x13df282f0, C4<1>, C4<1>;
L_0x13df26fb0 .functor NAND 1, L_0x13df26f40, L_0x13df26f40, C4<1>, C4<1>;
v0x13df1fde0_0 .net "a", 0 0, L_0x13df28170;  alias, 1 drivers
v0x13df1fe90_0 .net "b", 0 0, L_0x13df282f0;  alias, 1 drivers
v0x13df1ff40_0 .net "out", 0 0, L_0x13df26fb0;  alias, 1 drivers
v0x13df1fff0_0 .net "temp", 0 0, L_0x13df26f40;  1 drivers
S_0x13df200c0 .scope module, "O1" "OR" 2 37, 2 10 0, S_0x13df1ef80;
 .timescale -9 -12;
    .port_info 0 /OUTPUT 1 "out";
    .port_info 1 /INPUT 1 "a";
    .port_info 2 /INPUT 1 "b";
L_0x13df27060 .functor NAND 1, L_0x13df26df0, L_0x13df26df0, C4<1>, C4<1>;
L_0x13df27150 .functor NAND 1, L_0x13df26ed0, L_0x13df26ed0, C4<1>, C4<1>;
L_0x13df27280 .functor NAND 1, L_0x13df27060, L_0x13df27150, C4<1>, C4<1>;
v0x13df202d0_0 .net "a", 0 0, L_0x13df26df0;  alias, 1 drivers
v0x13df20390_0 .net "b", 0 0, L_0x13df26ed0;  alias, 1 drivers
v0x13df20440_0 .net "out", 0 0, L_0x13df27280;  alias, 1 drivers
v0x13df204f0_0 .net "temp1", 0 0, L_0x13df27060;  1 drivers
v0x13df20580_0 .net "temp2", 0 0, L_0x13df27150;  1 drivers
S_0x13df20680 .scope module, "O2" "OR" 2 38, 2 10 0, S_0x13df1ef80;
 .timescale -9 -12;
    .port_info 0 /OUTPUT 1 "out";
    .port_info 1 /INPUT 1 "a";
    .port_info 2 /INPUT 1 "b";
L_0x13df27330 .functor NAND 1, L_0x13df27280, L_0x13df27280, C4<1>, C4<1>;
L_0x13df27420 .functor NAND 1, L_0x13df26fb0, L_0x13df26fb0, C4<1>, C4<1>;
L_0x13df27550 .functor NAND 1, L_0x13df27330, L_0x13df27420, C4<1>, C4<1>;
v0x13df208d0_0 .net "a", 0 0, L_0x13df27280;  alias, 1 drivers
v0x13df20980_0 .net "b", 0 0, L_0x13df26fb0;  alias, 1 drivers
v0x13df20a30_0 .net "out", 0 0, L_0x13df27550;  alias, 1 drivers
v0x13df20ac0_0 .net "temp1", 0 0, L_0x13df27330;  1 drivers
v0x13df20b50_0 .net "temp2", 0 0, L_0x13df27420;  1 drivers
S_0x13df212f0 .scope module, "X1" "XOR" 2 46, 2 19 0, S_0x13df1ed40;
 .timescale -9 -12;
    .port_info 0 /OUTPUT 1 "out";
    .port_info 1 /INPUT 1 "a";
    .port_info 2 /INPUT 1 "b";
L_0x13df27640 .functor NAND 1, L_0x13df28050, L_0x13df28050, C4<1>, C4<1>;
L_0x13df277b0 .functor NAND 1, L_0x13df28170, L_0x13df28170, C4<1>, C4<1>;
L_0x13df220d0 .functor NAND 1, L_0x13df27640, L_0x13df28170, C4<1>, C4<1>;
L_0x13df279a0 .functor NAND 1, L_0x13df277b0, L_0x13df28050, C4<1>, C4<1>;
L_0x13df27a50 .functor NAND 1, L_0x13df220d0, L_0x13df279a0, C4<1>, C4<1>;
v0x13df21500_0 .net "a", 0 0, L_0x13df28050;  alias, 1 drivers
v0x13df21590_0 .net "b", 0 0, L_0x13df28170;  alias, 1 drivers
v0x13df21620_0 .net "na", 0 0, L_0x13df27640;  1 drivers
v0x13df216b0_0 .net "nb", 0 0, L_0x13df277b0;  1 drivers
v0x13df21740_0 .net "out", 0 0, L_0x13df27a50;  alias, 1 drivers
v0x13df21810_0 .net "temp1", 0 0, L_0x13df220d0;  1 drivers
v0x13df218a0_0 .net "temp2", 0 0, L_0x13df279a0;  1 drivers
S_0x13df21930 .scope module, "X2" "XOR" 2 47, 2 19 0, S_0x13df1ed40;
 .timescale -9 -12;
    .port_info 0 /OUTPUT 1 "out";
    .port_info 1 /INPUT 1 "a";
    .port_info 2 /INPUT 1 "b";
L_0x13df27b70 .functor NAND 1, L_0x13df27a50, L_0x13df27a50, C4<1>, C4<1>;
L_0x13df27c60 .functor NAND 1, L_0x13df282f0, L_0x13df282f0, C4<1>, C4<1>;
L_0x13df27dd0 .functor NAND 1, L_0x13df27b70, L_0x13df282f0, C4<1>, C4<1>;
L_0x13df27e40 .functor NAND 1, L_0x13df27c60, L_0x13df27a50, C4<1>, C4<1>;
L_0x13df27ef0 .functor NAND 1, L_0x13df27dd0, L_0x13df27e40, C4<1>, C4<1>;
v0x13df21b60_0 .net "a", 0 0, L_0x13df27a50;  alias, 1 drivers
v0x13df21c10_0 .net "b", 0 0, L_0x13df282f0;  alias, 1 drivers
v0x13df21ca0_0 .net "na", 0 0, L_0x13df27b70;  1 drivers
v0x13df21d50_0 .net "nb", 0 0, L_0x13df27c60;  1 drivers
v0x13df21de0_0 .net "out", 0 0, L_0x13df27ef0;  alias, 1 drivers
v0x13df21ec0_0 .net "temp1", 0 0, L_0x13df27dd0;  1 drivers
v0x13df21f60_0 .net "temp2", 0 0, L_0x13df27e40;  1 drivers
# The file index is used to find the file name in the following table.
:file_names 3;
    "N/A";
    "<interactive>";
    "Ripple_Carry_Adder.v";
