#! /opt/local/bin/vvp
:ivl_version "11.0 (stable)" "(v11_0)";
:ivl_delay_selection "TYPICAL";
:vpi_time_precision - 12;
:vpi_module "/opt/local/lib/ivl/system.vpi";
:vpi_module "/opt/local/lib/ivl/vhdl_sys.vpi";
:vpi_module "/opt/local/lib/ivl/vhdl_textio.vpi";
:vpi_module "/opt/local/lib/ivl/v2005_math.vpi";
:vpi_module "/opt/local/lib/ivl/va_math.vpi";
S_0x13a764d90 .scope module, "Carry_Look_Ahead_Adder_8bit_t" "Carry_Look_Ahead_Adder_8bit_t" 2 3;
 .timescale -9 -12;
v0x13a78a4f0_0 .var "a", 7 0;
v0x13a78a5a0_0 .var "b", 7 0;
v0x13a78a630_0 .var "cin", 0 0;
v0x13a78a6e0_0 .net "cout", 0 0, L_0x13a796d50;  1 drivers
v0x13a78a790_0 .net "sum", 7 0, L_0x13a79b2b0;  1 drivers
S_0x13a764330 .scope module, "adder" "Carry_Look_Ahead_Adder_8bit" 2 10, 3 76 0, S_0x13a764d90;
 .timescale -9 -12;
    .port_info 0 /INPUT 8 "a";
    .port_info 1 /INPUT 8 "b";
    .port_info 2 /INPUT 1 "c0";
    .port_info 3 /OUTPUT 8 "s";
    .port_info 4 /OUTPUT 1 "c8";
v0x13a789b30_0 .net *"_ivl_54", 0 0, L_0x13a798cd0;  1 drivers
v0x13a789bf0_0 .net "a", 7 0, v0x13a78a4f0_0;  1 drivers
v0x13a789c90_0 .net "b", 7 0, v0x13a78a5a0_0;  1 drivers
v0x13a789d40_0 .net "c0", 0 0, v0x13a78a630_0;  1 drivers
v0x13a789dd0_0 .net "c8", 0 0, L_0x13a796d50;  alias, 1 drivers
v0x13a789eb0_0 .net "cout", 7 0, L_0x13a796cb0;  1 drivers
v0x13a789f60_0 .net "g", 7 0, L_0x13a78ece0;  1 drivers
v0x13a78a010_0 .net "g03", 0 0, L_0x13a793130;  1 drivers
v0x13a78a0e0_0 .net "g47", 0 0, L_0x13a796750;  1 drivers
v0x13a78a1f0_0 .net "p", 7 0, L_0x13a78cca0;  1 drivers
v0x13a78a280_0 .net "p03", 0 0, L_0x13a790740;  1 drivers
v0x13a78a350_0 .net "p47", 0 0, L_0x13a793be0;  1 drivers
v0x13a78a420_0 .net "s", 7 0, L_0x13a79b2b0;  alias, 1 drivers
LS_0x13a78cca0_0_0 .concat [ 1 1 1 1], L_0x13a78ac00, L_0x13a78b080, L_0x13a78b500, L_0x13a78b980;
LS_0x13a78cca0_0_4 .concat [ 1 1 1 1], L_0x13a78be00, L_0x13a78c280, L_0x13a78c700, L_0x13a78cb80;
L_0x13a78cca0 .concat [ 4 4 0 0], LS_0x13a78cca0_0_0, LS_0x13a78cca0_0_4;
L_0x13a78cf90 .part v0x13a78a4f0_0, 0, 1;
L_0x13a78d0b0 .part v0x13a78a4f0_0, 1, 1;
L_0x13a78d1d0 .part v0x13a78a4f0_0, 2, 1;
L_0x13a78d370 .part v0x13a78a4f0_0, 3, 1;
L_0x13a78d490 .part v0x13a78a4f0_0, 4, 1;
L_0x13a78d5b0 .part v0x13a78a4f0_0, 5, 1;
L_0x13a78d6d0 .part v0x13a78a4f0_0, 6, 1;
L_0x13a78d8f0 .part v0x13a78a4f0_0, 7, 1;
L_0x13a78d9e0 .part v0x13a78a5a0_0, 0, 1;
L_0x13a78db00 .part v0x13a78a5a0_0, 1, 1;
L_0x13a78dc80 .part v0x13a78a5a0_0, 2, 1;
L_0x13a78de20 .part v0x13a78a5a0_0, 3, 1;
L_0x13a78dfb0 .part v0x13a78a5a0_0, 4, 1;
L_0x13a78e0d0 .part v0x13a78a5a0_0, 5, 1;
L_0x13a78e270 .part v0x13a78a5a0_0, 6, 1;
L_0x13a78e490 .part v0x13a78a5a0_0, 7, 1;
LS_0x13a78ece0_0_0 .concat [ 1 1 1 1], L_0x13a78e1f0, L_0x13a78e630, L_0x13a78e710, L_0x13a78e7f0;
LS_0x13a78ece0_0_4 .concat [ 1 1 1 1], L_0x13a78e8d0, L_0x13a78e9b0, L_0x13a78ea90, L_0x13a78ebf0;
L_0x13a78ece0 .concat [ 4 4 0 0], LS_0x13a78ece0_0_0, LS_0x13a78ece0_0_4;
L_0x13a78efd0 .part v0x13a78a4f0_0, 0, 1;
L_0x13a78f150 .part v0x13a78a4f0_0, 1, 1;
L_0x13a78f230 .part v0x13a78a4f0_0, 2, 1;
L_0x13a78f0b0 .part v0x13a78a4f0_0, 3, 1;
L_0x13a78f380 .part v0x13a78a4f0_0, 4, 1;
L_0x13a78f520 .part v0x13a78a4f0_0, 5, 1;
L_0x13a78f2d0 .part v0x13a78a4f0_0, 6, 1;
L_0x13a78f840 .part v0x13a78a4f0_0, 7, 1;
L_0x13a78f460 .part v0x13a78a5a0_0, 0, 1;
L_0x13a78f960 .part v0x13a78a5a0_0, 1, 1;
L_0x13a78fa40 .part v0x13a78a5a0_0, 2, 1;
L_0x13a78fb20 .part v0x13a78a5a0_0, 3, 1;
L_0x13a78fc00 .part v0x13a78a5a0_0, 4, 1;
L_0x13a78fca0 .part v0x13a78a5a0_0, 5, 1;
L_0x13a78fd80 .part v0x13a78a5a0_0, 6, 1;
L_0x13a78d7f0 .part v0x13a78a5a0_0, 7, 1;
L_0x13a793420 .part L_0x13a78cca0, 0, 4;
L_0x13a792e20 .part L_0x13a78ece0, 0, 4;
L_0x13a796a40 .part L_0x13a78cca0, 4, 4;
L_0x13a793500 .part L_0x13a78ece0, 4, 4;
L_0x13a796c10 .part L_0x13a796cb0, 4, 1;
L_0x13a798910 .concat [ 1 1 0 0], L_0x13a790740, L_0x13a793be0;
L_0x13a798ab0 .concat [ 1 1 0 0], L_0x13a793130, L_0x13a796750;
L_0x13a796cb0 .concat8 [ 1 3 1 3], L_0x13a78e400, L_0x13a792880, L_0x13a798cd0, L_0x13a795ea0;
L_0x13a796d50 .part L_0x13a798640, 1, 1;
L_0x13a798cd0 .part L_0x13a798640, 0, 1;
LS_0x13a79b2b0_0_0 .concat [ 1 1 1 1], L_0x13a799210, L_0x13a799690, L_0x13a799b10, L_0x13a799f90;
LS_0x13a79b2b0_0_4 .concat [ 1 1 1 1], L_0x13a79a410, L_0x13a79a890, L_0x13a79ad10, L_0x13a79b190;
L_0x13a79b2b0 .concat [ 4 4 0 0], LS_0x13a79b2b0_0_0, LS_0x13a79b2b0_0_4;
L_0x13a798e60 .part L_0x13a796cb0, 0, 1;
L_0x13a79b750 .part L_0x13a796cb0, 1, 1;
L_0x13a79b5e0 .part L_0x13a796cb0, 2, 1;
L_0x13a79b9f0 .part L_0x13a796cb0, 3, 1;
L_0x13a79b870 .part L_0x13a796cb0, 4, 1;
L_0x13a79bca0 .part L_0x13a796cb0, 5, 1;
L_0x13a79bb10 .part L_0x13a796cb0, 6, 1;
L_0x13a79bbb0 .part L_0x13a796cb0, 7, 1;
L_0x13a79bec0 .part L_0x13a78cca0, 0, 1;
L_0x13a79c290 .part L_0x13a78cca0, 1, 1;
L_0x13a79c0e0 .part L_0x13a78cca0, 2, 1;
L_0x13a79c570 .part L_0x13a78cca0, 3, 1;
L_0x13a79c3b0 .part L_0x13a78cca0, 4, 1;
L_0x13a79c4d0 .part L_0x13a78cca0, 5, 1;
L_0x13a79c610 .part L_0x13a78cca0, 6, 1;
L_0x13a79c730 .part L_0x13a78cca0, 7, 1;
S_0x13a75ba10 .scope module, "a1[0]" "AND" 3 85, 3 2 0, S_0x13a764330;
 .timescale -9 -12;
    .port_info 0 /OUTPUT 1 "out";
    .port_info 1 /INPUT 1 "a";
    .port_info 2 /INPUT 1 "b";
L_0x13a78df40 .functor NAND 1, L_0x13a78efd0, L_0x13a78f460, C4<1>, C4<1>;
L_0x13a78e1f0 .functor NAND 1, L_0x13a78df40, L_0x13a78df40, C4<1>, C4<1>;
v0x13a757760_0 .net "a", 0 0, L_0x13a78efd0;  1 drivers
v0x13a771ea0_0 .net "b", 0 0, L_0x13a78f460;  1 drivers
v0x13a771f40_0 .net "out", 0 0, L_0x13a78e1f0;  1 drivers
v0x13a771ff0_0 .net "temp", 0 0, L_0x13a78df40;  1 drivers
S_0x13a7720e0 .scope module, "a1[1]" "AND" 3 85, 3 2 0, S_0x13a764330;
 .timescale -9 -12;
    .port_info 0 /OUTPUT 1 "out";
    .port_info 1 /INPUT 1 "a";
    .port_info 2 /INPUT 1 "b";
L_0x13a78e5c0 .functor NAND 1, L_0x13a78f150, L_0x13a78f960, C4<1>, C4<1>;
L_0x13a78e630 .functor NAND 1, L_0x13a78e5c0, L_0x13a78e5c0, C4<1>, C4<1>;
v0x13a772310_0 .net "a", 0 0, L_0x13a78f150;  1 drivers
v0x13a7723b0_0 .net "b", 0 0, L_0x13a78f960;  1 drivers
v0x13a772450_0 .net "out", 0 0, L_0x13a78e630;  1 drivers
v0x13a772500_0 .net "temp", 0 0, L_0x13a78e5c0;  1 drivers
S_0x13a7725f0 .scope module, "a1[2]" "AND" 3 85, 3 2 0, S_0x13a764330;
 .timescale -9 -12;
    .port_info 0 /OUTPUT 1 "out";
    .port_info 1 /INPUT 1 "a";
    .port_info 2 /INPUT 1 "b";
L_0x13a78e6a0 .functor NAND 1, L_0x13a78f230, L_0x13a78fa40, C4<1>, C4<1>;
L_0x13a78e710 .functor NAND 1, L_0x13a78e6a0, L_0x13a78e6a0, C4<1>, C4<1>;
v0x13a772830_0 .net "a", 0 0, L_0x13a78f230;  1 drivers
v0x13a7728d0_0 .net "b", 0 0, L_0x13a78fa40;  1 drivers
v0x13a772970_0 .net "out", 0 0, L_0x13a78e710;  1 drivers
v0x13a772a20_0 .net "temp", 0 0, L_0x13a78e6a0;  1 drivers
S_0x13a772b10 .scope module, "a1[3]" "AND" 3 85, 3 2 0, S_0x13a764330;
 .timescale -9 -12;
    .port_info 0 /OUTPUT 1 "out";
    .port_info 1 /INPUT 1 "a";
    .port_info 2 /INPUT 1 "b";
L_0x13a78e780 .functor NAND 1, L_0x13a78f0b0, L_0x13a78fb20, C4<1>, C4<1>;
L_0x13a78e7f0 .functor NAND 1, L_0x13a78e780, L_0x13a78e780, C4<1>, C4<1>;
v0x13a772d30_0 .net "a", 0 0, L_0x13a78f0b0;  1 drivers
v0x13a772de0_0 .net "b", 0 0, L_0x13a78fb20;  1 drivers
v0x13a772e80_0 .net "out", 0 0, L_0x13a78e7f0;  1 drivers
v0x13a772f30_0 .net "temp", 0 0, L_0x13a78e780;  1 drivers
S_0x13a773020 .scope module, "a1[4]" "AND" 3 85, 3 2 0, S_0x13a764330;
 .timescale -9 -12;
    .port_info 0 /OUTPUT 1 "out";
    .port_info 1 /INPUT 1 "a";
    .port_info 2 /INPUT 1 "b";
L_0x13a78e860 .functor NAND 1, L_0x13a78f380, L_0x13a78fc00, C4<1>, C4<1>;
L_0x13a78e8d0 .functor NAND 1, L_0x13a78e860, L_0x13a78e860, C4<1>, C4<1>;
v0x13a773280_0 .net "a", 0 0, L_0x13a78f380;  1 drivers
v0x13a773310_0 .net "b", 0 0, L_0x13a78fc00;  1 drivers
v0x13a7733b0_0 .net "out", 0 0, L_0x13a78e8d0;  1 drivers
v0x13a773460_0 .net "temp", 0 0, L_0x13a78e860;  1 drivers
S_0x13a773550 .scope module, "a1[5]" "AND" 3 85, 3 2 0, S_0x13a764330;
 .timescale -9 -12;
    .port_info 0 /OUTPUT 1 "out";
    .port_info 1 /INPUT 1 "a";
    .port_info 2 /INPUT 1 "b";
L_0x13a78e940 .functor NAND 1, L_0x13a78f520, L_0x13a78fca0, C4<1>, C4<1>;
L_0x13a78e9b0 .functor NAND 1, L_0x13a78e940, L_0x13a78e940, C4<1>, C4<1>;
v0x13a773770_0 .net "a", 0 0, L_0x13a78f520;  1 drivers
v0x13a773820_0 .net "b", 0 0, L_0x13a78fca0;  1 drivers
v0x13a7738c0_0 .net "out", 0 0, L_0x13a78e9b0;  1 drivers
v0x13a773970_0 .net "temp", 0 0, L_0x13a78e940;  1 drivers
S_0x13a773a60 .scope module, "a1[6]" "AND" 3 85, 3 2 0, S_0x13a764330;
 .timescale -9 -12;
    .port_info 0 /OUTPUT 1 "out";
    .port_info 1 /INPUT 1 "a";
    .port_info 2 /INPUT 1 "b";
L_0x13a78ea20 .functor NAND 1, L_0x13a78f2d0, L_0x13a78fd80, C4<1>, C4<1>;
L_0x13a78ea90 .functor NAND 1, L_0x13a78ea20, L_0x13a78ea20, C4<1>, C4<1>;
v0x13a773c80_0 .net "a", 0 0, L_0x13a78f2d0;  1 drivers
v0x13a773d30_0 .net "b", 0 0, L_0x13a78fd80;  1 drivers
v0x13a773dd0_0 .net "out", 0 0, L_0x13a78ea90;  1 drivers
v0x13a773e80_0 .net "temp", 0 0, L_0x13a78ea20;  1 drivers
S_0x13a773f70 .scope module, "a1[7]" "AND" 3 85, 3 2 0, S_0x13a764330;
 .timescale -9 -12;
    .port_info 0 /OUTPUT 1 "out";
    .port_info 1 /INPUT 1 "a";
    .port_info 2 /INPUT 1 "b";
L_0x13a78eb40 .functor NAND 1, L_0x13a78f840, L_0x13a78d7f0, C4<1>, C4<1>;
L_0x13a78ebf0 .functor NAND 1, L_0x13a78eb40, L_0x13a78eb40, C4<1>, C4<1>;
v0x13a774190_0 .net "a", 0 0, L_0x13a78f840;  1 drivers
v0x13a774240_0 .net "b", 0 0, L_0x13a78d7f0;  1 drivers
v0x13a7742e0_0 .net "out", 0 0, L_0x13a78ebf0;  1 drivers
v0x13a774390_0 .net "temp", 0 0, L_0x13a78eb40;  1 drivers
S_0x13a774480 .scope module, "a2" "AND" 3 86, 3 2 0, S_0x13a764330;
 .timescale -9 -12;
    .port_info 0 /OUTPUT 1 "out";
    .port_info 1 /INPUT 1 "a";
    .port_info 2 /INPUT 1 "b";
L_0x13a78e390 .functor NAND 1, v0x13a78a630_0, v0x13a78a630_0, C4<1>, C4<1>;
L_0x13a78e400 .functor NAND 1, L_0x13a78e390, L_0x13a78e390, C4<1>, C4<1>;
v0x13a774710_0 .net "a", 0 0, v0x13a78a630_0;  alias, 1 drivers
v0x13a7747c0_0 .net "b", 0 0, v0x13a78a630_0;  alias, 1 drivers
v0x13a774860_0 .net "out", 0 0, L_0x13a78e400;  1 drivers
v0x13a7748f0_0 .net "temp", 0 0, L_0x13a78e390;  1 drivers
S_0x13a7749c0 .scope module, "c1" "Carry_Look_Ahead_Generator_4bit" 3 87, 3 46 0, S_0x13a764330;
 .timescale -9 -12;
    .port_info 0 /INPUT 4 "p";
    .port_info 1 /INPUT 4 "g";
    .port_info 2 /INPUT 1 "cin";
    .port_info 3 /OUTPUT 3 "cout";
    .port_info 4 /OUTPUT 1 "p03";
    .port_info 5 /OUTPUT 1 "g03";
o0x140041f30 .functor BUFZ 6, C4<zzzzzz>; HiZ drive
; Elide local net with no drivers, v0x13a779c90_0 name=_ivl_71
v0x13a779d50_0 .net "cin", 0 0, v0x13a78a630_0;  alias, 1 drivers
v0x13a779df0_0 .net "cout", 2 0, L_0x13a792880;  1 drivers
v0x13a779e80_0 .net "g", 3 0, L_0x13a792e20;  1 drivers
v0x13a779f30_0 .net "g03", 0 0, L_0x13a793130;  alias, 1 drivers
v0x13a77a000_0 .net "p", 3 0, L_0x13a793420;  1 drivers
v0x13a77a0a0_0 .net "p01", 0 0, L_0x13a7901a0;  1 drivers
v0x13a77a130_0 .net "p02", 0 0, L_0x13a790500;  1 drivers
v0x13a77a1c0_0 .net "p03", 0 0, L_0x13a790740;  alias, 1 drivers
v0x13a77a2f0_0 .net "temp", 13 0, L_0x13a79c8e0;  1 drivers
L_0x13a790290 .part L_0x13a793420, 0, 1;
L_0x13a790370 .part L_0x13a793420, 1, 1;
L_0x13a7905f0 .part L_0x13a793420, 2, 1;
L_0x13a7907f0 .part L_0x13a793420, 3, 1;
L_0x13a790a30 .part L_0x13a793420, 0, 1;
L_0x13a790d90 .part L_0x13a792e20, 0, 1;
L_0x13a790e30 .part L_0x13a79c8e0, 0, 1;
L_0x13a7911f0 .part L_0x13a792e20, 0, 1;
L_0x13a791310 .part L_0x13a793420, 1, 1;
L_0x13a791690 .part L_0x13a792e20, 1, 1;
L_0x13a791730 .part L_0x13a79c8e0, 2, 1;
L_0x13a791ae0 .part L_0x13a79c8e0, 1, 1;
L_0x13a791b80 .part L_0x13a79c8e0, 3, 1;
L_0x13a791fa0 .part L_0x13a79c8e0, 3, 1;
L_0x13a792080 .part L_0x13a793420, 2, 1;
L_0x13a792420 .part L_0x13a792e20, 2, 1;
L_0x13a792540 .part L_0x13a79c8e0, 5, 1;
L_0x13a792880 .concat8 [ 1 1 1 0], L_0x13a790ca0, L_0x13a7919d0, L_0x13a792790;
L_0x13a792a00 .part L_0x13a79c8e0, 4, 1;
L_0x13a792b40 .part L_0x13a79c8e0, 6, 1;
L_0x13a792d40 .part L_0x13a79c8e0, 6, 1;
L_0x13a792aa0 .part L_0x13a793420, 3, 1;
L_0x13a793220 .part L_0x13a792e20, 3, 1;
L_0x13a793380 .part L_0x13a79c8e0, 7, 1;
LS_0x13a79c8e0_0_0 .concat [ 1 1 1 1], L_0x13a7909c0, L_0x13a790f80, L_0x13a791100, L_0x13a791580;
LS_0x13a79c8e0_0_4 .concat [ 1 1 1 1], L_0x13a7917d0, L_0x13a791eb0, L_0x13a792310, L_0x13a791c20;
LS_0x13a79c8e0_0_8 .concat [ 6 0 0 0], o0x140041f30;
L_0x13a79c8e0 .concat [ 4 4 6 0], LS_0x13a79c8e0_0_0, LS_0x13a79c8e0_0_4, LS_0x13a79c8e0_0_8;
S_0x13a774c40 .scope module, "a1" "AND" 3 54, 3 2 0, S_0x13a7749c0;
 .timescale -9 -12;
    .port_info 0 /OUTPUT 1 "out";
    .port_info 1 /INPUT 1 "a";
    .port_info 2 /INPUT 1 "b";
L_0x13a790130 .functor NAND 1, L_0x13a790290, L_0x13a790370, C4<1>, C4<1>;
L_0x13a7901a0 .functor NAND 1, L_0x13a790130, L_0x13a790130, C4<1>, C4<1>;
v0x13a774e60_0 .net "a", 0 0, L_0x13a790290;  1 drivers
v0x13a774f10_0 .net "b", 0 0, L_0x13a790370;  1 drivers
v0x13a774fb0_0 .net "out", 0 0, L_0x13a7901a0;  alias, 1 drivers
v0x13a775060_0 .net "temp", 0 0, L_0x13a790130;  1 drivers
S_0x13a775150 .scope module, "a10" "AND" 3 66, 3 2 0, S_0x13a7749c0;
 .timescale -9 -12;
    .port_info 0 /OUTPUT 1 "out";
    .port_info 1 /INPUT 1 "a";
    .port_info 2 /INPUT 1 "b";
L_0x13a791d10 .functor NAND 1, L_0x13a790500, v0x13a78a630_0, C4<1>, C4<1>;
L_0x13a7917d0 .functor NAND 1, L_0x13a791d10, L_0x13a791d10, C4<1>, C4<1>;
v0x13a775370_0 .net "a", 0 0, L_0x13a790500;  alias, 1 drivers
v0x13a775410_0 .net "b", 0 0, v0x13a78a630_0;  alias, 1 drivers
v0x13a7754f0_0 .net "out", 0 0, L_0x13a7917d0;  1 drivers
v0x13a775580_0 .net "temp", 0 0, L_0x13a791d10;  1 drivers
S_0x13a775660 .scope module, "a11" "AND" 3 67, 3 2 0, S_0x13a7749c0;
 .timescale -9 -12;
    .port_info 0 /OUTPUT 1 "out";
    .port_info 1 /INPUT 1 "a";
    .port_info 2 /INPUT 1 "b";
L_0x13a791de0 .functor NAND 1, L_0x13a791fa0, L_0x13a792080, C4<1>, C4<1>;
L_0x13a791eb0 .functor NAND 1, L_0x13a791de0, L_0x13a791de0, C4<1>, C4<1>;
v0x13a775890_0 .net "a", 0 0, L_0x13a791fa0;  1 drivers
v0x13a775930_0 .net "b", 0 0, L_0x13a792080;  1 drivers
v0x13a7759d0_0 .net "out", 0 0, L_0x13a791eb0;  1 drivers
v0x13a775a80_0 .net "temp", 0 0, L_0x13a791de0;  1 drivers
S_0x13a775b70 .scope module, "a13" "AND" 3 71, 3 2 0, S_0x13a7749c0;
 .timescale -9 -12;
    .port_info 0 /OUTPUT 1 "out";
    .port_info 1 /INPUT 1 "a";
    .port_info 2 /INPUT 1 "b";
L_0x13a7925e0 .functor NAND 1, L_0x13a792d40, L_0x13a792aa0, C4<1>, C4<1>;
L_0x13a791c20 .functor NAND 1, L_0x13a7925e0, L_0x13a7925e0, C4<1>, C4<1>;
v0x13a775d80_0 .net "a", 0 0, L_0x13a792d40;  1 drivers
v0x13a775e30_0 .net "b", 0 0, L_0x13a792aa0;  1 drivers
v0x13a775ed0_0 .net "out", 0 0, L_0x13a791c20;  1 drivers
v0x13a775f80_0 .net "temp", 0 0, L_0x13a7925e0;  1 drivers
S_0x13a776070 .scope module, "a2" "AND" 3 55, 3 2 0, S_0x13a7749c0;
 .timescale -9 -12;
    .port_info 0 /OUTPUT 1 "out";
    .port_info 1 /INPUT 1 "a";
    .port_info 2 /INPUT 1 "b";
L_0x13a790490 .functor NAND 1, L_0x13a7901a0, L_0x13a7905f0, C4<1>, C4<1>;
L_0x13a790500 .functor NAND 1, L_0x13a790490, L_0x13a790490, C4<1>, C4<1>;
v0x13a7762c0_0 .net "a", 0 0, L_0x13a7901a0;  alias, 1 drivers
v0x13a776370_0 .net "b", 0 0, L_0x13a7905f0;  1 drivers
v0x13a776400_0 .net "out", 0 0, L_0x13a790500;  alias, 1 drivers
v0x13a7764d0_0 .net "temp", 0 0, L_0x13a790490;  1 drivers
S_0x13a776590 .scope module, "a3" "AND" 3 56, 3 2 0, S_0x13a7749c0;
 .timescale -9 -12;
    .port_info 0 /OUTPUT 1 "out";
    .port_info 1 /INPUT 1 "a";
    .port_info 2 /INPUT 1 "b";
L_0x13a7906d0 .functor NAND 1, L_0x13a790500, L_0x13a7907f0, C4<1>, C4<1>;
L_0x13a790740 .functor NAND 1, L_0x13a7906d0, L_0x13a7906d0, C4<1>, C4<1>;
v0x13a7767a0_0 .net "a", 0 0, L_0x13a790500;  alias, 1 drivers
v0x13a776880_0 .net "b", 0 0, L_0x13a7907f0;  1 drivers
v0x13a776920_0 .net "out", 0 0, L_0x13a790740;  alias, 1 drivers
v0x13a7769b0_0 .net "temp", 0 0, L_0x13a7906d0;  1 drivers
S_0x13a776aa0 .scope module, "a7" "AND" 3 58, 3 2 0, S_0x13a7749c0;
 .timescale -9 -12;
    .port_info 0 /OUTPUT 1 "out";
    .port_info 1 /INPUT 1 "a";
    .port_info 2 /INPUT 1 "b";
L_0x13a790950 .functor NAND 1, L_0x13a790a30, v0x13a78a630_0, C4<1>, C4<1>;
L_0x13a7909c0 .functor NAND 1, L_0x13a790950, L_0x13a790950, C4<1>, C4<1>;
v0x13a776cb0_0 .net "a", 0 0, L_0x13a790a30;  1 drivers
v0x13a776d60_0 .net "b", 0 0, v0x13a78a630_0;  alias, 1 drivers
v0x13a776e00_0 .net "out", 0 0, L_0x13a7909c0;  1 drivers
v0x13a776eb0_0 .net "temp", 0 0, L_0x13a790950;  1 drivers
S_0x13a776f90 .scope module, "a8" "AND" 3 61, 3 2 0, S_0x13a7749c0;
 .timescale -9 -12;
    .port_info 0 /OUTPUT 1 "out";
    .port_info 1 /INPUT 1 "a";
    .port_info 2 /INPUT 1 "b";
L_0x13a790f10 .functor NAND 1, L_0x13a7901a0, v0x13a78a630_0, C4<1>, C4<1>;
L_0x13a790f80 .functor NAND 1, L_0x13a790f10, L_0x13a790f10, C4<1>, C4<1>;
v0x13a7771a0_0 .net "a", 0 0, L_0x13a7901a0;  alias, 1 drivers
v0x13a777280_0 .net "b", 0 0, v0x13a78a630_0;  alias, 1 drivers
v0x13a7773a0_0 .net "out", 0 0, L_0x13a790f80;  1 drivers
v0x13a777430_0 .net "temp", 0 0, L_0x13a790f10;  1 drivers
S_0x13a7774d0 .scope module, "a9" "AND" 3 62, 3 2 0, S_0x13a7749c0;
 .timescale -9 -12;
    .port_info 0 /OUTPUT 1 "out";
    .port_info 1 /INPUT 1 "a";
    .port_info 2 /INPUT 1 "b";
L_0x13a791030 .functor NAND 1, L_0x13a7911f0, L_0x13a791310, C4<1>, C4<1>;
L_0x13a791100 .functor NAND 1, L_0x13a791030, L_0x13a791030, C4<1>, C4<1>;
v0x13a777760_0 .net "a", 0 0, L_0x13a7911f0;  1 drivers
v0x13a777810_0 .net "b", 0 0, L_0x13a791310;  1 drivers
v0x13a7778b0_0 .net "out", 0 0, L_0x13a791100;  1 drivers
v0x13a777940_0 .net "temp", 0 0, L_0x13a791030;  1 drivers
S_0x13a777a10 .scope module, "o1" "OR" 3 59, 3 10 0, S_0x13a7749c0;
 .timescale -9 -12;
    .port_info 0 /OUTPUT 1 "out";
    .port_info 1 /INPUT 1 "a";
    .port_info 2 /INPUT 1 "b";
L_0x13a790b40 .functor NAND 1, L_0x13a790d90, L_0x13a790d90, C4<1>, C4<1>;
L_0x13a790bf0 .functor NAND 1, L_0x13a790e30, L_0x13a790e30, C4<1>, C4<1>;
L_0x13a790ca0 .functor NAND 1, L_0x13a790b40, L_0x13a790bf0, C4<1>, C4<1>;
v0x13a777c20_0 .net "a", 0 0, L_0x13a790d90;  1 drivers
v0x13a777cd0_0 .net "b", 0 0, L_0x13a790e30;  1 drivers
v0x13a777d70_0 .net "out", 0 0, L_0x13a790ca0;  1 drivers
v0x13a777e20_0 .net "temp1", 0 0, L_0x13a790b40;  1 drivers
v0x13a777ec0_0 .net "temp2", 0 0, L_0x13a790bf0;  1 drivers
S_0x13a777fd0 .scope module, "o2" "OR" 3 63, 3 10 0, S_0x13a7749c0;
 .timescale -9 -12;
    .port_info 0 /OUTPUT 1 "out";
    .port_info 1 /INPUT 1 "a";
    .port_info 2 /INPUT 1 "b";
L_0x13a791400 .functor NAND 1, L_0x13a791690, L_0x13a791690, C4<1>, C4<1>;
L_0x13a7914b0 .functor NAND 1, L_0x13a791730, L_0x13a791730, C4<1>, C4<1>;
L_0x13a791580 .functor NAND 1, L_0x13a791400, L_0x13a7914b0, C4<1>, C4<1>;
v0x13a7781e0_0 .net "a", 0 0, L_0x13a791690;  1 drivers
v0x13a778290_0 .net "b", 0 0, L_0x13a791730;  1 drivers
v0x13a778330_0 .net "out", 0 0, L_0x13a791580;  1 drivers
v0x13a7783e0_0 .net "temp1", 0 0, L_0x13a791400;  1 drivers
v0x13a778480_0 .net "temp2", 0 0, L_0x13a7914b0;  1 drivers
S_0x13a778590 .scope module, "o3" "OR" 3 64, 3 10 0, S_0x13a7749c0;
 .timescale -9 -12;
    .port_info 0 /OUTPUT 1 "out";
    .port_info 1 /INPUT 1 "a";
    .port_info 2 /INPUT 1 "b";
L_0x13a791870 .functor NAND 1, L_0x13a791ae0, L_0x13a791ae0, C4<1>, C4<1>;
L_0x13a7918e0 .functor NAND 1, L_0x13a791b80, L_0x13a791b80, C4<1>, C4<1>;
L_0x13a7919d0 .functor NAND 1, L_0x13a791870, L_0x13a7918e0, C4<1>, C4<1>;
v0x13a7787a0_0 .net "a", 0 0, L_0x13a791ae0;  1 drivers
v0x13a778850_0 .net "b", 0 0, L_0x13a791b80;  1 drivers
v0x13a7788f0_0 .net "out", 0 0, L_0x13a7919d0;  1 drivers
v0x13a7789a0_0 .net "temp1", 0 0, L_0x13a791870;  1 drivers
v0x13a778a40_0 .net "temp2", 0 0, L_0x13a7918e0;  1 drivers
S_0x13a778b50 .scope module, "o5" "OR" 3 68, 3 10 0, S_0x13a7749c0;
 .timescale -9 -12;
    .port_info 0 /OUTPUT 1 "out";
    .port_info 1 /INPUT 1 "a";
    .port_info 2 /INPUT 1 "b";
L_0x13a791ca0 .functor NAND 1, L_0x13a792420, L_0x13a792420, C4<1>, C4<1>;
L_0x13a792220 .functor NAND 1, L_0x13a792540, L_0x13a792540, C4<1>, C4<1>;
L_0x13a792310 .functor NAND 1, L_0x13a791ca0, L_0x13a792220, C4<1>, C4<1>;
v0x13a778d60_0 .net "a", 0 0, L_0x13a792420;  1 drivers
v0x13a778e10_0 .net "b", 0 0, L_0x13a792540;  1 drivers
v0x13a778eb0_0 .net "out", 0 0, L_0x13a792310;  1 drivers
v0x13a778f60_0 .net "temp1", 0 0, L_0x13a791ca0;  1 drivers
v0x13a779000_0 .net "temp2", 0 0, L_0x13a792220;  1 drivers
S_0x13a779110 .scope module, "o6" "OR" 3 69, 3 10 0, S_0x13a7749c0;
 .timescale -9 -12;
    .port_info 0 /OUTPUT 1 "out";
    .port_info 1 /INPUT 1 "a";
    .port_info 2 /INPUT 1 "b";
L_0x13a792670 .functor NAND 1, L_0x13a792a00, L_0x13a792a00, C4<1>, C4<1>;
L_0x13a7926e0 .functor NAND 1, L_0x13a792b40, L_0x13a792b40, C4<1>, C4<1>;
L_0x13a792790 .functor NAND 1, L_0x13a792670, L_0x13a7926e0, C4<1>, C4<1>;
v0x13a779320_0 .net "a", 0 0, L_0x13a792a00;  1 drivers
v0x13a7793d0_0 .net "b", 0 0, L_0x13a792b40;  1 drivers
v0x13a779470_0 .net "out", 0 0, L_0x13a792790;  1 drivers
v0x13a779520_0 .net "temp1", 0 0, L_0x13a792670;  1 drivers
v0x13a7795c0_0 .net "temp2", 0 0, L_0x13a7926e0;  1 drivers
S_0x13a7796d0 .scope module, "o7" "OR" 3 72, 3 10 0, S_0x13a7749c0;
 .timescale -9 -12;
    .port_info 0 /OUTPUT 1 "out";
    .port_info 1 /INPUT 1 "a";
    .port_info 2 /INPUT 1 "b";
L_0x13a793010 .functor NAND 1, L_0x13a793220, L_0x13a793220, C4<1>, C4<1>;
L_0x13a793080 .functor NAND 1, L_0x13a793380, L_0x13a793380, C4<1>, C4<1>;
L_0x13a793130 .functor NAND 1, L_0x13a793010, L_0x13a793080, C4<1>, C4<1>;
v0x13a7798e0_0 .net "a", 0 0, L_0x13a793220;  1 drivers
v0x13a779990_0 .net "b", 0 0, L_0x13a793380;  1 drivers
v0x13a779a30_0 .net "out", 0 0, L_0x13a793130;  alias, 1 drivers
v0x13a779ae0_0 .net "temp1", 0 0, L_0x13a793010;  1 drivers
v0x13a779b80_0 .net "temp2", 0 0, L_0x13a793080;  1 drivers
S_0x13a77a3e0 .scope module, "c2" "Carry_Look_Ahead_Generator_4bit" 3 88, 3 46 0, S_0x13a764330;
 .timescale -9 -12;
    .port_info 0 /INPUT 4 "p";
    .port_info 1 /INPUT 4 "g";
    .port_info 2 /INPUT 1 "cin";
    .port_info 3 /OUTPUT 3 "cout";
    .port_info 4 /OUTPUT 1 "p03";
    .port_info 5 /OUTPUT 1 "g03";
o0x1400434f0 .functor BUFZ 6, C4<zzzzzz>; HiZ drive
; Elide local net with no drivers, v0x13a77f680_0 name=_ivl_71
v0x13a77f740_0 .net "cin", 0 0, L_0x13a796c10;  1 drivers
v0x13a77f7e0_0 .net "cout", 2 0, L_0x13a795ea0;  1 drivers
v0x13a77f870_0 .net "g", 3 0, L_0x13a793500;  1 drivers
v0x13a77f920_0 .net "g03", 0 0, L_0x13a796750;  alias, 1 drivers
v0x13a77f9f0_0 .net "p", 3 0, L_0x13a796a40;  1 drivers
v0x13a77fa90_0 .net "p01", 0 0, L_0x13a793620;  1 drivers
v0x13a77fb20_0 .net "p02", 0 0, L_0x13a793940;  1 drivers
v0x13a77fbb0_0 .net "p03", 0 0, L_0x13a793be0;  alias, 1 drivers
v0x13a77fce0_0 .net "temp", 13 0, L_0x13a79cd30;  1 drivers
L_0x13a793710 .part L_0x13a796a40, 0, 1;
L_0x13a7937b0 .part L_0x13a796a40, 1, 1;
L_0x13a793a50 .part L_0x13a796a40, 2, 1;
L_0x13a793cb0 .part L_0x13a796a40, 3, 1;
L_0x13a793f90 .part L_0x13a796a40, 0, 1;
L_0x13a794350 .part L_0x13a793500, 0, 1;
L_0x13a7943f0 .part L_0x13a79cd30, 0, 1;
L_0x13a794810 .part L_0x13a793500, 0, 1;
L_0x13a794930 .part L_0x13a796a40, 1, 1;
L_0x13a794cb0 .part L_0x13a793500, 1, 1;
L_0x13a794d50 .part L_0x13a79cd30, 2, 1;
L_0x13a795100 .part L_0x13a79cd30, 1, 1;
L_0x13a7951a0 .part L_0x13a79cd30, 3, 1;
L_0x13a7955c0 .part L_0x13a79cd30, 3, 1;
L_0x13a7956a0 .part L_0x13a796a40, 2, 1;
L_0x13a795a40 .part L_0x13a793500, 2, 1;
L_0x13a795b60 .part L_0x13a79cd30, 5, 1;
L_0x13a795ea0 .concat8 [ 1 1 1 0], L_0x13a794240, L_0x13a794ff0, L_0x13a795db0;
L_0x13a796020 .part L_0x13a79cd30, 4, 1;
L_0x13a796160 .part L_0x13a79cd30, 6, 1;
L_0x13a796360 .part L_0x13a79cd30, 6, 1;
L_0x13a7960c0 .part L_0x13a796a40, 3, 1;
L_0x13a796840 .part L_0x13a793500, 3, 1;
L_0x13a7969a0 .part L_0x13a79cd30, 7, 1;
LS_0x13a79cd30_0_0 .concat [ 1 1 1 1], L_0x13a793f00, L_0x13a794580, L_0x13a794720, L_0x13a794ba0;
LS_0x13a79cd30_0_4 .concat [ 1 1 1 1], L_0x13a794df0, L_0x13a7954d0, L_0x13a795930, L_0x13a795240;
LS_0x13a79cd30_0_8 .concat [ 6 0 0 0], o0x1400434f0;
L_0x13a79cd30 .concat [ 4 4 6 0], LS_0x13a79cd30_0_0, LS_0x13a79cd30_0_4, LS_0x13a79cd30_0_8;
S_0x13a77a630 .scope module, "a1" "AND" 3 54, 3 2 0, S_0x13a77a3e0;
 .timescale -9 -12;
    .port_info 0 /OUTPUT 1 "out";
    .port_info 1 /INPUT 1 "a";
    .port_info 2 /INPUT 1 "b";
L_0x13a790060 .functor NAND 1, L_0x13a793710, L_0x13a7937b0, C4<1>, C4<1>;
L_0x13a793620 .functor NAND 1, L_0x13a790060, L_0x13a790060, C4<1>, C4<1>;
v0x13a77a870_0 .net "a", 0 0, L_0x13a793710;  1 drivers
v0x13a77a920_0 .net "b", 0 0, L_0x13a7937b0;  1 drivers
v0x13a77a9c0_0 .net "out", 0 0, L_0x13a793620;  alias, 1 drivers
v0x13a77aa70_0 .net "temp", 0 0, L_0x13a790060;  1 drivers
S_0x13a77ab60 .scope module, "a10" "AND" 3 66, 3 2 0, S_0x13a77a3e0;
 .timescale -9 -12;
    .port_info 0 /OUTPUT 1 "out";
    .port_info 1 /INPUT 1 "a";
    .port_info 2 /INPUT 1 "b";
L_0x13a795330 .functor NAND 1, L_0x13a793940, L_0x13a796c10, C4<1>, C4<1>;
L_0x13a794df0 .functor NAND 1, L_0x13a795330, L_0x13a795330, C4<1>, C4<1>;
v0x13a77ad80_0 .net "a", 0 0, L_0x13a793940;  alias, 1 drivers
v0x13a77ae20_0 .net "b", 0 0, L_0x13a796c10;  alias, 1 drivers
v0x13a77aec0_0 .net "out", 0 0, L_0x13a794df0;  1 drivers
v0x13a77af70_0 .net "temp", 0 0, L_0x13a795330;  1 drivers
S_0x13a77b060 .scope module, "a11" "AND" 3 67, 3 2 0, S_0x13a77a3e0;
 .timescale -9 -12;
    .port_info 0 /OUTPUT 1 "out";
    .port_info 1 /INPUT 1 "a";
    .port_info 2 /INPUT 1 "b";
L_0x13a795400 .functor NAND 1, L_0x13a7955c0, L_0x13a7956a0, C4<1>, C4<1>;
L_0x13a7954d0 .functor NAND 1, L_0x13a795400, L_0x13a795400, C4<1>, C4<1>;
v0x13a77b290_0 .net "a", 0 0, L_0x13a7955c0;  1 drivers
v0x13a77b330_0 .net "b", 0 0, L_0x13a7956a0;  1 drivers
v0x13a77b3d0_0 .net "out", 0 0, L_0x13a7954d0;  1 drivers
v0x13a77b480_0 .net "temp", 0 0, L_0x13a795400;  1 drivers
S_0x13a77b570 .scope module, "a13" "AND" 3 71, 3 2 0, S_0x13a77a3e0;
 .timescale -9 -12;
    .port_info 0 /OUTPUT 1 "out";
    .port_info 1 /INPUT 1 "a";
    .port_info 2 /INPUT 1 "b";
L_0x13a795c00 .functor NAND 1, L_0x13a796360, L_0x13a7960c0, C4<1>, C4<1>;
L_0x13a795240 .functor NAND 1, L_0x13a795c00, L_0x13a795c00, C4<1>, C4<1>;
v0x13a77b780_0 .net "a", 0 0, L_0x13a796360;  1 drivers
v0x13a77b830_0 .net "b", 0 0, L_0x13a7960c0;  1 drivers
v0x13a77b8d0_0 .net "out", 0 0, L_0x13a795240;  1 drivers
v0x13a77b980_0 .net "temp", 0 0, L_0x13a795c00;  1 drivers
S_0x13a77ba70 .scope module, "a2" "AND" 3 55, 3 2 0, S_0x13a77a3e0;
 .timescale -9 -12;
    .port_info 0 /OUTPUT 1 "out";
    .port_info 1 /INPUT 1 "a";
    .port_info 2 /INPUT 1 "b";
L_0x13a7938d0 .functor NAND 1, L_0x13a793620, L_0x13a793a50, C4<1>, C4<1>;
L_0x13a793940 .functor NAND 1, L_0x13a7938d0, L_0x13a7938d0, C4<1>, C4<1>;
v0x13a77bcc0_0 .net "a", 0 0, L_0x13a793620;  alias, 1 drivers
v0x13a77bd70_0 .net "b", 0 0, L_0x13a793a50;  1 drivers
v0x13a77be00_0 .net "out", 0 0, L_0x13a793940;  alias, 1 drivers
v0x13a77bed0_0 .net "temp", 0 0, L_0x13a7938d0;  1 drivers
S_0x13a77bf90 .scope module, "a3" "AND" 3 56, 3 2 0, S_0x13a77a3e0;
 .timescale -9 -12;
    .port_info 0 /OUTPUT 1 "out";
    .port_info 1 /INPUT 1 "a";
    .port_info 2 /INPUT 1 "b";
L_0x13a793b30 .functor NAND 1, L_0x13a793940, L_0x13a793cb0, C4<1>, C4<1>;
L_0x13a793be0 .functor NAND 1, L_0x13a793b30, L_0x13a793b30, C4<1>, C4<1>;
v0x13a77c1a0_0 .net "a", 0 0, L_0x13a793940;  alias, 1 drivers
v0x13a77c280_0 .net "b", 0 0, L_0x13a793cb0;  1 drivers
v0x13a77c320_0 .net "out", 0 0, L_0x13a793be0;  alias, 1 drivers
v0x13a77c3b0_0 .net "temp", 0 0, L_0x13a793b30;  1 drivers
S_0x13a77c4a0 .scope module, "a7" "AND" 3 58, 3 2 0, S_0x13a77a3e0;
 .timescale -9 -12;
    .port_info 0 /OUTPUT 1 "out";
    .port_info 1 /INPUT 1 "a";
    .port_info 2 /INPUT 1 "b";
L_0x13a793e10 .functor NAND 1, L_0x13a793f90, L_0x13a796c10, C4<1>, C4<1>;
L_0x13a793f00 .functor NAND 1, L_0x13a793e10, L_0x13a793e10, C4<1>, C4<1>;
v0x13a77c6b0_0 .net "a", 0 0, L_0x13a793f90;  1 drivers
v0x13a77c760_0 .net "b", 0 0, L_0x13a796c10;  alias, 1 drivers
v0x13a77c820_0 .net "out", 0 0, L_0x13a793f00;  1 drivers
v0x13a77c8d0_0 .net "temp", 0 0, L_0x13a793e10;  1 drivers
S_0x13a77c9a0 .scope module, "a8" "AND" 3 61, 3 2 0, S_0x13a77a3e0;
 .timescale -9 -12;
    .port_info 0 /OUTPUT 1 "out";
    .port_info 1 /INPUT 1 "a";
    .port_info 2 /INPUT 1 "b";
L_0x13a7944d0 .functor NAND 1, L_0x13a793620, L_0x13a796c10, C4<1>, C4<1>;
L_0x13a794580 .functor NAND 1, L_0x13a7944d0, L_0x13a7944d0, C4<1>, C4<1>;
v0x13a77cbb0_0 .net "a", 0 0, L_0x13a793620;  alias, 1 drivers
v0x13a77cc90_0 .net "b", 0 0, L_0x13a796c10;  alias, 1 drivers
v0x13a77cd70_0 .net "out", 0 0, L_0x13a794580;  1 drivers
v0x13a77ce00_0 .net "temp", 0 0, L_0x13a7944d0;  1 drivers
S_0x13a77cec0 .scope module, "a9" "AND" 3 62, 3 2 0, S_0x13a77a3e0;
 .timescale -9 -12;
    .port_info 0 /OUTPUT 1 "out";
    .port_info 1 /INPUT 1 "a";
    .port_info 2 /INPUT 1 "b";
L_0x13a794650 .functor NAND 1, L_0x13a794810, L_0x13a794930, C4<1>, C4<1>;
L_0x13a794720 .functor NAND 1, L_0x13a794650, L_0x13a794650, C4<1>, C4<1>;
v0x13a77d150_0 .net "a", 0 0, L_0x13a794810;  1 drivers
v0x13a77d200_0 .net "b", 0 0, L_0x13a794930;  1 drivers
v0x13a77d2a0_0 .net "out", 0 0, L_0x13a794720;  1 drivers
v0x13a77d330_0 .net "temp", 0 0, L_0x13a794650;  1 drivers
S_0x13a77d400 .scope module, "o1" "OR" 3 59, 3 10 0, S_0x13a77a3e0;
 .timescale -9 -12;
    .port_info 0 /OUTPUT 1 "out";
    .port_info 1 /INPUT 1 "a";
    .port_info 2 /INPUT 1 "b";
L_0x13a7940a0 .functor NAND 1, L_0x13a794350, L_0x13a794350, C4<1>, C4<1>;
L_0x13a794150 .functor NAND 1, L_0x13a7943f0, L_0x13a7943f0, C4<1>, C4<1>;
L_0x13a794240 .functor NAND 1, L_0x13a7940a0, L_0x13a794150, C4<1>, C4<1>;
v0x13a77d610_0 .net "a", 0 0, L_0x13a794350;  1 drivers
v0x13a77d6c0_0 .net "b", 0 0, L_0x13a7943f0;  1 drivers
v0x13a77d760_0 .net "out", 0 0, L_0x13a794240;  1 drivers
v0x13a77d810_0 .net "temp1", 0 0, L_0x13a7940a0;  1 drivers
v0x13a77d8b0_0 .net "temp2", 0 0, L_0x13a794150;  1 drivers
S_0x13a77d9c0 .scope module, "o2" "OR" 3 63, 3 10 0, S_0x13a77a3e0;
 .timescale -9 -12;
    .port_info 0 /OUTPUT 1 "out";
    .port_info 1 /INPUT 1 "a";
    .port_info 2 /INPUT 1 "b";
L_0x13a794a20 .functor NAND 1, L_0x13a794cb0, L_0x13a794cb0, C4<1>, C4<1>;
L_0x13a794ad0 .functor NAND 1, L_0x13a794d50, L_0x13a794d50, C4<1>, C4<1>;
L_0x13a794ba0 .functor NAND 1, L_0x13a794a20, L_0x13a794ad0, C4<1>, C4<1>;
v0x13a77dbd0_0 .net "a", 0 0, L_0x13a794cb0;  1 drivers
v0x13a77dc80_0 .net "b", 0 0, L_0x13a794d50;  1 drivers
v0x13a77dd20_0 .net "out", 0 0, L_0x13a794ba0;  1 drivers
v0x13a77ddd0_0 .net "temp1", 0 0, L_0x13a794a20;  1 drivers
v0x13a77de70_0 .net "temp2", 0 0, L_0x13a794ad0;  1 drivers
S_0x13a77df80 .scope module, "o3" "OR" 3 64, 3 10 0, S_0x13a77a3e0;
 .timescale -9 -12;
    .port_info 0 /OUTPUT 1 "out";
    .port_info 1 /INPUT 1 "a";
    .port_info 2 /INPUT 1 "b";
L_0x13a794e90 .functor NAND 1, L_0x13a795100, L_0x13a795100, C4<1>, C4<1>;
L_0x13a794f00 .functor NAND 1, L_0x13a7951a0, L_0x13a7951a0, C4<1>, C4<1>;
L_0x13a794ff0 .functor NAND 1, L_0x13a794e90, L_0x13a794f00, C4<1>, C4<1>;
v0x13a77e190_0 .net "a", 0 0, L_0x13a795100;  1 drivers
v0x13a77e240_0 .net "b", 0 0, L_0x13a7951a0;  1 drivers
v0x13a77e2e0_0 .net "out", 0 0, L_0x13a794ff0;  1 drivers
v0x13a77e390_0 .net "temp1", 0 0, L_0x13a794e90;  1 drivers
v0x13a77e430_0 .net "temp2", 0 0, L_0x13a794f00;  1 drivers
S_0x13a77e540 .scope module, "o5" "OR" 3 68, 3 10 0, S_0x13a77a3e0;
 .timescale -9 -12;
    .port_info 0 /OUTPUT 1 "out";
    .port_info 1 /INPUT 1 "a";
    .port_info 2 /INPUT 1 "b";
L_0x13a7952c0 .functor NAND 1, L_0x13a795a40, L_0x13a795a40, C4<1>, C4<1>;
L_0x13a795840 .functor NAND 1, L_0x13a795b60, L_0x13a795b60, C4<1>, C4<1>;
L_0x13a795930 .functor NAND 1, L_0x13a7952c0, L_0x13a795840, C4<1>, C4<1>;
v0x13a77e750_0 .net "a", 0 0, L_0x13a795a40;  1 drivers
v0x13a77e800_0 .net "b", 0 0, L_0x13a795b60;  1 drivers
v0x13a77e8a0_0 .net "out", 0 0, L_0x13a795930;  1 drivers
v0x13a77e950_0 .net "temp1", 0 0, L_0x13a7952c0;  1 drivers
v0x13a77e9f0_0 .net "temp2", 0 0, L_0x13a795840;  1 drivers
S_0x13a77eb00 .scope module, "o6" "OR" 3 69, 3 10 0, S_0x13a77a3e0;
 .timescale -9 -12;
    .port_info 0 /OUTPUT 1 "out";
    .port_info 1 /INPUT 1 "a";
    .port_info 2 /INPUT 1 "b";
L_0x13a795c90 .functor NAND 1, L_0x13a796020, L_0x13a796020, C4<1>, C4<1>;
L_0x13a795d00 .functor NAND 1, L_0x13a796160, L_0x13a796160, C4<1>, C4<1>;
L_0x13a795db0 .functor NAND 1, L_0x13a795c90, L_0x13a795d00, C4<1>, C4<1>;
v0x13a77ed10_0 .net "a", 0 0, L_0x13a796020;  1 drivers
v0x13a77edc0_0 .net "b", 0 0, L_0x13a796160;  1 drivers
v0x13a77ee60_0 .net "out", 0 0, L_0x13a795db0;  1 drivers
v0x13a77ef10_0 .net "temp1", 0 0, L_0x13a795c90;  1 drivers
v0x13a77efb0_0 .net "temp2", 0 0, L_0x13a795d00;  1 drivers
S_0x13a77f0c0 .scope module, "o7" "OR" 3 72, 3 10 0, S_0x13a77a3e0;
 .timescale -9 -12;
    .port_info 0 /OUTPUT 1 "out";
    .port_info 1 /INPUT 1 "a";
    .port_info 2 /INPUT 1 "b";
L_0x13a796630 .functor NAND 1, L_0x13a796840, L_0x13a796840, C4<1>, C4<1>;
L_0x13a7966a0 .functor NAND 1, L_0x13a7969a0, L_0x13a7969a0, C4<1>, C4<1>;
L_0x13a796750 .functor NAND 1, L_0x13a796630, L_0x13a7966a0, C4<1>, C4<1>;
v0x13a77f2d0_0 .net "a", 0 0, L_0x13a796840;  1 drivers
v0x13a77f380_0 .net "b", 0 0, L_0x13a7969a0;  1 drivers
v0x13a77f420_0 .net "out", 0 0, L_0x13a796750;  alias, 1 drivers
v0x13a77f4d0_0 .net "temp1", 0 0, L_0x13a796630;  1 drivers
v0x13a77f570_0 .net "temp2", 0 0, L_0x13a7966a0;  1 drivers
S_0x13a77fdd0 .scope module, "c3" "Carry_Look_Ahead_Generator_2bit" 3 89, 3 30 0, S_0x13a764330;
 .timescale -9 -12;
    .port_info 0 /INPUT 2 "p";
    .port_info 1 /INPUT 2 "g";
    .port_info 2 /INPUT 1 "cin";
    .port_info 3 /OUTPUT 2 "cout";
v0x13a782560_0 .net "cin", 0 0, v0x13a78a630_0;  alias, 1 drivers
v0x13a782700_0 .net "cout", 1 0, L_0x13a798640;  1 drivers
v0x13a782790_0 .net "g", 1 0, L_0x13a798ab0;  1 drivers
v0x13a782820_0 .net "p", 1 0, L_0x13a798910;  1 drivers
v0x13a7828b0_0 .net "temp", 4 0, L_0x13a798030;  1 drivers
L_0x13a796ae0 .part L_0x13a798910, 0, 1;
L_0x13a797210 .part L_0x13a798ab0, 0, 1;
L_0x13a7972b0 .part L_0x13a798030, 0, 1;
L_0x13a797550 .part L_0x13a798910, 1, 1;
L_0x13a797670 .part L_0x13a798ab0, 0, 1;
L_0x13a7978e0 .part L_0x13a798910, 1, 1;
L_0x13a7979c0 .part L_0x13a798910, 0, 1;
L_0x13a797c60 .part L_0x13a798030, 2, 1;
LS_0x13a798030_0_0 .concat8 [ 1 1 1 1], L_0x13a796480, L_0x13a797460, L_0x13a7977f0, L_0x13a797b90;
LS_0x13a798030_0_4 .concat8 [ 1 0 0 0], L_0x13a797f20;
L_0x13a798030 .concat8 [ 4 1 0 0], LS_0x13a798030_0_0, LS_0x13a798030_0_4;
L_0x13a798290 .part L_0x13a798030, 1, 1;
L_0x13a7983b0 .part L_0x13a798030, 3, 1;
L_0x13a798640 .concat8 [ 1 1 0 0], L_0x13a797100, L_0x13a798590;
L_0x13a798760 .part L_0x13a798ab0, 1, 1;
L_0x13a798870 .part L_0x13a798030, 4, 1;
S_0x13a780010 .scope module, "a1" "AND" 3 35, 3 2 0, S_0x13a77fdd0;
 .timescale -9 -12;
    .port_info 0 /OUTPUT 1 "out";
    .port_info 1 /INPUT 1 "a";
    .port_info 2 /INPUT 1 "b";
L_0x13a7935a0 .functor NAND 1, L_0x13a796ae0, v0x13a78a630_0, C4<1>, C4<1>;
L_0x13a796480 .functor NAND 1, L_0x13a7935a0, L_0x13a7935a0, C4<1>, C4<1>;
v0x13a780250_0 .net "a", 0 0, L_0x13a796ae0;  1 drivers
v0x13a780300_0 .net "b", 0 0, v0x13a78a630_0;  alias, 1 drivers
v0x13a7803a0_0 .net "out", 0 0, L_0x13a796480;  1 drivers
v0x13a780430_0 .net "temp", 0 0, L_0x13a7935a0;  1 drivers
S_0x13a780500 .scope module, "a2" "AND" 3 38, 3 2 0, S_0x13a77fdd0;
 .timescale -9 -12;
    .port_info 0 /OUTPUT 1 "out";
    .port_info 1 /INPUT 1 "a";
    .port_info 2 /INPUT 1 "b";
L_0x13a797370 .functor NAND 1, L_0x13a797550, L_0x13a797670, C4<1>, C4<1>;
L_0x13a797460 .functor NAND 1, L_0x13a797370, L_0x13a797370, C4<1>, C4<1>;
v0x13a780720_0 .net "a", 0 0, L_0x13a797550;  1 drivers
v0x13a7807c0_0 .net "b", 0 0, L_0x13a797670;  1 drivers
v0x13a780860_0 .net "out", 0 0, L_0x13a797460;  1 drivers
v0x13a780910_0 .net "temp", 0 0, L_0x13a797370;  1 drivers
S_0x13a780a00 .scope module, "a3" "AND" 3 39, 3 2 0, S_0x13a77fdd0;
 .timescale -9 -12;
    .port_info 0 /OUTPUT 1 "out";
    .port_info 1 /INPUT 1 "a";
    .port_info 2 /INPUT 1 "b";
L_0x13a797780 .functor NAND 1, L_0x13a7978e0, L_0x13a7979c0, C4<1>, C4<1>;
L_0x13a7977f0 .functor NAND 1, L_0x13a797780, L_0x13a797780, C4<1>, C4<1>;
v0x13a780c30_0 .net "a", 0 0, L_0x13a7978e0;  1 drivers
v0x13a780cd0_0 .net "b", 0 0, L_0x13a7979c0;  1 drivers
v0x13a780d70_0 .net "out", 0 0, L_0x13a7977f0;  1 drivers
v0x13a780e20_0 .net "temp", 0 0, L_0x13a797780;  1 drivers
S_0x13a780f10 .scope module, "a4" "AND" 3 40, 3 2 0, S_0x13a77fdd0;
 .timescale -9 -12;
    .port_info 0 /OUTPUT 1 "out";
    .port_info 1 /INPUT 1 "a";
    .port_info 2 /INPUT 1 "b";
L_0x13a797b20 .functor NAND 1, v0x13a78a630_0, L_0x13a797c60, C4<1>, C4<1>;
L_0x13a797b90 .functor NAND 1, L_0x13a797b20, L_0x13a797b20, C4<1>, C4<1>;
v0x13a781120_0 .net "a", 0 0, v0x13a78a630_0;  alias, 1 drivers
v0x13a7811c0_0 .net "b", 0 0, L_0x13a797c60;  1 drivers
v0x13a781260_0 .net "out", 0 0, L_0x13a797b90;  1 drivers
v0x13a781310_0 .net "temp", 0 0, L_0x13a797b20;  1 drivers
S_0x13a781400 .scope module, "o1" "OR" 3 36, 3 10 0, S_0x13a77fdd0;
 .timescale -9 -12;
    .port_info 0 /OUTPUT 1 "out";
    .port_info 1 /INPUT 1 "a";
    .port_info 2 /INPUT 1 "b";
L_0x13a796b80 .functor NAND 1, L_0x13a797210, L_0x13a797210, C4<1>, C4<1>;
L_0x13a797030 .functor NAND 1, L_0x13a7972b0, L_0x13a7972b0, C4<1>, C4<1>;
L_0x13a797100 .functor NAND 1, L_0x13a796b80, L_0x13a797030, C4<1>, C4<1>;
v0x13a781650_0 .net "a", 0 0, L_0x13a797210;  1 drivers
v0x13a7816e0_0 .net "b", 0 0, L_0x13a7972b0;  1 drivers
v0x13a781780_0 .net "out", 0 0, L_0x13a797100;  1 drivers
v0x13a781830_0 .net "temp1", 0 0, L_0x13a796b80;  1 drivers
v0x13a7818d0_0 .net "temp2", 0 0, L_0x13a797030;  1 drivers
S_0x13a7819e0 .scope module, "o2" "OR" 3 41, 3 10 0, S_0x13a77fdd0;
 .timescale -9 -12;
    .port_info 0 /OUTPUT 1 "out";
    .port_info 1 /INPUT 1 "a";
    .port_info 2 /INPUT 1 "b";
L_0x13a797d80 .functor NAND 1, L_0x13a798290, L_0x13a798290, C4<1>, C4<1>;
L_0x13a797e30 .functor NAND 1, L_0x13a7983b0, L_0x13a7983b0, C4<1>, C4<1>;
L_0x13a797f20 .functor NAND 1, L_0x13a797d80, L_0x13a797e30, C4<1>, C4<1>;
v0x13a781bf0_0 .net "a", 0 0, L_0x13a798290;  1 drivers
v0x13a781ca0_0 .net "b", 0 0, L_0x13a7983b0;  1 drivers
v0x13a781d40_0 .net "out", 0 0, L_0x13a797f20;  1 drivers
v0x13a781df0_0 .net "temp1", 0 0, L_0x13a797d80;  1 drivers
v0x13a781e90_0 .net "temp2", 0 0, L_0x13a797e30;  1 drivers
S_0x13a781fa0 .scope module, "o3" "OR" 3 42, 3 10 0, S_0x13a77fdd0;
 .timescale -9 -12;
    .port_info 0 /OUTPUT 1 "out";
    .port_info 1 /INPUT 1 "a";
    .port_info 2 /INPUT 1 "b";
L_0x13a7984b0 .functor NAND 1, L_0x13a798760, L_0x13a798760, C4<1>, C4<1>;
L_0x13a798520 .functor NAND 1, L_0x13a798870, L_0x13a798870, C4<1>, C4<1>;
L_0x13a798590 .functor NAND 1, L_0x13a7984b0, L_0x13a798520, C4<1>, C4<1>;
v0x13a7821b0_0 .net "a", 0 0, L_0x13a798760;  1 drivers
v0x13a782260_0 .net "b", 0 0, L_0x13a798870;  1 drivers
v0x13a782300_0 .net "out", 0 0, L_0x13a798590;  1 drivers
v0x13a7823b0_0 .net "temp1", 0 0, L_0x13a7984b0;  1 drivers
v0x13a782450_0 .net "temp2", 0 0, L_0x13a798520;  1 drivers
S_0x13a7829b0 .scope module, "x1[0]" "XOR" 3 84, 3 19 0, S_0x13a764330;
 .timescale -9 -12;
    .port_info 0 /OUTPUT 1 "out";
    .port_info 1 /INPUT 1 "a";
    .port_info 2 /INPUT 1 "b";
L_0x13a78a860 .functor NAND 1, L_0x13a78cf90, L_0x13a78cf90, C4<1>, C4<1>;
L_0x13a78a950 .functor NAND 1, L_0x13a78d9e0, L_0x13a78d9e0, C4<1>, C4<1>;
L_0x13a78aa40 .functor NAND 1, L_0x13a78a860, L_0x13a78d9e0, C4<1>, C4<1>;
L_0x13a78ab10 .functor NAND 1, L_0x13a78a950, L_0x13a78cf90, C4<1>, C4<1>;
L_0x13a78ac00 .functor NAND 1, L_0x13a78aa40, L_0x13a78ab10, C4<1>, C4<1>;
v0x13a782bd0_0 .net "a", 0 0, L_0x13a78cf90;  1 drivers
v0x13a782c80_0 .net "b", 0 0, L_0x13a78d9e0;  1 drivers
v0x13a782d20_0 .net "na", 0 0, L_0x13a78a860;  1 drivers
v0x13a782dd0_0 .net "nb", 0 0, L_0x13a78a950;  1 drivers
v0x13a782e70_0 .net "out", 0 0, L_0x13a78ac00;  1 drivers
v0x13a782f50_0 .net "temp1", 0 0, L_0x13a78aa40;  1 drivers
v0x13a782ff0_0 .net "temp2", 0 0, L_0x13a78ab10;  1 drivers
S_0x13a7830c0 .scope module, "x1[1]" "XOR" 3 84, 3 19 0, S_0x13a764330;
 .timescale -9 -12;
    .port_info 0 /OUTPUT 1 "out";
    .port_info 1 /INPUT 1 "a";
    .port_info 2 /INPUT 1 "b";
L_0x13a78ad20 .functor NAND 1, L_0x13a78d0b0, L_0x13a78d0b0, C4<1>, C4<1>;
L_0x13a78add0 .functor NAND 1, L_0x13a78db00, L_0x13a78db00, C4<1>, C4<1>;
L_0x13a78aec0 .functor NAND 1, L_0x13a78ad20, L_0x13a78db00, C4<1>, C4<1>;
L_0x13a78af90 .functor NAND 1, L_0x13a78add0, L_0x13a78d0b0, C4<1>, C4<1>;
L_0x13a78b080 .functor NAND 1, L_0x13a78aec0, L_0x13a78af90, C4<1>, C4<1>;
v0x13a7832e0_0 .net "a", 0 0, L_0x13a78d0b0;  1 drivers
v0x13a783390_0 .net "b", 0 0, L_0x13a78db00;  1 drivers
v0x13a783430_0 .net "na", 0 0, L_0x13a78ad20;  1 drivers
v0x13a7834e0_0 .net "nb", 0 0, L_0x13a78add0;  1 drivers
v0x13a783580_0 .net "out", 0 0, L_0x13a78b080;  1 drivers
v0x13a783660_0 .net "temp1", 0 0, L_0x13a78aec0;  1 drivers
v0x13a783700_0 .net "temp2", 0 0, L_0x13a78af90;  1 drivers
S_0x13a7837d0 .scope module, "x1[2]" "XOR" 3 84, 3 19 0, S_0x13a764330;
 .timescale -9 -12;
    .port_info 0 /OUTPUT 1 "out";
    .port_info 1 /INPUT 1 "a";
    .port_info 2 /INPUT 1 "b";
L_0x13a78b1a0 .functor NAND 1, L_0x13a78d1d0, L_0x13a78d1d0, C4<1>, C4<1>;
L_0x13a78b250 .functor NAND 1, L_0x13a78dc80, L_0x13a78dc80, C4<1>, C4<1>;
L_0x13a78b340 .functor NAND 1, L_0x13a78b1a0, L_0x13a78dc80, C4<1>, C4<1>;
L_0x13a78b410 .functor NAND 1, L_0x13a78b250, L_0x13a78d1d0, C4<1>, C4<1>;
L_0x13a78b500 .functor NAND 1, L_0x13a78b340, L_0x13a78b410, C4<1>, C4<1>;
v0x13a7839f0_0 .net "a", 0 0, L_0x13a78d1d0;  1 drivers
v0x13a783aa0_0 .net "b", 0 0, L_0x13a78dc80;  1 drivers
v0x13a783b40_0 .net "na", 0 0, L_0x13a78b1a0;  1 drivers
v0x13a783bf0_0 .net "nb", 0 0, L_0x13a78b250;  1 drivers
v0x13a783c90_0 .net "out", 0 0, L_0x13a78b500;  1 drivers
v0x13a783d70_0 .net "temp1", 0 0, L_0x13a78b340;  1 drivers
v0x13a783e10_0 .net "temp2", 0 0, L_0x13a78b410;  1 drivers
S_0x13a783ee0 .scope module, "x1[3]" "XOR" 3 84, 3 19 0, S_0x13a764330;
 .timescale -9 -12;
    .port_info 0 /OUTPUT 1 "out";
    .port_info 1 /INPUT 1 "a";
    .port_info 2 /INPUT 1 "b";
L_0x13a78b620 .functor NAND 1, L_0x13a78d370, L_0x13a78d370, C4<1>, C4<1>;
L_0x13a78b6d0 .functor NAND 1, L_0x13a78de20, L_0x13a78de20, C4<1>, C4<1>;
L_0x13a78b7c0 .functor NAND 1, L_0x13a78b620, L_0x13a78de20, C4<1>, C4<1>;
L_0x13a78b890 .functor NAND 1, L_0x13a78b6d0, L_0x13a78d370, C4<1>, C4<1>;
L_0x13a78b980 .functor NAND 1, L_0x13a78b7c0, L_0x13a78b890, C4<1>, C4<1>;
v0x13a784100_0 .net "a", 0 0, L_0x13a78d370;  1 drivers
v0x13a7841b0_0 .net "b", 0 0, L_0x13a78de20;  1 drivers
v0x13a784250_0 .net "na", 0 0, L_0x13a78b620;  1 drivers
v0x13a784300_0 .net "nb", 0 0, L_0x13a78b6d0;  1 drivers
v0x13a7843a0_0 .net "out", 0 0, L_0x13a78b980;  1 drivers
v0x13a784480_0 .net "temp1", 0 0, L_0x13a78b7c0;  1 drivers
v0x13a784520_0 .net "temp2", 0 0, L_0x13a78b890;  1 drivers
S_0x13a7845f0 .scope module, "x1[4]" "XOR" 3 84, 3 19 0, S_0x13a764330;
 .timescale -9 -12;
    .port_info 0 /OUTPUT 1 "out";
    .port_info 1 /INPUT 1 "a";
    .port_info 2 /INPUT 1 "b";
L_0x13a78baa0 .functor NAND 1, L_0x13a78d490, L_0x13a78d490, C4<1>, C4<1>;
L_0x13a78bb50 .functor NAND 1, L_0x13a78dfb0, L_0x13a78dfb0, C4<1>, C4<1>;
L_0x13a78bc40 .functor NAND 1, L_0x13a78baa0, L_0x13a78dfb0, C4<1>, C4<1>;
L_0x13a78bd10 .functor NAND 1, L_0x13a78bb50, L_0x13a78d490, C4<1>, C4<1>;
L_0x13a78be00 .functor NAND 1, L_0x13a78bc40, L_0x13a78bd10, C4<1>, C4<1>;
v0x13a784910_0 .net "a", 0 0, L_0x13a78d490;  1 drivers
v0x13a7849c0_0 .net "b", 0 0, L_0x13a78dfb0;  1 drivers
v0x13a784a60_0 .net "na", 0 0, L_0x13a78baa0;  1 drivers
v0x13a784af0_0 .net "nb", 0 0, L_0x13a78bb50;  1 drivers
v0x13a784b80_0 .net "out", 0 0, L_0x13a78be00;  1 drivers
v0x13a784c10_0 .net "temp1", 0 0, L_0x13a78bc40;  1 drivers
v0x13a784cb0_0 .net "temp2", 0 0, L_0x13a78bd10;  1 drivers
S_0x13a784d80 .scope module, "x1[5]" "XOR" 3 84, 3 19 0, S_0x13a764330;
 .timescale -9 -12;
    .port_info 0 /OUTPUT 1 "out";
    .port_info 1 /INPUT 1 "a";
    .port_info 2 /INPUT 1 "b";
L_0x13a78bf20 .functor NAND 1, L_0x13a78d5b0, L_0x13a78d5b0, C4<1>, C4<1>;
L_0x13a78bfd0 .functor NAND 1, L_0x13a78e0d0, L_0x13a78e0d0, C4<1>, C4<1>;
L_0x13a78c0c0 .functor NAND 1, L_0x13a78bf20, L_0x13a78e0d0, C4<1>, C4<1>;
L_0x13a78c190 .functor NAND 1, L_0x13a78bfd0, L_0x13a78d5b0, C4<1>, C4<1>;
L_0x13a78c280 .functor NAND 1, L_0x13a78c0c0, L_0x13a78c190, C4<1>, C4<1>;
v0x13a784fa0_0 .net "a", 0 0, L_0x13a78d5b0;  1 drivers
v0x13a785050_0 .net "b", 0 0, L_0x13a78e0d0;  1 drivers
v0x13a7850f0_0 .net "na", 0 0, L_0x13a78bf20;  1 drivers
v0x13a7851a0_0 .net "nb", 0 0, L_0x13a78bfd0;  1 drivers
v0x13a785240_0 .net "out", 0 0, L_0x13a78c280;  1 drivers
v0x13a785320_0 .net "temp1", 0 0, L_0x13a78c0c0;  1 drivers
v0x13a7853c0_0 .net "temp2", 0 0, L_0x13a78c190;  1 drivers
S_0x13a785490 .scope module, "x1[6]" "XOR" 3 84, 3 19 0, S_0x13a764330;
 .timescale -9 -12;
    .port_info 0 /OUTPUT 1 "out";
    .port_info 1 /INPUT 1 "a";
    .port_info 2 /INPUT 1 "b";
L_0x13a78c3a0 .functor NAND 1, L_0x13a78d6d0, L_0x13a78d6d0, C4<1>, C4<1>;
L_0x13a78c450 .functor NAND 1, L_0x13a78e270, L_0x13a78e270, C4<1>, C4<1>;
L_0x13a78c540 .functor NAND 1, L_0x13a78c3a0, L_0x13a78e270, C4<1>, C4<1>;
L_0x13a78c610 .functor NAND 1, L_0x13a78c450, L_0x13a78d6d0, C4<1>, C4<1>;
L_0x13a78c700 .functor NAND 1, L_0x13a78c540, L_0x13a78c610, C4<1>, C4<1>;
v0x13a7856b0_0 .net "a", 0 0, L_0x13a78d6d0;  1 drivers
v0x13a785760_0 .net "b", 0 0, L_0x13a78e270;  1 drivers
v0x13a785800_0 .net "na", 0 0, L_0x13a78c3a0;  1 drivers
v0x13a7858b0_0 .net "nb", 0 0, L_0x13a78c450;  1 drivers
v0x13a785950_0 .net "out", 0 0, L_0x13a78c700;  1 drivers
v0x13a785a30_0 .net "temp1", 0 0, L_0x13a78c540;  1 drivers
v0x13a785ad0_0 .net "temp2", 0 0, L_0x13a78c610;  1 drivers
S_0x13a785ba0 .scope module, "x1[7]" "XOR" 3 84, 3 19 0, S_0x13a764330;
 .timescale -9 -12;
    .port_info 0 /OUTPUT 1 "out";
    .port_info 1 /INPUT 1 "a";
    .port_info 2 /INPUT 1 "b";
L_0x13a78c820 .functor NAND 1, L_0x13a78d8f0, L_0x13a78d8f0, C4<1>, C4<1>;
L_0x13a78c8d0 .functor NAND 1, L_0x13a78e490, L_0x13a78e490, C4<1>, C4<1>;
L_0x13a78c9c0 .functor NAND 1, L_0x13a78c820, L_0x13a78e490, C4<1>, C4<1>;
L_0x13a78ca90 .functor NAND 1, L_0x13a78c8d0, L_0x13a78d8f0, C4<1>, C4<1>;
L_0x13a78cb80 .functor NAND 1, L_0x13a78c9c0, L_0x13a78ca90, C4<1>, C4<1>;
v0x13a785dc0_0 .net "a", 0 0, L_0x13a78d8f0;  1 drivers
v0x13a785e70_0 .net "b", 0 0, L_0x13a78e490;  1 drivers
v0x13a785f10_0 .net "na", 0 0, L_0x13a78c820;  1 drivers
v0x13a785fc0_0 .net "nb", 0 0, L_0x13a78c8d0;  1 drivers
v0x13a786060_0 .net "out", 0 0, L_0x13a78cb80;  1 drivers
v0x13a786140_0 .net "temp1", 0 0, L_0x13a78c9c0;  1 drivers
v0x13a7861e0_0 .net "temp2", 0 0, L_0x13a78ca90;  1 drivers
S_0x13a7862b0 .scope module, "x2[0]" "XOR" 3 91, 3 19 0, S_0x13a764330;
 .timescale -9 -12;
    .port_info 0 /OUTPUT 1 "out";
    .port_info 1 /INPUT 1 "a";
    .port_info 2 /INPUT 1 "b";
L_0x13a798db0 .functor NAND 1, L_0x13a798e60, L_0x13a798e60, C4<1>, C4<1>;
L_0x13a799000 .functor NAND 1, L_0x13a79bec0, L_0x13a79bec0, C4<1>, C4<1>;
L_0x13a7990b0 .functor NAND 1, L_0x13a798db0, L_0x13a79bec0, C4<1>, C4<1>;
L_0x13a799160 .functor NAND 1, L_0x13a799000, L_0x13a798e60, C4<1>, C4<1>;
L_0x13a799210 .functor NAND 1, L_0x13a7990b0, L_0x13a799160, C4<1>, C4<1>;
v0x13a7864d0_0 .net "a", 0 0, L_0x13a798e60;  1 drivers
v0x13a786580_0 .net "b", 0 0, L_0x13a79bec0;  1 drivers
v0x13a786620_0 .net "na", 0 0, L_0x13a798db0;  1 drivers
v0x13a7866d0_0 .net "nb", 0 0, L_0x13a799000;  1 drivers
v0x13a786770_0 .net "out", 0 0, L_0x13a799210;  1 drivers
v0x13a786850_0 .net "temp1", 0 0, L_0x13a7990b0;  1 drivers
v0x13a7868f0_0 .net "temp2", 0 0, L_0x13a799160;  1 drivers
S_0x13a7869c0 .scope module, "x2[1]" "XOR" 3 91, 3 19 0, S_0x13a764330;
 .timescale -9 -12;
    .port_info 0 /OUTPUT 1 "out";
    .port_info 1 /INPUT 1 "a";
    .port_info 2 /INPUT 1 "b";
L_0x13a799330 .functor NAND 1, L_0x13a79b750, L_0x13a79b750, C4<1>, C4<1>;
L_0x13a7993e0 .functor NAND 1, L_0x13a79c290, L_0x13a79c290, C4<1>, C4<1>;
L_0x13a7994d0 .functor NAND 1, L_0x13a799330, L_0x13a79c290, C4<1>, C4<1>;
L_0x13a7995a0 .functor NAND 1, L_0x13a7993e0, L_0x13a79b750, C4<1>, C4<1>;
L_0x13a799690 .functor NAND 1, L_0x13a7994d0, L_0x13a7995a0, C4<1>, C4<1>;
v0x13a786be0_0 .net "a", 0 0, L_0x13a79b750;  1 drivers
v0x13a786c90_0 .net "b", 0 0, L_0x13a79c290;  1 drivers
v0x13a786d30_0 .net "na", 0 0, L_0x13a799330;  1 drivers
v0x13a786de0_0 .net "nb", 0 0, L_0x13a7993e0;  1 drivers
v0x13a786e80_0 .net "out", 0 0, L_0x13a799690;  1 drivers
v0x13a786f60_0 .net "temp1", 0 0, L_0x13a7994d0;  1 drivers
v0x13a787000_0 .net "temp2", 0 0, L_0x13a7995a0;  1 drivers
S_0x13a7870d0 .scope module, "x2[2]" "XOR" 3 91, 3 19 0, S_0x13a764330;
 .timescale -9 -12;
    .port_info 0 /OUTPUT 1 "out";
    .port_info 1 /INPUT 1 "a";
    .port_info 2 /INPUT 1 "b";
L_0x13a7997b0 .functor NAND 1, L_0x13a79b5e0, L_0x13a79b5e0, C4<1>, C4<1>;
L_0x13a799860 .functor NAND 1, L_0x13a79c0e0, L_0x13a79c0e0, C4<1>, C4<1>;
L_0x13a799950 .functor NAND 1, L_0x13a7997b0, L_0x13a79c0e0, C4<1>, C4<1>;
L_0x13a799a20 .functor NAND 1, L_0x13a799860, L_0x13a79b5e0, C4<1>, C4<1>;
L_0x13a799b10 .functor NAND 1, L_0x13a799950, L_0x13a799a20, C4<1>, C4<1>;
v0x13a7872f0_0 .net "a", 0 0, L_0x13a79b5e0;  1 drivers
v0x13a7873a0_0 .net "b", 0 0, L_0x13a79c0e0;  1 drivers
v0x13a787440_0 .net "na", 0 0, L_0x13a7997b0;  1 drivers
v0x13a7874f0_0 .net "nb", 0 0, L_0x13a799860;  1 drivers
v0x13a787590_0 .net "out", 0 0, L_0x13a799b10;  1 drivers
v0x13a787670_0 .net "temp1", 0 0, L_0x13a799950;  1 drivers
v0x13a787710_0 .net "temp2", 0 0, L_0x13a799a20;  1 drivers
S_0x13a7877e0 .scope module, "x2[3]" "XOR" 3 91, 3 19 0, S_0x13a764330;
 .timescale -9 -12;
    .port_info 0 /OUTPUT 1 "out";
    .port_info 1 /INPUT 1 "a";
    .port_info 2 /INPUT 1 "b";
L_0x13a799c30 .functor NAND 1, L_0x13a79b9f0, L_0x13a79b9f0, C4<1>, C4<1>;
L_0x13a799ce0 .functor NAND 1, L_0x13a79c570, L_0x13a79c570, C4<1>, C4<1>;
L_0x13a799dd0 .functor NAND 1, L_0x13a799c30, L_0x13a79c570, C4<1>, C4<1>;
L_0x13a799ea0 .functor NAND 1, L_0x13a799ce0, L_0x13a79b9f0, C4<1>, C4<1>;
L_0x13a799f90 .functor NAND 1, L_0x13a799dd0, L_0x13a799ea0, C4<1>, C4<1>;
v0x13a787a00_0 .net "a", 0 0, L_0x13a79b9f0;  1 drivers
v0x13a787ab0_0 .net "b", 0 0, L_0x13a79c570;  1 drivers
v0x13a787b50_0 .net "na", 0 0, L_0x13a799c30;  1 drivers
v0x13a787c00_0 .net "nb", 0 0, L_0x13a799ce0;  1 drivers
v0x13a787ca0_0 .net "out", 0 0, L_0x13a799f90;  1 drivers
v0x13a787d80_0 .net "temp1", 0 0, L_0x13a799dd0;  1 drivers
v0x13a787e20_0 .net "temp2", 0 0, L_0x13a799ea0;  1 drivers
S_0x13a787ef0 .scope module, "x2[4]" "XOR" 3 91, 3 19 0, S_0x13a764330;
 .timescale -9 -12;
    .port_info 0 /OUTPUT 1 "out";
    .port_info 1 /INPUT 1 "a";
    .port_info 2 /INPUT 1 "b";
L_0x13a79a0b0 .functor NAND 1, L_0x13a79b870, L_0x13a79b870, C4<1>, C4<1>;
L_0x13a79a160 .functor NAND 1, L_0x13a79c3b0, L_0x13a79c3b0, C4<1>, C4<1>;
L_0x13a79a250 .functor NAND 1, L_0x13a79a0b0, L_0x13a79c3b0, C4<1>, C4<1>;
L_0x13a79a320 .functor NAND 1, L_0x13a79a160, L_0x13a79b870, C4<1>, C4<1>;
L_0x13a79a410 .functor NAND 1, L_0x13a79a250, L_0x13a79a320, C4<1>, C4<1>;
v0x13a788110_0 .net "a", 0 0, L_0x13a79b870;  1 drivers
v0x13a7881c0_0 .net "b", 0 0, L_0x13a79c3b0;  1 drivers
v0x13a788260_0 .net "na", 0 0, L_0x13a79a0b0;  1 drivers
v0x13a788310_0 .net "nb", 0 0, L_0x13a79a160;  1 drivers
v0x13a7883b0_0 .net "out", 0 0, L_0x13a79a410;  1 drivers
v0x13a788490_0 .net "temp1", 0 0, L_0x13a79a250;  1 drivers
v0x13a788530_0 .net "temp2", 0 0, L_0x13a79a320;  1 drivers
S_0x13a788600 .scope module, "x2[5]" "XOR" 3 91, 3 19 0, S_0x13a764330;
 .timescale -9 -12;
    .port_info 0 /OUTPUT 1 "out";
    .port_info 1 /INPUT 1 "a";
    .port_info 2 /INPUT 1 "b";
L_0x13a79a530 .functor NAND 1, L_0x13a79bca0, L_0x13a79bca0, C4<1>, C4<1>;
L_0x13a79a5e0 .functor NAND 1, L_0x13a79c4d0, L_0x13a79c4d0, C4<1>, C4<1>;
L_0x13a79a6d0 .functor NAND 1, L_0x13a79a530, L_0x13a79c4d0, C4<1>, C4<1>;
L_0x13a79a7a0 .functor NAND 1, L_0x13a79a5e0, L_0x13a79bca0, C4<1>, C4<1>;
L_0x13a79a890 .functor NAND 1, L_0x13a79a6d0, L_0x13a79a7a0, C4<1>, C4<1>;
v0x13a788820_0 .net "a", 0 0, L_0x13a79bca0;  1 drivers
v0x13a7888d0_0 .net "b", 0 0, L_0x13a79c4d0;  1 drivers
v0x13a788970_0 .net "na", 0 0, L_0x13a79a530;  1 drivers
v0x13a788a20_0 .net "nb", 0 0, L_0x13a79a5e0;  1 drivers
v0x13a788ac0_0 .net "out", 0 0, L_0x13a79a890;  1 drivers
v0x13a788ba0_0 .net "temp1", 0 0, L_0x13a79a6d0;  1 drivers
v0x13a788c40_0 .net "temp2", 0 0, L_0x13a79a7a0;  1 drivers
S_0x13a788d10 .scope module, "x2[6]" "XOR" 3 91, 3 19 0, S_0x13a764330;
 .timescale -9 -12;
    .port_info 0 /OUTPUT 1 "out";
    .port_info 1 /INPUT 1 "a";
    .port_info 2 /INPUT 1 "b";
L_0x13a79a9b0 .functor NAND 1, L_0x13a79bb10, L_0x13a79bb10, C4<1>, C4<1>;
L_0x13a79aa60 .functor NAND 1, L_0x13a79c610, L_0x13a79c610, C4<1>, C4<1>;
L_0x13a79ab50 .functor NAND 1, L_0x13a79a9b0, L_0x13a79c610, C4<1>, C4<1>;
L_0x13a79ac20 .functor NAND 1, L_0x13a79aa60, L_0x13a79bb10, C4<1>, C4<1>;
L_0x13a79ad10 .functor NAND 1, L_0x13a79ab50, L_0x13a79ac20, C4<1>, C4<1>;
v0x13a788f30_0 .net "a", 0 0, L_0x13a79bb10;  1 drivers
v0x13a788fe0_0 .net "b", 0 0, L_0x13a79c610;  1 drivers
v0x13a789080_0 .net "na", 0 0, L_0x13a79a9b0;  1 drivers
v0x13a789130_0 .net "nb", 0 0, L_0x13a79aa60;  1 drivers
v0x13a7891d0_0 .net "out", 0 0, L_0x13a79ad10;  1 drivers
v0x13a7892b0_0 .net "temp1", 0 0, L_0x13a79ab50;  1 drivers
v0x13a789350_0 .net "temp2", 0 0, L_0x13a79ac20;  1 drivers
S_0x13a789420 .scope module, "x2[7]" "XOR" 3 91, 3 19 0, S_0x13a764330;
 .timescale -9 -12;
    .port_info 0 /OUTPUT 1 "out";
    .port_info 1 /INPUT 1 "a";
    .port_info 2 /INPUT 1 "b";
L_0x13a79ae30 .functor NAND 1, L_0x13a79bbb0, L_0x13a79bbb0, C4<1>, C4<1>;
L_0x13a79aee0 .functor NAND 1, L_0x13a79c730, L_0x13a79c730, C4<1>, C4<1>;
L_0x13a79afd0 .functor NAND 1, L_0x13a79ae30, L_0x13a79c730, C4<1>, C4<1>;
L_0x13a79b0a0 .functor NAND 1, L_0x13a79aee0, L_0x13a79bbb0, C4<1>, C4<1>;
L_0x13a79b190 .functor NAND 1, L_0x13a79afd0, L_0x13a79b0a0, C4<1>, C4<1>;
v0x13a789640_0 .net "a", 0 0, L_0x13a79bbb0;  1 drivers
v0x13a7896f0_0 .net "b", 0 0, L_0x13a79c730;  1 drivers
v0x13a789790_0 .net "na", 0 0, L_0x13a79ae30;  1 drivers
v0x13a789840_0 .net "nb", 0 0, L_0x13a79aee0;  1 drivers
v0x13a7898e0_0 .net "out", 0 0, L_0x13a79b190;  1 drivers
v0x13a7899c0_0 .net "temp1", 0 0, L_0x13a79afd0;  1 drivers
v0x13a789a60_0 .net "temp2", 0 0, L_0x13a79b0a0;  1 drivers
    .scope S_0x13a764d90;
T_0 ;
    %pushi/vec4 0, 0, 8;
    %store/vec4 v0x13a78a4f0_0, 0, 8;
    %pushi/vec4 1, 0, 8;
    %store/vec4 v0x13a78a5a0_0, 0, 8;
    %pushi/vec4 0, 0, 1;
    %store/vec4 v0x13a78a630_0, 0, 1;
    %end;
    .thread T_0;
    .scope S_0x13a764d90;
T_1 ;
    %vpi_call 2 13 "$dumpfile", "Carry_Look_Ahead_Adder_8bit_t.vcd" {0 0 0};
    %vpi_call 2 14 "$dumpvars", 32'sb00000000000000000000000000000000, S_0x13a764d90 {0 0 0};
    %pushi/vec4 20, 0, 32;
T_1.0 %dup/vec4;
    %pushi/vec4 0, 0, 32;
    %cmp/s;
    %jmp/1xz T_1.1, 5;
    %jmp/1 T_1.1, 4;
    %pushi/vec4 1, 0, 32;
    %sub;
    %delay 1000, 0;
    %vpi_func 2 16 "$random" 32 {0 0 0};
    %pad/s 8;
    %store/vec4 v0x13a78a4f0_0, 0, 8;
    %vpi_func 2 17 "$random" 32 {0 0 0};
    %pad/s 8;
    %store/vec4 v0x13a78a5a0_0, 0, 8;
    %vpi_func 2 18 "$random" 32 {0 0 0};
    %pad/s 1;
    %store/vec4 v0x13a78a630_0, 0, 1;
    %jmp T_1.0;
T_1.1 ;
    %pop/vec4 1;
    %vpi_call 2 20 "$finish" {0 0 0};
    %end;
    .thread T_1;
# The file index is used to find the file name in the following table.
:file_names 4;
    "N/A";
    "<interactive>";
    "Lab2_111062109_Carry_Look_Ahead_Adder_8bit_t.v";
    "./Lab2_111062109_Carry_Look_Ahead_Adder_8bit.v";
