#! /opt/local/bin/vvp
:ivl_version "11.0 (stable)" "(v11_0)";
:ivl_delay_selection "TYPICAL";
:vpi_time_precision - 12;
:vpi_module "/opt/local/lib/ivl/system.vpi";
:vpi_module "/opt/local/lib/ivl/vhdl_sys.vpi";
:vpi_module "/opt/local/lib/ivl/vhdl_textio.vpi";
:vpi_module "/opt/local/lib/ivl/v2005_math.vpi";
:vpi_module "/opt/local/lib/ivl/va_math.vpi";
S_0x14ee86bc0 .scope module, "Carry_Look_Ahead_Adder_8bit" "Carry_Look_Ahead_Adder_8bit" 2 85;
 .timescale -9 -12;
    .port_info 0 /INPUT 8 "a";
    .port_info 1 /INPUT 8 "b";
    .port_info 2 /INPUT 1 "c0";
    .port_info 3 /OUTPUT 8 "s";
    .port_info 4 /OUTPUT 1 "c8";
o0x1500475d0 .functor BUFZ 1, C4<z>; HiZ drive
; Elide local net with no drivers, v0x14eea5e20_0 name=_ivl_108
v0x14eea5ee0_0 .net *"_ivl_52", 0 0, L_0x14eeb6dd0;  1 drivers
o0x150047630 .functor BUFZ 8, C4<zzzzzzzz>; HiZ drive
v0x14eea5f80_0 .net "a", 7 0, o0x150047630;  0 drivers
o0x150047660 .functor BUFZ 8, C4<zzzzzzzz>; HiZ drive
v0x14eea6030_0 .net "b", 7 0, o0x150047660;  0 drivers
o0x150040c10 .functor BUFZ 1, C4<z>; HiZ drive
v0x14eea60e0_0 .net "c0", 0 0, o0x150040c10;  0 drivers
v0x14eea61b0_0 .net "c8", 0 0, L_0x14eeb6d30;  1 drivers
v0x14eea6250_0 .net "cout", 7 0, L_0x14eebb8e0;  1 drivers
v0x14eea6300_0 .net "g", 7 0, L_0x14eeaaca0;  1 drivers
v0x14eea63b0_0 .net "g03", 0 0, L_0x14eeb11a0;  1 drivers
v0x14eea64c0_0 .net "g47", 0 0, L_0x14eeb67f0;  1 drivers
v0x14eea6590_0 .net "p", 7 0, L_0x14eea8cb0;  1 drivers
v0x14eea6620_0 .net "p03", 0 0, L_0x14eeac5c0;  1 drivers
v0x14eea66f0_0 .net "p47", 0 0, L_0x14eeb1bd0;  1 drivers
v0x14eea67c0_0 .net "s", 7 0, L_0x14eebbbb0;  1 drivers
LS_0x14eea8cb0_0_0 .concat [ 1 1 1 1], L_0x14eea6c10, L_0x14eea7090, L_0x14eea7510, L_0x14eea7990;
LS_0x14eea8cb0_0_4 .concat [ 1 1 1 1], L_0x14eea7e10, L_0x14eea8290, L_0x14eea8710, L_0x14eea8b90;
L_0x14eea8cb0 .concat [ 4 4 0 0], LS_0x14eea8cb0_0_0, LS_0x14eea8cb0_0_4;
L_0x14eea8fa0 .part o0x150047630, 0, 1;
L_0x14eea90c0 .part o0x150047630, 1, 1;
L_0x14eea91e0 .part o0x150047630, 2, 1;
L_0x14eea9300 .part o0x150047630, 3, 1;
L_0x14eea94a0 .part o0x150047630, 4, 1;
L_0x14eea95c0 .part o0x150047630, 5, 1;
L_0x14eea96e0 .part o0x150047630, 6, 1;
L_0x14eea9800 .part o0x150047630, 7, 1;
L_0x14eea9a70 .part o0x150047660, 0, 1;
L_0x14eea9b10 .part o0x150047660, 1, 1;
L_0x14eea9c90 .part o0x150047660, 2, 1;
L_0x14eea9db0 .part o0x150047660, 3, 1;
L_0x14eea9fc0 .part o0x150047660, 4, 1;
L_0x14eeaa0e0 .part o0x150047660, 5, 1;
L_0x14eeaa280 .part o0x150047660, 6, 1;
L_0x14eeaa3a0 .part o0x150047660, 7, 1;
LS_0x14eeaaca0_0_0 .concat [ 1 1 1 1], L_0x14eeaa200, L_0x14eeaa650, L_0x14eeaa730, L_0x14eeaa810;
LS_0x14eeaaca0_0_4 .concat [ 1 1 1 1], L_0x14eeaa8f0, L_0x14eeaa9d0, L_0x14eeaaab0, L_0x14eeaabb0;
L_0x14eeaaca0 .concat [ 4 4 0 0], LS_0x14eeaaca0_0_0, LS_0x14eeaaca0_0_4;
L_0x14eeaaf90 .part o0x150047630, 0, 1;
L_0x14eeab110 .part o0x150047630, 1, 1;
L_0x14eeab1f0 .part o0x150047630, 2, 1;
L_0x14eeab070 .part o0x150047630, 3, 1;
L_0x14eeab340 .part o0x150047630, 4, 1;
L_0x14eeab4a0 .part o0x150047630, 5, 1;
L_0x14eeab290 .part o0x150047630, 6, 1;
L_0x14eeab690 .part o0x150047630, 7, 1;
L_0x14eeab3e0 .part o0x150047660, 0, 1;
L_0x14eea9960 .part o0x150047660, 1, 1;
L_0x14eeab5c0 .part o0x150047660, 2, 1;
L_0x14eeabbc0 .part o0x150047660, 3, 1;
L_0x14eeab970 .part o0x150047660, 4, 1;
L_0x14eeabda0 .part o0x150047660, 5, 1;
L_0x14eeabad0 .part o0x150047660, 6, 1;
L_0x14eeabca0 .part o0x150047660, 7, 1;
L_0x14eeb1070 .part L_0x14eea8cb0, 0, 4;
L_0x14eeabe40 .part L_0x14eeaaca0, 0, 4;
L_0x14eeb66c0 .part L_0x14eea8cb0, 4, 4;
L_0x14eeb1510 .part L_0x14eeaaca0, 4, 4;
L_0x14eeb6c90 .part L_0x14eebb8e0, 4, 1;
L_0x14eeb8730 .concat [ 1 1 0 0], L_0x14eeac5c0, L_0x14eeb1bd0;
L_0x14eeb88d0 .concat [ 1 1 0 0], L_0x14eeb11a0, L_0x14eeb67f0;
L_0x14eeb6d30 .part L_0x14eeb8460, 1, 1;
L_0x14eeb6dd0 .part L_0x14eeb8460, 0, 1;
L_0x14eeb8f90 .part o0x150047630, 0, 1;
L_0x14eeb90b0 .part o0x150047660, 0, 1;
L_0x14eeb95e0 .part o0x150047630, 1, 1;
L_0x14eeb9700 .part o0x150047660, 1, 1;
L_0x14eeb9c40 .part o0x150047630, 2, 1;
L_0x14eeb9d60 .part o0x150047660, 2, 1;
L_0x14eeba290 .part o0x150047630, 3, 1;
L_0x14eeba3b0 .part o0x150047660, 3, 1;
L_0x14eeba8e0 .part o0x150047630, 4, 1;
L_0x14eebaa00 .part o0x150047660, 4, 1;
L_0x14eebaf40 .part o0x150047630, 5, 1;
L_0x14eebb060 .part o0x150047660, 5, 1;
L_0x14eebb580 .part o0x150047630, 6, 1;
L_0x14eebb6a0 .part o0x150047660, 6, 1;
LS_0x14eebbbb0_0_0 .concat8 [ 1 1 1 1], L_0x14eeb8e70, L_0x14eeb94c0, L_0x14eeb9b20, L_0x14eeba170;
LS_0x14eebbbb0_0_4 .concat8 [ 1 1 1 1], L_0x14eeba7c0, L_0x14eebae20, L_0x14eebb460, L_0x14eebbac0;
L_0x14eebbbb0 .concat8 [ 4 4 0 0], LS_0x14eebbbb0_0_0, LS_0x14eebbbb0_0_4;
L_0x14eebbea0 .part o0x150047630, 7, 1;
L_0x14eebb7c0 .part o0x150047660, 7, 1;
L_0x14eebb8e0 .concat [ 1 3 1 3], o0x1500475d0, L_0x14eeaf7c0, L_0x14eeb6dd0, L_0x14eeb4e10;
S_0x14ee85be0 .scope module, "a1[0]" "AND" 2 94, 2 2 0, S_0x14ee86bc0;
 .timescale -9 -12;
    .port_info 0 /OUTPUT 1 "out";
    .port_info 1 /INPUT 1 "a";
    .port_info 2 /INPUT 1 "b";
L_0x14eea9ed0 .functor NAND 1, L_0x14eeaaf90, L_0x14eeab3e0, C4<1>, C4<1>;
L_0x14eeaa200 .functor NAND 1, L_0x14eea9ed0, L_0x14eea9ed0, C4<1>, C4<1>;
v0x14ee8aa50_0 .net "a", 0 0, L_0x14eeaaf90;  1 drivers
v0x14ee6ac60_0 .net "b", 0 0, L_0x14eeab3e0;  1 drivers
v0x14ee692b0_0 .net "out", 0 0, L_0x14eeaa200;  1 drivers
v0x14ee69340_0 .net "temp", 0 0, L_0x14eea9ed0;  1 drivers
S_0x14ee62460 .scope module, "a1[1]" "AND" 2 94, 2 2 0, S_0x14ee86bc0;
 .timescale -9 -12;
    .port_info 0 /OUTPUT 1 "out";
    .port_info 1 /INPUT 1 "a";
    .port_info 2 /INPUT 1 "b";
L_0x14eea9f40 .functor NAND 1, L_0x14eeab110, L_0x14eea9960, C4<1>, C4<1>;
L_0x14eeaa650 .functor NAND 1, L_0x14eea9f40, L_0x14eea9f40, C4<1>, C4<1>;
v0x14ee5e820_0 .net "a", 0 0, L_0x14eeab110;  1 drivers
v0x14ee89b50_0 .net "b", 0 0, L_0x14eea9960;  1 drivers
v0x14ee89be0_0 .net "out", 0 0, L_0x14eeaa650;  1 drivers
v0x14ee88b70_0 .net "temp", 0 0, L_0x14eea9f40;  1 drivers
S_0x14ee7a650 .scope module, "a1[2]" "AND" 2 94, 2 2 0, S_0x14ee86bc0;
 .timescale -9 -12;
    .port_info 0 /OUTPUT 1 "out";
    .port_info 1 /INPUT 1 "a";
    .port_info 2 /INPUT 1 "b";
L_0x14eeaa6c0 .functor NAND 1, L_0x14eeab1f0, L_0x14eeab5c0, C4<1>, C4<1>;
L_0x14eeaa730 .functor NAND 1, L_0x14eeaa6c0, L_0x14eeaa6c0, C4<1>, C4<1>;
v0x14ee79d40_0 .net "a", 0 0, L_0x14eeab1f0;  1 drivers
v0x14ee79dd0_0 .net "b", 0 0, L_0x14eeab5c0;  1 drivers
v0x14ee827d0_0 .net "out", 0 0, L_0x14eeaa730;  1 drivers
v0x14ee82860_0 .net "temp", 0 0, L_0x14eeaa6c0;  1 drivers
S_0x14ee6d480 .scope module, "a1[3]" "AND" 2 94, 2 2 0, S_0x14ee86bc0;
 .timescale -9 -12;
    .port_info 0 /OUTPUT 1 "out";
    .port_info 1 /INPUT 1 "a";
    .port_info 2 /INPUT 1 "b";
L_0x14eeaa7a0 .functor NAND 1, L_0x14eeab070, L_0x14eeabbc0, C4<1>, C4<1>;
L_0x14eeaa810 .functor NAND 1, L_0x14eeaa7a0, L_0x14eeaa7a0, C4<1>, C4<1>;
v0x14ee0ed10_0 .net "a", 0 0, L_0x14eeab070;  1 drivers
v0x14ee0eda0_0 .net "b", 0 0, L_0x14eeabbc0;  1 drivers
v0x14ee8aeb0_0 .net "out", 0 0, L_0x14eeaa810;  1 drivers
v0x14ee8af40_0 .net "temp", 0 0, L_0x14eeaa7a0;  1 drivers
S_0x14ee0be10 .scope module, "a1[4]" "AND" 2 94, 2 2 0, S_0x14ee86bc0;
 .timescale -9 -12;
    .port_info 0 /OUTPUT 1 "out";
    .port_info 1 /INPUT 1 "a";
    .port_info 2 /INPUT 1 "b";
L_0x14eeaa880 .functor NAND 1, L_0x14eeab340, L_0x14eeab970, C4<1>, C4<1>;
L_0x14eeaa8f0 .functor NAND 1, L_0x14eeaa880, L_0x14eeaa880, C4<1>, C4<1>;
v0x14ee0bf80_0 .net "a", 0 0, L_0x14eeab340;  1 drivers
v0x14ee0c010_0 .net "b", 0 0, L_0x14eeab970;  1 drivers
v0x14ee163d0_0 .net "out", 0 0, L_0x14eeaa8f0;  1 drivers
v0x14ee16460_0 .net "temp", 0 0, L_0x14eeaa880;  1 drivers
S_0x14ee164f0 .scope module, "a1[5]" "AND" 2 94, 2 2 0, S_0x14ee86bc0;
 .timescale -9 -12;
    .port_info 0 /OUTPUT 1 "out";
    .port_info 1 /INPUT 1 "a";
    .port_info 2 /INPUT 1 "b";
L_0x14eeaa960 .functor NAND 1, L_0x14eeab4a0, L_0x14eeabda0, C4<1>, C4<1>;
L_0x14eeaa9d0 .functor NAND 1, L_0x14eeaa960, L_0x14eeaa960, C4<1>, C4<1>;
v0x14ee07fc0_0 .net "a", 0 0, L_0x14eeab4a0;  1 drivers
v0x14ee08050_0 .net "b", 0 0, L_0x14eeabda0;  1 drivers
v0x14ee080e0_0 .net "out", 0 0, L_0x14eeaa9d0;  1 drivers
v0x14ee08190_0 .net "temp", 0 0, L_0x14eeaa960;  1 drivers
S_0x14ee0a360 .scope module, "a1[6]" "AND" 2 94, 2 2 0, S_0x14ee86bc0;
 .timescale -9 -12;
    .port_info 0 /OUTPUT 1 "out";
    .port_info 1 /INPUT 1 "a";
    .port_info 2 /INPUT 1 "b";
L_0x14eeaaa40 .functor NAND 1, L_0x14eeab290, L_0x14eeabad0, C4<1>, C4<1>;
L_0x14eeaaab0 .functor NAND 1, L_0x14eeaaa40, L_0x14eeaaa40, C4<1>, C4<1>;
v0x14ee0a580_0 .net "a", 0 0, L_0x14eeab290;  1 drivers
v0x14ee09010_0 .net "b", 0 0, L_0x14eeabad0;  1 drivers
v0x14ee090a0_0 .net "out", 0 0, L_0x14eeaaab0;  1 drivers
v0x14ee09130_0 .net "temp", 0 0, L_0x14eeaaa40;  1 drivers
S_0x14ee7d4d0 .scope module, "a1[7]" "AND" 2 94, 2 2 0, S_0x14ee86bc0;
 .timescale -9 -12;
    .port_info 0 /OUTPUT 1 "out";
    .port_info 1 /INPUT 1 "a";
    .port_info 2 /INPUT 1 "b";
L_0x14eeaab20 .functor NAND 1, L_0x14eeab690, L_0x14eeabca0, C4<1>, C4<1>;
L_0x14eeaabb0 .functor NAND 1, L_0x14eeaab20, L_0x14eeaab20, C4<1>, C4<1>;
v0x14ee7d640_0 .net "a", 0 0, L_0x14eeab690;  1 drivers
v0x14ee7d6d0_0 .net "b", 0 0, L_0x14eeabca0;  1 drivers
v0x14ee7d760_0 .net "out", 0 0, L_0x14eeaabb0;  1 drivers
v0x14ee7c620_0 .net "temp", 0 0, L_0x14eeaab20;  1 drivers
S_0x14ee7c6e0 .scope module, "c1" "Carry_Look_Ahead_Generator_4bit" 2 95, 2 46 0, S_0x14ee86bc0;
 .timescale -9 -12;
    .port_info 0 /INPUT 4 "p";
    .port_info 1 /INPUT 4 "g";
    .port_info 2 /INPUT 1 "cin";
    .port_info 3 /OUTPUT 3 "cout";
    .port_info 4 /OUTPUT 1 "p03";
    .port_info 5 /OUTPUT 1 "g03";
v0x14ee92df0_0 .net "cin", 0 0, o0x150040c10;  alias, 0 drivers
v0x14ee92e90_0 .net "cout", 2 0, L_0x14eeaf7c0;  1 drivers
v0x14ee92f30_0 .net "g", 3 0, L_0x14eeabe40;  1 drivers
v0x14ee92fe0_0 .net "g03", 0 0, L_0x14eeb11a0;  alias, 1 drivers
v0x14ee93090_0 .net "p", 3 0, L_0x14eeb1070;  1 drivers
v0x14ee93170_0 .net "p01", 0 0, L_0x14eeaa530;  1 drivers
v0x14ee93200_0 .net "p02", 0 0, L_0x14eeac380;  1 drivers
v0x14ee93290_0 .net "p03", 0 0, L_0x14eeac5c0;  alias, 1 drivers
v0x14ee93320_0 .net "p12", 0 0, L_0x14eeac840;  1 drivers
v0x14ee93430_0 .net "p13", 0 0, L_0x14eeacb20;  1 drivers
v0x14ee934c0_0 .net "p23", 0 0, L_0x14eeacd60;  1 drivers
v0x14ee93590_0 .net "temp", 13 0, L_0x14eeb0a10;  1 drivers
L_0x14eeac1d0 .part L_0x14eeb1070, 0, 1;
L_0x14eeac270 .part L_0x14eeb1070, 1, 1;
L_0x14eeac470 .part L_0x14eeb1070, 2, 1;
L_0x14eeac670 .part L_0x14eeb1070, 3, 1;
L_0x14eeac930 .part L_0x14eeb1070, 1, 1;
L_0x14eeac9d0 .part L_0x14eeb1070, 2, 1;
L_0x14eeacbd0 .part L_0x14eeb1070, 3, 1;
L_0x14eeace10 .part L_0x14eeb1070, 2, 1;
L_0x14eeacff0 .part L_0x14eeb1070, 3, 1;
L_0x14eead2b0 .part L_0x14eeb1070, 0, 1;
L_0x14eead560 .part L_0x14eeabe40, 0, 1;
L_0x14eead660 .part L_0x14eeb0a10, 0, 1;
L_0x14eeada20 .part L_0x14eeabe40, 0, 1;
L_0x14eeadbb0 .part L_0x14eeb1070, 1, 1;
L_0x14eeadec0 .part L_0x14eeb0a10, 1, 1;
L_0x14eeae020 .part L_0x14eeb0a10, 2, 1;
L_0x14eeae300 .part L_0x14eeabe40, 1, 1;
L_0x14eeae430 .part L_0x14eeb0a10, 3, 1;
L_0x14eeae790 .part L_0x14eeabe40, 0, 1;
L_0x14eeaea60 .part L_0x14eeabe40, 1, 1;
L_0x14eeaeb40 .part L_0x14eeb1070, 2, 1;
L_0x14eeaeee0 .part L_0x14eeb0a10, 4, 1;
L_0x14eeaef80 .part L_0x14eeb0a10, 5, 1;
L_0x14eeaf310 .part L_0x14eeb0a10, 6, 1;
L_0x14eeaf3b0 .part L_0x14eeb0a10, 7, 1;
L_0x14eeaf7c0 .concat8 [ 1 1 1 0], L_0x14eead470, L_0x14eeae1f0, L_0x14eeaf6d0;
L_0x14eeaf940 .part L_0x14eeabe40, 2, 1;
L_0x14eeafac0 .part L_0x14eeb0a10, 8, 1;
L_0x14eeafc40 .part L_0x14eeabe40, 0, 1;
L_0x14eeafeb0 .part L_0x14eeabe40, 1, 1;
L_0x14eeb0170 .part L_0x14eeabe40, 2, 1;
L_0x14eeb0350 .part L_0x14eeb1070, 3, 1;
L_0x14eeb05f0 .part L_0x14eeb0a10, 9, 1;
L_0x14eeb0250 .part L_0x14eeb0a10, 10, 1;
LS_0x14eeb0a10_0_0 .concat8 [ 1 1 1 1], L_0x14eead240, L_0x14eead770, L_0x14eead930, L_0x14eeaddb0;
LS_0x14eeb0a10_0_4 .concat8 [ 1 1 1 1], L_0x14eeae540, L_0x14eeae6a0, L_0x14eeae3a0, L_0x14eeaedf0;
LS_0x14eeb0a10_0_8 .concat8 [ 1 1 1 1], L_0x14eeaf200, L_0x14eeafbd0, L_0x14eeafe40, L_0x14eeb00c0;
LS_0x14eeb0a10_0_12 .concat8 [ 1 1 0 0], L_0x14eeb04e0, L_0x14eeb0900;
L_0x14eeb0a10 .concat8 [ 4 4 4 2], LS_0x14eeb0a10_0_0, LS_0x14eeb0a10_0_4, LS_0x14eeb0a10_0_8, LS_0x14eeb0a10_0_12;
L_0x14eeb0690 .part L_0x14eeb0a10, 11, 1;
L_0x14eeb0fd0 .part L_0x14eeb0a10, 12, 1;
L_0x14eeb1290 .part L_0x14eeabe40, 3, 1;
L_0x14eeb1330 .part L_0x14eeb0a10, 13, 1;
S_0x14ee6cc30 .scope module, "a1" "AND" 2 54, 2 2 0, S_0x14ee7c6e0;
 .timescale -9 -12;
    .port_info 0 /OUTPUT 1 "out";
    .port_info 1 /INPUT 1 "a";
    .port_info 2 /INPUT 1 "b";
L_0x14eeaa4c0 .functor NAND 1, L_0x14eeac1d0, L_0x14eeac270, C4<1>, C4<1>;
L_0x14eeaa530 .functor NAND 1, L_0x14eeaa4c0, L_0x14eeaa4c0, C4<1>, C4<1>;
v0x14ee8b0d0_0 .net "a", 0 0, L_0x14eeac1d0;  1 drivers
v0x14ee8b160_0 .net "b", 0 0, L_0x14eeac270;  1 drivers
v0x14ee8b1f0_0 .net "out", 0 0, L_0x14eeaa530;  alias, 1 drivers
v0x14ee8b280_0 .net "temp", 0 0, L_0x14eeaa4c0;  1 drivers
S_0x14ee8b310 .scope module, "a10" "AND" 2 69, 2 2 0, S_0x14ee7c6e0;
 .timescale -9 -12;
    .port_info 0 /OUTPUT 1 "out";
    .port_info 1 /INPUT 1 "a";
    .port_info 2 /INPUT 1 "b";
L_0x14eeae4d0 .functor NAND 1, L_0x14eeac380, o0x150040c10, C4<1>, C4<1>;
L_0x14eeae540 .functor NAND 1, L_0x14eeae4d0, L_0x14eeae4d0, C4<1>, C4<1>;
v0x14ee8b520_0 .net "a", 0 0, L_0x14eeac380;  alias, 1 drivers
v0x14ee8b5c0_0 .net "b", 0 0, o0x150040c10;  alias, 0 drivers
v0x14ee8b660_0 .net "out", 0 0, L_0x14eeae540;  1 drivers
v0x14ee8b710_0 .net "temp", 0 0, L_0x14eeae4d0;  1 drivers
S_0x14ee8b800 .scope module, "a11" "AND" 2 70, 2 2 0, S_0x14ee7c6e0;
 .timescale -9 -12;
    .port_info 0 /OUTPUT 1 "out";
    .port_info 1 /INPUT 1 "a";
    .port_info 2 /INPUT 1 "b";
L_0x14eeae5f0 .functor NAND 1, L_0x14eeae790, L_0x14eeac840, C4<1>, C4<1>;
L_0x14eeae6a0 .functor NAND 1, L_0x14eeae5f0, L_0x14eeae5f0, C4<1>, C4<1>;
v0x14ee8ba30_0 .net "a", 0 0, L_0x14eeae790;  1 drivers
v0x14ee8bad0_0 .net "b", 0 0, L_0x14eeac840;  alias, 1 drivers
v0x14ee8bb70_0 .net "out", 0 0, L_0x14eeae6a0;  1 drivers
v0x14ee8bc20_0 .net "temp", 0 0, L_0x14eeae5f0;  1 drivers
S_0x14ee8bd10 .scope module, "a12" "AND" 2 71, 2 2 0, S_0x14ee7c6e0;
 .timescale -9 -12;
    .port_info 0 /OUTPUT 1 "out";
    .port_info 1 /INPUT 1 "a";
    .port_info 2 /INPUT 1 "b";
L_0x14eeae990 .functor NAND 1, L_0x14eeaea60, L_0x14eeaeb40, C4<1>, C4<1>;
L_0x14eeae3a0 .functor NAND 1, L_0x14eeae990, L_0x14eeae990, C4<1>, C4<1>;
v0x14ee8bf20_0 .net "a", 0 0, L_0x14eeaea60;  1 drivers
v0x14ee8bfd0_0 .net "b", 0 0, L_0x14eeaeb40;  1 drivers
v0x14ee8c070_0 .net "out", 0 0, L_0x14eeae3a0;  1 drivers
v0x14ee8c120_0 .net "temp", 0 0, L_0x14eeae990;  1 drivers
S_0x14ee8c210 .scope module, "a13" "AND" 2 76, 2 2 0, S_0x14ee7c6e0;
 .timescale -9 -12;
    .port_info 0 /OUTPUT 1 "out";
    .port_info 1 /INPUT 1 "a";
    .port_info 2 /INPUT 1 "b";
L_0x14eeafb60 .functor NAND 1, L_0x14eeafc40, L_0x14eeacb20, C4<1>, C4<1>;
L_0x14eeafbd0 .functor NAND 1, L_0x14eeafb60, L_0x14eeafb60, C4<1>, C4<1>;
v0x14ee8c460_0 .net "a", 0 0, L_0x14eeafc40;  1 drivers
v0x14ee8c4f0_0 .net "b", 0 0, L_0x14eeacb20;  alias, 1 drivers
v0x14ee8c590_0 .net "out", 0 0, L_0x14eeafbd0;  1 drivers
v0x14ee8c640_0 .net "temp", 0 0, L_0x14eeafb60;  1 drivers
S_0x14ee8c730 .scope module, "a14" "AND" 2 77, 2 2 0, S_0x14ee7c6e0;
 .timescale -9 -12;
    .port_info 0 /OUTPUT 1 "out";
    .port_info 1 /INPUT 1 "a";
    .port_info 2 /INPUT 1 "b";
L_0x14eeafdd0 .functor NAND 1, L_0x14eeafeb0, L_0x14eeacd60, C4<1>, C4<1>;
L_0x14eeafe40 .functor NAND 1, L_0x14eeafdd0, L_0x14eeafdd0, C4<1>, C4<1>;
v0x14ee8c940_0 .net "a", 0 0, L_0x14eeafeb0;  1 drivers
v0x14ee8c9f0_0 .net "b", 0 0, L_0x14eeacd60;  alias, 1 drivers
v0x14ee8ca90_0 .net "out", 0 0, L_0x14eeafe40;  1 drivers
v0x14ee8cb40_0 .net "temp", 0 0, L_0x14eeafdd0;  1 drivers
S_0x14ee8cc30 .scope module, "a15" "AND" 2 78, 2 2 0, S_0x14ee7c6e0;
 .timescale -9 -12;
    .port_info 0 /OUTPUT 1 "out";
    .port_info 1 /INPUT 1 "a";
    .port_info 2 /INPUT 1 "b";
L_0x14eeb0050 .functor NAND 1, L_0x14eeb0170, L_0x14eeb0350, C4<1>, C4<1>;
L_0x14eeb00c0 .functor NAND 1, L_0x14eeb0050, L_0x14eeb0050, C4<1>, C4<1>;
v0x14ee8ce40_0 .net "a", 0 0, L_0x14eeb0170;  1 drivers
v0x14ee8cef0_0 .net "b", 0 0, L_0x14eeb0350;  1 drivers
v0x14ee8cf90_0 .net "out", 0 0, L_0x14eeb00c0;  1 drivers
v0x14ee8d040_0 .net "temp", 0 0, L_0x14eeb0050;  1 drivers
S_0x14ee8d130 .scope module, "a2" "AND" 2 55, 2 2 0, S_0x14ee7c6e0;
 .timescale -9 -12;
    .port_info 0 /OUTPUT 1 "out";
    .port_info 1 /INPUT 1 "a";
    .port_info 2 /INPUT 1 "b";
L_0x14eeac310 .functor NAND 1, L_0x14eeaa530, L_0x14eeac470, C4<1>, C4<1>;
L_0x14eeac380 .functor NAND 1, L_0x14eeac310, L_0x14eeac310, C4<1>, C4<1>;
v0x14ee8d340_0 .net "a", 0 0, L_0x14eeaa530;  alias, 1 drivers
v0x14ee8d400_0 .net "b", 0 0, L_0x14eeac470;  1 drivers
v0x14ee8d490_0 .net "out", 0 0, L_0x14eeac380;  alias, 1 drivers
v0x14ee8d560_0 .net "temp", 0 0, L_0x14eeac310;  1 drivers
S_0x14ee8d630 .scope module, "a3" "AND" 2 56, 2 2 0, S_0x14ee7c6e0;
 .timescale -9 -12;
    .port_info 0 /OUTPUT 1 "out";
    .port_info 1 /INPUT 1 "a";
    .port_info 2 /INPUT 1 "b";
L_0x14eeac550 .functor NAND 1, L_0x14eeac380, L_0x14eeac670, C4<1>, C4<1>;
L_0x14eeac5c0 .functor NAND 1, L_0x14eeac550, L_0x14eeac550, C4<1>, C4<1>;
v0x14ee8d8c0_0 .net "a", 0 0, L_0x14eeac380;  alias, 1 drivers
v0x14ee8d960_0 .net "b", 0 0, L_0x14eeac670;  1 drivers
v0x14ee8da00_0 .net "out", 0 0, L_0x14eeac5c0;  alias, 1 drivers
v0x14ee8da90_0 .net "temp", 0 0, L_0x14eeac550;  1 drivers
S_0x14ee8db80 .scope module, "a4" "AND" 2 57, 2 2 0, S_0x14ee7c6e0;
 .timescale -9 -12;
    .port_info 0 /OUTPUT 1 "out";
    .port_info 1 /INPUT 1 "a";
    .port_info 2 /INPUT 1 "b";
L_0x14eeac7d0 .functor NAND 1, L_0x14eeac930, L_0x14eeac9d0, C4<1>, C4<1>;
L_0x14eeac840 .functor NAND 1, L_0x14eeac7d0, L_0x14eeac7d0, C4<1>, C4<1>;
v0x14ee8dd90_0 .net "a", 0 0, L_0x14eeac930;  1 drivers
v0x14ee8de40_0 .net "b", 0 0, L_0x14eeac9d0;  1 drivers
v0x14ee8dee0_0 .net "out", 0 0, L_0x14eeac840;  alias, 1 drivers
v0x14ee8dfb0_0 .net "temp", 0 0, L_0x14eeac7d0;  1 drivers
S_0x14ee8e080 .scope module, "a5" "AND" 2 58, 2 2 0, S_0x14ee7c6e0;
 .timescale -9 -12;
    .port_info 0 /OUTPUT 1 "out";
    .port_info 1 /INPUT 1 "a";
    .port_info 2 /INPUT 1 "b";
L_0x14eeacab0 .functor NAND 1, L_0x14eeac840, L_0x14eeacbd0, C4<1>, C4<1>;
L_0x14eeacb20 .functor NAND 1, L_0x14eeacab0, L_0x14eeacab0, C4<1>, C4<1>;
v0x14ee8e290_0 .net "a", 0 0, L_0x14eeac840;  alias, 1 drivers
v0x14ee8e370_0 .net "b", 0 0, L_0x14eeacbd0;  1 drivers
v0x14ee8e410_0 .net "out", 0 0, L_0x14eeacb20;  alias, 1 drivers
v0x14ee8e4c0_0 .net "temp", 0 0, L_0x14eeacab0;  1 drivers
S_0x14ee8e590 .scope module, "a6" "AND" 2 59, 2 2 0, S_0x14ee7c6e0;
 .timescale -9 -12;
    .port_info 0 /OUTPUT 1 "out";
    .port_info 1 /INPUT 1 "a";
    .port_info 2 /INPUT 1 "b";
L_0x14eeaccf0 .functor NAND 1, L_0x14eeace10, L_0x14eeacff0, C4<1>, C4<1>;
L_0x14eeacd60 .functor NAND 1, L_0x14eeaccf0, L_0x14eeaccf0, C4<1>, C4<1>;
v0x14ee8e7a0_0 .net "a", 0 0, L_0x14eeace10;  1 drivers
v0x14ee8e850_0 .net "b", 0 0, L_0x14eeacff0;  1 drivers
v0x14ee8e8f0_0 .net "out", 0 0, L_0x14eeacd60;  alias, 1 drivers
v0x14ee8e9c0_0 .net "temp", 0 0, L_0x14eeaccf0;  1 drivers
S_0x14ee8ea90 .scope module, "a7" "AND" 2 61, 2 2 0, S_0x14ee7c6e0;
 .timescale -9 -12;
    .port_info 0 /OUTPUT 1 "out";
    .port_info 1 /INPUT 1 "a";
    .port_info 2 /INPUT 1 "b";
L_0x14eead0d0 .functor NAND 1, L_0x14eead2b0, o0x150040c10, C4<1>, C4<1>;
L_0x14eead240 .functor NAND 1, L_0x14eead0d0, L_0x14eead0d0, C4<1>, C4<1>;
v0x14ee8eca0_0 .net "a", 0 0, L_0x14eead2b0;  1 drivers
v0x14ee8ed50_0 .net "b", 0 0, o0x150040c10;  alias, 0 drivers
v0x14ee8ee10_0 .net "out", 0 0, L_0x14eead240;  1 drivers
v0x14ee8eec0_0 .net "temp", 0 0, L_0x14eead0d0;  1 drivers
S_0x14ee8ef90 .scope module, "a8" "AND" 2 64, 2 2 0, S_0x14ee7c6e0;
 .timescale -9 -12;
    .port_info 0 /OUTPUT 1 "out";
    .port_info 1 /INPUT 1 "a";
    .port_info 2 /INPUT 1 "b";
L_0x14eead700 .functor NAND 1, L_0x14eeaa530, o0x150040c10, C4<1>, C4<1>;
L_0x14eead770 .functor NAND 1, L_0x14eead700, L_0x14eead700, C4<1>, C4<1>;
v0x14ee8f1a0_0 .net "a", 0 0, L_0x14eeaa530;  alias, 1 drivers
v0x14ee8f280_0 .net "b", 0 0, o0x150040c10;  alias, 0 drivers
v0x14ee8f360_0 .net "out", 0 0, L_0x14eead770;  1 drivers
v0x14ee8f3f0_0 .net "temp", 0 0, L_0x14eead700;  1 drivers
S_0x14ee8f4b0 .scope module, "a9" "AND" 2 65, 2 2 0, S_0x14ee7c6e0;
 .timescale -9 -12;
    .port_info 0 /OUTPUT 1 "out";
    .port_info 1 /INPUT 1 "a";
    .port_info 2 /INPUT 1 "b";
L_0x14eead860 .functor NAND 1, L_0x14eeada20, L_0x14eeadbb0, C4<1>, C4<1>;
L_0x14eead930 .functor NAND 1, L_0x14eead860, L_0x14eead860, C4<1>, C4<1>;
v0x14ee8f6c0_0 .net "a", 0 0, L_0x14eeada20;  1 drivers
v0x14ee8f770_0 .net "b", 0 0, L_0x14eeadbb0;  1 drivers
v0x14ee8f810_0 .net "out", 0 0, L_0x14eead930;  1 drivers
v0x14ee8f8c0_0 .net "temp", 0 0, L_0x14eead860;  1 drivers
S_0x14ee8f9b0 .scope module, "o1" "OR" 2 62, 2 10 0, S_0x14ee7c6e0;
 .timescale -9 -12;
    .port_info 0 /OUTPUT 1 "out";
    .port_info 1 /INPUT 1 "a";
    .port_info 2 /INPUT 1 "b";
L_0x14eead350 .functor NAND 1, L_0x14eead560, L_0x14eead560, C4<1>, C4<1>;
L_0x14eead3c0 .functor NAND 1, L_0x14eead660, L_0x14eead660, C4<1>, C4<1>;
L_0x14eead470 .functor NAND 1, L_0x14eead350, L_0x14eead3c0, C4<1>, C4<1>;
v0x14ee8fbc0_0 .net "a", 0 0, L_0x14eead560;  1 drivers
v0x14ee8fc70_0 .net "b", 0 0, L_0x14eead660;  1 drivers
v0x14ee8fd10_0 .net "out", 0 0, L_0x14eead470;  1 drivers
v0x14ee8fdc0_0 .net "temp1", 0 0, L_0x14eead350;  1 drivers
v0x14ee8fe60_0 .net "temp2", 0 0, L_0x14eead3c0;  1 drivers
S_0x14ee8ff70 .scope module, "o2" "OR" 2 66, 2 10 0, S_0x14ee7c6e0;
 .timescale -9 -12;
    .port_info 0 /OUTPUT 1 "out";
    .port_info 1 /INPUT 1 "a";
    .port_info 2 /INPUT 1 "b";
L_0x14eeadc50 .functor NAND 1, L_0x14eeadec0, L_0x14eeadec0, C4<1>, C4<1>;
L_0x14eeadcc0 .functor NAND 1, L_0x14eeae020, L_0x14eeae020, C4<1>, C4<1>;
L_0x14eeaddb0 .functor NAND 1, L_0x14eeadc50, L_0x14eeadcc0, C4<1>, C4<1>;
v0x14ee90280_0 .net "a", 0 0, L_0x14eeadec0;  1 drivers
v0x14ee90330_0 .net "b", 0 0, L_0x14eeae020;  1 drivers
v0x14ee903d0_0 .net "out", 0 0, L_0x14eeaddb0;  1 drivers
v0x14ee90460_0 .net "temp1", 0 0, L_0x14eeadc50;  1 drivers
v0x14ee904f0_0 .net "temp2", 0 0, L_0x14eeadcc0;  1 drivers
S_0x14ee905b0 .scope module, "o3" "OR" 2 67, 2 10 0, S_0x14ee7c6e0;
 .timescale -9 -12;
    .port_info 0 /OUTPUT 1 "out";
    .port_info 1 /INPUT 1 "a";
    .port_info 2 /INPUT 1 "b";
L_0x14eeadb40 .functor NAND 1, L_0x14eeae300, L_0x14eeae300, C4<1>, C4<1>;
L_0x14eeae100 .functor NAND 1, L_0x14eeae430, L_0x14eeae430, C4<1>, C4<1>;
L_0x14eeae1f0 .functor NAND 1, L_0x14eeadb40, L_0x14eeae100, C4<1>, C4<1>;
v0x14ee907c0_0 .net "a", 0 0, L_0x14eeae300;  1 drivers
v0x14ee90870_0 .net "b", 0 0, L_0x14eeae430;  1 drivers
v0x14ee90910_0 .net "out", 0 0, L_0x14eeae1f0;  1 drivers
v0x14ee909c0_0 .net "temp1", 0 0, L_0x14eeadb40;  1 drivers
v0x14ee90a60_0 .net "temp2", 0 0, L_0x14eeae100;  1 drivers
S_0x14ee90b70 .scope module, "o4" "OR" 2 72, 2 10 0, S_0x14ee7c6e0;
 .timescale -9 -12;
    .port_info 0 /OUTPUT 1 "out";
    .port_info 1 /INPUT 1 "a";
    .port_info 2 /INPUT 1 "b";
L_0x14eeaecd0 .functor NAND 1, L_0x14eeaeee0, L_0x14eeaeee0, C4<1>, C4<1>;
L_0x14eeaed40 .functor NAND 1, L_0x14eeaef80, L_0x14eeaef80, C4<1>, C4<1>;
L_0x14eeaedf0 .functor NAND 1, L_0x14eeaecd0, L_0x14eeaed40, C4<1>, C4<1>;
v0x14ee90d80_0 .net "a", 0 0, L_0x14eeaeee0;  1 drivers
v0x14ee90e30_0 .net "b", 0 0, L_0x14eeaef80;  1 drivers
v0x14ee90ed0_0 .net "out", 0 0, L_0x14eeaedf0;  1 drivers
v0x14ee90f80_0 .net "temp1", 0 0, L_0x14eeaecd0;  1 drivers
v0x14ee91020_0 .net "temp2", 0 0, L_0x14eeaed40;  1 drivers
S_0x14ee91130 .scope module, "o5" "OR" 2 73, 2 10 0, S_0x14ee7c6e0;
 .timescale -9 -12;
    .port_info 0 /OUTPUT 1 "out";
    .port_info 1 /INPUT 1 "a";
    .port_info 2 /INPUT 1 "b";
L_0x14eeaf0e0 .functor NAND 1, L_0x14eeaf310, L_0x14eeaf310, C4<1>, C4<1>;
L_0x14eeaf150 .functor NAND 1, L_0x14eeaf3b0, L_0x14eeaf3b0, C4<1>, C4<1>;
L_0x14eeaf200 .functor NAND 1, L_0x14eeaf0e0, L_0x14eeaf150, C4<1>, C4<1>;
v0x14ee91340_0 .net "a", 0 0, L_0x14eeaf310;  1 drivers
v0x14ee913f0_0 .net "b", 0 0, L_0x14eeaf3b0;  1 drivers
v0x14ee91490_0 .net "out", 0 0, L_0x14eeaf200;  1 drivers
v0x14ee91540_0 .net "temp1", 0 0, L_0x14eeaf0e0;  1 drivers
v0x14ee915e0_0 .net "temp2", 0 0, L_0x14eeaf150;  1 drivers
S_0x14ee916f0 .scope module, "o6" "OR" 2 74, 2 10 0, S_0x14ee7c6e0;
 .timescale -9 -12;
    .port_info 0 /OUTPUT 1 "out";
    .port_info 1 /INPUT 1 "a";
    .port_info 2 /INPUT 1 "b";
L_0x14eeadfa0 .functor NAND 1, L_0x14eeaf940, L_0x14eeaf940, C4<1>, C4<1>;
L_0x14eeaf620 .functor NAND 1, L_0x14eeafac0, L_0x14eeafac0, C4<1>, C4<1>;
L_0x14eeaf6d0 .functor NAND 1, L_0x14eeadfa0, L_0x14eeaf620, C4<1>, C4<1>;
v0x14ee91900_0 .net "a", 0 0, L_0x14eeaf940;  1 drivers
v0x14ee919b0_0 .net "b", 0 0, L_0x14eeafac0;  1 drivers
v0x14ee91a50_0 .net "out", 0 0, L_0x14eeaf6d0;  1 drivers
v0x14ee91b00_0 .net "temp1", 0 0, L_0x14eeadfa0;  1 drivers
v0x14ee91ba0_0 .net "temp2", 0 0, L_0x14eeaf620;  1 drivers
S_0x14ee91cb0 .scope module, "o7" "OR" 2 79, 2 10 0, S_0x14ee7c6e0;
 .timescale -9 -12;
    .port_info 0 /OUTPUT 1 "out";
    .port_info 1 /INPUT 1 "a";
    .port_info 2 /INPUT 1 "b";
L_0x14eeafce0 .functor NAND 1, L_0x14eeb05f0, L_0x14eeb05f0, C4<1>, C4<1>;
L_0x14eeb0430 .functor NAND 1, L_0x14eeb0250, L_0x14eeb0250, C4<1>, C4<1>;
L_0x14eeb04e0 .functor NAND 1, L_0x14eeafce0, L_0x14eeb0430, C4<1>, C4<1>;
v0x14ee91ec0_0 .net "a", 0 0, L_0x14eeb05f0;  1 drivers
v0x14ee91f70_0 .net "b", 0 0, L_0x14eeb0250;  1 drivers
v0x14ee92010_0 .net "out", 0 0, L_0x14eeb04e0;  1 drivers
v0x14ee920c0_0 .net "temp1", 0 0, L_0x14eeafce0;  1 drivers
v0x14ee92160_0 .net "temp2", 0 0, L_0x14eeb0430;  1 drivers
S_0x14ee92270 .scope module, "o8" "OR" 2 80, 2 10 0, S_0x14ee7c6e0;
 .timescale -9 -12;
    .port_info 0 /OUTPUT 1 "out";
    .port_info 1 /INPUT 1 "a";
    .port_info 2 /INPUT 1 "b";
L_0x14eeb07a0 .functor NAND 1, L_0x14eeb0690, L_0x14eeb0690, C4<1>, C4<1>;
L_0x14eeb0810 .functor NAND 1, L_0x14eeb0fd0, L_0x14eeb0fd0, C4<1>, C4<1>;
L_0x14eeb0900 .functor NAND 1, L_0x14eeb07a0, L_0x14eeb0810, C4<1>, C4<1>;
v0x14ee92480_0 .net "a", 0 0, L_0x14eeb0690;  1 drivers
v0x14ee92530_0 .net "b", 0 0, L_0x14eeb0fd0;  1 drivers
v0x14ee925d0_0 .net "out", 0 0, L_0x14eeb0900;  1 drivers
v0x14ee92680_0 .net "temp1", 0 0, L_0x14eeb07a0;  1 drivers
v0x14ee92720_0 .net "temp2", 0 0, L_0x14eeb0810;  1 drivers
S_0x14ee92830 .scope module, "o9" "OR" 2 81, 2 10 0, S_0x14ee7c6e0;
 .timescale -9 -12;
    .port_info 0 /OUTPUT 1 "out";
    .port_info 1 /INPUT 1 "a";
    .port_info 2 /INPUT 1 "b";
L_0x14eeb0730 .functor NAND 1, L_0x14eeb1290, L_0x14eeb1290, C4<1>, C4<1>;
L_0x14eeb0ef0 .functor NAND 1, L_0x14eeb1330, L_0x14eeb1330, C4<1>, C4<1>;
L_0x14eeb11a0 .functor NAND 1, L_0x14eeb0730, L_0x14eeb0ef0, C4<1>, C4<1>;
v0x14ee92a40_0 .net "a", 0 0, L_0x14eeb1290;  1 drivers
v0x14ee92af0_0 .net "b", 0 0, L_0x14eeb1330;  1 drivers
v0x14ee92b90_0 .net "out", 0 0, L_0x14eeb11a0;  alias, 1 drivers
v0x14ee92c40_0 .net "temp1", 0 0, L_0x14eeb0730;  1 drivers
v0x14ee92ce0_0 .net "temp2", 0 0, L_0x14eeb0ef0;  1 drivers
S_0x14ee936a0 .scope module, "c2" "Carry_Look_Ahead_Generator_4bit" 2 96, 2 46 0, S_0x14ee86bc0;
 .timescale -9 -12;
    .port_info 0 /INPUT 4 "p";
    .port_info 1 /INPUT 4 "g";
    .port_info 2 /INPUT 1 "cin";
    .port_info 3 /OUTPUT 3 "cout";
    .port_info 4 /OUTPUT 1 "p03";
    .port_info 5 /OUTPUT 1 "g03";
v0x14ee9b8f0_0 .net "cin", 0 0, L_0x14eeb6c90;  1 drivers
v0x14ee9b990_0 .net "cout", 2 0, L_0x14eeb4e10;  1 drivers
v0x14ee9ba30_0 .net "g", 3 0, L_0x14eeb1510;  1 drivers
v0x14ee9bae0_0 .net "g03", 0 0, L_0x14eeb67f0;  alias, 1 drivers
v0x14ee9bb90_0 .net "p", 3 0, L_0x14eeb66c0;  1 drivers
v0x14ee9bc70_0 .net "p01", 0 0, L_0x14eeb1630;  1 drivers
v0x14ee9bd00_0 .net "p02", 0 0, L_0x14eeb1990;  1 drivers
v0x14ee9bd90_0 .net "p03", 0 0, L_0x14eeb1bd0;  alias, 1 drivers
v0x14ee9be20_0 .net "p12", 0 0, L_0x14eeb1e50;  1 drivers
v0x14ee9bf30_0 .net "p13", 0 0, L_0x14eeb2130;  1 drivers
v0x14ee9bfc0_0 .net "p23", 0 0, L_0x14eeb2370;  1 drivers
v0x14ee9c090_0 .net "temp", 13 0, L_0x14eeb6060;  1 drivers
L_0x14eeb1720 .part L_0x14eeb66c0, 0, 1;
L_0x14eeb1800 .part L_0x14eeb66c0, 1, 1;
L_0x14eeb1a80 .part L_0x14eeb66c0, 2, 1;
L_0x14eeb1c80 .part L_0x14eeb66c0, 3, 1;
L_0x14eeb1f40 .part L_0x14eeb66c0, 1, 1;
L_0x14eeb1fe0 .part L_0x14eeb66c0, 2, 1;
L_0x14eeb21e0 .part L_0x14eeb66c0, 3, 1;
L_0x14eeb2420 .part L_0x14eeb66c0, 2, 1;
L_0x14eeb2600 .part L_0x14eeb66c0, 3, 1;
L_0x14eeb2840 .part L_0x14eeb66c0, 0, 1;
L_0x14eeb2bb0 .part L_0x14eeb1510, 0, 1;
L_0x14eeb2cb0 .part L_0x14eeb6060, 0, 1;
L_0x14eeb3070 .part L_0x14eeb1510, 0, 1;
L_0x14eeb3200 .part L_0x14eeb66c0, 1, 1;
L_0x14eeb3510 .part L_0x14eeb6060, 1, 1;
L_0x14eeb3670 .part L_0x14eeb6060, 2, 1;
L_0x14eeb3950 .part L_0x14eeb1510, 1, 1;
L_0x14eeb3a80 .part L_0x14eeb6060, 3, 1;
L_0x14eeb3de0 .part L_0x14eeb1510, 0, 1;
L_0x14eeb40b0 .part L_0x14eeb1510, 1, 1;
L_0x14eeb4190 .part L_0x14eeb66c0, 2, 1;
L_0x14eeb4530 .part L_0x14eeb6060, 4, 1;
L_0x14eeb45d0 .part L_0x14eeb6060, 5, 1;
L_0x14eeb4960 .part L_0x14eeb6060, 6, 1;
L_0x14eeb4a00 .part L_0x14eeb6060, 7, 1;
L_0x14eeb4e10 .concat8 [ 1 1 1 0], L_0x14eeb2aa0, L_0x14eeb3840, L_0x14eeb4d20;
L_0x14eeb4f90 .part L_0x14eeb1510, 2, 1;
L_0x14eeb5110 .part L_0x14eeb6060, 8, 1;
L_0x14eeb5290 .part L_0x14eeb1510, 0, 1;
L_0x14eeb5500 .part L_0x14eeb1510, 1, 1;
L_0x14eeb57c0 .part L_0x14eeb1510, 2, 1;
L_0x14eeb59a0 .part L_0x14eeb66c0, 3, 1;
L_0x14eeb5c40 .part L_0x14eeb6060, 9, 1;
L_0x14eeb58a0 .part L_0x14eeb6060, 10, 1;
LS_0x14eeb6060_0_0 .concat8 [ 1 1 1 1], L_0x14eeb27d0, L_0x14eeb2dc0, L_0x14eeb2f80, L_0x14eeb3400;
LS_0x14eeb6060_0_4 .concat8 [ 1 1 1 1], L_0x14eeb3b90, L_0x14eeb3cf0, L_0x14eeb39f0, L_0x14eeb4440;
LS_0x14eeb6060_0_8 .concat8 [ 1 1 1 1], L_0x14eeb4850, L_0x14eeb5220, L_0x14eeb5490, L_0x14eeb5710;
LS_0x14eeb6060_0_12 .concat8 [ 1 1 0 0], L_0x14eeb5b30, L_0x14eeb5f50;
L_0x14eeb6060 .concat8 [ 4 4 4 2], LS_0x14eeb6060_0_0, LS_0x14eeb6060_0_4, LS_0x14eeb6060_0_8, LS_0x14eeb6060_0_12;
L_0x14eeb5ce0 .part L_0x14eeb6060, 11, 1;
L_0x14eeb6620 .part L_0x14eeb6060, 12, 1;
L_0x14eeb68e0 .part L_0x14eeb1510, 3, 1;
L_0x14eeb6980 .part L_0x14eeb6060, 13, 1;
S_0x14ee938f0 .scope module, "a1" "AND" 2 54, 2 2 0, S_0x14ee936a0;
 .timescale -9 -12;
    .port_info 0 /OUTPUT 1 "out";
    .port_info 1 /INPUT 1 "a";
    .port_info 2 /INPUT 1 "b";
L_0x14eeabee0 .functor NAND 1, L_0x14eeb1720, L_0x14eeb1800, C4<1>, C4<1>;
L_0x14eeb1630 .functor NAND 1, L_0x14eeabee0, L_0x14eeabee0, C4<1>, C4<1>;
v0x14ee93b20_0 .net "a", 0 0, L_0x14eeb1720;  1 drivers
v0x14ee93bc0_0 .net "b", 0 0, L_0x14eeb1800;  1 drivers
v0x14ee93c60_0 .net "out", 0 0, L_0x14eeb1630;  alias, 1 drivers
v0x14ee93d10_0 .net "temp", 0 0, L_0x14eeabee0;  1 drivers
S_0x14ee93e00 .scope module, "a10" "AND" 2 69, 2 2 0, S_0x14ee936a0;
 .timescale -9 -12;
    .port_info 0 /OUTPUT 1 "out";
    .port_info 1 /INPUT 1 "a";
    .port_info 2 /INPUT 1 "b";
L_0x14eeb3b20 .functor NAND 1, L_0x14eeb1990, L_0x14eeb6c90, C4<1>, C4<1>;
L_0x14eeb3b90 .functor NAND 1, L_0x14eeb3b20, L_0x14eeb3b20, C4<1>, C4<1>;
v0x14ee94020_0 .net "a", 0 0, L_0x14eeb1990;  alias, 1 drivers
v0x14ee940c0_0 .net "b", 0 0, L_0x14eeb6c90;  alias, 1 drivers
v0x14ee94160_0 .net "out", 0 0, L_0x14eeb3b90;  1 drivers
v0x14ee94210_0 .net "temp", 0 0, L_0x14eeb3b20;  1 drivers
S_0x14ee94300 .scope module, "a11" "AND" 2 70, 2 2 0, S_0x14ee936a0;
 .timescale -9 -12;
    .port_info 0 /OUTPUT 1 "out";
    .port_info 1 /INPUT 1 "a";
    .port_info 2 /INPUT 1 "b";
L_0x14eeb3c40 .functor NAND 1, L_0x14eeb3de0, L_0x14eeb1e50, C4<1>, C4<1>;
L_0x14eeb3cf0 .functor NAND 1, L_0x14eeb3c40, L_0x14eeb3c40, C4<1>, C4<1>;
v0x14ee94530_0 .net "a", 0 0, L_0x14eeb3de0;  1 drivers
v0x14ee945d0_0 .net "b", 0 0, L_0x14eeb1e50;  alias, 1 drivers
v0x14ee94670_0 .net "out", 0 0, L_0x14eeb3cf0;  1 drivers
v0x14ee94720_0 .net "temp", 0 0, L_0x14eeb3c40;  1 drivers
S_0x14ee94810 .scope module, "a12" "AND" 2 71, 2 2 0, S_0x14ee936a0;
 .timescale -9 -12;
    .port_info 0 /OUTPUT 1 "out";
    .port_info 1 /INPUT 1 "a";
    .port_info 2 /INPUT 1 "b";
L_0x14eeb3fe0 .functor NAND 1, L_0x14eeb40b0, L_0x14eeb4190, C4<1>, C4<1>;
L_0x14eeb39f0 .functor NAND 1, L_0x14eeb3fe0, L_0x14eeb3fe0, C4<1>, C4<1>;
v0x14ee94a20_0 .net "a", 0 0, L_0x14eeb40b0;  1 drivers
v0x14ee94ad0_0 .net "b", 0 0, L_0x14eeb4190;  1 drivers
v0x14ee94b70_0 .net "out", 0 0, L_0x14eeb39f0;  1 drivers
v0x14ee94c20_0 .net "temp", 0 0, L_0x14eeb3fe0;  1 drivers
S_0x14ee94d10 .scope module, "a13" "AND" 2 76, 2 2 0, S_0x14ee936a0;
 .timescale -9 -12;
    .port_info 0 /OUTPUT 1 "out";
    .port_info 1 /INPUT 1 "a";
    .port_info 2 /INPUT 1 "b";
L_0x14eeb51b0 .functor NAND 1, L_0x14eeb5290, L_0x14eeb2130, C4<1>, C4<1>;
L_0x14eeb5220 .functor NAND 1, L_0x14eeb51b0, L_0x14eeb51b0, C4<1>, C4<1>;
v0x14ee94f60_0 .net "a", 0 0, L_0x14eeb5290;  1 drivers
v0x14ee94ff0_0 .net "b", 0 0, L_0x14eeb2130;  alias, 1 drivers
v0x14ee95090_0 .net "out", 0 0, L_0x14eeb5220;  1 drivers
v0x14ee95140_0 .net "temp", 0 0, L_0x14eeb51b0;  1 drivers
S_0x14ee95230 .scope module, "a14" "AND" 2 77, 2 2 0, S_0x14ee936a0;
 .timescale -9 -12;
    .port_info 0 /OUTPUT 1 "out";
    .port_info 1 /INPUT 1 "a";
    .port_info 2 /INPUT 1 "b";
L_0x14eeb5420 .functor NAND 1, L_0x14eeb5500, L_0x14eeb2370, C4<1>, C4<1>;
L_0x14eeb5490 .functor NAND 1, L_0x14eeb5420, L_0x14eeb5420, C4<1>, C4<1>;
v0x14ee95440_0 .net "a", 0 0, L_0x14eeb5500;  1 drivers
v0x14ee954f0_0 .net "b", 0 0, L_0x14eeb2370;  alias, 1 drivers
v0x14ee95590_0 .net "out", 0 0, L_0x14eeb5490;  1 drivers
v0x14ee95640_0 .net "temp", 0 0, L_0x14eeb5420;  1 drivers
S_0x14ee95730 .scope module, "a15" "AND" 2 78, 2 2 0, S_0x14ee936a0;
 .timescale -9 -12;
    .port_info 0 /OUTPUT 1 "out";
    .port_info 1 /INPUT 1 "a";
    .port_info 2 /INPUT 1 "b";
L_0x14eeb56a0 .functor NAND 1, L_0x14eeb57c0, L_0x14eeb59a0, C4<1>, C4<1>;
L_0x14eeb5710 .functor NAND 1, L_0x14eeb56a0, L_0x14eeb56a0, C4<1>, C4<1>;
v0x14ee95940_0 .net "a", 0 0, L_0x14eeb57c0;  1 drivers
v0x14ee959f0_0 .net "b", 0 0, L_0x14eeb59a0;  1 drivers
v0x14ee95a90_0 .net "out", 0 0, L_0x14eeb5710;  1 drivers
v0x14ee95b40_0 .net "temp", 0 0, L_0x14eeb56a0;  1 drivers
S_0x14ee95c30 .scope module, "a2" "AND" 2 55, 2 2 0, S_0x14ee936a0;
 .timescale -9 -12;
    .port_info 0 /OUTPUT 1 "out";
    .port_info 1 /INPUT 1 "a";
    .port_info 2 /INPUT 1 "b";
L_0x14eeb1920 .functor NAND 1, L_0x14eeb1630, L_0x14eeb1a80, C4<1>, C4<1>;
L_0x14eeb1990 .functor NAND 1, L_0x14eeb1920, L_0x14eeb1920, C4<1>, C4<1>;
v0x14ee95e40_0 .net "a", 0 0, L_0x14eeb1630;  alias, 1 drivers
v0x14ee95f00_0 .net "b", 0 0, L_0x14eeb1a80;  1 drivers
v0x14ee95f90_0 .net "out", 0 0, L_0x14eeb1990;  alias, 1 drivers
v0x14ee96060_0 .net "temp", 0 0, L_0x14eeb1920;  1 drivers
S_0x14ee96130 .scope module, "a3" "AND" 2 56, 2 2 0, S_0x14ee936a0;
 .timescale -9 -12;
    .port_info 0 /OUTPUT 1 "out";
    .port_info 1 /INPUT 1 "a";
    .port_info 2 /INPUT 1 "b";
L_0x14eeb1b60 .functor NAND 1, L_0x14eeb1990, L_0x14eeb1c80, C4<1>, C4<1>;
L_0x14eeb1bd0 .functor NAND 1, L_0x14eeb1b60, L_0x14eeb1b60, C4<1>, C4<1>;
v0x14ee963c0_0 .net "a", 0 0, L_0x14eeb1990;  alias, 1 drivers
v0x14ee96460_0 .net "b", 0 0, L_0x14eeb1c80;  1 drivers
v0x14ee96500_0 .net "out", 0 0, L_0x14eeb1bd0;  alias, 1 drivers
v0x14ee96590_0 .net "temp", 0 0, L_0x14eeb1b60;  1 drivers
S_0x14ee96680 .scope module, "a4" "AND" 2 57, 2 2 0, S_0x14ee936a0;
 .timescale -9 -12;
    .port_info 0 /OUTPUT 1 "out";
    .port_info 1 /INPUT 1 "a";
    .port_info 2 /INPUT 1 "b";
L_0x14eeb1de0 .functor NAND 1, L_0x14eeb1f40, L_0x14eeb1fe0, C4<1>, C4<1>;
L_0x14eeb1e50 .functor NAND 1, L_0x14eeb1de0, L_0x14eeb1de0, C4<1>, C4<1>;
v0x14ee96890_0 .net "a", 0 0, L_0x14eeb1f40;  1 drivers
v0x14ee96940_0 .net "b", 0 0, L_0x14eeb1fe0;  1 drivers
v0x14ee969e0_0 .net "out", 0 0, L_0x14eeb1e50;  alias, 1 drivers
v0x14ee96ab0_0 .net "temp", 0 0, L_0x14eeb1de0;  1 drivers
S_0x14ee96b80 .scope module, "a5" "AND" 2 58, 2 2 0, S_0x14ee936a0;
 .timescale -9 -12;
    .port_info 0 /OUTPUT 1 "out";
    .port_info 1 /INPUT 1 "a";
    .port_info 2 /INPUT 1 "b";
L_0x14eeb20c0 .functor NAND 1, L_0x14eeb1e50, L_0x14eeb21e0, C4<1>, C4<1>;
L_0x14eeb2130 .functor NAND 1, L_0x14eeb20c0, L_0x14eeb20c0, C4<1>, C4<1>;
v0x14ee96d90_0 .net "a", 0 0, L_0x14eeb1e50;  alias, 1 drivers
v0x14ee96e70_0 .net "b", 0 0, L_0x14eeb21e0;  1 drivers
v0x14ee96f10_0 .net "out", 0 0, L_0x14eeb2130;  alias, 1 drivers
v0x14ee96fc0_0 .net "temp", 0 0, L_0x14eeb20c0;  1 drivers
S_0x14ee97090 .scope module, "a6" "AND" 2 59, 2 2 0, S_0x14ee936a0;
 .timescale -9 -12;
    .port_info 0 /OUTPUT 1 "out";
    .port_info 1 /INPUT 1 "a";
    .port_info 2 /INPUT 1 "b";
L_0x14eeb2300 .functor NAND 1, L_0x14eeb2420, L_0x14eeb2600, C4<1>, C4<1>;
L_0x14eeb2370 .functor NAND 1, L_0x14eeb2300, L_0x14eeb2300, C4<1>, C4<1>;
v0x14ee972a0_0 .net "a", 0 0, L_0x14eeb2420;  1 drivers
v0x14ee97350_0 .net "b", 0 0, L_0x14eeb2600;  1 drivers
v0x14ee973f0_0 .net "out", 0 0, L_0x14eeb2370;  alias, 1 drivers
v0x14ee974c0_0 .net "temp", 0 0, L_0x14eeb2300;  1 drivers
S_0x14ee97590 .scope module, "a7" "AND" 2 61, 2 2 0, S_0x14ee936a0;
 .timescale -9 -12;
    .port_info 0 /OUTPUT 1 "out";
    .port_info 1 /INPUT 1 "a";
    .port_info 2 /INPUT 1 "b";
L_0x14eeb26e0 .functor NAND 1, L_0x14eeb2840, L_0x14eeb6c90, C4<1>, C4<1>;
L_0x14eeb27d0 .functor NAND 1, L_0x14eeb26e0, L_0x14eeb26e0, C4<1>, C4<1>;
v0x14ee977a0_0 .net "a", 0 0, L_0x14eeb2840;  1 drivers
v0x14ee97850_0 .net "b", 0 0, L_0x14eeb6c90;  alias, 1 drivers
v0x14ee97910_0 .net "out", 0 0, L_0x14eeb27d0;  1 drivers
v0x14ee979c0_0 .net "temp", 0 0, L_0x14eeb26e0;  1 drivers
S_0x14ee97a90 .scope module, "a8" "AND" 2 64, 2 2 0, S_0x14ee936a0;
 .timescale -9 -12;
    .port_info 0 /OUTPUT 1 "out";
    .port_info 1 /INPUT 1 "a";
    .port_info 2 /INPUT 1 "b";
L_0x14eeb2d50 .functor NAND 1, L_0x14eeb1630, L_0x14eeb6c90, C4<1>, C4<1>;
L_0x14eeb2dc0 .functor NAND 1, L_0x14eeb2d50, L_0x14eeb2d50, C4<1>, C4<1>;
v0x14ee97ca0_0 .net "a", 0 0, L_0x14eeb1630;  alias, 1 drivers
v0x14ee97d80_0 .net "b", 0 0, L_0x14eeb6c90;  alias, 1 drivers
v0x14ee97e60_0 .net "out", 0 0, L_0x14eeb2dc0;  1 drivers
v0x14ee97ef0_0 .net "temp", 0 0, L_0x14eeb2d50;  1 drivers
S_0x14ee97fb0 .scope module, "a9" "AND" 2 65, 2 2 0, S_0x14ee936a0;
 .timescale -9 -12;
    .port_info 0 /OUTPUT 1 "out";
    .port_info 1 /INPUT 1 "a";
    .port_info 2 /INPUT 1 "b";
L_0x14eeb2eb0 .functor NAND 1, L_0x14eeb3070, L_0x14eeb3200, C4<1>, C4<1>;
L_0x14eeb2f80 .functor NAND 1, L_0x14eeb2eb0, L_0x14eeb2eb0, C4<1>, C4<1>;
v0x14ee981c0_0 .net "a", 0 0, L_0x14eeb3070;  1 drivers
v0x14ee98270_0 .net "b", 0 0, L_0x14eeb3200;  1 drivers
v0x14ee98310_0 .net "out", 0 0, L_0x14eeb2f80;  1 drivers
v0x14ee983c0_0 .net "temp", 0 0, L_0x14eeb2eb0;  1 drivers
S_0x14ee984b0 .scope module, "o1" "OR" 2 62, 2 10 0, S_0x14ee936a0;
 .timescale -9 -12;
    .port_info 0 /OUTPUT 1 "out";
    .port_info 1 /INPUT 1 "a";
    .port_info 2 /INPUT 1 "b";
L_0x14eeb28e0 .functor NAND 1, L_0x14eeb2bb0, L_0x14eeb2bb0, C4<1>, C4<1>;
L_0x14eeb29b0 .functor NAND 1, L_0x14eeb2cb0, L_0x14eeb2cb0, C4<1>, C4<1>;
L_0x14eeb2aa0 .functor NAND 1, L_0x14eeb28e0, L_0x14eeb29b0, C4<1>, C4<1>;
v0x14ee986c0_0 .net "a", 0 0, L_0x14eeb2bb0;  1 drivers
v0x14ee98770_0 .net "b", 0 0, L_0x14eeb2cb0;  1 drivers
v0x14ee98810_0 .net "out", 0 0, L_0x14eeb2aa0;  1 drivers
v0x14ee988c0_0 .net "temp1", 0 0, L_0x14eeb28e0;  1 drivers
v0x14ee98960_0 .net "temp2", 0 0, L_0x14eeb29b0;  1 drivers
S_0x14ee98a70 .scope module, "o2" "OR" 2 66, 2 10 0, S_0x14ee936a0;
 .timescale -9 -12;
    .port_info 0 /OUTPUT 1 "out";
    .port_info 1 /INPUT 1 "a";
    .port_info 2 /INPUT 1 "b";
L_0x14eeb32a0 .functor NAND 1, L_0x14eeb3510, L_0x14eeb3510, C4<1>, C4<1>;
L_0x14eeb3310 .functor NAND 1, L_0x14eeb3670, L_0x14eeb3670, C4<1>, C4<1>;
L_0x14eeb3400 .functor NAND 1, L_0x14eeb32a0, L_0x14eeb3310, C4<1>, C4<1>;
v0x14ee98d80_0 .net "a", 0 0, L_0x14eeb3510;  1 drivers
v0x14ee98e30_0 .net "b", 0 0, L_0x14eeb3670;  1 drivers
v0x14ee98ed0_0 .net "out", 0 0, L_0x14eeb3400;  1 drivers
v0x14ee98f60_0 .net "temp1", 0 0, L_0x14eeb32a0;  1 drivers
v0x14ee98ff0_0 .net "temp2", 0 0, L_0x14eeb3310;  1 drivers
S_0x14ee990b0 .scope module, "o3" "OR" 2 67, 2 10 0, S_0x14ee936a0;
 .timescale -9 -12;
    .port_info 0 /OUTPUT 1 "out";
    .port_info 1 /INPUT 1 "a";
    .port_info 2 /INPUT 1 "b";
L_0x14eeb3190 .functor NAND 1, L_0x14eeb3950, L_0x14eeb3950, C4<1>, C4<1>;
L_0x14eeb3750 .functor NAND 1, L_0x14eeb3a80, L_0x14eeb3a80, C4<1>, C4<1>;
L_0x14eeb3840 .functor NAND 1, L_0x14eeb3190, L_0x14eeb3750, C4<1>, C4<1>;
v0x14ee992c0_0 .net "a", 0 0, L_0x14eeb3950;  1 drivers
v0x14ee99370_0 .net "b", 0 0, L_0x14eeb3a80;  1 drivers
v0x14ee99410_0 .net "out", 0 0, L_0x14eeb3840;  1 drivers
v0x14ee994c0_0 .net "temp1", 0 0, L_0x14eeb3190;  1 drivers
v0x14ee99560_0 .net "temp2", 0 0, L_0x14eeb3750;  1 drivers
S_0x14ee99670 .scope module, "o4" "OR" 2 72, 2 10 0, S_0x14ee936a0;
 .timescale -9 -12;
    .port_info 0 /OUTPUT 1 "out";
    .port_info 1 /INPUT 1 "a";
    .port_info 2 /INPUT 1 "b";
L_0x14eeb4320 .functor NAND 1, L_0x14eeb4530, L_0x14eeb4530, C4<1>, C4<1>;
L_0x14eeb4390 .functor NAND 1, L_0x14eeb45d0, L_0x14eeb45d0, C4<1>, C4<1>;
L_0x14eeb4440 .functor NAND 1, L_0x14eeb4320, L_0x14eeb4390, C4<1>, C4<1>;
v0x14ee99880_0 .net "a", 0 0, L_0x14eeb4530;  1 drivers
v0x14ee99930_0 .net "b", 0 0, L_0x14eeb45d0;  1 drivers
v0x14ee999d0_0 .net "out", 0 0, L_0x14eeb4440;  1 drivers
v0x14ee99a80_0 .net "temp1", 0 0, L_0x14eeb4320;  1 drivers
v0x14ee99b20_0 .net "temp2", 0 0, L_0x14eeb4390;  1 drivers
S_0x14ee99c30 .scope module, "o5" "OR" 2 73, 2 10 0, S_0x14ee936a0;
 .timescale -9 -12;
    .port_info 0 /OUTPUT 1 "out";
    .port_info 1 /INPUT 1 "a";
    .port_info 2 /INPUT 1 "b";
L_0x14eeb4730 .functor NAND 1, L_0x14eeb4960, L_0x14eeb4960, C4<1>, C4<1>;
L_0x14eeb47a0 .functor NAND 1, L_0x14eeb4a00, L_0x14eeb4a00, C4<1>, C4<1>;
L_0x14eeb4850 .functor NAND 1, L_0x14eeb4730, L_0x14eeb47a0, C4<1>, C4<1>;
v0x14ee99e40_0 .net "a", 0 0, L_0x14eeb4960;  1 drivers
v0x14ee99ef0_0 .net "b", 0 0, L_0x14eeb4a00;  1 drivers
v0x14ee99f90_0 .net "out", 0 0, L_0x14eeb4850;  1 drivers
v0x14ee9a040_0 .net "temp1", 0 0, L_0x14eeb4730;  1 drivers
v0x14ee9a0e0_0 .net "temp2", 0 0, L_0x14eeb47a0;  1 drivers
S_0x14ee9a1f0 .scope module, "o6" "OR" 2 74, 2 10 0, S_0x14ee936a0;
 .timescale -9 -12;
    .port_info 0 /OUTPUT 1 "out";
    .port_info 1 /INPUT 1 "a";
    .port_info 2 /INPUT 1 "b";
L_0x14eeb35f0 .functor NAND 1, L_0x14eeb4f90, L_0x14eeb4f90, C4<1>, C4<1>;
L_0x14eeb4c70 .functor NAND 1, L_0x14eeb5110, L_0x14eeb5110, C4<1>, C4<1>;
L_0x14eeb4d20 .functor NAND 1, L_0x14eeb35f0, L_0x14eeb4c70, C4<1>, C4<1>;
v0x14ee9a400_0 .net "a", 0 0, L_0x14eeb4f90;  1 drivers
v0x14ee9a4b0_0 .net "b", 0 0, L_0x14eeb5110;  1 drivers
v0x14ee9a550_0 .net "out", 0 0, L_0x14eeb4d20;  1 drivers
v0x14ee9a600_0 .net "temp1", 0 0, L_0x14eeb35f0;  1 drivers
v0x14ee9a6a0_0 .net "temp2", 0 0, L_0x14eeb4c70;  1 drivers
S_0x14ee9a7b0 .scope module, "o7" "OR" 2 79, 2 10 0, S_0x14ee936a0;
 .timescale -9 -12;
    .port_info 0 /OUTPUT 1 "out";
    .port_info 1 /INPUT 1 "a";
    .port_info 2 /INPUT 1 "b";
L_0x14eeb5330 .functor NAND 1, L_0x14eeb5c40, L_0x14eeb5c40, C4<1>, C4<1>;
L_0x14eeb5a80 .functor NAND 1, L_0x14eeb58a0, L_0x14eeb58a0, C4<1>, C4<1>;
L_0x14eeb5b30 .functor NAND 1, L_0x14eeb5330, L_0x14eeb5a80, C4<1>, C4<1>;
v0x14ee9a9c0_0 .net "a", 0 0, L_0x14eeb5c40;  1 drivers
v0x14ee9aa70_0 .net "b", 0 0, L_0x14eeb58a0;  1 drivers
v0x14ee9ab10_0 .net "out", 0 0, L_0x14eeb5b30;  1 drivers
v0x14ee9abc0_0 .net "temp1", 0 0, L_0x14eeb5330;  1 drivers
v0x14ee9ac60_0 .net "temp2", 0 0, L_0x14eeb5a80;  1 drivers
S_0x14ee9ad70 .scope module, "o8" "OR" 2 80, 2 10 0, S_0x14ee936a0;
 .timescale -9 -12;
    .port_info 0 /OUTPUT 1 "out";
    .port_info 1 /INPUT 1 "a";
    .port_info 2 /INPUT 1 "b";
L_0x14eeb5df0 .functor NAND 1, L_0x14eeb5ce0, L_0x14eeb5ce0, C4<1>, C4<1>;
L_0x14eeb5e60 .functor NAND 1, L_0x14eeb6620, L_0x14eeb6620, C4<1>, C4<1>;
L_0x14eeb5f50 .functor NAND 1, L_0x14eeb5df0, L_0x14eeb5e60, C4<1>, C4<1>;
v0x14ee9af80_0 .net "a", 0 0, L_0x14eeb5ce0;  1 drivers
v0x14ee9b030_0 .net "b", 0 0, L_0x14eeb6620;  1 drivers
v0x14ee9b0d0_0 .net "out", 0 0, L_0x14eeb5f50;  1 drivers
v0x14ee9b180_0 .net "temp1", 0 0, L_0x14eeb5df0;  1 drivers
v0x14ee9b220_0 .net "temp2", 0 0, L_0x14eeb5e60;  1 drivers
S_0x14ee9b330 .scope module, "o9" "OR" 2 81, 2 10 0, S_0x14ee936a0;
 .timescale -9 -12;
    .port_info 0 /OUTPUT 1 "out";
    .port_info 1 /INPUT 1 "a";
    .port_info 2 /INPUT 1 "b";
L_0x14eeb5d80 .functor NAND 1, L_0x14eeb68e0, L_0x14eeb68e0, C4<1>, C4<1>;
L_0x14eeb6540 .functor NAND 1, L_0x14eeb6980, L_0x14eeb6980, C4<1>, C4<1>;
L_0x14eeb67f0 .functor NAND 1, L_0x14eeb5d80, L_0x14eeb6540, C4<1>, C4<1>;
v0x14ee9b540_0 .net "a", 0 0, L_0x14eeb68e0;  1 drivers
v0x14ee9b5f0_0 .net "b", 0 0, L_0x14eeb6980;  1 drivers
v0x14ee9b690_0 .net "out", 0 0, L_0x14eeb67f0;  alias, 1 drivers
v0x14ee9b740_0 .net "temp1", 0 0, L_0x14eeb5d80;  1 drivers
v0x14ee9b7e0_0 .net "temp2", 0 0, L_0x14eeb6540;  1 drivers
S_0x14ee9c1a0 .scope module, "c3" "Carry_Look_Ahead_Generator_2bit" 2 97, 2 30 0, S_0x14ee86bc0;
 .timescale -9 -12;
    .port_info 0 /INPUT 2 "p";
    .port_info 1 /INPUT 2 "g";
    .port_info 2 /INPUT 1 "cin";
    .port_info 3 /OUTPUT 2 "cout";
v0x14ee9e950_0 .net "cin", 0 0, o0x150040c10;  alias, 0 drivers
v0x14ee9e9f0_0 .net "cout", 1 0, L_0x14eeb8460;  1 drivers
v0x14ee9ea90_0 .net "g", 1 0, L_0x14eeb88d0;  1 drivers
v0x14ee9eb40_0 .net "p", 1 0, L_0x14eeb8730;  1 drivers
v0x14ee9ebf0_0 .net "temp", 4 0, L_0x14eeb7e50;  1 drivers
L_0x14eeb6ba0 .part L_0x14eeb8730, 0, 1;
L_0x14eeb70c0 .part L_0x14eeb88d0, 0, 1;
L_0x14eeb7160 .part L_0x14eeb7e50, 0, 1;
L_0x14eeb7380 .part L_0x14eeb8730, 1, 1;
L_0x14eeb74a0 .part L_0x14eeb88d0, 0, 1;
L_0x14eeb7700 .part L_0x14eeb8730, 1, 1;
L_0x14eeb77e0 .part L_0x14eeb8730, 0, 1;
L_0x14eeb7a80 .part L_0x14eeb7e50, 2, 1;
LS_0x14eeb7e50_0_0 .concat8 [ 1 1 1 1], L_0x14eeb6760, L_0x14eeb7290, L_0x14eeb7630, L_0x14eeb79b0;
LS_0x14eeb7e50_0_4 .concat8 [ 1 0 0 0], L_0x14eeb7d40;
L_0x14eeb7e50 .concat8 [ 4 1 0 0], LS_0x14eeb7e50_0_0, LS_0x14eeb7e50_0_4;
L_0x14eeb80b0 .part L_0x14eeb7e50, 1, 1;
L_0x14eeb81d0 .part L_0x14eeb7e50, 3, 1;
L_0x14eeb8460 .concat8 [ 1 1 0 0], L_0x14eeb6fd0, L_0x14eeb83b0;
L_0x14eeb8580 .part L_0x14eeb88d0, 1, 1;
L_0x14eeb8690 .part L_0x14eeb7e50, 4, 1;
S_0x14ee9c3c0 .scope module, "a1" "AND" 2 35, 2 2 0, S_0x14ee9c1a0;
 .timescale -9 -12;
    .port_info 0 /OUTPUT 1 "out";
    .port_info 1 /INPUT 1 "a";
    .port_info 2 /INPUT 1 "b";
L_0x14eeb15b0 .functor NAND 1, L_0x14eeb6ba0, o0x150040c10, C4<1>, C4<1>;
L_0x14eeb6760 .functor NAND 1, L_0x14eeb15b0, L_0x14eeb15b0, C4<1>, C4<1>;
v0x14ee9c600_0 .net "a", 0 0, L_0x14eeb6ba0;  1 drivers
v0x14ee9c6b0_0 .net "b", 0 0, o0x150040c10;  alias, 0 drivers
v0x14ee9c7d0_0 .net "out", 0 0, L_0x14eeb6760;  1 drivers
v0x14ee9c860_0 .net "temp", 0 0, L_0x14eeb15b0;  1 drivers
S_0x14ee9c8f0 .scope module, "a2" "AND" 2 38, 2 2 0, S_0x14ee9c1a0;
 .timescale -9 -12;
    .port_info 0 /OUTPUT 1 "out";
    .port_info 1 /INPUT 1 "a";
    .port_info 2 /INPUT 1 "b";
L_0x14eeb7200 .functor NAND 1, L_0x14eeb7380, L_0x14eeb74a0, C4<1>, C4<1>;
L_0x14eeb7290 .functor NAND 1, L_0x14eeb7200, L_0x14eeb7200, C4<1>, C4<1>;
v0x14ee9cb10_0 .net "a", 0 0, L_0x14eeb7380;  1 drivers
v0x14ee9cbb0_0 .net "b", 0 0, L_0x14eeb74a0;  1 drivers
v0x14ee9cc50_0 .net "out", 0 0, L_0x14eeb7290;  1 drivers
v0x14ee9cd00_0 .net "temp", 0 0, L_0x14eeb7200;  1 drivers
S_0x14ee9cdf0 .scope module, "a3" "AND" 2 39, 2 2 0, S_0x14ee9c1a0;
 .timescale -9 -12;
    .port_info 0 /OUTPUT 1 "out";
    .port_info 1 /INPUT 1 "a";
    .port_info 2 /INPUT 1 "b";
L_0x14eeb75c0 .functor NAND 1, L_0x14eeb7700, L_0x14eeb77e0, C4<1>, C4<1>;
L_0x14eeb7630 .functor NAND 1, L_0x14eeb75c0, L_0x14eeb75c0, C4<1>, C4<1>;
v0x14ee9d020_0 .net "a", 0 0, L_0x14eeb7700;  1 drivers
v0x14ee9d0c0_0 .net "b", 0 0, L_0x14eeb77e0;  1 drivers
v0x14ee9d160_0 .net "out", 0 0, L_0x14eeb7630;  1 drivers
v0x14ee9d210_0 .net "temp", 0 0, L_0x14eeb75c0;  1 drivers
S_0x14ee9d300 .scope module, "a4" "AND" 2 40, 2 2 0, S_0x14ee9c1a0;
 .timescale -9 -12;
    .port_info 0 /OUTPUT 1 "out";
    .port_info 1 /INPUT 1 "a";
    .port_info 2 /INPUT 1 "b";
L_0x14eeb7940 .functor NAND 1, o0x150040c10, L_0x14eeb7a80, C4<1>, C4<1>;
L_0x14eeb79b0 .functor NAND 1, L_0x14eeb7940, L_0x14eeb7940, C4<1>, C4<1>;
v0x14ee9d510_0 .net "a", 0 0, o0x150040c10;  alias, 0 drivers
v0x14ee9d5b0_0 .net "b", 0 0, L_0x14eeb7a80;  1 drivers
v0x14ee9d650_0 .net "out", 0 0, L_0x14eeb79b0;  1 drivers
v0x14ee9d700_0 .net "temp", 0 0, L_0x14eeb7940;  1 drivers
S_0x14ee9d7f0 .scope module, "o1" "OR" 2 36, 2 10 0, S_0x14ee9c1a0;
 .timescale -9 -12;
    .port_info 0 /OUTPUT 1 "out";
    .port_info 1 /INPUT 1 "a";
    .port_info 2 /INPUT 1 "b";
L_0x14eeb6e70 .functor NAND 1, L_0x14eeb70c0, L_0x14eeb70c0, C4<1>, C4<1>;
L_0x14eeb6f20 .functor NAND 1, L_0x14eeb7160, L_0x14eeb7160, C4<1>, C4<1>;
L_0x14eeb6fd0 .functor NAND 1, L_0x14eeb6e70, L_0x14eeb6f20, C4<1>, C4<1>;
v0x14ee9da40_0 .net "a", 0 0, L_0x14eeb70c0;  1 drivers
v0x14ee9dad0_0 .net "b", 0 0, L_0x14eeb7160;  1 drivers
v0x14ee9db70_0 .net "out", 0 0, L_0x14eeb6fd0;  1 drivers
v0x14ee9dc20_0 .net "temp1", 0 0, L_0x14eeb6e70;  1 drivers
v0x14ee9dcc0_0 .net "temp2", 0 0, L_0x14eeb6f20;  1 drivers
S_0x14ee9ddd0 .scope module, "o2" "OR" 2 41, 2 10 0, S_0x14ee9c1a0;
 .timescale -9 -12;
    .port_info 0 /OUTPUT 1 "out";
    .port_info 1 /INPUT 1 "a";
    .port_info 2 /INPUT 1 "b";
L_0x14eeb7ba0 .functor NAND 1, L_0x14eeb80b0, L_0x14eeb80b0, C4<1>, C4<1>;
L_0x14eeb7c50 .functor NAND 1, L_0x14eeb81d0, L_0x14eeb81d0, C4<1>, C4<1>;
L_0x14eeb7d40 .functor NAND 1, L_0x14eeb7ba0, L_0x14eeb7c50, C4<1>, C4<1>;
v0x14ee9dfe0_0 .net "a", 0 0, L_0x14eeb80b0;  1 drivers
v0x14ee9e090_0 .net "b", 0 0, L_0x14eeb81d0;  1 drivers
v0x14ee9e130_0 .net "out", 0 0, L_0x14eeb7d40;  1 drivers
v0x14ee9e1e0_0 .net "temp1", 0 0, L_0x14eeb7ba0;  1 drivers
v0x14ee9e280_0 .net "temp2", 0 0, L_0x14eeb7c50;  1 drivers
S_0x14ee9e390 .scope module, "o3" "OR" 2 42, 2 10 0, S_0x14ee9c1a0;
 .timescale -9 -12;
    .port_info 0 /OUTPUT 1 "out";
    .port_info 1 /INPUT 1 "a";
    .port_info 2 /INPUT 1 "b";
L_0x14eeb82d0 .functor NAND 1, L_0x14eeb8580, L_0x14eeb8580, C4<1>, C4<1>;
L_0x14eeb8340 .functor NAND 1, L_0x14eeb8690, L_0x14eeb8690, C4<1>, C4<1>;
L_0x14eeb83b0 .functor NAND 1, L_0x14eeb82d0, L_0x14eeb8340, C4<1>, C4<1>;
v0x14ee9e5a0_0 .net "a", 0 0, L_0x14eeb8580;  1 drivers
v0x14ee9e650_0 .net "b", 0 0, L_0x14eeb8690;  1 drivers
v0x14ee9e6f0_0 .net "out", 0 0, L_0x14eeb83b0;  1 drivers
v0x14ee9e7a0_0 .net "temp1", 0 0, L_0x14eeb82d0;  1 drivers
v0x14ee9e840_0 .net "temp2", 0 0, L_0x14eeb8340;  1 drivers
S_0x14ee9ed20 .scope module, "x1[0]" "XOR" 2 93, 2 19 0, S_0x14ee86bc0;
 .timescale -9 -12;
    .port_info 0 /OUTPUT 1 "out";
    .port_info 1 /INPUT 1 "a";
    .port_info 2 /INPUT 1 "b";
L_0x14eea6890 .functor NAND 1, L_0x14eea8fa0, L_0x14eea8fa0, C4<1>, C4<1>;
L_0x14eea6960 .functor NAND 1, L_0x14eea9a70, L_0x14eea9a70, C4<1>, C4<1>;
L_0x14eea6a50 .functor NAND 1, L_0x14eea6890, L_0x14eea9a70, C4<1>, C4<1>;
L_0x14eea6b20 .functor NAND 1, L_0x14eea6960, L_0x14eea8fa0, C4<1>, C4<1>;
L_0x14eea6c10 .functor NAND 1, L_0x14eea6a50, L_0x14eea6b20, C4<1>, C4<1>;
v0x14ee9ef40_0 .net "a", 0 0, L_0x14eea8fa0;  1 drivers
v0x14ee9eff0_0 .net "b", 0 0, L_0x14eea9a70;  1 drivers
v0x14ee9f090_0 .net "na", 0 0, L_0x14eea6890;  1 drivers
v0x14ee9f140_0 .net "nb", 0 0, L_0x14eea6960;  1 drivers
v0x14ee9f1e0_0 .net "out", 0 0, L_0x14eea6c10;  1 drivers
v0x14ee9f2c0_0 .net "temp1", 0 0, L_0x14eea6a50;  1 drivers
v0x14ee9f360_0 .net "temp2", 0 0, L_0x14eea6b20;  1 drivers
S_0x14ee9f430 .scope module, "x1[1]" "XOR" 2 93, 2 19 0, S_0x14ee86bc0;
 .timescale -9 -12;
    .port_info 0 /OUTPUT 1 "out";
    .port_info 1 /INPUT 1 "a";
    .port_info 2 /INPUT 1 "b";
L_0x14eea6d30 .functor NAND 1, L_0x14eea90c0, L_0x14eea90c0, C4<1>, C4<1>;
L_0x14eea6de0 .functor NAND 1, L_0x14eea9b10, L_0x14eea9b10, C4<1>, C4<1>;
L_0x14eea6ed0 .functor NAND 1, L_0x14eea6d30, L_0x14eea9b10, C4<1>, C4<1>;
L_0x14eea6fa0 .functor NAND 1, L_0x14eea6de0, L_0x14eea90c0, C4<1>, C4<1>;
L_0x14eea7090 .functor NAND 1, L_0x14eea6ed0, L_0x14eea6fa0, C4<1>, C4<1>;
v0x14ee9f650_0 .net "a", 0 0, L_0x14eea90c0;  1 drivers
v0x14ee9f700_0 .net "b", 0 0, L_0x14eea9b10;  1 drivers
v0x14ee9f7a0_0 .net "na", 0 0, L_0x14eea6d30;  1 drivers
v0x14ee9f850_0 .net "nb", 0 0, L_0x14eea6de0;  1 drivers
v0x14ee9f8f0_0 .net "out", 0 0, L_0x14eea7090;  1 drivers
v0x14ee9f9d0_0 .net "temp1", 0 0, L_0x14eea6ed0;  1 drivers
v0x14ee9fa70_0 .net "temp2", 0 0, L_0x14eea6fa0;  1 drivers
S_0x14ee9fb40 .scope module, "x1[2]" "XOR" 2 93, 2 19 0, S_0x14ee86bc0;
 .timescale -9 -12;
    .port_info 0 /OUTPUT 1 "out";
    .port_info 1 /INPUT 1 "a";
    .port_info 2 /INPUT 1 "b";
L_0x14eea71b0 .functor NAND 1, L_0x14eea91e0, L_0x14eea91e0, C4<1>, C4<1>;
L_0x14eea7260 .functor NAND 1, L_0x14eea9c90, L_0x14eea9c90, C4<1>, C4<1>;
L_0x14eea7350 .functor NAND 1, L_0x14eea71b0, L_0x14eea9c90, C4<1>, C4<1>;
L_0x14eea7420 .functor NAND 1, L_0x14eea7260, L_0x14eea91e0, C4<1>, C4<1>;
L_0x14eea7510 .functor NAND 1, L_0x14eea7350, L_0x14eea7420, C4<1>, C4<1>;
v0x14ee9fd60_0 .net "a", 0 0, L_0x14eea91e0;  1 drivers
v0x14ee9fe10_0 .net "b", 0 0, L_0x14eea9c90;  1 drivers
v0x14ee9feb0_0 .net "na", 0 0, L_0x14eea71b0;  1 drivers
v0x14ee9ff60_0 .net "nb", 0 0, L_0x14eea7260;  1 drivers
v0x14eea0000_0 .net "out", 0 0, L_0x14eea7510;  1 drivers
v0x14eea00e0_0 .net "temp1", 0 0, L_0x14eea7350;  1 drivers
v0x14eea0180_0 .net "temp2", 0 0, L_0x14eea7420;  1 drivers
S_0x14eea0250 .scope module, "x1[3]" "XOR" 2 93, 2 19 0, S_0x14ee86bc0;
 .timescale -9 -12;
    .port_info 0 /OUTPUT 1 "out";
    .port_info 1 /INPUT 1 "a";
    .port_info 2 /INPUT 1 "b";
L_0x14eea7630 .functor NAND 1, L_0x14eea9300, L_0x14eea9300, C4<1>, C4<1>;
L_0x14eea76e0 .functor NAND 1, L_0x14eea9db0, L_0x14eea9db0, C4<1>, C4<1>;
L_0x14eea77d0 .functor NAND 1, L_0x14eea7630, L_0x14eea9db0, C4<1>, C4<1>;
L_0x14eea78a0 .functor NAND 1, L_0x14eea76e0, L_0x14eea9300, C4<1>, C4<1>;
L_0x14eea7990 .functor NAND 1, L_0x14eea77d0, L_0x14eea78a0, C4<1>, C4<1>;
v0x14eea0470_0 .net "a", 0 0, L_0x14eea9300;  1 drivers
v0x14eea0520_0 .net "b", 0 0, L_0x14eea9db0;  1 drivers
v0x14eea05c0_0 .net "na", 0 0, L_0x14eea7630;  1 drivers
v0x14eea0670_0 .net "nb", 0 0, L_0x14eea76e0;  1 drivers
v0x14eea0710_0 .net "out", 0 0, L_0x14eea7990;  1 drivers
v0x14eea07f0_0 .net "temp1", 0 0, L_0x14eea77d0;  1 drivers
v0x14eea0890_0 .net "temp2", 0 0, L_0x14eea78a0;  1 drivers
S_0x14eea0960 .scope module, "x1[4]" "XOR" 2 93, 2 19 0, S_0x14ee86bc0;
 .timescale -9 -12;
    .port_info 0 /OUTPUT 1 "out";
    .port_info 1 /INPUT 1 "a";
    .port_info 2 /INPUT 1 "b";
L_0x14eea7ab0 .functor NAND 1, L_0x14eea94a0, L_0x14eea94a0, C4<1>, C4<1>;
L_0x14eea7b60 .functor NAND 1, L_0x14eea9fc0, L_0x14eea9fc0, C4<1>, C4<1>;
L_0x14eea7c50 .functor NAND 1, L_0x14eea7ab0, L_0x14eea9fc0, C4<1>, C4<1>;
L_0x14eea7d20 .functor NAND 1, L_0x14eea7b60, L_0x14eea94a0, C4<1>, C4<1>;
L_0x14eea7e10 .functor NAND 1, L_0x14eea7c50, L_0x14eea7d20, C4<1>, C4<1>;
v0x14eea0b80_0 .net "a", 0 0, L_0x14eea94a0;  1 drivers
v0x14eea0c30_0 .net "b", 0 0, L_0x14eea9fc0;  1 drivers
v0x14eea0cd0_0 .net "na", 0 0, L_0x14eea7ab0;  1 drivers
v0x14eea0d80_0 .net "nb", 0 0, L_0x14eea7b60;  1 drivers
v0x14eea0e20_0 .net "out", 0 0, L_0x14eea7e10;  1 drivers
v0x14eea0f00_0 .net "temp1", 0 0, L_0x14eea7c50;  1 drivers
v0x14eea0fa0_0 .net "temp2", 0 0, L_0x14eea7d20;  1 drivers
S_0x14eea1070 .scope module, "x1[5]" "XOR" 2 93, 2 19 0, S_0x14ee86bc0;
 .timescale -9 -12;
    .port_info 0 /OUTPUT 1 "out";
    .port_info 1 /INPUT 1 "a";
    .port_info 2 /INPUT 1 "b";
L_0x14eea7f30 .functor NAND 1, L_0x14eea95c0, L_0x14eea95c0, C4<1>, C4<1>;
L_0x14eea7fe0 .functor NAND 1, L_0x14eeaa0e0, L_0x14eeaa0e0, C4<1>, C4<1>;
L_0x14eea80d0 .functor NAND 1, L_0x14eea7f30, L_0x14eeaa0e0, C4<1>, C4<1>;
L_0x14eea81a0 .functor NAND 1, L_0x14eea7fe0, L_0x14eea95c0, C4<1>, C4<1>;
L_0x14eea8290 .functor NAND 1, L_0x14eea80d0, L_0x14eea81a0, C4<1>, C4<1>;
v0x14eea1390_0 .net "a", 0 0, L_0x14eea95c0;  1 drivers
v0x14eea1440_0 .net "b", 0 0, L_0x14eeaa0e0;  1 drivers
v0x14eea14e0_0 .net "na", 0 0, L_0x14eea7f30;  1 drivers
v0x14eea1570_0 .net "nb", 0 0, L_0x14eea7fe0;  1 drivers
v0x14eea1600_0 .net "out", 0 0, L_0x14eea8290;  1 drivers
v0x14eea1690_0 .net "temp1", 0 0, L_0x14eea80d0;  1 drivers
v0x14eea1730_0 .net "temp2", 0 0, L_0x14eea81a0;  1 drivers
S_0x14eea1800 .scope module, "x1[6]" "XOR" 2 93, 2 19 0, S_0x14ee86bc0;
 .timescale -9 -12;
    .port_info 0 /OUTPUT 1 "out";
    .port_info 1 /INPUT 1 "a";
    .port_info 2 /INPUT 1 "b";
L_0x14eea83b0 .functor NAND 1, L_0x14eea96e0, L_0x14eea96e0, C4<1>, C4<1>;
L_0x14eea8460 .functor NAND 1, L_0x14eeaa280, L_0x14eeaa280, C4<1>, C4<1>;
L_0x14eea8550 .functor NAND 1, L_0x14eea83b0, L_0x14eeaa280, C4<1>, C4<1>;
L_0x14eea8620 .functor NAND 1, L_0x14eea8460, L_0x14eea96e0, C4<1>, C4<1>;
L_0x14eea8710 .functor NAND 1, L_0x14eea8550, L_0x14eea8620, C4<1>, C4<1>;
v0x14eea1a20_0 .net "a", 0 0, L_0x14eea96e0;  1 drivers
v0x14eea1ad0_0 .net "b", 0 0, L_0x14eeaa280;  1 drivers
v0x14eea1b70_0 .net "na", 0 0, L_0x14eea83b0;  1 drivers
v0x14eea1c20_0 .net "nb", 0 0, L_0x14eea8460;  1 drivers
v0x14eea1cc0_0 .net "out", 0 0, L_0x14eea8710;  1 drivers
v0x14eea1da0_0 .net "temp1", 0 0, L_0x14eea8550;  1 drivers
v0x14eea1e40_0 .net "temp2", 0 0, L_0x14eea8620;  1 drivers
S_0x14eea1f10 .scope module, "x1[7]" "XOR" 2 93, 2 19 0, S_0x14ee86bc0;
 .timescale -9 -12;
    .port_info 0 /OUTPUT 1 "out";
    .port_info 1 /INPUT 1 "a";
    .port_info 2 /INPUT 1 "b";
L_0x14eea8830 .functor NAND 1, L_0x14eea9800, L_0x14eea9800, C4<1>, C4<1>;
L_0x14eea88e0 .functor NAND 1, L_0x14eeaa3a0, L_0x14eeaa3a0, C4<1>, C4<1>;
L_0x14eea89d0 .functor NAND 1, L_0x14eea8830, L_0x14eeaa3a0, C4<1>, C4<1>;
L_0x14eea8aa0 .functor NAND 1, L_0x14eea88e0, L_0x14eea9800, C4<1>, C4<1>;
L_0x14eea8b90 .functor NAND 1, L_0x14eea89d0, L_0x14eea8aa0, C4<1>, C4<1>;
v0x14eea2130_0 .net "a", 0 0, L_0x14eea9800;  1 drivers
v0x14eea21e0_0 .net "b", 0 0, L_0x14eeaa3a0;  1 drivers
v0x14eea2280_0 .net "na", 0 0, L_0x14eea8830;  1 drivers
v0x14eea2330_0 .net "nb", 0 0, L_0x14eea88e0;  1 drivers
v0x14eea23d0_0 .net "out", 0 0, L_0x14eea8b90;  1 drivers
v0x14eea24b0_0 .net "temp1", 0 0, L_0x14eea89d0;  1 drivers
v0x14eea2550_0 .net "temp2", 0 0, L_0x14eea8aa0;  1 drivers
S_0x14eea2620 .scope module, "x10" "XOR" 2 100, 2 19 0, S_0x14ee86bc0;
 .timescale -9 -12;
    .port_info 0 /OUTPUT 1 "out";
    .port_info 1 /INPUT 1 "a";
    .port_info 2 /INPUT 1 "b";
L_0x14eeb8af0 .functor NAND 1, L_0x14eeb95e0, L_0x14eeb95e0, C4<1>, C4<1>;
L_0x14eeb8b60 .functor NAND 1, L_0x14eeb9700, L_0x14eeb9700, C4<1>, C4<1>;
L_0x14eeb9340 .functor NAND 1, L_0x14eeb8af0, L_0x14eeb9700, C4<1>, C4<1>;
L_0x14eeb93f0 .functor NAND 1, L_0x14eeb8b60, L_0x14eeb95e0, C4<1>, C4<1>;
L_0x14eeb94c0 .functor NAND 1, L_0x14eeb9340, L_0x14eeb93f0, C4<1>, C4<1>;
v0x14eea2830_0 .net "a", 0 0, L_0x14eeb95e0;  1 drivers
v0x14eea28e0_0 .net "b", 0 0, L_0x14eeb9700;  1 drivers
v0x14eea2980_0 .net "na", 0 0, L_0x14eeb8af0;  1 drivers
v0x14eea2a30_0 .net "nb", 0 0, L_0x14eeb8b60;  1 drivers
v0x14eea2ad0_0 .net "out", 0 0, L_0x14eeb94c0;  1 drivers
v0x14eea2bb0_0 .net "temp1", 0 0, L_0x14eeb9340;  1 drivers
v0x14eea2c50_0 .net "temp2", 0 0, L_0x14eeb93f0;  1 drivers
S_0x14eea2d20 .scope module, "x11" "XOR" 2 101, 2 19 0, S_0x14ee86bc0;
 .timescale -9 -12;
    .port_info 0 /OUTPUT 1 "out";
    .port_info 1 /INPUT 1 "a";
    .port_info 2 /INPUT 1 "b";
L_0x14eeb91d0 .functor NAND 1, L_0x14eeb9c40, L_0x14eeb9c40, C4<1>, C4<1>;
L_0x14eeb9240 .functor NAND 1, L_0x14eeb9d60, L_0x14eeb9d60, C4<1>, C4<1>;
L_0x14eeb99a0 .functor NAND 1, L_0x14eeb91d0, L_0x14eeb9d60, C4<1>, C4<1>;
L_0x14eeb9a50 .functor NAND 1, L_0x14eeb9240, L_0x14eeb9c40, C4<1>, C4<1>;
L_0x14eeb9b20 .functor NAND 1, L_0x14eeb99a0, L_0x14eeb9a50, C4<1>, C4<1>;
v0x14eea2f30_0 .net "a", 0 0, L_0x14eeb9c40;  1 drivers
v0x14eea2fe0_0 .net "b", 0 0, L_0x14eeb9d60;  1 drivers
v0x14eea3080_0 .net "na", 0 0, L_0x14eeb91d0;  1 drivers
v0x14eea3130_0 .net "nb", 0 0, L_0x14eeb9240;  1 drivers
v0x14eea31d0_0 .net "out", 0 0, L_0x14eeb9b20;  1 drivers
v0x14eea32b0_0 .net "temp1", 0 0, L_0x14eeb99a0;  1 drivers
v0x14eea3350_0 .net "temp2", 0 0, L_0x14eeb9a50;  1 drivers
S_0x14eea3420 .scope module, "x12" "XOR" 2 102, 2 19 0, S_0x14ee86bc0;
 .timescale -9 -12;
    .port_info 0 /OUTPUT 1 "out";
    .port_info 1 /INPUT 1 "a";
    .port_info 2 /INPUT 1 "b";
L_0x14eeb9820 .functor NAND 1, L_0x14eeba290, L_0x14eeba290, C4<1>, C4<1>;
L_0x14eeb9890 .functor NAND 1, L_0x14eeba3b0, L_0x14eeba3b0, C4<1>, C4<1>;
L_0x14eeba010 .functor NAND 1, L_0x14eeb9820, L_0x14eeba3b0, C4<1>, C4<1>;
L_0x14eeba080 .functor NAND 1, L_0x14eeb9890, L_0x14eeba290, C4<1>, C4<1>;
L_0x14eeba170 .functor NAND 1, L_0x14eeba010, L_0x14eeba080, C4<1>, C4<1>;
v0x14eea3630_0 .net "a", 0 0, L_0x14eeba290;  1 drivers
v0x14eea36e0_0 .net "b", 0 0, L_0x14eeba3b0;  1 drivers
v0x14eea3780_0 .net "na", 0 0, L_0x14eeb9820;  1 drivers
v0x14eea3830_0 .net "nb", 0 0, L_0x14eeb9890;  1 drivers
v0x14eea38d0_0 .net "out", 0 0, L_0x14eeba170;  1 drivers
v0x14eea39b0_0 .net "temp1", 0 0, L_0x14eeba010;  1 drivers
v0x14eea3a50_0 .net "temp2", 0 0, L_0x14eeba080;  1 drivers
S_0x14eea3b20 .scope module, "x13" "XOR" 2 103, 2 19 0, S_0x14ee86bc0;
 .timescale -9 -12;
    .port_info 0 /OUTPUT 1 "out";
    .port_info 1 /INPUT 1 "a";
    .port_info 2 /INPUT 1 "b";
L_0x14eeb9e80 .functor NAND 1, L_0x14eeba8e0, L_0x14eeba8e0, C4<1>, C4<1>;
L_0x14eeb9ef0 .functor NAND 1, L_0x14eebaa00, L_0x14eebaa00, C4<1>, C4<1>;
L_0x14eeb9fa0 .functor NAND 1, L_0x14eeb9e80, L_0x14eebaa00, C4<1>, C4<1>;
L_0x14eeba6d0 .functor NAND 1, L_0x14eeb9ef0, L_0x14eeba8e0, C4<1>, C4<1>;
L_0x14eeba7c0 .functor NAND 1, L_0x14eeb9fa0, L_0x14eeba6d0, C4<1>, C4<1>;
v0x14eea3d30_0 .net "a", 0 0, L_0x14eeba8e0;  1 drivers
v0x14eea3de0_0 .net "b", 0 0, L_0x14eebaa00;  1 drivers
v0x14eea3e80_0 .net "na", 0 0, L_0x14eeb9e80;  1 drivers
v0x14eea3f30_0 .net "nb", 0 0, L_0x14eeb9ef0;  1 drivers
v0x14eea3fd0_0 .net "out", 0 0, L_0x14eeba7c0;  1 drivers
v0x14eea40b0_0 .net "temp1", 0 0, L_0x14eeb9fa0;  1 drivers
v0x14eea4150_0 .net "temp2", 0 0, L_0x14eeba6d0;  1 drivers
S_0x14eea4220 .scope module, "x14" "XOR" 2 104, 2 19 0, S_0x14ee86bc0;
 .timescale -9 -12;
    .port_info 0 /OUTPUT 1 "out";
    .port_info 1 /INPUT 1 "a";
    .port_info 2 /INPUT 1 "b";
L_0x14eebab20 .functor NAND 1, L_0x14eebaf40, L_0x14eebaf40, C4<1>, C4<1>;
L_0x14eebab90 .functor NAND 1, L_0x14eebb060, L_0x14eebb060, C4<1>, C4<1>;
L_0x14eebac60 .functor NAND 1, L_0x14eebab20, L_0x14eebb060, C4<1>, C4<1>;
L_0x14eebad30 .functor NAND 1, L_0x14eebab90, L_0x14eebaf40, C4<1>, C4<1>;
L_0x14eebae20 .functor NAND 1, L_0x14eebac60, L_0x14eebad30, C4<1>, C4<1>;
v0x14eea4430_0 .net "a", 0 0, L_0x14eebaf40;  1 drivers
v0x14eea44e0_0 .net "b", 0 0, L_0x14eebb060;  1 drivers
v0x14eea4580_0 .net "na", 0 0, L_0x14eebab20;  1 drivers
v0x14eea4630_0 .net "nb", 0 0, L_0x14eebab90;  1 drivers
v0x14eea46d0_0 .net "out", 0 0, L_0x14eebae20;  1 drivers
v0x14eea47b0_0 .net "temp1", 0 0, L_0x14eebac60;  1 drivers
v0x14eea4850_0 .net "temp2", 0 0, L_0x14eebad30;  1 drivers
S_0x14eea4920 .scope module, "x15" "XOR" 2 105, 2 19 0, S_0x14ee86bc0;
 .timescale -9 -12;
    .port_info 0 /OUTPUT 1 "out";
    .port_info 1 /INPUT 1 "a";
    .port_info 2 /INPUT 1 "b";
L_0x14eebb180 .functor NAND 1, L_0x14eebb580, L_0x14eebb580, C4<1>, C4<1>;
L_0x14eebb1f0 .functor NAND 1, L_0x14eebb6a0, L_0x14eebb6a0, C4<1>, C4<1>;
L_0x14eebb2a0 .functor NAND 1, L_0x14eebb180, L_0x14eebb6a0, C4<1>, C4<1>;
L_0x14eebb370 .functor NAND 1, L_0x14eebb1f0, L_0x14eebb580, C4<1>, C4<1>;
L_0x14eebb460 .functor NAND 1, L_0x14eebb2a0, L_0x14eebb370, C4<1>, C4<1>;
v0x14eea4b30_0 .net "a", 0 0, L_0x14eebb580;  1 drivers
v0x14eea4be0_0 .net "b", 0 0, L_0x14eebb6a0;  1 drivers
v0x14eea4c80_0 .net "na", 0 0, L_0x14eebb180;  1 drivers
v0x14eea4d30_0 .net "nb", 0 0, L_0x14eebb1f0;  1 drivers
v0x14eea4dd0_0 .net "out", 0 0, L_0x14eebb460;  1 drivers
v0x14eea4eb0_0 .net "temp1", 0 0, L_0x14eebb2a0;  1 drivers
v0x14eea4f50_0 .net "temp2", 0 0, L_0x14eebb370;  1 drivers
S_0x14eea5020 .scope module, "x16" "XOR" 2 106, 2 19 0, S_0x14ee86bc0;
 .timescale -9 -12;
    .port_info 0 /OUTPUT 1 "out";
    .port_info 1 /INPUT 1 "a";
    .port_info 2 /INPUT 1 "b";
L_0x14eeba4d0 .functor NAND 1, L_0x14eebbea0, L_0x14eebbea0, C4<1>, C4<1>;
L_0x14eeba540 .functor NAND 1, L_0x14eebb7c0, L_0x14eebb7c0, C4<1>, C4<1>;
L_0x14eeba5f0 .functor NAND 1, L_0x14eeba4d0, L_0x14eebb7c0, C4<1>, C4<1>;
L_0x14eebb9d0 .functor NAND 1, L_0x14eeba540, L_0x14eebbea0, C4<1>, C4<1>;
L_0x14eebbac0 .functor NAND 1, L_0x14eeba5f0, L_0x14eebb9d0, C4<1>, C4<1>;
v0x14eea5230_0 .net "a", 0 0, L_0x14eebbea0;  1 drivers
v0x14eea52e0_0 .net "b", 0 0, L_0x14eebb7c0;  1 drivers
v0x14eea5380_0 .net "na", 0 0, L_0x14eeba4d0;  1 drivers
v0x14eea5430_0 .net "nb", 0 0, L_0x14eeba540;  1 drivers
v0x14eea54d0_0 .net "out", 0 0, L_0x14eebbac0;  1 drivers
v0x14eea55b0_0 .net "temp1", 0 0, L_0x14eeba5f0;  1 drivers
v0x14eea5650_0 .net "temp2", 0 0, L_0x14eebb9d0;  1 drivers
S_0x14eea5720 .scope module, "x9" "XOR" 2 99, 2 19 0, S_0x14ee86bc0;
 .timescale -9 -12;
    .port_info 0 /OUTPUT 1 "out";
    .port_info 1 /INPUT 1 "a";
    .port_info 2 /INPUT 1 "b";
L_0x14eeb8c50 .functor NAND 1, L_0x14eeb8f90, L_0x14eeb8f90, C4<1>, C4<1>;
L_0x14eeb8cc0 .functor NAND 1, L_0x14eeb90b0, L_0x14eeb90b0, C4<1>, C4<1>;
L_0x14eeb8d30 .functor NAND 1, L_0x14eeb8c50, L_0x14eeb90b0, C4<1>, C4<1>;
L_0x14eeb8da0 .functor NAND 1, L_0x14eeb8cc0, L_0x14eeb8f90, C4<1>, C4<1>;
L_0x14eeb8e70 .functor NAND 1, L_0x14eeb8d30, L_0x14eeb8da0, C4<1>, C4<1>;
v0x14eea5930_0 .net "a", 0 0, L_0x14eeb8f90;  1 drivers
v0x14eea59e0_0 .net "b", 0 0, L_0x14eeb90b0;  1 drivers
v0x14eea5a80_0 .net "na", 0 0, L_0x14eeb8c50;  1 drivers
v0x14eea5b30_0 .net "nb", 0 0, L_0x14eeb8cc0;  1 drivers
v0x14eea5bd0_0 .net "out", 0 0, L_0x14eeb8e70;  1 drivers
v0x14eea5cb0_0 .net "temp1", 0 0, L_0x14eeb8d30;  1 drivers
v0x14eea5d50_0 .net "temp2", 0 0, L_0x14eeb8da0;  1 drivers
# The file index is used to find the file name in the following table.
:file_names 3;
    "N/A";
    "<interactive>";
    "Lab2_111062109_Carry_Look_Ahead_Adder_8bit.v";
