#! /opt/local/bin/vvp
:ivl_version "11.0 (stable)" "(v11_0)";
:ivl_delay_selection "TYPICAL";
:vpi_time_precision + 0;
:vpi_module "/opt/local/lib/ivl/system.vpi";
:vpi_module "/opt/local/lib/ivl/vhdl_sys.vpi";
:vpi_module "/opt/local/lib/ivl/vhdl_textio.vpi";
:vpi_module "/opt/local/lib/ivl/v2005_math.vpi";
:vpi_module "/opt/local/lib/ivl/va_math.vpi";
S_0x159f05560 .scope module, "clock_divider" "clock_divider" 2 1;
 .timescale 0 0;
    .port_info 0 /INPUT 1 "clk";
    .port_info 1 /INPUT 1 "rst";
    .port_info 2 /INPUT 2 "sel";
    .port_info 3 /OUTPUT 1 "clk1_2";
    .port_info 4 /OUTPUT 1 "clk1_3";
    .port_info 5 /OUTPUT 1 "clk1_4";
    .port_info 6 /OUTPUT 1 "clk1_8";
    .port_info 7 /OUTPUT 1 "dclk";
o0x150040010 .functor BUFZ 1, C4<z>; HiZ drive
v0x159f11220_0 .net "clk", 0 0, o0x150040010;  0 drivers
v0x159f20e40_0 .var "clk1_2", 0 0;
v0x159f20ee0_0 .var "clk1_3", 0 0;
v0x159f20f70_0 .var "clk1_4", 0 0;
v0x159f21010_0 .var "clk1_8", 0 0;
v0x159f210f0_0 .var "counter_2", 0 0;
v0x159f21190_0 .var "counter_3", 1 0;
v0x159f21240_0 .var "counter_4", 1 0;
v0x159f212f0_0 .var "counter_8", 2 0;
v0x159f21400_0 .var "dclk", 0 0;
o0x1500401f0 .functor BUFZ 1, C4<z>; HiZ drive
v0x159f214a0_0 .net "rst", 0 0, o0x1500401f0;  0 drivers
o0x150040220 .functor BUFZ 2, C4<zz>; HiZ drive
v0x159f21540_0 .net "sel", 1 0, o0x150040220;  0 drivers
E_0x159f05370/0 .event edge, v0x159f21540_0, v0x159f20ee0_0, v0x159f20e40_0, v0x159f20f70_0;
E_0x159f05370/1 .event edge, v0x159f21010_0;
E_0x159f05370 .event/or E_0x159f05370/0, E_0x159f05370/1;
E_0x159f10470/0 .event negedge, v0x159f214a0_0;
E_0x159f10470/1 .event posedge, v0x159f11220_0;
E_0x159f10470 .event/or E_0x159f10470/0, E_0x159f10470/1;
    .scope S_0x159f05560;
T_0 ;
    %pushi/vec4 0, 0, 1;
    %store/vec4 v0x159f210f0_0, 0, 1;
    %pushi/vec4 0, 0, 2;
    %store/vec4 v0x159f21190_0, 0, 2;
    %pushi/vec4 0, 0, 2;
    %store/vec4 v0x159f21240_0, 0, 2;
    %pushi/vec4 0, 0, 3;
    %store/vec4 v0x159f212f0_0, 0, 3;
    %end;
    .thread T_0;
    .scope S_0x159f05560;
T_1 ;
    %wait E_0x159f10470;
    %load/vec4 v0x159f214a0_0;
    %nor/r;
    %flag_set/vec4 8;
    %jmp/0xz  T_1.0, 8;
    %pushi/vec4 1, 0, 1;
    %assign/vec4 v0x159f20e40_0, 0;
    %pushi/vec4 1, 0, 1;
    %assign/vec4 v0x159f20ee0_0, 0;
    %pushi/vec4 1, 0, 1;
    %assign/vec4 v0x159f20f70_0, 0;
    %pushi/vec4 1, 0, 1;
    %assign/vec4 v0x159f21010_0, 0;
    %pushi/vec4 0, 0, 1;
    %assign/vec4 v0x159f210f0_0, 0;
    %pushi/vec4 0, 0, 2;
    %assign/vec4 v0x159f21190_0, 0;
    %pushi/vec4 0, 0, 2;
    %assign/vec4 v0x159f21240_0, 0;
    %pushi/vec4 0, 0, 3;
    %assign/vec4 v0x159f212f0_0, 0;
    %jmp T_1.1;
T_1.0 ;
    %load/vec4 v0x159f210f0_0;
    %cmpi/e 1, 0, 1;
    %jmp/0xz  T_1.2, 4;
    %pushi/vec4 1, 0, 1;
    %assign/vec4 v0x159f20e40_0, 0;
    %pushi/vec4 0, 0, 1;
    %assign/vec4 v0x159f210f0_0, 0;
    %jmp T_1.3;
T_1.2 ;
    %pushi/vec4 0, 0, 1;
    %assign/vec4 v0x159f20e40_0, 0;
    %pushi/vec4 1, 0, 1;
    %assign/vec4 v0x159f210f0_0, 0;
T_1.3 ;
    %load/vec4 v0x159f21190_0;
    %cmpi/e 2, 0, 2;
    %jmp/0xz  T_1.4, 4;
    %pushi/vec4 1, 0, 1;
    %assign/vec4 v0x159f20ee0_0, 0;
    %pushi/vec4 0, 0, 2;
    %assign/vec4 v0x159f21190_0, 0;
    %jmp T_1.5;
T_1.4 ;
    %pushi/vec4 0, 0, 1;
    %assign/vec4 v0x159f20ee0_0, 0;
    %load/vec4 v0x159f21190_0;
    %addi 1, 0, 2;
    %assign/vec4 v0x159f21190_0, 0;
T_1.5 ;
    %load/vec4 v0x159f21240_0;
    %cmpi/e 3, 0, 2;
    %jmp/0xz  T_1.6, 4;
    %pushi/vec4 1, 0, 1;
    %assign/vec4 v0x159f20f70_0, 0;
    %pushi/vec4 0, 0, 2;
    %assign/vec4 v0x159f21240_0, 0;
    %jmp T_1.7;
T_1.6 ;
    %pushi/vec4 0, 0, 1;
    %assign/vec4 v0x159f20f70_0, 0;
    %load/vec4 v0x159f21240_0;
    %addi 1, 0, 2;
    %assign/vec4 v0x159f21240_0, 0;
T_1.7 ;
    %load/vec4 v0x159f212f0_0;
    %cmpi/e 7, 0, 3;
    %jmp/0xz  T_1.8, 4;
    %pushi/vec4 1, 0, 1;
    %assign/vec4 v0x159f21010_0, 0;
    %pushi/vec4 0, 0, 3;
    %assign/vec4 v0x159f212f0_0, 0;
    %jmp T_1.9;
T_1.8 ;
    %pushi/vec4 0, 0, 1;
    %assign/vec4 v0x159f21010_0, 0;
    %load/vec4 v0x159f212f0_0;
    %addi 1, 0, 3;
    %assign/vec4 v0x159f212f0_0, 0;
T_1.9 ;
T_1.1 ;
    %jmp T_1;
    .thread T_1;
    .scope S_0x159f05560;
T_2 ;
    %wait E_0x159f05370;
    %load/vec4 v0x159f21540_0;
    %dup/vec4;
    %pushi/vec4 0, 0, 2;
    %cmp/u;
    %jmp/1 T_2.0, 6;
    %dup/vec4;
    %pushi/vec4 1, 0, 2;
    %cmp/u;
    %jmp/1 T_2.1, 6;
    %dup/vec4;
    %pushi/vec4 2, 0, 2;
    %cmp/u;
    %jmp/1 T_2.2, 6;
    %dup/vec4;
    %pushi/vec4 3, 0, 2;
    %cmp/u;
    %jmp/1 T_2.3, 6;
    %jmp T_2.4;
T_2.0 ;
    %load/vec4 v0x159f20ee0_0;
    %store/vec4 v0x159f21400_0, 0, 1;
    %jmp T_2.4;
T_2.1 ;
    %load/vec4 v0x159f20e40_0;
    %store/vec4 v0x159f21400_0, 0, 1;
    %jmp T_2.4;
T_2.2 ;
    %load/vec4 v0x159f20f70_0;
    %store/vec4 v0x159f21400_0, 0, 1;
    %jmp T_2.4;
T_2.3 ;
    %load/vec4 v0x159f21010_0;
    %store/vec4 v0x159f21400_0, 0, 1;
    %jmp T_2.4;
T_2.4 ;
    %pop/vec4 1;
    %jmp T_2;
    .thread T_2, $push;
# The file index is used to find the file name in the following table.
:file_names 3;
    "N/A";
    "<interactive>";
    "clock_divider.v";
