#! /opt/local/bin/vvp
:ivl_version "11.0 (stable)" "(v11_0)";
:ivl_delay_selection "TYPICAL";
:vpi_time_precision - 12;
:vpi_module "/opt/local/lib/ivl/system.vpi";
:vpi_module "/opt/local/lib/ivl/vhdl_sys.vpi";
:vpi_module "/opt/local/lib/ivl/vhdl_textio.vpi";
:vpi_module "/opt/local/lib/ivl/v2005_math.vpi";
:vpi_module "/opt/local/lib/ivl/va_math.vpi";
S_0x148e18950 .scope module, "Mux_4x1_4bit" "Mux_4x1_4bit" 2 26;
 .timescale -9 -12;
    .port_info 0 /INPUT 4 "a";
    .port_info 1 /INPUT 4 "b";
    .port_info 2 /INPUT 4 "c";
    .port_info 3 /INPUT 4 "d";
    .port_info 4 /INPUT 2 "sel";
    .port_info 5 /OUTPUT 4 "f";
o0x150040550 .functor BUFZ 4, C4<zzzz>; HiZ drive
v0x148e39ab0_0 .net "a", 3 0, o0x150040550;  0 drivers
o0x150040580 .functor BUFZ 4, C4<zzzz>; HiZ drive
v0x148e39b60_0 .net "b", 3 0, o0x150040580;  0 drivers
o0x150040ca0 .functor BUFZ 4, C4<zzzz>; HiZ drive
v0x148e39c10_0 .net "c", 3 0, o0x150040ca0;  0 drivers
o0x150040cd0 .functor BUFZ 4, C4<zzzz>; HiZ drive
v0x148e39ce0_0 .net "d", 3 0, o0x150040cd0;  0 drivers
v0x148e39d90_0 .net "f", 3 0, L_0x148e3fa20;  1 drivers
o0x1500415a0 .functor BUFZ 2, C4<zz>; HiZ drive
v0x148e39e60_0 .net "sel", 1 0, o0x1500415a0;  0 drivers
v0x148e39ef0_0 .net "temp1", 3 0, L_0x148e3bbf0;  1 drivers
v0x148e39fd0_0 .net "temp2", 3 0, L_0x148e3db20;  1 drivers
L_0x148e3c0f0 .part o0x1500415a0, 0, 1;
L_0x148e3e020 .part o0x1500415a0, 0, 1;
L_0x148e3ff20 .part o0x1500415a0, 1, 1;
S_0x148e0c260 .scope module, "m1" "Mux_2x1_4bit" 2 32, 2 3 0, S_0x148e18950;
 .timescale -9 -12;
    .port_info 0 /INPUT 4 "a";
    .port_info 1 /INPUT 4 "b";
    .port_info 2 /INPUT 1 "sel";
    .port_info 3 /OUTPUT 4 "f";
L_0x148e3a120 .functor NOT 1, L_0x148e3c0f0, C4<0>, C4<0>, C4<0>;
L_0x148e3a1b0 .functor AND 1, L_0x148e3a120, L_0x148e3a2a0, C4<1>, C4<1>;
L_0x148e3a3c0 .functor AND 1, L_0x148e3a120, L_0x148e3a470, C4<1>, C4<1>;
L_0x148e3a550 .functor AND 1, L_0x148e3a120, L_0x148e3a660, C4<1>, C4<1>;
L_0x148e3a900 .functor AND 1, L_0x148e3a120, L_0x148e3a9e0, C4<1>, C4<1>;
L_0x148e3aaf0 .functor AND 1, L_0x148e3c0f0, L_0x148e3aba0, C4<1>, C4<1>;
L_0x148e3acc0 .functor AND 1, L_0x148e3c0f0, L_0x148e3ad70, C4<1>, C4<1>;
L_0x148e3ae90 .functor AND 1, L_0x148e3c0f0, L_0x148e3af80, C4<1>, C4<1>;
L_0x148e3b250 .functor AND 1, L_0x148e3c0f0, L_0x148e3b310, C4<1>, C4<1>;
L_0x148e3b3b0 .functor OR 1, L_0x148e3b420, L_0x148e3b560, C4<0>, C4<0>;
L_0x148e3b640 .functor OR 1, L_0x148e3b710, L_0x148e3b8e0, C4<0>, C4<0>;
L_0x148e3b980 .functor OR 1, L_0x148e3b9f0, L_0x148e3bb10, C4<0>, C4<0>;
L_0x148e3bda0 .functor OR 1, L_0x148e3be50, L_0x148e3bf30, C4<0>, C4<0>;
v0x148e09090_0 .net *"_ivl_0", 0 0, L_0x148e3a1b0;  1 drivers
v0x148e34830_0 .net *"_ivl_11", 0 0, L_0x148e3a660;  1 drivers
v0x148e348e0_0 .net *"_ivl_12", 0 0, L_0x148e3a900;  1 drivers
v0x148e349a0_0 .net *"_ivl_16", 0 0, L_0x148e3a9e0;  1 drivers
v0x148e34a50_0 .net *"_ivl_17", 0 0, L_0x148e3aaf0;  1 drivers
v0x148e34b40_0 .net *"_ivl_20", 0 0, L_0x148e3aba0;  1 drivers
v0x148e34bf0_0 .net *"_ivl_21", 0 0, L_0x148e3acc0;  1 drivers
v0x148e34ca0_0 .net *"_ivl_24", 0 0, L_0x148e3ad70;  1 drivers
v0x148e34d50_0 .net *"_ivl_25", 0 0, L_0x148e3ae90;  1 drivers
v0x148e34e60_0 .net *"_ivl_28", 0 0, L_0x148e3af80;  1 drivers
v0x148e34f10_0 .net *"_ivl_29", 0 0, L_0x148e3b250;  1 drivers
v0x148e34fc0_0 .net *"_ivl_3", 0 0, L_0x148e3a2a0;  1 drivers
v0x148e35070_0 .net *"_ivl_33", 0 0, L_0x148e3b310;  1 drivers
v0x148e35120_0 .net *"_ivl_34", 0 0, L_0x148e3b3b0;  1 drivers
v0x148e351d0_0 .net *"_ivl_37", 0 0, L_0x148e3b420;  1 drivers
v0x148e35280_0 .net *"_ivl_39", 0 0, L_0x148e3b560;  1 drivers
v0x148e35330_0 .net *"_ivl_4", 0 0, L_0x148e3a3c0;  1 drivers
v0x148e354c0_0 .net *"_ivl_40", 0 0, L_0x148e3b640;  1 drivers
v0x148e35550_0 .net *"_ivl_43", 0 0, L_0x148e3b710;  1 drivers
v0x148e35600_0 .net *"_ivl_45", 0 0, L_0x148e3b8e0;  1 drivers
v0x148e356b0_0 .net *"_ivl_46", 0 0, L_0x148e3b980;  1 drivers
v0x148e35760_0 .net *"_ivl_49", 0 0, L_0x148e3b9f0;  1 drivers
v0x148e35810_0 .net *"_ivl_51", 0 0, L_0x148e3bb10;  1 drivers
v0x148e358c0_0 .net *"_ivl_52", 0 0, L_0x148e3bda0;  1 drivers
v0x148e35970_0 .net *"_ivl_56", 0 0, L_0x148e3be50;  1 drivers
v0x148e35a20_0 .net *"_ivl_58", 0 0, L_0x148e3bf30;  1 drivers
v0x148e35ad0_0 .net *"_ivl_7", 0 0, L_0x148e3a470;  1 drivers
v0x148e35b80_0 .net *"_ivl_8", 0 0, L_0x148e3a550;  1 drivers
v0x148e35c30_0 .net "a", 3 0, o0x150040550;  alias, 0 drivers
v0x148e35ce0_0 .net "b", 3 0, o0x150040580;  alias, 0 drivers
v0x148e35d90_0 .net "f", 3 0, L_0x148e3bbf0;  alias, 1 drivers
RS_0x1500405e0 .resolv tri, L_0x148e3a780, L_0x148e3b0a0;
v0x148e35e40_0 .net8 "newa", 3 0, RS_0x1500405e0;  2 drivers
o0x150040610 .functor BUFZ 4, C4<zzzz>; HiZ drive
v0x148e35ef0_0 .net "newb", 3 0, o0x150040610;  0 drivers
v0x148e353e0_0 .net "not_sel", 0 0, L_0x148e3a120;  1 drivers
v0x148e36180_0 .net "sel", 0 0, L_0x148e3c0f0;  1 drivers
L_0x148e3a2a0 .part o0x150040550, 0, 1;
L_0x148e3a470 .part o0x150040550, 1, 1;
L_0x148e3a660 .part o0x150040550, 2, 1;
L_0x148e3a780 .concat8 [ 1 1 1 1], L_0x148e3a1b0, L_0x148e3a3c0, L_0x148e3a550, L_0x148e3a900;
L_0x148e3a9e0 .part o0x150040550, 3, 1;
L_0x148e3aba0 .part o0x150040580, 0, 1;
L_0x148e3ad70 .part o0x150040580, 1, 1;
L_0x148e3af80 .part o0x150040580, 2, 1;
L_0x148e3b0a0 .concat8 [ 1 1 1 1], L_0x148e3aaf0, L_0x148e3acc0, L_0x148e3ae90, L_0x148e3b250;
L_0x148e3b310 .part o0x150040580, 3, 1;
L_0x148e3b420 .part RS_0x1500405e0, 0, 1;
L_0x148e3b560 .part o0x150040610, 0, 1;
L_0x148e3b710 .part RS_0x1500405e0, 1, 1;
L_0x148e3b8e0 .part o0x150040610, 1, 1;
L_0x148e3b9f0 .part RS_0x1500405e0, 2, 1;
L_0x148e3bb10 .part o0x150040610, 2, 1;
L_0x148e3bbf0 .concat8 [ 1 1 1 1], L_0x148e3b3b0, L_0x148e3b640, L_0x148e3b980, L_0x148e3bda0;
L_0x148e3be50 .part RS_0x1500405e0, 3, 1;
L_0x148e3bf30 .part o0x150040610, 3, 1;
S_0x148e36240 .scope module, "m2" "Mux_2x1_4bit" 2 33, 2 3 0, S_0x148e18950;
 .timescale -9 -12;
    .port_info 0 /INPUT 4 "a";
    .port_info 1 /INPUT 4 "b";
    .port_info 2 /INPUT 1 "sel";
    .port_info 3 /OUTPUT 4 "f";
L_0x148e3bd10 .functor NOT 1, L_0x148e3e020, C4<0>, C4<0>, C4<0>;
L_0x148e3c190 .functor AND 1, L_0x148e3bd10, L_0x148e3c200, C4<1>, C4<1>;
L_0x148e3c320 .functor AND 1, L_0x148e3bd10, L_0x148e3c3b0, C4<1>, C4<1>;
L_0x148e3c490 .functor AND 1, L_0x148e3bd10, L_0x148e3c5a0, C4<1>, C4<1>;
L_0x148e3c840 .functor AND 1, L_0x148e3bd10, L_0x148e3c8f0, C4<1>, C4<1>;
L_0x148e3ca00 .functor AND 1, L_0x148e3e020, L_0x148e3cab0, C4<1>, C4<1>;
L_0x148e3cbd0 .functor AND 1, L_0x148e3e020, L_0x148e3cc80, C4<1>, C4<1>;
L_0x148e3cda0 .functor AND 1, L_0x148e3e020, L_0x148e3ce90, C4<1>, C4<1>;
L_0x148e3d160 .functor AND 1, L_0x148e3e020, L_0x148e3d220, C4<1>, C4<1>;
L_0x148e3d2c0 .functor OR 1, L_0x148e3d330, L_0x148e3d470, C4<0>, C4<0>;
L_0x148e3d550 .functor OR 1, L_0x148e3d640, L_0x148e3d810, C4<0>, C4<0>;
L_0x148e3d8b0 .functor OR 1, L_0x148e3d920, L_0x148e3da40, C4<0>, C4<0>;
L_0x148e3dcd0 .functor OR 1, L_0x148e3dd80, L_0x148e3de60, C4<0>, C4<0>;
v0x148e36410_0 .net *"_ivl_0", 0 0, L_0x148e3c190;  1 drivers
v0x148e364a0_0 .net *"_ivl_11", 0 0, L_0x148e3c5a0;  1 drivers
v0x148e36550_0 .net *"_ivl_12", 0 0, L_0x148e3c840;  1 drivers
v0x148e36610_0 .net *"_ivl_16", 0 0, L_0x148e3c8f0;  1 drivers
v0x148e366c0_0 .net *"_ivl_17", 0 0, L_0x148e3ca00;  1 drivers
v0x148e367b0_0 .net *"_ivl_20", 0 0, L_0x148e3cab0;  1 drivers
v0x148e36860_0 .net *"_ivl_21", 0 0, L_0x148e3cbd0;  1 drivers
v0x148e36910_0 .net *"_ivl_24", 0 0, L_0x148e3cc80;  1 drivers
v0x148e369c0_0 .net *"_ivl_25", 0 0, L_0x148e3cda0;  1 drivers
v0x148e36ad0_0 .net *"_ivl_28", 0 0, L_0x148e3ce90;  1 drivers
v0x148e36b80_0 .net *"_ivl_29", 0 0, L_0x148e3d160;  1 drivers
v0x148e36c30_0 .net *"_ivl_3", 0 0, L_0x148e3c200;  1 drivers
v0x148e36ce0_0 .net *"_ivl_33", 0 0, L_0x148e3d220;  1 drivers
v0x148e36d90_0 .net *"_ivl_34", 0 0, L_0x148e3d2c0;  1 drivers
v0x148e36e40_0 .net *"_ivl_37", 0 0, L_0x148e3d330;  1 drivers
v0x148e36ef0_0 .net *"_ivl_39", 0 0, L_0x148e3d470;  1 drivers
v0x148e36fa0_0 .net *"_ivl_4", 0 0, L_0x148e3c320;  1 drivers
v0x148e37130_0 .net *"_ivl_40", 0 0, L_0x148e3d550;  1 drivers
v0x148e371c0_0 .net *"_ivl_43", 0 0, L_0x148e3d640;  1 drivers
v0x148e37270_0 .net *"_ivl_45", 0 0, L_0x148e3d810;  1 drivers
v0x148e37320_0 .net *"_ivl_46", 0 0, L_0x148e3d8b0;  1 drivers
v0x148e373d0_0 .net *"_ivl_49", 0 0, L_0x148e3d920;  1 drivers
v0x148e37480_0 .net *"_ivl_51", 0 0, L_0x148e3da40;  1 drivers
v0x148e37530_0 .net *"_ivl_52", 0 0, L_0x148e3dcd0;  1 drivers
v0x148e375e0_0 .net *"_ivl_56", 0 0, L_0x148e3dd80;  1 drivers
v0x148e37690_0 .net *"_ivl_58", 0 0, L_0x148e3de60;  1 drivers
v0x148e37740_0 .net *"_ivl_7", 0 0, L_0x148e3c3b0;  1 drivers
v0x148e377f0_0 .net *"_ivl_8", 0 0, L_0x148e3c490;  1 drivers
v0x148e378a0_0 .net "a", 3 0, o0x150040ca0;  alias, 0 drivers
v0x148e37950_0 .net "b", 3 0, o0x150040cd0;  alias, 0 drivers
v0x148e37a00_0 .net "f", 3 0, L_0x148e3db20;  alias, 1 drivers
RS_0x150040d30 .resolv tri, L_0x148e3c6c0, L_0x148e3cfb0;
v0x148e37ab0_0 .net8 "newa", 3 0, RS_0x150040d30;  2 drivers
o0x150040d60 .functor BUFZ 4, C4<zzzz>; HiZ drive
v0x148e37b60_0 .net "newb", 3 0, o0x150040d60;  0 drivers
v0x148e37050_0 .net "not_sel", 0 0, L_0x148e3bd10;  1 drivers
v0x148e37df0_0 .net "sel", 0 0, L_0x148e3e020;  1 drivers
L_0x148e3c200 .part o0x150040ca0, 0, 1;
L_0x148e3c3b0 .part o0x150040ca0, 1, 1;
L_0x148e3c5a0 .part o0x150040ca0, 2, 1;
L_0x148e3c6c0 .concat8 [ 1 1 1 1], L_0x148e3c190, L_0x148e3c320, L_0x148e3c490, L_0x148e3c840;
L_0x148e3c8f0 .part o0x150040ca0, 3, 1;
L_0x148e3cab0 .part o0x150040cd0, 0, 1;
L_0x148e3cc80 .part o0x150040cd0, 1, 1;
L_0x148e3ce90 .part o0x150040cd0, 2, 1;
L_0x148e3cfb0 .concat8 [ 1 1 1 1], L_0x148e3ca00, L_0x148e3cbd0, L_0x148e3cda0, L_0x148e3d160;
L_0x148e3d220 .part o0x150040cd0, 3, 1;
L_0x148e3d330 .part RS_0x150040d30, 0, 1;
L_0x148e3d470 .part o0x150040d60, 0, 1;
L_0x148e3d640 .part RS_0x150040d30, 1, 1;
L_0x148e3d810 .part o0x150040d60, 1, 1;
L_0x148e3d920 .part RS_0x150040d30, 2, 1;
L_0x148e3da40 .part o0x150040d60, 2, 1;
L_0x148e3db20 .concat8 [ 1 1 1 1], L_0x148e3d2c0, L_0x148e3d550, L_0x148e3d8b0, L_0x148e3dcd0;
L_0x148e3dd80 .part RS_0x150040d30, 3, 1;
L_0x148e3de60 .part o0x150040d60, 3, 1;
S_0x148e37eb0 .scope module, "m3" "Mux_2x1_4bit" 2 34, 2 3 0, S_0x148e18950;
 .timescale -9 -12;
    .port_info 0 /INPUT 4 "a";
    .port_info 1 /INPUT 4 "b";
    .port_info 2 /INPUT 1 "sel";
    .port_info 3 /OUTPUT 4 "f";
L_0x148e3dc40 .functor NOT 1, L_0x148e3ff20, C4<0>, C4<0>, C4<0>;
L_0x148e3e0c0 .functor AND 1, L_0x148e3dc40, L_0x148e3e170, C4<1>, C4<1>;
L_0x148e3e2d0 .functor AND 1, L_0x148e3dc40, L_0x148e3e340, C4<1>, C4<1>;
L_0x148e3e3e0 .functor AND 1, L_0x148e3dc40, L_0x148e3e510, C4<1>, C4<1>;
L_0x148e3e760 .functor AND 1, L_0x148e3dc40, L_0x148e3e810, C4<1>, C4<1>;
L_0x148e3e920 .functor AND 1, L_0x148e3ff20, L_0x148e3e9d0, C4<1>, C4<1>;
L_0x148e3eb30 .functor AND 1, L_0x148e3ff20, L_0x148e3ebe0, C4<1>, C4<1>;
L_0x148e3ed00 .functor AND 1, L_0x148e3ff20, L_0x148e3edf0, C4<1>, C4<1>;
L_0x148e3f080 .functor AND 1, L_0x148e3ff20, L_0x148e3f140, C4<1>, C4<1>;
L_0x148e3f1e0 .functor OR 1, L_0x148e3f250, L_0x148e3f390, C4<0>, C4<0>;
L_0x148e3f470 .functor OR 1, L_0x148e3f540, L_0x148e3f710, C4<0>, C4<0>;
L_0x148e3f7b0 .functor OR 1, L_0x148e3f820, L_0x148e3f940, C4<0>, C4<0>;
L_0x148e3fbd0 .functor OR 1, L_0x148e3fc80, L_0x148e3fd60, C4<0>, C4<0>;
v0x148e38080_0 .net *"_ivl_0", 0 0, L_0x148e3e0c0;  1 drivers
v0x148e38120_0 .net *"_ivl_11", 0 0, L_0x148e3e510;  1 drivers
v0x148e381d0_0 .net *"_ivl_12", 0 0, L_0x148e3e760;  1 drivers
v0x148e38290_0 .net *"_ivl_16", 0 0, L_0x148e3e810;  1 drivers
v0x148e38340_0 .net *"_ivl_17", 0 0, L_0x148e3e920;  1 drivers
v0x148e38430_0 .net *"_ivl_20", 0 0, L_0x148e3e9d0;  1 drivers
v0x148e384e0_0 .net *"_ivl_21", 0 0, L_0x148e3eb30;  1 drivers
v0x148e38590_0 .net *"_ivl_24", 0 0, L_0x148e3ebe0;  1 drivers
v0x148e38640_0 .net *"_ivl_25", 0 0, L_0x148e3ed00;  1 drivers
v0x148e38750_0 .net *"_ivl_28", 0 0, L_0x148e3edf0;  1 drivers
v0x148e38800_0 .net *"_ivl_29", 0 0, L_0x148e3f080;  1 drivers
v0x148e388b0_0 .net *"_ivl_3", 0 0, L_0x148e3e170;  1 drivers
v0x148e38960_0 .net *"_ivl_33", 0 0, L_0x148e3f140;  1 drivers
v0x148e38a10_0 .net *"_ivl_34", 0 0, L_0x148e3f1e0;  1 drivers
v0x148e38ac0_0 .net *"_ivl_37", 0 0, L_0x148e3f250;  1 drivers
v0x148e38b70_0 .net *"_ivl_39", 0 0, L_0x148e3f390;  1 drivers
v0x148e38c20_0 .net *"_ivl_4", 0 0, L_0x148e3e2d0;  1 drivers
v0x148e38db0_0 .net *"_ivl_40", 0 0, L_0x148e3f470;  1 drivers
v0x148e38e40_0 .net *"_ivl_43", 0 0, L_0x148e3f540;  1 drivers
v0x148e38ef0_0 .net *"_ivl_45", 0 0, L_0x148e3f710;  1 drivers
v0x148e38fa0_0 .net *"_ivl_46", 0 0, L_0x148e3f7b0;  1 drivers
v0x148e39050_0 .net *"_ivl_49", 0 0, L_0x148e3f820;  1 drivers
v0x148e39100_0 .net *"_ivl_51", 0 0, L_0x148e3f940;  1 drivers
v0x148e391b0_0 .net *"_ivl_52", 0 0, L_0x148e3fbd0;  1 drivers
v0x148e39260_0 .net *"_ivl_56", 0 0, L_0x148e3fc80;  1 drivers
v0x148e39310_0 .net *"_ivl_58", 0 0, L_0x148e3fd60;  1 drivers
v0x148e393c0_0 .net *"_ivl_7", 0 0, L_0x148e3e340;  1 drivers
v0x148e39470_0 .net *"_ivl_8", 0 0, L_0x148e3e3e0;  1 drivers
v0x148e39520_0 .net "a", 3 0, L_0x148e3bbf0;  alias, 1 drivers
v0x148e395e0_0 .net "b", 3 0, L_0x148e3db20;  alias, 1 drivers
v0x148e39670_0 .net "f", 3 0, L_0x148e3fa20;  alias, 1 drivers
RS_0x150041420 .resolv tri, L_0x148e3e5b0, L_0x148e3ee90;
v0x148e39700_0 .net8 "newa", 3 0, RS_0x150041420;  2 drivers
o0x150041450 .functor BUFZ 4, C4<zzzz>; HiZ drive
v0x148e39790_0 .net "newb", 3 0, o0x150041450;  0 drivers
v0x148e38cb0_0 .net "not_sel", 0 0, L_0x148e3dc40;  1 drivers
v0x148e39a20_0 .net "sel", 0 0, L_0x148e3ff20;  1 drivers
L_0x148e3e170 .part L_0x148e3bbf0, 0, 1;
L_0x148e3e340 .part L_0x148e3bbf0, 1, 1;
L_0x148e3e510 .part L_0x148e3bbf0, 2, 1;
L_0x148e3e5b0 .concat8 [ 1 1 1 1], L_0x148e3e0c0, L_0x148e3e2d0, L_0x148e3e3e0, L_0x148e3e760;
L_0x148e3e810 .part L_0x148e3bbf0, 3, 1;
L_0x148e3e9d0 .part L_0x148e3db20, 0, 1;
L_0x148e3ebe0 .part L_0x148e3db20, 1, 1;
L_0x148e3edf0 .part L_0x148e3db20, 2, 1;
L_0x148e3ee90 .concat8 [ 1 1 1 1], L_0x148e3e920, L_0x148e3eb30, L_0x148e3ed00, L_0x148e3f080;
L_0x148e3f140 .part L_0x148e3db20, 3, 1;
L_0x148e3f250 .part RS_0x150041420, 0, 1;
L_0x148e3f390 .part o0x150041450, 0, 1;
L_0x148e3f540 .part RS_0x150041420, 1, 1;
L_0x148e3f710 .part o0x150041450, 1, 1;
L_0x148e3f820 .part RS_0x150041420, 2, 1;
L_0x148e3f940 .part o0x150041450, 2, 1;
L_0x148e3fa20 .concat8 [ 1 1 1 1], L_0x148e3f1e0, L_0x148e3f470, L_0x148e3f7b0, L_0x148e3fbd0;
L_0x148e3fc80 .part RS_0x150041420, 3, 1;
L_0x148e3fd60 .part o0x150041450, 3, 1;
# The file index is used to find the file name in the following table.
:file_names 3;
    "N/A";
    "<interactive>";
    "Lab1_Mux_4x1_4bit.v";
