#! /c/Source/iverilog-install/bin/vvp
:ivl_version "12.0 (devel)" "(s20150603-1110-g18392a46)";
:ivl_delay_selection "TYPICAL";
:vpi_time_precision - 12;
:vpi_module "C:\iverilog\lib\ivl\system.vpi";
:vpi_module "C:\iverilog\lib\ivl\vhdl_sys.vpi";
:vpi_module "C:\iverilog\lib\ivl\vhdl_textio.vpi";
:vpi_module "C:\iverilog\lib\ivl\v2005_math.vpi";
:vpi_module "C:\iverilog\lib\ivl\va_math.vpi";
S_000002b47e2c2d00 .scope module, "One_to_many_LFSR" "One_to_many_LFSR" 2 3;
 .timescale -9 -12;
    .port_info 0 /INPUT 1 "rst_n";
    .port_info 1 /INPUT 1 "clk";
    .port_info 2 /OUTPUT 1 "out";
L_000002b47e2c36b0 .functor XOR 1, L_000002b47e2f4040, L_000002b47e2f3320, C4<0>, C4<0>;
L_000002b47e2c3810 .functor XOR 1, L_000002b47e2f38c0, L_000002b47e2f3460, C4<0>, C4<0>;
L_000002b47e2c3550 .functor XOR 1, L_000002b47e2f33c0, L_000002b47e2f3a00, C4<0>, C4<0>;
v000002b47e2abb40_0 .var "DFF", 7 0;
v000002b47e2f3500_0 .net *"_ivl_1", 2 0, L_000002b47e2f3820;  1 drivers
v000002b47e2f3c80_0 .net *"_ivl_11", 0 0, L_000002b47e2f3460;  1 drivers
v000002b47e2f3d20_0 .net *"_ivl_12", 0 0, L_000002b47e2c3810;  1 drivers
v000002b47e2f3aa0_0 .net *"_ivl_15", 0 0, L_000002b47e2f33c0;  1 drivers
v000002b47e2f3960_0 .net *"_ivl_17", 0 0, L_000002b47e2f3a00;  1 drivers
v000002b47e2f40e0_0 .net *"_ivl_18", 0 0, L_000002b47e2c3550;  1 drivers
v000002b47e2f4180_0 .net *"_ivl_21", 0 0, L_000002b47e2f3b40;  1 drivers
v000002b47e2f35a0_0 .net *"_ivl_23", 0 0, L_000002b47e2f3be0;  1 drivers
v000002b47e2f4220_0 .net *"_ivl_3", 0 0, L_000002b47e2f4040;  1 drivers
v000002b47e2f3fa0_0 .net *"_ivl_5", 0 0, L_000002b47e2f3320;  1 drivers
v000002b47e2f3e60_0 .net *"_ivl_6", 0 0, L_000002b47e2c36b0;  1 drivers
v000002b47e2f3640_0 .net *"_ivl_9", 0 0, L_000002b47e2f38c0;  1 drivers
o000002b47e2f7208 .functor BUFZ 1, C4<z>; HiZ drive
v000002b47e2f36e0_0 .net "clk", 0 0, o000002b47e2f7208;  0 drivers
v000002b47e2f3dc0_0 .net "next_DFF", 7 0, L_000002b47e33dba0;  1 drivers
v000002b47e2f3780_0 .net "out", 0 0, L_000002b47e33e000;  1 drivers
o000002b47e2f7298 .functor BUFZ 1, C4<z>; HiZ drive
v000002b47e2f3f00_0 .net "rst_n", 0 0, o000002b47e2f7298;  0 drivers
E_000002b47e2e6990 .event posedge, v000002b47e2f36e0_0;
L_000002b47e2f3820 .part v000002b47e2abb40_0, 4, 3;
L_000002b47e2f4040 .part v000002b47e2abb40_0, 7, 1;
L_000002b47e2f3320 .part v000002b47e2abb40_0, 3, 1;
L_000002b47e2f38c0 .part v000002b47e2abb40_0, 7, 1;
L_000002b47e2f3460 .part v000002b47e2abb40_0, 2, 1;
L_000002b47e2f33c0 .part v000002b47e2abb40_0, 7, 1;
L_000002b47e2f3a00 .part v000002b47e2abb40_0, 1, 1;
L_000002b47e2f3b40 .part v000002b47e2abb40_0, 0, 1;
L_000002b47e2f3be0 .part v000002b47e2abb40_0, 7, 1;
LS_000002b47e33dba0_0_0 .concat [ 1 1 1 1], L_000002b47e2f3be0, L_000002b47e2f3b40, L_000002b47e2c3550, L_000002b47e2c3810;
LS_000002b47e33dba0_0_4 .concat [ 1 3 0 0], L_000002b47e2c36b0, L_000002b47e2f3820;
L_000002b47e33dba0 .concat [ 4 4 0 0], LS_000002b47e33dba0_0_0, LS_000002b47e33dba0_0_4;
L_000002b47e33e000 .part v000002b47e2abb40_0, 7, 1;
    .scope S_000002b47e2c2d00;
T_0 ;
    %wait E_000002b47e2e6990;
    %load/vec4 v000002b47e2f3f00_0;
    %nor/r;
    %flag_set/vec4 8;
    %jmp/0xz  T_0.0, 8;
    %pushi/vec4 189, 0, 8;
    %assign/vec4 v000002b47e2abb40_0, 0;
    %jmp T_0.1;
T_0.0 ;
    %load/vec4 v000002b47e2f3dc0_0;
    %assign/vec4 v000002b47e2abb40_0, 0;
T_0.1 ;
    %jmp T_0;
    .thread T_0;
# The file index is used to find the file name in the following table.
:file_names 3;
    "N/A";
    "<interactive>";
    "One_to_many_LFSR.v";
