#! /c/Source/iverilog-install/bin/vvp
:ivl_version "12.0 (devel)" "(s20150603-1110-g18392a46)";
:ivl_delay_selection "TYPICAL";
:vpi_time_precision - 12;
:vpi_module "C:\iverilog\lib\ivl\system.vpi";
:vpi_module "C:\iverilog\lib\ivl\vhdl_sys.vpi";
:vpi_module "C:\iverilog\lib\ivl\vhdl_textio.vpi";
:vpi_module "C:\iverilog\lib\ivl\v2005_math.vpi";
:vpi_module "C:\iverilog\lib\ivl\va_math.vpi";
S_00000200c44edc20 .scope module, "One_to_many_LFSR_t" "One_to_many_LFSR_t" 2 4;
 .timescale -9 -12;
v00000200c4650420_0 .var "clk", 0 0;
v00000200c4650920_0 .net "out", 0 0, L_00000200c46504c0;  1 drivers
v00000200c4651820_0 .var "rst_n", 0 0;
S_00000200c44eddb0 .scope module, "One_to_many_LFSR" "One_to_many_LFSR" 2 7, 3 3 0, S_00000200c44edc20;
 .timescale -9 -12;
    .port_info 0 /INPUT 1 "rst_n";
    .port_info 1 /INPUT 1 "clk";
    .port_info 2 /OUTPUT 1 "out";
L_00000200c45d36f0 .functor XOR 1, L_00000200c4650ec0, L_00000200c46509c0, C4<0>, C4<0>;
L_00000200c45d3850 .functor XOR 1, L_00000200c4650060, L_00000200c4651960, C4<0>, C4<0>;
L_00000200c45d3590 .functor XOR 1, L_00000200c464ffc0, L_00000200c4650ba0, C4<0>, C4<0>;
v00000200c45f6530_0 .var "DFF", 7 0;
v00000200c45f5e50_0 .net *"_ivl_1", 2 0, L_00000200c4650100;  1 drivers
v00000200c45f5ef0_0 .net *"_ivl_11", 0 0, L_00000200c4651960;  1 drivers
v00000200c45f6850_0 .net *"_ivl_12", 0 0, L_00000200c45d3850;  1 drivers
v00000200c45f6990_0 .net *"_ivl_15", 0 0, L_00000200c464ffc0;  1 drivers
v00000200c45f5f90_0 .net *"_ivl_17", 0 0, L_00000200c4650ba0;  1 drivers
v00000200c45f65d0_0 .net *"_ivl_18", 0 0, L_00000200c45d3590;  1 drivers
v00000200c45f6030_0 .net *"_ivl_21", 0 0, L_00000200c4650a60;  1 drivers
v00000200c45f60d0_0 .net *"_ivl_23", 0 0, L_00000200c4650240;  1 drivers
v00000200c45f6170_0 .net *"_ivl_3", 0 0, L_00000200c4650ec0;  1 drivers
v00000200c45f5a90_0 .net *"_ivl_5", 0 0, L_00000200c46509c0;  1 drivers
v00000200c45f6210_0 .net *"_ivl_6", 0 0, L_00000200c45d36f0;  1 drivers
v00000200c4650560_0 .net *"_ivl_9", 0 0, L_00000200c4650060;  1 drivers
v00000200c464fe80_0 .net "clk", 0 0, v00000200c4650420_0;  1 drivers
v00000200c4650600_0 .net "next_DFF", 7 0, L_00000200c464fde0;  1 drivers
v00000200c4651320_0 .net "out", 0 0, L_00000200c46504c0;  alias, 1 drivers
v00000200c4650880_0 .net "rst_n", 0 0, v00000200c4651820_0;  1 drivers
E_00000200c44eaea0 .event posedge, v00000200c464fe80_0;
L_00000200c4650100 .part v00000200c45f6530_0, 4, 3;
L_00000200c4650ec0 .part v00000200c45f6530_0, 7, 1;
L_00000200c46509c0 .part v00000200c45f6530_0, 3, 1;
L_00000200c4650060 .part v00000200c45f6530_0, 7, 1;
L_00000200c4651960 .part v00000200c45f6530_0, 2, 1;
L_00000200c464ffc0 .part v00000200c45f6530_0, 7, 1;
L_00000200c4650ba0 .part v00000200c45f6530_0, 1, 1;
L_00000200c4650a60 .part v00000200c45f6530_0, 0, 1;
L_00000200c4650240 .part v00000200c45f6530_0, 7, 1;
LS_00000200c464fde0_0_0 .concat [ 1 1 1 1], L_00000200c4650240, L_00000200c4650a60, L_00000200c45d3590, L_00000200c45d3850;
LS_00000200c464fde0_0_4 .concat [ 1 3 0 0], L_00000200c45d36f0, L_00000200c4650100;
L_00000200c464fde0 .concat [ 4 4 0 0], LS_00000200c464fde0_0_0, LS_00000200c464fde0_0_4;
L_00000200c46504c0 .part v00000200c45f6530_0, 7, 1;
    .scope S_00000200c44eddb0;
T_0 ;
    %wait E_00000200c44eaea0;
    %load/vec4 v00000200c4650880_0;
    %nor/r;
    %flag_set/vec4 8;
    %jmp/0xz  T_0.0, 8;
    %pushi/vec4 189, 0, 8;
    %assign/vec4 v00000200c45f6530_0, 0;
    %jmp T_0.1;
T_0.0 ;
    %load/vec4 v00000200c4650600_0;
    %assign/vec4 v00000200c45f6530_0, 0;
T_0.1 ;
    %jmp T_0;
    .thread T_0;
    .scope S_00000200c44edc20;
T_1 ;
    %vpi_call 2 9 "$dumpfile", "One_to_many_LFSR.vcd" {0 0 0};
    %vpi_call 2 10 "$dumpvars", 32'sb00000000000000000000000000000000, S_00000200c44eddb0 {0 0 0};
    %pushi/vec4 0, 0, 1;
    %store/vec4 v00000200c4650420_0, 0, 1;
    %pushi/vec4 0, 0, 1;
    %store/vec4 v00000200c4651820_0, 0, 1;
    %delay 10000, 0;
    %pushi/vec4 1, 0, 1;
    %store/vec4 v00000200c4651820_0, 0, 1;
    %delay 200000, 0;
    %vpi_call 2 14 "$finish" {0 0 0};
    %end;
    .thread T_1;
    .scope S_00000200c44edc20;
T_2 ;
    %delay 5000, 0;
    %load/vec4 v00000200c4650420_0;
    %inv;
    %store/vec4 v00000200c4650420_0, 0, 1;
    %jmp T_2;
    .thread T_2;
# The file index is used to find the file name in the following table.
:file_names 4;
    "N/A";
    "<interactive>";
    "One_to_many_LFSR_t.v";
    "./One_to_many_LFSR.v";
