INFO: [VRFC 10-2263] Analyzing Verilog file "D:/GitHub/2023-Fall-Hardware_Design_and_Lab_Lee/Lab2/Basic/2-3/Lab2_Adders.v" into library xil_defaultlib
INFO: [VRFC 10-311] analyzing module AND
INFO: [VRFC 10-311] analyzing module OR
INFO: [VRFC 10-311] analyzing module XOR
INFO: [VRFC 10-311] analyzing module Majority
INFO: [VRFC 10-311] analyzing module Half_Adder
INFO: [VRFC 10-311] analyzing module Full_Adder
INFO: [VRFC 10-2263] Analyzing Verilog file "D:/GitHub/2023-Fall-Hardware_Design_and_Lab_Lee/Lab2/Basic/2-3/Adders_t.v" into library xil_defaultlib
INFO: [VRFC 10-311] analyzing module AND
WARNING: [VRFC 10-3609] overwriting previous definition of module 'AND' [D:/GitHub/2023-Fall-Hardware_Design_and_Lab_Lee/Lab2/Basic/2-3/Lab2_Adders.v:2]
INFO: [VRFC 10-311] analyzing module OR
WARNING: [VRFC 10-3609] overwriting previous definition of module 'OR' [D:/GitHub/2023-Fall-Hardware_Design_and_Lab_Lee/Lab2/Basic/2-3/Lab2_Adders.v:10]
INFO: [VRFC 10-311] analyzing module XOR
WARNING: [VRFC 10-3609] overwriting previous definition of module 'XOR' [D:/GitHub/2023-Fall-Hardware_Design_and_Lab_Lee/Lab2/Basic/2-3/Lab2_Adders.v:19]
INFO: [VRFC 10-311] analyzing module Majority
WARNING: [VRFC 10-3609] overwriting previous definition of module 'Majority' [D:/GitHub/2023-Fall-Hardware_Design_and_Lab_Lee/Lab2/Basic/2-3/Lab2_Adders.v:30]
INFO: [VRFC 10-311] analyzing module Half_Adder
WARNING: [VRFC 10-3609] overwriting previous definition of module 'Half_Adder' [D:/GitHub/2023-Fall-Hardware_Design_and_Lab_Lee/Lab2/Basic/2-3/Lab2_Adders.v:41]
INFO: [VRFC 10-311] analyzing module Full_Adder
WARNING: [VRFC 10-3609] overwriting previous definition of module 'Full_Adder' [D:/GitHub/2023-Fall-Hardware_Design_and_Lab_Lee/Lab2/Basic/2-3/Lab2_Adders.v:49]
INFO: [VRFC 10-311] analyzing module Adders_t
INFO: [VRFC 10-2263] Analyzing Verilog file "D:/GitHub/2023-Fall-Hardware_Design_and_Lab_Lee/Lab2/Basic/2-3/2-3.sim/sim_1/behav/xsim/glbl.v" into library xil_defaultlib
INFO: [VRFC 10-311] analyzing module glbl
