#! /c/Source/iverilog-install/bin/vvp
:ivl_version "12.0 (devel)" "(s20150603-1110-g18392a46)";
:ivl_delay_selection "TYPICAL";
:vpi_time_precision - 12;
:vpi_module "C:\iverilog\lib\ivl\system.vpi";
:vpi_module "C:\iverilog\lib\ivl\vhdl_sys.vpi";
:vpi_module "C:\iverilog\lib\ivl\vhdl_textio.vpi";
:vpi_module "C:\iverilog\lib\ivl\v2005_math.vpi";
:vpi_module "C:\iverilog\lib\ivl\va_math.vpi";
S_000002ca9c32d670 .scope module, "Crossbar_2x2_4bit_t" "Crossbar_2x2_4bit_t" 2 4;
 .timescale -9 -12;
v000002ca9c4bf450_0 .var "ctl", 0 0;
v000002ca9c4be730_0 .var "in1", 3 0;
v000002ca9c4bd650_0 .var "in2", 3 0;
v000002ca9c4bdab0_0 .net "o1", 3 0, L_000002ca9c4c2e20;  1 drivers
v000002ca9c4be7d0_0 .net "o2", 3 0, L_000002ca9c4c2560;  1 drivers
S_000002ca9c32d800 .scope module, "C1" "Crossbar_2x2_4bit" 2 10, 3 46 0, S_000002ca9c32d670;
 .timescale -9 -12;
    .port_info 0 /INPUT 4 "in1";
    .port_info 1 /INPUT 4 "in2";
    .port_info 2 /INPUT 1 "control";
    .port_info 3 /OUTPUT 4 "out1";
    .port_info 4 /OUTPUT 4 "out2";
L_000002ca9c444590 .functor NOT 1, v000002ca9c4bf450_0, C4<0>, C4<0>, C4<0>;
v000002ca9c4bd8d0_0 .net "control", 0 0, v000002ca9c4bf450_0;  1 drivers
v000002ca9c4be0f0_0 .net "in1", 3 0, v000002ca9c4be730_0;  1 drivers
v000002ca9c4be410_0 .net "in2", 3 0, v000002ca9c4bd650_0;  1 drivers
v000002ca9c4be910_0 .net "ncontrol", 0 0, L_000002ca9c444590;  1 drivers
v000002ca9c4bee10_0 .net "out1", 3 0, L_000002ca9c4c2e20;  alias, 1 drivers
v000002ca9c4be190_0 .net "out2", 3 0, L_000002ca9c4c2560;  alias, 1 drivers
v000002ca9c4be9b0_0 .net "temp1", 3 0, L_000002ca9c4beaf0;  1 drivers
v000002ca9c4beff0_0 .net "temp2", 3 0, L_000002ca9c4bda10;  1 drivers
v000002ca9c4bdd30_0 .net "temp3", 3 0, L_000002ca9c4bf130;  1 drivers
v000002ca9c4be5f0_0 .net "temp4", 3 0, L_000002ca9c4bdc90;  1 drivers
S_000002ca9c32d990 .scope module, "d1" "Dmux_1x2_4bit" 3 54, 3 3 0, S_000002ca9c32d800;
 .timescale -9 -12;
    .port_info 0 /INPUT 4 "in";
    .port_info 1 /OUTPUT 4 "a";
    .port_info 2 /OUTPUT 4 "b";
    .port_info 3 /INPUT 1 "sel";
L_000002ca9c444360 .functor NOT 1, v000002ca9c4bf450_0, C4<0>, C4<0>, C4<0>;
L_000002ca9c443d40 .functor AND 1, L_000002ca9c4bf4f0, L_000002ca9c444360, C4<1>, C4<1>;
L_000002ca9c444520 .functor AND 1, L_000002ca9c4bed70, L_000002ca9c444360, C4<1>, C4<1>;
L_000002ca9c4443d0 .functor AND 1, L_000002ca9c4bea50, L_000002ca9c444360, C4<1>, C4<1>;
L_000002ca9c443e20 .functor AND 1, L_000002ca9c4bd970, L_000002ca9c444360, C4<1>, C4<1>;
L_000002ca9c444440 .functor AND 1, L_000002ca9c4beb90, v000002ca9c4bf450_0, C4<1>, C4<1>;
L_000002ca9c4440c0 .functor AND 1, L_000002ca9c4bd790, v000002ca9c4bf450_0, C4<1>, C4<1>;
L_000002ca9c443a30 .functor AND 1, L_000002ca9c4bf090, v000002ca9c4bf450_0, C4<1>, C4<1>;
L_000002ca9c444670 .functor AND 1, L_000002ca9c4bd6f0, v000002ca9c4bf450_0, C4<1>, C4<1>;
v000002ca9c45e100_0 .net *"_ivl_0", 0 0, L_000002ca9c443d40;  1 drivers
v000002ca9c45e1a0_0 .net *"_ivl_11", 0 0, L_000002ca9c4bea50;  1 drivers
v000002ca9c45f960_0 .net *"_ivl_12", 0 0, L_000002ca9c443e20;  1 drivers
v000002ca9c45e380_0 .net *"_ivl_16", 0 0, L_000002ca9c4bd970;  1 drivers
v000002ca9c45f000_0 .net *"_ivl_17", 0 0, L_000002ca9c444440;  1 drivers
v000002ca9c45f3c0_0 .net *"_ivl_20", 0 0, L_000002ca9c4beb90;  1 drivers
v000002ca9c45fa00_0 .net *"_ivl_21", 0 0, L_000002ca9c4440c0;  1 drivers
v000002ca9c45f8c0_0 .net *"_ivl_24", 0 0, L_000002ca9c4bd790;  1 drivers
v000002ca9c45e240_0 .net *"_ivl_25", 0 0, L_000002ca9c443a30;  1 drivers
v000002ca9c45de80_0 .net *"_ivl_28", 0 0, L_000002ca9c4bf090;  1 drivers
v000002ca9c45e7e0_0 .net *"_ivl_29", 0 0, L_000002ca9c444670;  1 drivers
v000002ca9c45faa0_0 .net *"_ivl_3", 0 0, L_000002ca9c4bf4f0;  1 drivers
v000002ca9c45f1e0_0 .net *"_ivl_33", 0 0, L_000002ca9c4bd6f0;  1 drivers
v000002ca9c45df20_0 .net *"_ivl_4", 0 0, L_000002ca9c444520;  1 drivers
v000002ca9c45dca0_0 .net *"_ivl_7", 0 0, L_000002ca9c4bed70;  1 drivers
v000002ca9c45eba0_0 .net *"_ivl_8", 0 0, L_000002ca9c4443d0;  1 drivers
v000002ca9c45e9c0_0 .net "a", 3 0, L_000002ca9c4beaf0;  alias, 1 drivers
v000002ca9c45f0a0_0 .net "b", 3 0, L_000002ca9c4bda10;  alias, 1 drivers
v000002ca9c45fb40_0 .net "in", 3 0, v000002ca9c4be730_0;  alias, 1 drivers
v000002ca9c45e420_0 .net "nsel", 0 0, L_000002ca9c444360;  1 drivers
v000002ca9c45e6a0_0 .net "sel", 0 0, v000002ca9c4bf450_0;  alias, 1 drivers
L_000002ca9c4bf4f0 .part v000002ca9c4be730_0, 0, 1;
L_000002ca9c4bed70 .part v000002ca9c4be730_0, 1, 1;
L_000002ca9c4bea50 .part v000002ca9c4be730_0, 2, 1;
L_000002ca9c4beaf0 .concat8 [ 1 1 1 1], L_000002ca9c443d40, L_000002ca9c444520, L_000002ca9c4443d0, L_000002ca9c443e20;
L_000002ca9c4bd970 .part v000002ca9c4be730_0, 3, 1;
L_000002ca9c4beb90 .part v000002ca9c4be730_0, 0, 1;
L_000002ca9c4bd790 .part v000002ca9c4be730_0, 1, 1;
L_000002ca9c4bf090 .part v000002ca9c4be730_0, 2, 1;
L_000002ca9c4bda10 .concat8 [ 1 1 1 1], L_000002ca9c444440, L_000002ca9c4440c0, L_000002ca9c443a30, L_000002ca9c444670;
L_000002ca9c4bd6f0 .part v000002ca9c4be730_0, 3, 1;
S_000002ca9c3263b0 .scope module, "d2" "Dmux_1x2_4bit" 3 55, 3 3 0, S_000002ca9c32d800;
 .timescale -9 -12;
    .port_info 0 /INPUT 4 "in";
    .port_info 1 /OUTPUT 4 "a";
    .port_info 2 /OUTPUT 4 "b";
    .port_info 3 /INPUT 1 "sel";
L_000002ca9c444130 .functor NOT 1, L_000002ca9c444590, C4<0>, C4<0>, C4<0>;
L_000002ca9c4441a0 .functor AND 1, L_000002ca9c4bdbf0, L_000002ca9c444130, C4<1>, C4<1>;
L_000002ca9c443f70 .functor AND 1, L_000002ca9c4bec30, L_000002ca9c444130, C4<1>, C4<1>;
L_000002ca9c443aa0 .functor AND 1, L_000002ca9c4becd0, L_000002ca9c444130, C4<1>, C4<1>;
L_000002ca9c443f00 .functor AND 1, L_000002ca9c4bddd0, L_000002ca9c444130, C4<1>, C4<1>;
L_000002ca9c443fe0 .functor AND 1, L_000002ca9c4bef50, L_000002ca9c444590, C4<1>, C4<1>;
L_000002ca9c444050 .functor AND 1, L_000002ca9c4bdb50, L_000002ca9c444590, C4<1>, C4<1>;
L_000002ca9c4c1670 .functor AND 1, L_000002ca9c4bf270, L_000002ca9c444590, C4<1>, C4<1>;
L_000002ca9c4c0d40 .functor AND 1, L_000002ca9c4c2a60, L_000002ca9c444590, C4<1>, C4<1>;
v000002ca9c45f140_0 .net *"_ivl_0", 0 0, L_000002ca9c4441a0;  1 drivers
v000002ca9c45eec0_0 .net *"_ivl_11", 0 0, L_000002ca9c4becd0;  1 drivers
v000002ca9c45e920_0 .net *"_ivl_12", 0 0, L_000002ca9c443f00;  1 drivers
v000002ca9c45f460_0 .net *"_ivl_16", 0 0, L_000002ca9c4bddd0;  1 drivers
v000002ca9c45f6e0_0 .net *"_ivl_17", 0 0, L_000002ca9c443fe0;  1 drivers
v000002ca9c45ea60_0 .net *"_ivl_20", 0 0, L_000002ca9c4bef50;  1 drivers
v000002ca9c45dfc0_0 .net *"_ivl_21", 0 0, L_000002ca9c444050;  1 drivers
v000002ca9c45e4c0_0 .net *"_ivl_24", 0 0, L_000002ca9c4bdb50;  1 drivers
v000002ca9c45dd40_0 .net *"_ivl_25", 0 0, L_000002ca9c4c1670;  1 drivers
v000002ca9c45e560_0 .net *"_ivl_28", 0 0, L_000002ca9c4bf270;  1 drivers
v000002ca9c45e880_0 .net *"_ivl_29", 0 0, L_000002ca9c4c0d40;  1 drivers
v000002ca9c45e600_0 .net *"_ivl_3", 0 0, L_000002ca9c4bdbf0;  1 drivers
v000002ca9c45ec40_0 .net *"_ivl_33", 0 0, L_000002ca9c4c2a60;  1 drivers
v000002ca9c45e740_0 .net *"_ivl_4", 0 0, L_000002ca9c443f70;  1 drivers
v000002ca9c45ece0_0 .net *"_ivl_7", 0 0, L_000002ca9c4bec30;  1 drivers
v000002ca9c45ed80_0 .net *"_ivl_8", 0 0, L_000002ca9c443aa0;  1 drivers
v000002ca9c45f320_0 .net "a", 3 0, L_000002ca9c4bf130;  alias, 1 drivers
v000002ca9c45f280_0 .net "b", 3 0, L_000002ca9c4bdc90;  alias, 1 drivers
v000002ca9c45f780_0 .net "in", 3 0, v000002ca9c4bd650_0;  alias, 1 drivers
v000002ca9c45dde0_0 .net "nsel", 0 0, L_000002ca9c444130;  1 drivers
v000002ca9c45f500_0 .net "sel", 0 0, L_000002ca9c444590;  alias, 1 drivers
L_000002ca9c4bdbf0 .part v000002ca9c4bd650_0, 0, 1;
L_000002ca9c4bec30 .part v000002ca9c4bd650_0, 1, 1;
L_000002ca9c4becd0 .part v000002ca9c4bd650_0, 2, 1;
L_000002ca9c4bf130 .concat8 [ 1 1 1 1], L_000002ca9c4441a0, L_000002ca9c443f70, L_000002ca9c443aa0, L_000002ca9c443f00;
L_000002ca9c4bddd0 .part v000002ca9c4bd650_0, 3, 1;
L_000002ca9c4bef50 .part v000002ca9c4bd650_0, 0, 1;
L_000002ca9c4bdb50 .part v000002ca9c4bd650_0, 1, 1;
L_000002ca9c4bf270 .part v000002ca9c4bd650_0, 2, 1;
L_000002ca9c4bdc90 .concat8 [ 1 1 1 1], L_000002ca9c443fe0, L_000002ca9c444050, L_000002ca9c4c1670, L_000002ca9c4c0d40;
L_000002ca9c4c2a60 .part v000002ca9c4bd650_0, 3, 1;
S_000002ca9c4ba8b0 .scope module, "m1" "Mux_2x1_4bit" 3 57, 3 23 0, S_000002ca9c32d800;
 .timescale -9 -12;
    .port_info 0 /INPUT 4 "a";
    .port_info 1 /INPUT 4 "b";
    .port_info 2 /INPUT 1 "sel";
    .port_info 3 /OUTPUT 4 "f";
L_000002ca9c4c10c0 .functor NOT 1, v000002ca9c4bf450_0, C4<0>, C4<0>, C4<0>;
L_000002ca9c4c16e0 .functor AND 1, L_000002ca9c4c10c0, L_000002ca9c4c2240, C4<1>, C4<1>;
L_000002ca9c4c1360 .functor AND 1, L_000002ca9c4c10c0, L_000002ca9c4c3500, C4<1>, C4<1>;
L_000002ca9c4c14b0 .functor AND 1, L_000002ca9c4c10c0, L_000002ca9c4c2ce0, C4<1>, C4<1>;
L_000002ca9c4c0b80 .functor AND 1, L_000002ca9c4c10c0, L_000002ca9c4c2d80, C4<1>, C4<1>;
L_000002ca9c4c0bf0 .functor AND 1, v000002ca9c4bf450_0, L_000002ca9c4c2920, C4<1>, C4<1>;
L_000002ca9c4c0c60 .functor AND 1, v000002ca9c4bf450_0, L_000002ca9c4c26a0, C4<1>, C4<1>;
L_000002ca9c4c0db0 .functor AND 1, v000002ca9c4bf450_0, L_000002ca9c4c3280, C4<1>, C4<1>;
L_000002ca9c4c0aa0 .functor AND 1, v000002ca9c4bf450_0, L_000002ca9c4c3c80, C4<1>, C4<1>;
L_000002ca9c4c0e20 .functor OR 1, L_000002ca9c4c24c0, L_000002ca9c4c3b40, C4<0>, C4<0>;
L_000002ca9c4c1050 .functor OR 1, L_000002ca9c4c36e0, L_000002ca9c4c3be0, C4<0>, C4<0>;
L_000002ca9c4c1600 .functor OR 1, L_000002ca9c4c1fc0, L_000002ca9c4c2ec0, C4<0>, C4<0>;
L_000002ca9c4c18a0 .functor OR 1, L_000002ca9c4c2060, L_000002ca9c4c3d20, C4<0>, C4<0>;
v000002ca9c45f5a0_0 .net *"_ivl_0", 0 0, L_000002ca9c4c16e0;  1 drivers
v000002ca9c45f640_0 .net *"_ivl_11", 0 0, L_000002ca9c4c2ce0;  1 drivers
v000002ca9c442fb0_0 .net *"_ivl_12", 0 0, L_000002ca9c4c0b80;  1 drivers
v000002ca9c443410_0 .net *"_ivl_16", 0 0, L_000002ca9c4c2d80;  1 drivers
v000002ca9c4bad10_0 .net *"_ivl_17", 0 0, L_000002ca9c4c0bf0;  1 drivers
v000002ca9c4bb3f0_0 .net *"_ivl_20", 0 0, L_000002ca9c4c2920;  1 drivers
v000002ca9c4baef0_0 .net *"_ivl_21", 0 0, L_000002ca9c4c0c60;  1 drivers
v000002ca9c4bc570_0 .net *"_ivl_24", 0 0, L_000002ca9c4c26a0;  1 drivers
v000002ca9c4bbf30_0 .net *"_ivl_25", 0 0, L_000002ca9c4c0db0;  1 drivers
v000002ca9c4bac70_0 .net *"_ivl_28", 0 0, L_000002ca9c4c3280;  1 drivers
v000002ca9c4bb490_0 .net *"_ivl_29", 0 0, L_000002ca9c4c0aa0;  1 drivers
v000002ca9c4bc610_0 .net *"_ivl_3", 0 0, L_000002ca9c4c2240;  1 drivers
v000002ca9c4bb2b0_0 .net *"_ivl_33", 0 0, L_000002ca9c4c3c80;  1 drivers
v000002ca9c4bb710_0 .net *"_ivl_34", 0 0, L_000002ca9c4c0e20;  1 drivers
v000002ca9c4bbcb0_0 .net *"_ivl_37", 0 0, L_000002ca9c4c24c0;  1 drivers
v000002ca9c4bb350_0 .net *"_ivl_39", 0 0, L_000002ca9c4c3b40;  1 drivers
v000002ca9c4bb8f0_0 .net *"_ivl_4", 0 0, L_000002ca9c4c1360;  1 drivers
v000002ca9c4bb670_0 .net *"_ivl_40", 0 0, L_000002ca9c4c1050;  1 drivers
v000002ca9c4bb990_0 .net *"_ivl_43", 0 0, L_000002ca9c4c36e0;  1 drivers
v000002ca9c4bbfd0_0 .net *"_ivl_45", 0 0, L_000002ca9c4c3be0;  1 drivers
v000002ca9c4baf90_0 .net *"_ivl_46", 0 0, L_000002ca9c4c1600;  1 drivers
v000002ca9c4badb0_0 .net *"_ivl_49", 0 0, L_000002ca9c4c1fc0;  1 drivers
v000002ca9c4bb530_0 .net *"_ivl_51", 0 0, L_000002ca9c4c2ec0;  1 drivers
v000002ca9c4babd0_0 .net *"_ivl_52", 0 0, L_000002ca9c4c18a0;  1 drivers
v000002ca9c4bb7b0_0 .net *"_ivl_56", 0 0, L_000002ca9c4c2060;  1 drivers
v000002ca9c4bae50_0 .net *"_ivl_58", 0 0, L_000002ca9c4c3d20;  1 drivers
v000002ca9c4bb5d0_0 .net *"_ivl_7", 0 0, L_000002ca9c4c3500;  1 drivers
v000002ca9c4bc2f0_0 .net *"_ivl_8", 0 0, L_000002ca9c4c14b0;  1 drivers
v000002ca9c4bb030_0 .net "a", 3 0, L_000002ca9c4beaf0;  alias, 1 drivers
v000002ca9c4bb0d0_0 .net "b", 3 0, L_000002ca9c4bf130;  alias, 1 drivers
v000002ca9c4bc110_0 .net "f", 3 0, L_000002ca9c4c2e20;  alias, 1 drivers
v000002ca9c4bb850_0 .net "newa", 3 0, L_000002ca9c4c3640;  1 drivers
v000002ca9c4bc930_0 .net "newb", 3 0, L_000002ca9c4c29c0;  1 drivers
v000002ca9c4bc1b0_0 .net "not_sel", 0 0, L_000002ca9c4c10c0;  1 drivers
v000002ca9c4bba30_0 .net "sel", 0 0, v000002ca9c4bf450_0;  alias, 1 drivers
L_000002ca9c4c2240 .part L_000002ca9c4beaf0, 0, 1;
L_000002ca9c4c3500 .part L_000002ca9c4beaf0, 1, 1;
L_000002ca9c4c2ce0 .part L_000002ca9c4beaf0, 2, 1;
L_000002ca9c4c3640 .concat8 [ 1 1 1 1], L_000002ca9c4c16e0, L_000002ca9c4c1360, L_000002ca9c4c14b0, L_000002ca9c4c0b80;
L_000002ca9c4c2d80 .part L_000002ca9c4beaf0, 3, 1;
L_000002ca9c4c2920 .part L_000002ca9c4bf130, 0, 1;
L_000002ca9c4c26a0 .part L_000002ca9c4bf130, 1, 1;
L_000002ca9c4c3280 .part L_000002ca9c4bf130, 2, 1;
L_000002ca9c4c29c0 .concat8 [ 1 1 1 1], L_000002ca9c4c0bf0, L_000002ca9c4c0c60, L_000002ca9c4c0db0, L_000002ca9c4c0aa0;
L_000002ca9c4c3c80 .part L_000002ca9c4bf130, 3, 1;
L_000002ca9c4c24c0 .part L_000002ca9c4c3640, 0, 1;
L_000002ca9c4c3b40 .part L_000002ca9c4c29c0, 0, 1;
L_000002ca9c4c36e0 .part L_000002ca9c4c3640, 1, 1;
L_000002ca9c4c3be0 .part L_000002ca9c4c29c0, 1, 1;
L_000002ca9c4c1fc0 .part L_000002ca9c4c3640, 2, 1;
L_000002ca9c4c2ec0 .part L_000002ca9c4c29c0, 2, 1;
L_000002ca9c4c2e20 .concat8 [ 1 1 1 1], L_000002ca9c4c0e20, L_000002ca9c4c1050, L_000002ca9c4c1600, L_000002ca9c4c18a0;
L_000002ca9c4c2060 .part L_000002ca9c4c3640, 3, 1;
L_000002ca9c4c3d20 .part L_000002ca9c4c29c0, 3, 1;
S_000002ca9c4bcc60 .scope module, "m2" "Mux_2x1_4bit" 3 58, 3 23 0, S_000002ca9c32d800;
 .timescale -9 -12;
    .port_info 0 /INPUT 4 "a";
    .port_info 1 /INPUT 4 "b";
    .port_info 2 /INPUT 1 "sel";
    .port_info 3 /OUTPUT 4 "f";
L_000002ca9c4c13d0 .functor NOT 1, L_000002ca9c444590, C4<0>, C4<0>, C4<0>;
L_000002ca9c4c0e90 .functor AND 1, L_000002ca9c4c13d0, L_000002ca9c4c3320, C4<1>, C4<1>;
L_000002ca9c4c1130 .functor AND 1, L_000002ca9c4c13d0, L_000002ca9c4c3dc0, C4<1>, C4<1>;
L_000002ca9c4c1520 .functor AND 1, L_000002ca9c4c13d0, L_000002ca9c4c22e0, C4<1>, C4<1>;
L_000002ca9c4c0f00 .functor AND 1, L_000002ca9c4c13d0, L_000002ca9c4c3780, C4<1>, C4<1>;
L_000002ca9c4c0cd0 .functor AND 1, L_000002ca9c444590, L_000002ca9c4c2f60, C4<1>, C4<1>;
L_000002ca9c4c0fe0 .functor AND 1, L_000002ca9c444590, L_000002ca9c4c3000, C4<1>, C4<1>;
L_000002ca9c4c11a0 .functor AND 1, L_000002ca9c444590, L_000002ca9c4c30a0, C4<1>, C4<1>;
L_000002ca9c4c1210 .functor AND 1, L_000002ca9c444590, L_000002ca9c4c3140, C4<1>, C4<1>;
L_000002ca9c4c1280 .functor OR 1, L_000002ca9c4c3960, L_000002ca9c4c31e0, C4<0>, C4<0>;
L_000002ca9c4c12f0 .functor OR 1, L_000002ca9c4c3460, L_000002ca9c4c33c0, C4<0>, C4<0>;
L_000002ca9c4c1440 .functor OR 1, L_000002ca9c4c3a00, L_000002ca9c4c35a0, C4<0>, C4<0>;
L_000002ca9c4c1590 .functor OR 1, L_000002ca9c4c3e60, L_000002ca9c4c2100, C4<0>, C4<0>;
v000002ca9c4bbc10_0 .net *"_ivl_0", 0 0, L_000002ca9c4c0e90;  1 drivers
v000002ca9c4bbad0_0 .net *"_ivl_11", 0 0, L_000002ca9c4c22e0;  1 drivers
v000002ca9c4bc250_0 .net *"_ivl_12", 0 0, L_000002ca9c4c0f00;  1 drivers
v000002ca9c4bb170_0 .net *"_ivl_16", 0 0, L_000002ca9c4c3780;  1 drivers
v000002ca9c4bc390_0 .net *"_ivl_17", 0 0, L_000002ca9c4c0cd0;  1 drivers
v000002ca9c4bc430_0 .net *"_ivl_20", 0 0, L_000002ca9c4c2f60;  1 drivers
v000002ca9c4bb210_0 .net *"_ivl_21", 0 0, L_000002ca9c4c0fe0;  1 drivers
v000002ca9c4bbb70_0 .net *"_ivl_24", 0 0, L_000002ca9c4c3000;  1 drivers
v000002ca9c4bc750_0 .net *"_ivl_25", 0 0, L_000002ca9c4c11a0;  1 drivers
v000002ca9c4bc6b0_0 .net *"_ivl_28", 0 0, L_000002ca9c4c30a0;  1 drivers
v000002ca9c4bbd50_0 .net *"_ivl_29", 0 0, L_000002ca9c4c1210;  1 drivers
v000002ca9c4bc7f0_0 .net *"_ivl_3", 0 0, L_000002ca9c4c3320;  1 drivers
v000002ca9c4bc070_0 .net *"_ivl_33", 0 0, L_000002ca9c4c3140;  1 drivers
v000002ca9c4bc4d0_0 .net *"_ivl_34", 0 0, L_000002ca9c4c1280;  1 drivers
v000002ca9c4bbdf0_0 .net *"_ivl_37", 0 0, L_000002ca9c4c3960;  1 drivers
v000002ca9c4bbe90_0 .net *"_ivl_39", 0 0, L_000002ca9c4c31e0;  1 drivers
v000002ca9c4bc890_0 .net *"_ivl_4", 0 0, L_000002ca9c4c1130;  1 drivers
v000002ca9c4baa90_0 .net *"_ivl_40", 0 0, L_000002ca9c4c12f0;  1 drivers
v000002ca9c4bab30_0 .net *"_ivl_43", 0 0, L_000002ca9c4c3460;  1 drivers
v000002ca9c4beeb0_0 .net *"_ivl_45", 0 0, L_000002ca9c4c33c0;  1 drivers
v000002ca9c4be690_0 .net *"_ivl_46", 0 0, L_000002ca9c4c1440;  1 drivers
v000002ca9c4bf3b0_0 .net *"_ivl_49", 0 0, L_000002ca9c4c3a00;  1 drivers
v000002ca9c4bf310_0 .net *"_ivl_51", 0 0, L_000002ca9c4c35a0;  1 drivers
v000002ca9c4be050_0 .net *"_ivl_52", 0 0, L_000002ca9c4c1590;  1 drivers
v000002ca9c4bd830_0 .net *"_ivl_56", 0 0, L_000002ca9c4c3e60;  1 drivers
v000002ca9c4bdfb0_0 .net *"_ivl_58", 0 0, L_000002ca9c4c2100;  1 drivers
v000002ca9c4bf1d0_0 .net *"_ivl_7", 0 0, L_000002ca9c4c3dc0;  1 drivers
v000002ca9c4bde70_0 .net *"_ivl_8", 0 0, L_000002ca9c4c1520;  1 drivers
v000002ca9c4be2d0_0 .net "a", 3 0, L_000002ca9c4bda10;  alias, 1 drivers
v000002ca9c4be870_0 .net "b", 3 0, L_000002ca9c4bdc90;  alias, 1 drivers
v000002ca9c4bdf10_0 .net "f", 3 0, L_000002ca9c4c2560;  alias, 1 drivers
v000002ca9c4be4b0_0 .net "newa", 3 0, L_000002ca9c4c2880;  1 drivers
v000002ca9c4be230_0 .net "newb", 3 0, L_000002ca9c4c3820;  1 drivers
v000002ca9c4be550_0 .net "not_sel", 0 0, L_000002ca9c4c13d0;  1 drivers
v000002ca9c4be370_0 .net "sel", 0 0, L_000002ca9c444590;  alias, 1 drivers
L_000002ca9c4c3320 .part L_000002ca9c4bda10, 0, 1;
L_000002ca9c4c3dc0 .part L_000002ca9c4bda10, 1, 1;
L_000002ca9c4c22e0 .part L_000002ca9c4bda10, 2, 1;
L_000002ca9c4c2880 .concat8 [ 1 1 1 1], L_000002ca9c4c0e90, L_000002ca9c4c1130, L_000002ca9c4c1520, L_000002ca9c4c0f00;
L_000002ca9c4c3780 .part L_000002ca9c4bda10, 3, 1;
L_000002ca9c4c2f60 .part L_000002ca9c4bdc90, 0, 1;
L_000002ca9c4c3000 .part L_000002ca9c4bdc90, 1, 1;
L_000002ca9c4c30a0 .part L_000002ca9c4bdc90, 2, 1;
L_000002ca9c4c3820 .concat8 [ 1 1 1 1], L_000002ca9c4c0cd0, L_000002ca9c4c0fe0, L_000002ca9c4c11a0, L_000002ca9c4c1210;
L_000002ca9c4c3140 .part L_000002ca9c4bdc90, 3, 1;
L_000002ca9c4c3960 .part L_000002ca9c4c2880, 0, 1;
L_000002ca9c4c31e0 .part L_000002ca9c4c3820, 0, 1;
L_000002ca9c4c3460 .part L_000002ca9c4c2880, 1, 1;
L_000002ca9c4c33c0 .part L_000002ca9c4c3820, 1, 1;
L_000002ca9c4c3a00 .part L_000002ca9c4c2880, 2, 1;
L_000002ca9c4c35a0 .part L_000002ca9c4c3820, 2, 1;
L_000002ca9c4c2560 .concat8 [ 1 1 1 1], L_000002ca9c4c1280, L_000002ca9c4c12f0, L_000002ca9c4c1440, L_000002ca9c4c1590;
L_000002ca9c4c3e60 .part L_000002ca9c4c2880, 3, 1;
L_000002ca9c4c2100 .part L_000002ca9c4c3820, 3, 1;
    .scope S_000002ca9c32d670;
T_0 ;
    %pushi/vec4 4, 0, 4;
    %store/vec4 v000002ca9c4be730_0, 0, 4;
    %pushi/vec4 1, 0, 4;
    %store/vec4 v000002ca9c4bd650_0, 0, 4;
    %pushi/vec4 0, 0, 1;
    %store/vec4 v000002ca9c4bf450_0, 0, 1;
    %end;
    .thread T_0;
    .scope S_000002ca9c32d670;
T_1 ;
    %vpi_call 2 19 "$dumpfile", "Cbar_2x2.vcd" {0 0 0};
    %vpi_call 2 20 "$dumpvars", 32'sb00000000000000000000000000000000, S_000002ca9c32d670 {0 0 0};
    %end;
    .thread T_1;
    .scope S_000002ca9c32d670;
T_2 ;
    %pushi/vec4 4, 0, 32;
T_2.0 %dup/vec4;
    %pushi/vec4 0, 0, 32;
    %cmp/s;
    %jmp/1xz T_2.1, 5;
    %jmp/1 T_2.1, 4;
    %pushi/vec4 1, 0, 32;
    %sub;
    %delay 1000, 0;
    %load/vec4 v000002ca9c4bf450_0;
    %nor/r;
    %store/vec4 v000002ca9c4bf450_0, 0, 1;
    %load/vec4 v000002ca9c4be730_0;
    %addi 1, 0, 4;
    %store/vec4 v000002ca9c4be730_0, 0, 4;
    %load/vec4 v000002ca9c4bd650_0;
    %addi 1, 0, 4;
    %store/vec4 v000002ca9c4bd650_0, 0, 4;
    %jmp T_2.0;
T_2.1 ;
    %pop/vec4 1;
    %delay 1000, 0;
    %vpi_call 2 29 "$finish" {0 0 0};
    %end;
    .thread T_2;
# The file index is used to find the file name in the following table.
:file_names 4;
    "N/A";
    "<interactive>";
    "Lab1_111062109_Crossbar_2x2_4bit_t.v";
    "./Lab1_111062109_Crossbar_2x2_4bit.v";
