#! /opt/local/bin/vvp
:ivl_version "11.0 (stable)" "(v11_0)";
:ivl_delay_selection "TYPICAL";
:vpi_time_precision - 12;
:vpi_module "/opt/local/lib/ivl/system.vpi";
:vpi_module "/opt/local/lib/ivl/vhdl_sys.vpi";
:vpi_module "/opt/local/lib/ivl/vhdl_textio.vpi";
:vpi_module "/opt/local/lib/ivl/v2005_math.vpi";
:vpi_module "/opt/local/lib/ivl/va_math.vpi";
S_0x14c704170 .scope module, "Parameterized_Ping_Pong_Counter_FPGA" "Parameterized_Ping_Pong_Counter_FPGA" 2 98;
 .timescale -9 -12;
    .port_info 0 /INPUT 1 "clk";
    .port_info 1 /INPUT 1 "rst_n";
    .port_info 2 /INPUT 1 "enable";
    .port_info 3 /INPUT 1 "flip";
    .port_info 4 /INPUT 4 "max";
    .port_info 5 /INPUT 4 "min";
    .port_info 6 /OUTPUT 4 "AN";
    .port_info 7 /OUTPUT 7 "segs";
v0x14c716a60_0 .net "AN", 3 0, v0x14c7165b0_0;  1 drivers
o0x140008010 .functor BUFZ 1, C4<z>; HiZ drive
v0x14c716b10_0 .net "clk", 0 0, o0x140008010;  0 drivers
v0x14c716ba0_0 .net "clk_s", 0 0, v0x14c714730_0;  1 drivers
v0x14c716c50_0 .var "direction", 0 0;
o0x140008880 .functor BUFZ 1, C4<z>; HiZ drive
v0x14c716d00_0 .net "enable", 0 0, o0x140008880;  0 drivers
o0x1400083a0 .functor BUFZ 1, C4<z>; HiZ drive
v0x14c716dd0_0 .net "flip", 0 0, o0x1400083a0;  0 drivers
v0x14c716e60_0 .net "flip_debounced", 0 0, L_0x14c717a30;  1 drivers
v0x14c716f30_0 .net "flip_enable", 0 0, v0x14c7161a0_0;  1 drivers
o0x1400088b0 .functor BUFZ 4, C4<zzzz>; HiZ drive
v0x14c716fc0_0 .net "max", 3 0, o0x1400088b0;  0 drivers
o0x1400088e0 .functor BUFZ 4, C4<zzzz>; HiZ drive
v0x14c7170d0_0 .net "min", 3 0, o0x1400088e0;  0 drivers
v0x14c717160_0 .var "out", 3 0;
v0x14c717210_0 .net "rst_debounced", 0 0, L_0x14c717510;  1 drivers
v0x14c7172a0_0 .net "rst_enable", 0 0, v0x14c715c10_0;  1 drivers
o0x1400081c0 .functor BUFZ 1, C4<z>; HiZ drive
v0x14c717330_0 .net "rst_n", 0 0, o0x1400081c0;  0 drivers
v0x14c7173e0_0 .net "segs", 6 0, v0x14c716930_0;  1 drivers
E_0x14c7043f0 .event posedge, v0x14c714730_0;
S_0x14c704420 .scope module, "cd" "clock_divider" 2 115, 2 3 0, S_0x14c704170;
 .timescale -9 -12;
    .port_info 0 /INPUT 1 "clk";
    .port_info 1 /OUTPUT 1 "clk_out";
v0x14c704680_0 .net "clk", 0 0, o0x140008010;  alias, 0 drivers
v0x14c714730_0 .var "clk_out", 0 0;
v0x14c7147d0_0 .var "counter", 26 0;
E_0x14c704630 .event posedge, v0x14c704680_0;
S_0x14c7148a0 .scope module, "db" "debounce" 2 116, 2 22 0, S_0x14c704170;
 .timescale -9 -12;
    .port_info 0 /INPUT 1 "clk";
    .port_info 1 /INPUT 1 "button";
    .port_info 2 /OUTPUT 1 "button_debounced";
L_0x14c717510 .functor AND 1, L_0x14c7175f0, L_0x14c7176d0, L_0x14c7177f0, L_0x14c7178d0;
v0x14c714ad0_0 .net *"_ivl_1", 0 0, L_0x14c7175f0;  1 drivers
v0x14c714b80_0 .net *"_ivl_3", 0 0, L_0x14c7176d0;  1 drivers
v0x14c714c30_0 .net *"_ivl_5", 0 0, L_0x14c7177f0;  1 drivers
v0x14c714cf0_0 .net *"_ivl_7", 0 0, L_0x14c7178d0;  1 drivers
v0x14c714da0_0 .net "button", 0 0, o0x1400081c0;  alias, 0 drivers
v0x14c714e80_0 .net "button_debounced", 0 0, L_0x14c717510;  alias, 1 drivers
v0x14c714f20_0 .net "clk", 0 0, o0x140008010;  alias, 0 drivers
v0x14c714fb0_0 .var "counter", 3 0;
L_0x14c7175f0 .part v0x14c714fb0_0, 0, 1;
L_0x14c7176d0 .part v0x14c714fb0_0, 1, 1;
L_0x14c7177f0 .part v0x14c714fb0_0, 2, 1;
L_0x14c7178d0 .part v0x14c714fb0_0, 3, 1;
S_0x14c7150a0 .scope module, "db2" "debounce" 2 117, 2 22 0, S_0x14c704170;
 .timescale -9 -12;
    .port_info 0 /INPUT 1 "clk";
    .port_info 1 /INPUT 1 "button";
    .port_info 2 /OUTPUT 1 "button_debounced";
L_0x14c717a30 .functor AND 1, L_0x14c717ac0, L_0x14c717ba0, L_0x14c717cc0, L_0x14c717da0;
v0x14c7152d0_0 .net *"_ivl_1", 0 0, L_0x14c717ac0;  1 drivers
v0x14c715380_0 .net *"_ivl_3", 0 0, L_0x14c717ba0;  1 drivers
v0x14c715430_0 .net *"_ivl_5", 0 0, L_0x14c717cc0;  1 drivers
v0x14c7154f0_0 .net *"_ivl_7", 0 0, L_0x14c717da0;  1 drivers
v0x14c7155a0_0 .net "button", 0 0, o0x1400083a0;  alias, 0 drivers
v0x14c715680_0 .net "button_debounced", 0 0, L_0x14c717a30;  alias, 1 drivers
v0x14c715720_0 .net "clk", 0 0, o0x140008010;  alias, 0 drivers
v0x14c7157f0_0 .var "counter", 3 0;
L_0x14c717ac0 .part v0x14c7157f0_0, 0, 1;
L_0x14c717ba0 .part v0x14c7157f0_0, 1, 1;
L_0x14c717cc0 .part v0x14c7157f0_0, 2, 1;
L_0x14c717da0 .part v0x14c7157f0_0, 3, 1;
S_0x14c7158b0 .scope module, "op" "one_pulse" 2 118, 2 35 0, S_0x14c704170;
 .timescale -9 -12;
    .port_info 0 /INPUT 1 "clk";
    .port_info 1 /INPUT 1 "signal";
    .port_info 2 /OUTPUT 1 "pulse";
v0x14c715ac0_0 .var "A", 0 0;
v0x14c715b70_0 .net "clk", 0 0, o0x140008010;  alias, 0 drivers
v0x14c715c10_0 .var "pulse", 0 0;
v0x14c715cc0_0 .net "signal", 0 0, L_0x14c717510;  alias, 1 drivers
S_0x14c715da0 .scope module, "op2" "one_pulse" 2 119, 2 35 0, S_0x14c704170;
 .timescale -9 -12;
    .port_info 0 /INPUT 1 "clk";
    .port_info 1 /INPUT 1 "signal";
    .port_info 2 /OUTPUT 1 "pulse";
v0x14c715ff0_0 .var "A", 0 0;
v0x14c716080_0 .net "clk", 0 0, o0x140008010;  alias, 0 drivers
v0x14c7161a0_0 .var "pulse", 0 0;
v0x14c716250_0 .net "signal", 0 0, L_0x14c717a30;  alias, 1 drivers
S_0x14c7162f0 .scope module, "ss" "seven_segment" 2 120, 2 48 0, S_0x14c704170;
 .timescale -9 -12;
    .port_info 0 /INPUT 1 "clk";
    .port_info 1 /INPUT 4 "num";
    .port_info 2 /INPUT 1 "direction";
    .port_info 3 /OUTPUT 4 "AN";
    .port_info 4 /OUTPUT 7 "out";
v0x14c7165b0_0 .var "AN", 3 0;
v0x14c716670_0 .net "clk", 0 0, o0x140008010;  alias, 0 drivers
v0x14c716710_0 .var "counter", 3 0;
v0x14c7167a0_0 .net "direction", 0 0, v0x14c716c50_0;  1 drivers
v0x14c716840_0 .net "num", 3 0, v0x14c717160_0;  1 drivers
v0x14c716930_0 .var "out", 6 0;
E_0x14c716560 .event edge, v0x14c7167a0_0, v0x14c716840_0;
    .scope S_0x14c704420;
T_0 ;
    %pushi/vec4 0, 0, 27;
    %store/vec4 v0x14c7147d0_0, 0, 27;
    %end;
    .thread T_0;
    .scope S_0x14c704420;
T_1 ;
    %wait E_0x14c704630;
    %load/vec4 v0x14c7147d0_0;
    %pad/u 32;
    %cmpi/e 99999999, 0, 32;
    %jmp/0xz  T_1.0, 4;
    %pushi/vec4 0, 0, 27;
    %assign/vec4 v0x14c7147d0_0, 0;
    %pushi/vec4 1, 0, 1;
    %assign/vec4 v0x14c714730_0, 0;
    %jmp T_1.1;
T_1.0 ;
    %load/vec4 v0x14c7147d0_0;
    %addi 1, 0, 27;
    %assign/vec4 v0x14c7147d0_0, 0;
    %pushi/vec4 0, 0, 1;
    %assign/vec4 v0x14c714730_0, 0;
T_1.1 ;
    %jmp T_1;
    .thread T_1;
    .scope S_0x14c7148a0;
T_2 ;
    %wait E_0x14c704630;
    ; show_stmt_assign_vector: Get l-value for compressed l= operand
    %load/vec4 v0x14c714fb0_0;
    %pushi/vec4 1, 0, 4;
    %ix/vec4 4;
    %shiftl 4;
    %store/vec4 v0x14c714fb0_0, 0, 4;
    %load/vec4 v0x14c714da0_0;
    %ix/load 4, 0, 0;
    %ix/load 5, 0, 0;
    %flag_set/imm 4, 0;
    %assign/vec4/off/d v0x14c714fb0_0, 4, 5;
    %jmp T_2;
    .thread T_2;
    .scope S_0x14c7150a0;
T_3 ;
    %wait E_0x14c704630;
    ; show_stmt_assign_vector: Get l-value for compressed l= operand
    %load/vec4 v0x14c7157f0_0;
    %pushi/vec4 1, 0, 4;
    %ix/vec4 4;
    %shiftl 4;
    %store/vec4 v0x14c7157f0_0, 0, 4;
    %load/vec4 v0x14c7155a0_0;
    %ix/load 4, 0, 0;
    %ix/load 5, 0, 0;
    %flag_set/imm 4, 0;
    %assign/vec4/off/d v0x14c7157f0_0, 4, 5;
    %jmp T_3;
    .thread T_3;
    .scope S_0x14c7158b0;
T_4 ;
    %wait E_0x14c704630;
    %load/vec4 v0x14c715cc0_0;
    %assign/vec4 v0x14c715ac0_0, 0;
    %load/vec4 v0x14c715cc0_0;
    %load/vec4 v0x14c715ac0_0;
    %inv;
    %and;
    %assign/vec4 v0x14c715c10_0, 0;
    %jmp T_4;
    .thread T_4;
    .scope S_0x14c715da0;
T_5 ;
    %wait E_0x14c704630;
    %load/vec4 v0x14c716250_0;
    %assign/vec4 v0x14c715ff0_0, 0;
    %load/vec4 v0x14c716250_0;
    %load/vec4 v0x14c715ff0_0;
    %inv;
    %and;
    %assign/vec4 v0x14c7161a0_0, 0;
    %jmp T_5;
    .thread T_5;
    .scope S_0x14c7162f0;
T_6 ;
    %wait E_0x14c716560;
    %pushi/vec4 1, 0, 4;
    %store/vec4 v0x14c716710_0, 0, 4;
    %jmp T_6;
    .thread T_6, $push;
    .scope S_0x14c7162f0;
T_7 ;
    %wait E_0x14c704630;
    ; show_stmt_assign_vector: Get l-value for compressed l= operand
    %load/vec4 v0x14c716710_0;
    %pushi/vec4 1, 0, 4;
    %ix/vec4 4;
    %shiftl 4;
    %store/vec4 v0x14c716710_0, 0, 4;
    %load/vec4 v0x14c716710_0;
    %inv;
    %assign/vec4 v0x14c7165b0_0, 0;
    %load/vec4 v0x14c716710_0;
    %parti/s 1, 0, 2;
    %flag_set/vec4 8;
    %load/vec4 v0x14c716710_0;
    %parti/s 1, 1, 2;
    %flag_set/vec4 9;
    %flag_or 9, 8;
    %jmp/0xz  T_7.0, 9;
    %load/vec4 v0x14c7167a0_0;
    %flag_set/vec4 8;
    %jmp/0xz  T_7.2, 8;
    %pushi/vec4 99, 0, 7;
    %assign/vec4 v0x14c716930_0, 0;
    %jmp T_7.3;
T_7.2 ;
    %pushi/vec4 88, 0, 7;
    %assign/vec4 v0x14c716930_0, 0;
T_7.3 ;
    %jmp T_7.1;
T_7.0 ;
    %load/vec4 v0x14c716710_0;
    %parti/s 1, 2, 3;
    %flag_set/vec4 8;
    %jmp/0xz  T_7.4, 8;
    %load/vec4 v0x14c716840_0;
    %pad/u 5;
    %dup/vec4;
    %pushi/vec4 0, 0, 5;
    %cmp/u;
    %jmp/1 T_7.6, 6;
    %dup/vec4;
    %pushi/vec4 1, 0, 5;
    %cmp/u;
    %jmp/1 T_7.7, 6;
    %dup/vec4;
    %pushi/vec4 2, 0, 5;
    %cmp/u;
    %jmp/1 T_7.8, 6;
    %dup/vec4;
    %pushi/vec4 3, 0, 5;
    %cmp/u;
    %jmp/1 T_7.9, 6;
    %dup/vec4;
    %pushi/vec4 4, 0, 5;
    %cmp/u;
    %jmp/1 T_7.10, 6;
    %dup/vec4;
    %pushi/vec4 5, 0, 5;
    %cmp/u;
    %jmp/1 T_7.11, 6;
    %dup/vec4;
    %pushi/vec4 6, 0, 5;
    %cmp/u;
    %jmp/1 T_7.12, 6;
    %dup/vec4;
    %pushi/vec4 7, 0, 5;
    %cmp/u;
    %jmp/1 T_7.13, 6;
    %dup/vec4;
    %pushi/vec4 8, 0, 5;
    %cmp/u;
    %jmp/1 T_7.14, 6;
    %dup/vec4;
    %pushi/vec4 9, 0, 5;
    %cmp/u;
    %jmp/1 T_7.15, 6;
    %dup/vec4;
    %pushi/vec4 10, 0, 5;
    %cmp/u;
    %jmp/1 T_7.16, 6;
    %dup/vec4;
    %pushi/vec4 11, 0, 5;
    %cmp/u;
    %jmp/1 T_7.17, 6;
    %dup/vec4;
    %pushi/vec4 12, 0, 5;
    %cmp/u;
    %jmp/1 T_7.18, 6;
    %dup/vec4;
    %pushi/vec4 13, 0, 5;
    %cmp/u;
    %jmp/1 T_7.19, 6;
    %dup/vec4;
    %pushi/vec4 14, 0, 5;
    %cmp/u;
    %jmp/1 T_7.20, 6;
    %dup/vec4;
    %pushi/vec4 15, 0, 5;
    %cmp/u;
    %jmp/1 T_7.21, 6;
    %dup/vec4;
    %pushi/vec4 16, 0, 5;
    %cmp/u;
    %jmp/1 T_7.22, 6;
    %jmp T_7.23;
T_7.6 ;
    %pushi/vec4 64, 0, 7;
    %assign/vec4 v0x14c716930_0, 0;
    %jmp T_7.23;
T_7.7 ;
    %pushi/vec4 121, 0, 7;
    %assign/vec4 v0x14c716930_0, 0;
    %jmp T_7.23;
T_7.8 ;
    %pushi/vec4 36, 0, 7;
    %assign/vec4 v0x14c716930_0, 0;
    %jmp T_7.23;
T_7.9 ;
    %pushi/vec4 48, 0, 7;
    %assign/vec4 v0x14c716930_0, 0;
    %jmp T_7.23;
T_7.10 ;
    %pushi/vec4 25, 0, 7;
    %assign/vec4 v0x14c716930_0, 0;
    %jmp T_7.23;
T_7.11 ;
    %pushi/vec4 18, 0, 7;
    %assign/vec4 v0x14c716930_0, 0;
    %jmp T_7.23;
T_7.12 ;
    %pushi/vec4 2, 0, 7;
    %assign/vec4 v0x14c716930_0, 0;
    %jmp T_7.23;
T_7.13 ;
    %pushi/vec4 120, 0, 7;
    %assign/vec4 v0x14c716930_0, 0;
    %jmp T_7.23;
T_7.14 ;
    %pushi/vec4 0, 0, 7;
    %assign/vec4 v0x14c716930_0, 0;
    %jmp T_7.23;
T_7.15 ;
    %pushi/vec4 16, 0, 7;
    %assign/vec4 v0x14c716930_0, 0;
    %jmp T_7.23;
T_7.16 ;
    %pushi/vec4 64, 0, 7;
    %assign/vec4 v0x14c716930_0, 0;
    %jmp T_7.23;
T_7.17 ;
    %pushi/vec4 121, 0, 7;
    %assign/vec4 v0x14c716930_0, 0;
    %jmp T_7.23;
T_7.18 ;
    %pushi/vec4 36, 0, 7;
    %assign/vec4 v0x14c716930_0, 0;
    %jmp T_7.23;
T_7.19 ;
    %pushi/vec4 48, 0, 7;
    %assign/vec4 v0x14c716930_0, 0;
    %jmp T_7.23;
T_7.20 ;
    %pushi/vec4 25, 0, 7;
    %assign/vec4 v0x14c716930_0, 0;
    %jmp T_7.23;
T_7.21 ;
    %pushi/vec4 18, 0, 7;
    %assign/vec4 v0x14c716930_0, 0;
    %jmp T_7.23;
T_7.22 ;
    %pushi/vec4 2, 0, 7;
    %assign/vec4 v0x14c716930_0, 0;
    %jmp T_7.23;
T_7.23 ;
    %pop/vec4 1;
    %jmp T_7.5;
T_7.4 ;
    %load/vec4 v0x14c716710_0;
    %parti/s 1, 3, 3;
    %flag_set/vec4 8;
    %jmp/0xz  T_7.24, 8;
    %load/vec4 v0x14c716840_0;
    %pad/u 32;
    %cmpi/u 9, 0, 32;
    %flag_or 5, 4; GT is !LE
    %flag_inv 5;
    %jmp/0xz  T_7.26, 5;
    %pushi/vec4 121, 0, 7;
    %assign/vec4 v0x14c716930_0, 0;
    %jmp T_7.27;
T_7.26 ;
    %pushi/vec4 127, 0, 7;
    %assign/vec4 v0x14c716930_0, 0;
T_7.27 ;
T_7.24 ;
T_7.5 ;
T_7.1 ;
    %jmp T_7;
    .thread T_7;
    .scope S_0x14c704170;
T_8 ;
    %wait E_0x14c7043f0;
    %load/vec4 v0x14c717210_0;
    %nor/r;
    %flag_set/vec4 8;
    %jmp/0xz  T_8.0, 8;
    %load/vec4 v0x14c7170d0_0;
    %assign/vec4 v0x14c717160_0, 0;
    %pushi/vec4 1, 0, 1;
    %assign/vec4 v0x14c716c50_0, 0;
    %jmp T_8.1;
T_8.0 ;
    %load/vec4 v0x14c716d00_0;
    %flag_set/vec4 8;
    %jmp/0xz  T_8.2, 8;
    %load/vec4 v0x14c716fc0_0;
    %load/vec4 v0x14c717160_0;
    %cmp/u;
    %flag_mov 8, 5;
    %load/vec4 v0x14c717160_0;
    %load/vec4 v0x14c7170d0_0;
    %cmp/u;
    %flag_or 5, 8;
    %flag_mov 8, 5;
    %load/vec4 v0x14c717160_0;
    %load/vec4 v0x14c716fc0_0;
    %cmp/e;
    %flag_get/vec4 4;
    %load/vec4 v0x14c717160_0;
    %load/vec4 v0x14c7170d0_0;
    %cmp/e;
    %flag_get/vec4 4;
    %and;
    %flag_set/vec4 9;
    %flag_or 9, 8;
    %jmp/0xz  T_8.4, 9;
    %load/vec4 v0x14c717160_0;
    %assign/vec4 v0x14c717160_0, 0;
    %jmp T_8.5;
T_8.4 ;
    %load/vec4 v0x14c716e60_0;
    %flag_set/vec4 8;
    %jmp/0xz  T_8.6, 8;
    %load/vec4 v0x14c716c50_0;
    %flag_set/vec4 8;
    %jmp/0 T_8.8, 8;
    %load/vec4 v0x14c717160_0;
    %subi 1, 0, 4;
    %jmp/1 T_8.9, 8;
T_8.8 ; End of true expr.
    %load/vec4 v0x14c717160_0;
    %addi 1, 0, 4;
    %jmp/0 T_8.9, 8;
 ; End of false expr.
    %blend;
T_8.9;
    %assign/vec4 v0x14c717160_0, 0;
    %load/vec4 v0x14c716c50_0;
    %inv;
    %assign/vec4 v0x14c716c50_0, 0;
    %jmp T_8.7;
T_8.6 ;
    %load/vec4 v0x14c717160_0;
    %load/vec4 v0x14c716fc0_0;
    %cmp/e;
    %jmp/0xz  T_8.10, 4;
    %load/vec4 v0x14c717160_0;
    %subi 1, 0, 4;
    %assign/vec4 v0x14c717160_0, 0;
    %pushi/vec4 0, 0, 1;
    %assign/vec4 v0x14c716c50_0, 0;
    %jmp T_8.11;
T_8.10 ;
    %load/vec4 v0x14c717160_0;
    %load/vec4 v0x14c7170d0_0;
    %cmp/e;
    %jmp/0xz  T_8.12, 4;
    %load/vec4 v0x14c717160_0;
    %addi 1, 0, 4;
    %assign/vec4 v0x14c717160_0, 0;
    %pushi/vec4 1, 0, 1;
    %assign/vec4 v0x14c716c50_0, 0;
    %jmp T_8.13;
T_8.12 ;
    %load/vec4 v0x14c716c50_0;
    %flag_set/vec4 8;
    %jmp/0 T_8.14, 8;
    %load/vec4 v0x14c717160_0;
    %addi 1, 0, 4;
    %jmp/1 T_8.15, 8;
T_8.14 ; End of true expr.
    %load/vec4 v0x14c717160_0;
    %subi 1, 0, 4;
    %jmp/0 T_8.15, 8;
 ; End of false expr.
    %blend;
T_8.15;
    %assign/vec4 v0x14c717160_0, 0;
T_8.13 ;
T_8.11 ;
T_8.7 ;
T_8.5 ;
T_8.2 ;
T_8.1 ;
    %jmp T_8;
    .thread T_8;
# The file index is used to find the file name in the following table.
:file_names 3;
    "N/A";
    "<interactive>";
    "Lab3_111062109_Parameterized_Ping_Pong_Counter_fpga.v";
