#! /opt/local/bin/vvp
:ivl_version "11.0 (stable)" "(v11_0)";
:ivl_delay_selection "TYPICAL";
:vpi_time_precision - 12;
:vpi_module "/opt/local/lib/ivl/system.vpi";
:vpi_module "/opt/local/lib/ivl/vhdl_sys.vpi";
:vpi_module "/opt/local/lib/ivl/vhdl_textio.vpi";
:vpi_module "/opt/local/lib/ivl/v2005_math.vpi";
:vpi_module "/opt/local/lib/ivl/va_math.vpi";
S_0x133708e10 .scope module, "Parameterized_Ping_Pong_Counter_t" "Parameterized_Ping_Pong_Counter_t" 2 4;
 .timescale -9 -12;
v0x13373d050_0 .net "AN", 3 0, v0x13373c0b0_0;  1 drivers
v0x13373d100_0 .var "clk", 0 0;
v0x13373d1a0_0 .var "enable", 0 0;
v0x13373d250_0 .var "flip", 0 0;
v0x13373d320_0 .var "max", 3 0;
v0x13373d3f0_0 .var "min", 3 0;
v0x13373d480_0 .var "rst_n", 0 0;
v0x13373d550_0 .net "segs", 6 0, v0x13373c480_0;  1 drivers
S_0x133707d20 .scope module, "uut" "Parameterized_Ping_Pong_Counter_FPGA" 2 14, 3 98 0, S_0x133708e10;
 .timescale -9 -12;
    .port_info 0 /INPUT 1 "clk";
    .port_info 1 /INPUT 1 "rst_n";
    .port_info 2 /INPUT 1 "enable";
    .port_info 3 /INPUT 1 "flip";
    .port_info 4 /INPUT 4 "max";
    .port_info 5 /INPUT 4 "min";
    .port_info 6 /OUTPUT 4 "AN";
    .port_info 7 /OUTPUT 7 "segs";
L_0x13373d850 .functor BUFZ 1, v0x13373d100_0, C4<0>, C4<0>, C4<0>;
v0x13373c5a0_0 .net "AN", 3 0, v0x13373c0b0_0;  alias, 1 drivers
v0x13373c650_0 .net "clk", 0 0, v0x13373d100_0;  1 drivers
v0x13373c6e0_0 .net "clk_s", 0 0, L_0x13373d850;  1 drivers
v0x13373c770_0 .var "direction", 0 0;
v0x13373c820_0 .net "enable", 0 0, v0x13373d1a0_0;  1 drivers
v0x13373c8f0_0 .net "flip", 0 0, v0x13373d250_0;  1 drivers
v0x13373c980_0 .net "flip_debounced", 0 0, L_0x13373de00;  1 drivers
v0x13373ca50_0 .net "flip_enable", 0 0, v0x13373bc40_0;  1 drivers
v0x13373cae0_0 .net "max", 3 0, v0x13373d320_0;  1 drivers
v0x13373cbf0_0 .net "min", 3 0, v0x13373d3f0_0;  1 drivers
v0x13373cc80_0 .var "out", 3 0;
v0x13373cd40_0 .net "rst_debounced", 0 0, L_0x13373d8e0;  1 drivers
v0x13373cdd0_0 .net "rst_enable", 0 0, v0x13373b770_0;  1 drivers
v0x13373ce60_0 .net "rst_n", 0 0, v0x13373d480_0;  1 drivers
v0x13373cf10_0 .net "segs", 6 0, v0x13373c480_0;  alias, 1 drivers
E_0x1337246d0 .event posedge, v0x13373c6e0_0;
S_0x133706340 .scope module, "db" "debounce" 3 117, 3 22 0, S_0x133707d20;
 .timescale -9 -12;
    .port_info 0 /INPUT 1 "clk";
    .port_info 1 /INPUT 1 "button";
    .port_info 2 /OUTPUT 1 "button_debounced";
L_0x13373d8e0 .functor AND 1, L_0x13373da00, L_0x13373dae0, L_0x13373dc00, L_0x13373dce0;
v0x133727c10_0 .net *"_ivl_1", 0 0, L_0x13373da00;  1 drivers
v0x13373a6b0_0 .net *"_ivl_3", 0 0, L_0x13373dae0;  1 drivers
v0x13373a760_0 .net *"_ivl_5", 0 0, L_0x13373dc00;  1 drivers
v0x13373a820_0 .net *"_ivl_7", 0 0, L_0x13373dce0;  1 drivers
v0x13373a8d0_0 .net "button", 0 0, v0x13373d480_0;  alias, 1 drivers
v0x13373a9b0_0 .net "button_debounced", 0 0, L_0x13373d8e0;  alias, 1 drivers
v0x13373aa50_0 .net "clk", 0 0, v0x13373d100_0;  alias, 1 drivers
v0x13373aaf0_0 .var "counter", 3 0;
E_0x133724160 .event posedge, v0x13373aa50_0;
L_0x13373da00 .part v0x13373aaf0_0, 0, 1;
L_0x13373dae0 .part v0x13373aaf0_0, 1, 1;
L_0x13373dc00 .part v0x13373aaf0_0, 2, 1;
L_0x13373dce0 .part v0x13373aaf0_0, 3, 1;
S_0x13373abd0 .scope module, "db2" "debounce" 3 118, 3 22 0, S_0x133707d20;
 .timescale -9 -12;
    .port_info 0 /INPUT 1 "clk";
    .port_info 1 /INPUT 1 "button";
    .port_info 2 /OUTPUT 1 "button_debounced";
L_0x13373de00 .functor AND 1, L_0x13373dec0, L_0x13373dfa0, L_0x13373e0c0, L_0x13373e1a0;
v0x13373adf0_0 .net *"_ivl_1", 0 0, L_0x13373dec0;  1 drivers
v0x13373aea0_0 .net *"_ivl_3", 0 0, L_0x13373dfa0;  1 drivers
v0x13373af50_0 .net *"_ivl_5", 0 0, L_0x13373e0c0;  1 drivers
v0x13373b010_0 .net *"_ivl_7", 0 0, L_0x13373e1a0;  1 drivers
v0x13373b0c0_0 .net "button", 0 0, v0x13373d250_0;  alias, 1 drivers
v0x13373b1a0_0 .net "button_debounced", 0 0, L_0x13373de00;  alias, 1 drivers
v0x13373b240_0 .net "clk", 0 0, v0x13373d100_0;  alias, 1 drivers
v0x13373b2d0_0 .var "counter", 3 0;
L_0x13373dec0 .part v0x13373b2d0_0, 0, 1;
L_0x13373dfa0 .part v0x13373b2d0_0, 1, 1;
L_0x13373e0c0 .part v0x13373b2d0_0, 2, 1;
L_0x13373e1a0 .part v0x13373b2d0_0, 3, 1;
S_0x13373b3c0 .scope module, "op" "one_pulse" 3 119, 3 35 0, S_0x133707d20;
 .timescale -9 -12;
    .port_info 0 /INPUT 1 "clk";
    .port_info 1 /INPUT 1 "signal";
    .port_info 2 /OUTPUT 1 "pulse";
v0x13373b5f0_0 .var "A", 0 0;
v0x13373b690_0 .net "clk", 0 0, v0x13373d100_0;  alias, 1 drivers
v0x13373b770_0 .var "pulse", 0 0;
v0x13373b800_0 .net "signal", 0 0, L_0x13373d8e0;  alias, 1 drivers
S_0x13373b8e0 .scope module, "op2" "one_pulse" 3 120, 3 35 0, S_0x133707d20;
 .timescale -9 -12;
    .port_info 0 /INPUT 1 "clk";
    .port_info 1 /INPUT 1 "signal";
    .port_info 2 /OUTPUT 1 "pulse";
v0x13373baf0_0 .var "A", 0 0;
v0x13373bba0_0 .net "clk", 0 0, v0x13373d100_0;  alias, 1 drivers
v0x13373bc40_0 .var "pulse", 0 0;
v0x13373bcf0_0 .net "signal", 0 0, L_0x13373de00;  alias, 1 drivers
S_0x13373bdd0 .scope module, "ss" "seven_segment" 3 121, 3 48 0, S_0x133707d20;
 .timescale -9 -12;
    .port_info 0 /INPUT 1 "clk";
    .port_info 1 /INPUT 4 "num";
    .port_info 2 /INPUT 1 "direction";
    .port_info 3 /OUTPUT 4 "AN";
    .port_info 4 /OUTPUT 7 "out";
v0x13373c0b0_0 .var "AN", 3 0;
v0x13373c170_0 .net "clk", 0 0, v0x13373d100_0;  alias, 1 drivers
v0x13373c290_0 .var "counter", 3 0;
v0x13373c320_0 .net "direction", 0 0, v0x13373c770_0;  1 drivers
v0x13373c3b0_0 .net "num", 3 0, v0x13373cc80_0;  1 drivers
v0x13373c480_0 .var "out", 6 0;
E_0x13373c080 .event edge, v0x13373c320_0, v0x13373c3b0_0;
S_0x133707bb0 .scope module, "clock_divider" "clock_divider" 3 3;
 .timescale -9 -12;
    .port_info 0 /INPUT 1 "clk";
    .port_info 1 /OUTPUT 1 "clk_out";
o0x128030a00 .functor BUFZ 1, C4<z>; HiZ drive
v0x13373d650_0 .net "clk", 0 0, o0x128030a00;  0 drivers
v0x13373d6e0_0 .var "clk_out", 0 0;
v0x13373d780_0 .var "counter", 26 0;
E_0x13373d620 .event posedge, v0x13373d650_0;
    .scope S_0x133706340;
T_0 ;
    %wait E_0x133724160;
    ; show_stmt_assign_vector: Get l-value for compressed l= operand
    %load/vec4 v0x13373aaf0_0;
    %pushi/vec4 1, 0, 4;
    %ix/vec4 4;
    %shiftl 4;
    %store/vec4 v0x13373aaf0_0, 0, 4;
    %load/vec4 v0x13373a8d0_0;
    %ix/load 4, 0, 0;
    %ix/load 5, 0, 0;
    %flag_set/imm 4, 0;
    %assign/vec4/off/d v0x13373aaf0_0, 4, 5;
    %jmp T_0;
    .thread T_0;
    .scope S_0x13373abd0;
T_1 ;
    %wait E_0x133724160;
    ; show_stmt_assign_vector: Get l-value for compressed l= operand
    %load/vec4 v0x13373b2d0_0;
    %pushi/vec4 1, 0, 4;
    %ix/vec4 4;
    %shiftl 4;
    %store/vec4 v0x13373b2d0_0, 0, 4;
    %load/vec4 v0x13373b0c0_0;
    %ix/load 4, 0, 0;
    %ix/load 5, 0, 0;
    %flag_set/imm 4, 0;
    %assign/vec4/off/d v0x13373b2d0_0, 4, 5;
    %jmp T_1;
    .thread T_1;
    .scope S_0x13373b3c0;
T_2 ;
    %wait E_0x133724160;
    %load/vec4 v0x13373b800_0;
    %assign/vec4 v0x13373b5f0_0, 0;
    %load/vec4 v0x13373b800_0;
    %load/vec4 v0x13373b5f0_0;
    %inv;
    %and;
    %assign/vec4 v0x13373b770_0, 0;
    %jmp T_2;
    .thread T_2;
    .scope S_0x13373b8e0;
T_3 ;
    %wait E_0x133724160;
    %load/vec4 v0x13373bcf0_0;
    %assign/vec4 v0x13373baf0_0, 0;
    %load/vec4 v0x13373bcf0_0;
    %load/vec4 v0x13373baf0_0;
    %inv;
    %and;
    %assign/vec4 v0x13373bc40_0, 0;
    %jmp T_3;
    .thread T_3;
    .scope S_0x13373bdd0;
T_4 ;
    %wait E_0x13373c080;
    %pushi/vec4 1, 0, 4;
    %store/vec4 v0x13373c290_0, 0, 4;
    %jmp T_4;
    .thread T_4, $push;
    .scope S_0x13373bdd0;
T_5 ;
    %wait E_0x133724160;
    ; show_stmt_assign_vector: Get l-value for compressed l= operand
    %load/vec4 v0x13373c290_0;
    %pushi/vec4 1, 0, 4;
    %ix/vec4 4;
    %shiftl 4;
    %store/vec4 v0x13373c290_0, 0, 4;
    %load/vec4 v0x13373c290_0;
    %inv;
    %assign/vec4 v0x13373c0b0_0, 0;
    %load/vec4 v0x13373c290_0;
    %parti/s 1, 0, 2;
    %flag_set/vec4 8;
    %load/vec4 v0x13373c290_0;
    %parti/s 1, 1, 2;
    %flag_set/vec4 9;
    %flag_or 9, 8;
    %jmp/0xz  T_5.0, 9;
    %load/vec4 v0x13373c320_0;
    %flag_set/vec4 8;
    %jmp/0xz  T_5.2, 8;
    %pushi/vec4 99, 0, 7;
    %assign/vec4 v0x13373c480_0, 0;
    %jmp T_5.3;
T_5.2 ;
    %pushi/vec4 88, 0, 7;
    %assign/vec4 v0x13373c480_0, 0;
T_5.3 ;
    %jmp T_5.1;
T_5.0 ;
    %load/vec4 v0x13373c290_0;
    %parti/s 1, 2, 3;
    %flag_set/vec4 8;
    %jmp/0xz  T_5.4, 8;
    %load/vec4 v0x13373c3b0_0;
    %pad/u 5;
    %dup/vec4;
    %pushi/vec4 0, 0, 5;
    %cmp/u;
    %jmp/1 T_5.6, 6;
    %dup/vec4;
    %pushi/vec4 1, 0, 5;
    %cmp/u;
    %jmp/1 T_5.7, 6;
    %dup/vec4;
    %pushi/vec4 2, 0, 5;
    %cmp/u;
    %jmp/1 T_5.8, 6;
    %dup/vec4;
    %pushi/vec4 3, 0, 5;
    %cmp/u;
    %jmp/1 T_5.9, 6;
    %dup/vec4;
    %pushi/vec4 4, 0, 5;
    %cmp/u;
    %jmp/1 T_5.10, 6;
    %dup/vec4;
    %pushi/vec4 5, 0, 5;
    %cmp/u;
    %jmp/1 T_5.11, 6;
    %dup/vec4;
    %pushi/vec4 6, 0, 5;
    %cmp/u;
    %jmp/1 T_5.12, 6;
    %dup/vec4;
    %pushi/vec4 7, 0, 5;
    %cmp/u;
    %jmp/1 T_5.13, 6;
    %dup/vec4;
    %pushi/vec4 8, 0, 5;
    %cmp/u;
    %jmp/1 T_5.14, 6;
    %dup/vec4;
    %pushi/vec4 9, 0, 5;
    %cmp/u;
    %jmp/1 T_5.15, 6;
    %dup/vec4;
    %pushi/vec4 10, 0, 5;
    %cmp/u;
    %jmp/1 T_5.16, 6;
    %dup/vec4;
    %pushi/vec4 11, 0, 5;
    %cmp/u;
    %jmp/1 T_5.17, 6;
    %dup/vec4;
    %pushi/vec4 12, 0, 5;
    %cmp/u;
    %jmp/1 T_5.18, 6;
    %dup/vec4;
    %pushi/vec4 13, 0, 5;
    %cmp/u;
    %jmp/1 T_5.19, 6;
    %dup/vec4;
    %pushi/vec4 14, 0, 5;
    %cmp/u;
    %jmp/1 T_5.20, 6;
    %dup/vec4;
    %pushi/vec4 15, 0, 5;
    %cmp/u;
    %jmp/1 T_5.21, 6;
    %dup/vec4;
    %pushi/vec4 16, 0, 5;
    %cmp/u;
    %jmp/1 T_5.22, 6;
    %jmp T_5.23;
T_5.6 ;
    %pushi/vec4 64, 0, 7;
    %assign/vec4 v0x13373c480_0, 0;
    %jmp T_5.23;
T_5.7 ;
    %pushi/vec4 121, 0, 7;
    %assign/vec4 v0x13373c480_0, 0;
    %jmp T_5.23;
T_5.8 ;
    %pushi/vec4 36, 0, 7;
    %assign/vec4 v0x13373c480_0, 0;
    %jmp T_5.23;
T_5.9 ;
    %pushi/vec4 48, 0, 7;
    %assign/vec4 v0x13373c480_0, 0;
    %jmp T_5.23;
T_5.10 ;
    %pushi/vec4 25, 0, 7;
    %assign/vec4 v0x13373c480_0, 0;
    %jmp T_5.23;
T_5.11 ;
    %pushi/vec4 18, 0, 7;
    %assign/vec4 v0x13373c480_0, 0;
    %jmp T_5.23;
T_5.12 ;
    %pushi/vec4 2, 0, 7;
    %assign/vec4 v0x13373c480_0, 0;
    %jmp T_5.23;
T_5.13 ;
    %pushi/vec4 120, 0, 7;
    %assign/vec4 v0x13373c480_0, 0;
    %jmp T_5.23;
T_5.14 ;
    %pushi/vec4 0, 0, 7;
    %assign/vec4 v0x13373c480_0, 0;
    %jmp T_5.23;
T_5.15 ;
    %pushi/vec4 16, 0, 7;
    %assign/vec4 v0x13373c480_0, 0;
    %jmp T_5.23;
T_5.16 ;
    %pushi/vec4 64, 0, 7;
    %assign/vec4 v0x13373c480_0, 0;
    %jmp T_5.23;
T_5.17 ;
    %pushi/vec4 121, 0, 7;
    %assign/vec4 v0x13373c480_0, 0;
    %jmp T_5.23;
T_5.18 ;
    %pushi/vec4 36, 0, 7;
    %assign/vec4 v0x13373c480_0, 0;
    %jmp T_5.23;
T_5.19 ;
    %pushi/vec4 48, 0, 7;
    %assign/vec4 v0x13373c480_0, 0;
    %jmp T_5.23;
T_5.20 ;
    %pushi/vec4 25, 0, 7;
    %assign/vec4 v0x13373c480_0, 0;
    %jmp T_5.23;
T_5.21 ;
    %pushi/vec4 18, 0, 7;
    %assign/vec4 v0x13373c480_0, 0;
    %jmp T_5.23;
T_5.22 ;
    %pushi/vec4 2, 0, 7;
    %assign/vec4 v0x13373c480_0, 0;
    %jmp T_5.23;
T_5.23 ;
    %pop/vec4 1;
    %jmp T_5.5;
T_5.4 ;
    %load/vec4 v0x13373c290_0;
    %parti/s 1, 3, 3;
    %flag_set/vec4 8;
    %jmp/0xz  T_5.24, 8;
    %load/vec4 v0x13373c3b0_0;
    %pad/u 32;
    %cmpi/u 9, 0, 32;
    %flag_or 5, 4; GT is !LE
    %flag_inv 5;
    %jmp/0xz  T_5.26, 5;
    %pushi/vec4 121, 0, 7;
    %assign/vec4 v0x13373c480_0, 0;
    %jmp T_5.27;
T_5.26 ;
    %pushi/vec4 127, 0, 7;
    %assign/vec4 v0x13373c480_0, 0;
T_5.27 ;
T_5.24 ;
T_5.5 ;
T_5.1 ;
    %jmp T_5;
    .thread T_5;
    .scope S_0x133707d20;
T_6 ;
    %wait E_0x1337246d0;
    %load/vec4 v0x13373cd40_0;
    %nor/r;
    %flag_set/vec4 8;
    %jmp/0xz  T_6.0, 8;
    %load/vec4 v0x13373cbf0_0;
    %assign/vec4 v0x13373cc80_0, 0;
    %pushi/vec4 1, 0, 1;
    %assign/vec4 v0x13373c770_0, 0;
    %jmp T_6.1;
T_6.0 ;
    %load/vec4 v0x13373c820_0;
    %flag_set/vec4 8;
    %jmp/0xz  T_6.2, 8;
    %load/vec4 v0x13373cae0_0;
    %load/vec4 v0x13373cc80_0;
    %cmp/u;
    %flag_mov 8, 5;
    %load/vec4 v0x13373cc80_0;
    %load/vec4 v0x13373cbf0_0;
    %cmp/u;
    %flag_or 5, 8;
    %flag_mov 8, 5;
    %load/vec4 v0x13373cc80_0;
    %load/vec4 v0x13373cae0_0;
    %cmp/e;
    %flag_get/vec4 4;
    %load/vec4 v0x13373cc80_0;
    %load/vec4 v0x13373cbf0_0;
    %cmp/e;
    %flag_get/vec4 4;
    %and;
    %flag_set/vec4 9;
    %flag_or 9, 8;
    %jmp/0xz  T_6.4, 9;
    %load/vec4 v0x13373cc80_0;
    %assign/vec4 v0x13373cc80_0, 0;
    %jmp T_6.5;
T_6.4 ;
    %load/vec4 v0x13373c980_0;
    %flag_set/vec4 8;
    %jmp/0xz  T_6.6, 8;
    %load/vec4 v0x13373c770_0;
    %flag_set/vec4 8;
    %jmp/0 T_6.8, 8;
    %load/vec4 v0x13373cc80_0;
    %subi 1, 0, 4;
    %jmp/1 T_6.9, 8;
T_6.8 ; End of true expr.
    %load/vec4 v0x13373cc80_0;
    %addi 1, 0, 4;
    %jmp/0 T_6.9, 8;
 ; End of false expr.
    %blend;
T_6.9;
    %assign/vec4 v0x13373cc80_0, 0;
    %load/vec4 v0x13373c770_0;
    %inv;
    %assign/vec4 v0x13373c770_0, 0;
    %jmp T_6.7;
T_6.6 ;
    %load/vec4 v0x13373cc80_0;
    %load/vec4 v0x13373cae0_0;
    %cmp/e;
    %jmp/0xz  T_6.10, 4;
    %load/vec4 v0x13373cc80_0;
    %subi 1, 0, 4;
    %assign/vec4 v0x13373cc80_0, 0;
    %pushi/vec4 0, 0, 1;
    %assign/vec4 v0x13373c770_0, 0;
    %jmp T_6.11;
T_6.10 ;
    %load/vec4 v0x13373cc80_0;
    %load/vec4 v0x13373cbf0_0;
    %cmp/e;
    %jmp/0xz  T_6.12, 4;
    %load/vec4 v0x13373cc80_0;
    %addi 1, 0, 4;
    %assign/vec4 v0x13373cc80_0, 0;
    %pushi/vec4 1, 0, 1;
    %assign/vec4 v0x13373c770_0, 0;
    %jmp T_6.13;
T_6.12 ;
    %load/vec4 v0x13373c770_0;
    %flag_set/vec4 8;
    %jmp/0 T_6.14, 8;
    %load/vec4 v0x13373cc80_0;
    %addi 1, 0, 4;
    %jmp/1 T_6.15, 8;
T_6.14 ; End of true expr.
    %load/vec4 v0x13373cc80_0;
    %subi 1, 0, 4;
    %jmp/0 T_6.15, 8;
 ; End of false expr.
    %blend;
T_6.15;
    %assign/vec4 v0x13373cc80_0, 0;
T_6.13 ;
T_6.11 ;
T_6.7 ;
T_6.5 ;
T_6.2 ;
T_6.1 ;
    %jmp T_6;
    .thread T_6;
    .scope S_0x133708e10;
T_7 ;
    %vpi_call 2 26 "$dumpfile", "Parameterized_Ping_Pong_Counter.vcd" {0 0 0};
    %vpi_call 2 27 "$dumpvars", 32'sb00000000000000000000000000000000, S_0x133708e10 {0 0 0};
    %pushi/vec4 0, 0, 1;
    %store/vec4 v0x13373d480_0, 0, 1;
    %pushi/vec4 0, 0, 1;
    %store/vec4 v0x13373d100_0, 0, 1;
    %pushi/vec4 1, 0, 1;
    %store/vec4 v0x13373d1a0_0, 0, 1;
    %pushi/vec4 0, 0, 1;
    %store/vec4 v0x13373d250_0, 0, 1;
    %pushi/vec4 4, 0, 4;
    %store/vec4 v0x13373d320_0, 0, 4;
    %pushi/vec4 0, 0, 4;
    %store/vec4 v0x13373d3f0_0, 0, 4;
    %delay 10000, 0;
    %pushi/vec4 1, 0, 1;
    %store/vec4 v0x13373d480_0, 0, 1;
    %delay 90000, 0;
    %pushi/vec4 0, 0, 1;
    %store/vec4 v0x13373d480_0, 0, 1;
    %delay 20000, 0;
    %pushi/vec4 1, 0, 1;
    %store/vec4 v0x13373d480_0, 0, 1;
    %delay 30000, 0;
    %pushi/vec4 1, 0, 1;
    %store/vec4 v0x13373d250_0, 0, 1;
    %delay 10000, 0;
    %pushi/vec4 0, 0, 1;
    %store/vec4 v0x13373d250_0, 0, 1;
    %delay 50000, 0;
    %pushi/vec4 0, 0, 1;
    %store/vec4 v0x13373d480_0, 0, 1;
    %delay 20000, 0;
    %pushi/vec4 1, 0, 1;
    %store/vec4 v0x13373d480_0, 0, 1;
    %delay 30000, 0;
    %pushi/vec4 1, 0, 1;
    %store/vec4 v0x13373d250_0, 0, 1;
    %delay 10000, 0;
    %pushi/vec4 0, 0, 1;
    %store/vec4 v0x13373d250_0, 0, 1;
    %delay 10000, 0;
    %pushi/vec4 1, 0, 1;
    %store/vec4 v0x13373d250_0, 0, 1;
    %delay 10000, 0;
    %pushi/vec4 0, 0, 1;
    %store/vec4 v0x13373d250_0, 0, 1;
    %delay 30000, 0;
    %pushi/vec4 0, 0, 1;
    %store/vec4 v0x13373d480_0, 0, 1;
    %delay 20000, 0;
    %pushi/vec4 1, 0, 1;
    %store/vec4 v0x13373d480_0, 0, 1;
    %pushi/vec4 3, 0, 4;
    %store/vec4 v0x13373d320_0, 0, 4;
    %delay 50000, 0;
    %pushi/vec4 1, 0, 1;
    %store/vec4 v0x13373d250_0, 0, 1;
    %pushi/vec4 1, 0, 4;
    %store/vec4 v0x13373d3f0_0, 0, 4;
    %delay 10000, 0;
    %pushi/vec4 0, 0, 1;
    %store/vec4 v0x13373d250_0, 0, 1;
    %pushi/vec4 3, 0, 4;
    %store/vec4 v0x13373d3f0_0, 0, 4;
    %delay 20000, 0;
    %pushi/vec4 2, 0, 4;
    %store/vec4 v0x13373d3f0_0, 0, 4;
    %pushi/vec4 2, 0, 4;
    %store/vec4 v0x13373d320_0, 0, 4;
    %delay 30000, 0;
    %pushi/vec4 1, 0, 4;
    %store/vec4 v0x13373d3f0_0, 0, 4;
    %pushi/vec4 3, 0, 4;
    %store/vec4 v0x13373d320_0, 0, 4;
    %delay 30000, 0;
    %pushi/vec4 0, 0, 1;
    %store/vec4 v0x13373d480_0, 0, 1;
    %vpi_call 2 58 "$finish" {0 0 0};
    %end;
    .thread T_7;
    .scope S_0x133708e10;
T_8 ;
    %delay 5000, 0;
    %load/vec4 v0x13373d100_0;
    %inv;
    %store/vec4 v0x13373d100_0, 0, 1;
    %jmp T_8;
    .thread T_8;
    .scope S_0x133707bb0;
T_9 ;
    %pushi/vec4 0, 0, 27;
    %store/vec4 v0x13373d780_0, 0, 27;
    %end;
    .thread T_9;
    .scope S_0x133707bb0;
T_10 ;
    %wait E_0x13373d620;
    %load/vec4 v0x13373d780_0;
    %pad/u 32;
    %cmpi/e 99999999, 0, 32;
    %jmp/0xz  T_10.0, 4;
    %pushi/vec4 0, 0, 27;
    %assign/vec4 v0x13373d780_0, 0;
    %pushi/vec4 1, 0, 1;
    %assign/vec4 v0x13373d6e0_0, 0;
    %jmp T_10.1;
T_10.0 ;
    %load/vec4 v0x13373d780_0;
    %addi 1, 0, 27;
    %assign/vec4 v0x13373d780_0, 0;
    %pushi/vec4 0, 0, 1;
    %assign/vec4 v0x13373d6e0_0, 0;
T_10.1 ;
    %jmp T_10;
    .thread T_10;
# The file index is used to find the file name in the following table.
:file_names 4;
    "N/A";
    "<interactive>";
    "Lab3_111062109_Parameterized_Ping_Pong_Counter_fpga_t.v";
    "./Lab3_111062109_Parameterized_Ping_Pong_Counter_fpga.v";
