#! /opt/local/bin/vvp
:ivl_version "11.0 (stable)" "(v11_0)";
:ivl_delay_selection "TYPICAL";
:vpi_time_precision - 12;
:vpi_module "/opt/local/lib/ivl/system.vpi";
:vpi_module "/opt/local/lib/ivl/vhdl_sys.vpi";
:vpi_module "/opt/local/lib/ivl/vhdl_textio.vpi";
:vpi_module "/opt/local/lib/ivl/v2005_math.vpi";
:vpi_module "/opt/local/lib/ivl/va_math.vpi";
S_0x1506645f0 .scope module, "Multi_Bank_Memory_t" "Multi_Bank_Memory_t" 2 4;
 .timescale -9 -12;
v0x150680640_0 .var "clk", 0 0;
v0x1506806e0_0 .var "din", 7 0;
v0x150680780_0 .net "dout", 7 0, v0x1506801c0_0;  1 drivers
v0x150680810_0 .var "raddr", 10 0;
v0x1506808c0_0 .var "ren", 0 0;
v0x150680990_0 .var "waddr", 10 0;
v0x150680a40_0 .var "wen", 0 0;
E_0x15066a7e0 .event negedge, v0x150670790_0;
S_0x150661f20 .scope module, "UUT" "Multi_Bank_Memory" 2 10, 3 63 0, S_0x1506645f0;
 .timescale -9 -12;
    .port_info 0 /INPUT 1 "clk";
    .port_info 1 /INPUT 1 "ren";
    .port_info 2 /INPUT 1 "wen";
    .port_info 3 /INPUT 11 "waddr";
    .port_info 4 /INPUT 11 "raddr";
    .port_info 5 /INPUT 8 "din";
    .port_info 6 /OUTPUT 8 "dout";
L_0x1506825f0 .functor AND 1, v0x1506808c0_0, L_0x150682510, C4<1>, C4<1>;
L_0x1506828e0 .functor AND 1, v0x150680a40_0, L_0x1506827c0, C4<1>, C4<1>;
L_0x150684620 .functor AND 1, v0x1506808c0_0, L_0x150684500, C4<1>, C4<1>;
L_0x1506848e0 .functor AND 1, v0x150680a40_0, L_0x150684840, C4<1>, C4<1>;
L_0x150686570 .functor AND 1, v0x1506808c0_0, L_0x150686490, C4<1>, C4<1>;
L_0x150686860 .functor AND 1, v0x150680a40_0, L_0x150686780, C4<1>, C4<1>;
L_0x1506869f0 .functor AND 1, v0x1506808c0_0, L_0x150688630, C4<1>, C4<1>;
L_0x1506889a0 .functor AND 1, v0x150680a40_0, L_0x150688590, C4<1>, C4<1>;
v0x15067ef90_0 .net *"_ivl_1", 1 0, L_0x1506823b0;  1 drivers
L_0x158078298 .functor BUFT 1, C4<00>, C4<0>, C4<0>, C4<0>;
v0x15067f020_0 .net/2u *"_ivl_10", 1 0, L_0x158078298;  1 drivers
v0x15067f0b0_0 .net *"_ivl_12", 0 0, L_0x1506827c0;  1 drivers
L_0x158078250 .functor BUFT 1, C4<00>, C4<0>, C4<0>, C4<0>;
v0x15067f140_0 .net/2u *"_ivl_2", 1 0, L_0x158078250;  1 drivers
v0x15067f1e0_0 .net *"_ivl_22", 1 0, L_0x1506843e0;  1 drivers
L_0x158078520 .functor BUFT 1, C4<01>, C4<0>, C4<0>, C4<0>;
v0x15067f2d0_0 .net/2u *"_ivl_23", 1 0, L_0x158078520;  1 drivers
v0x15067f380_0 .net *"_ivl_25", 0 0, L_0x150684500;  1 drivers
v0x15067f420_0 .net *"_ivl_30", 1 0, L_0x1506846d0;  1 drivers
L_0x158078568 .functor BUFT 1, C4<01>, C4<0>, C4<0>, C4<0>;
v0x15067f4d0_0 .net/2u *"_ivl_31", 1 0, L_0x158078568;  1 drivers
v0x15067f5e0_0 .net *"_ivl_33", 0 0, L_0x150684840;  1 drivers
v0x15067f680_0 .net *"_ivl_4", 0 0, L_0x150682510;  1 drivers
v0x15067f720_0 .net *"_ivl_43", 1 0, L_0x150686380;  1 drivers
L_0x1580787f0 .functor BUFT 1, C4<10>, C4<0>, C4<0>, C4<0>;
v0x15067f7d0_0 .net/2u *"_ivl_44", 1 0, L_0x1580787f0;  1 drivers
v0x15067f880_0 .net *"_ivl_46", 0 0, L_0x150686490;  1 drivers
v0x15067f920_0 .net *"_ivl_51", 1 0, L_0x150686660;  1 drivers
L_0x158078838 .functor BUFT 1, C4<10>, C4<0>, C4<0>, C4<0>;
v0x15067f9d0_0 .net/2u *"_ivl_52", 1 0, L_0x158078838;  1 drivers
v0x15067fa80_0 .net *"_ivl_54", 0 0, L_0x150686780;  1 drivers
v0x15067fc10_0 .net *"_ivl_64", 1 0, L_0x1506883f0;  1 drivers
L_0x158078ac0 .functor BUFT 1, C4<11>, C4<0>, C4<0>, C4<0>;
v0x15067fca0_0 .net/2u *"_ivl_65", 1 0, L_0x158078ac0;  1 drivers
v0x15067fd40_0 .net *"_ivl_67", 0 0, L_0x150688630;  1 drivers
v0x15067fde0_0 .net *"_ivl_72", 1 0, L_0x150688750;  1 drivers
L_0x158078b08 .functor BUFT 1, C4<11>, C4<0>, C4<0>, C4<0>;
v0x15067fe90_0 .net/2u *"_ivl_73", 1 0, L_0x158078b08;  1 drivers
v0x15067ff40_0 .net *"_ivl_75", 0 0, L_0x150688590;  1 drivers
v0x15067ffe0_0 .net *"_ivl_9", 1 0, L_0x1506826e0;  1 drivers
v0x150680090_0 .net "clk", 0 0, v0x150680640_0;  1 drivers
v0x150680120_0 .net "din", 7 0, v0x1506806e0_0;  1 drivers
v0x1506801c0_0 .var "dout", 7 0;
v0x150680270 .array "douts", 0 3;
v0x150680270_0 .net v0x150680270 0, 7 0, v0x150673700_0; 1 drivers
v0x150680270_1 .net v0x150680270 1, 7 0, v0x150677230_0; 1 drivers
v0x150680270_2 .net v0x150680270 2, 7 0, v0x15067acf0_0; 1 drivers
v0x150680270_3 .net v0x150680270 3, 7 0, v0x15067e9a0_0; 1 drivers
v0x150680350_0 .net "raddr", 10 0, v0x150680810_0;  1 drivers
v0x1506803e0_0 .net "ren", 0 0, v0x1506808c0_0;  1 drivers
v0x150680470_0 .net "waddr", 10 0, v0x150680990_0;  1 drivers
v0x150680500_0 .net "wen", 0 0, v0x150680a40_0;  1 drivers
E_0x15066a340/0 .event edge, v0x15067e9a0_0, v0x15067acf0_0, v0x150677230_0, v0x150673700_0;
E_0x15066a340/1 .event posedge, v0x150670790_0;
E_0x15066a340 .event/or E_0x15066a340/0, E_0x15066a340/1;
L_0x1506823b0 .part v0x150680810_0, 9, 2;
L_0x150682510 .cmp/eq 2, L_0x1506823b0, L_0x158078250;
L_0x1506826e0 .part v0x150680990_0, 9, 2;
L_0x1506827c0 .cmp/eq 2, L_0x1506826e0, L_0x158078298;
L_0x1506829d0 .part v0x150680990_0, 0, 9;
L_0x150682a70 .part v0x150680810_0, 0, 9;
L_0x1506843e0 .part v0x150680810_0, 9, 2;
L_0x150684500 .cmp/eq 2, L_0x1506843e0, L_0x158078520;
L_0x1506846d0 .part v0x150680990_0, 9, 2;
L_0x150684840 .cmp/eq 2, L_0x1506846d0, L_0x158078568;
L_0x150684990 .part v0x150680990_0, 0, 9;
L_0x150684a90 .part v0x150680810_0, 0, 9;
L_0x150686380 .part v0x150680810_0, 9, 2;
L_0x150686490 .cmp/eq 2, L_0x150686380, L_0x1580787f0;
L_0x150686660 .part v0x150680990_0, 9, 2;
L_0x150686780 .cmp/eq 2, L_0x150686660, L_0x158078838;
L_0x150686950 .part v0x150680990_0, 0, 9;
L_0x150686a80 .part v0x150680810_0, 0, 9;
L_0x1506883f0 .part v0x150680810_0, 9, 2;
L_0x150688630 .cmp/eq 2, L_0x1506883f0, L_0x158078ac0;
L_0x150688750 .part v0x150680990_0, 9, 2;
L_0x150688590 .cmp/eq 2, L_0x150688750, L_0x158078b08;
L_0x150688a50 .part v0x150680990_0, 0, 9;
L_0x150688bb0 .part v0x150680810_0, 0, 9;
S_0x15065f850 .scope module, "B0" "Bank" 3 72, 3 26 0, S_0x150661f20;
 .timescale -9 -12;
    .port_info 0 /INPUT 1 "clk";
    .port_info 1 /INPUT 1 "ren";
    .port_info 2 /INPUT 1 "wen";
    .port_info 3 /INPUT 9 "waddr";
    .port_info 4 /INPUT 9 "raddr";
    .port_info 5 /INPUT 8 "din";
    .port_info 6 /OUTPUT 8 "dout";
L_0x150680d10 .functor AND 1, L_0x1506825f0, L_0x150680bd0, C4<1>, C4<1>;
L_0x150681020 .functor AND 1, L_0x1506828e0, L_0x150680ee0, C4<1>, C4<1>;
L_0x150681340 .functor AND 1, L_0x1506825f0, L_0x150681200, C4<1>, C4<1>;
L_0x150681670 .functor AND 1, L_0x1506828e0, L_0x150681550, C4<1>, C4<1>;
L_0x150681970 .functor AND 1, L_0x1506825f0, L_0x150681850, C4<1>, C4<1>;
L_0x150681c70 .functor AND 1, L_0x1506828e0, L_0x150681b50, C4<1>, C4<1>;
L_0x150681f50 .functor AND 1, L_0x1506825f0, L_0x150681eb0, C4<1>, C4<1>;
L_0x1506822c0 .functor AND 1, L_0x1506828e0, L_0x150682220, C4<1>, C4<1>;
v0x1506722d0_0 .net *"_ivl_1", 1 0, L_0x150680af0;  1 drivers
L_0x158078058 .functor BUFT 1, C4<00>, C4<0>, C4<0>, C4<0>;
v0x150672370_0 .net/2u *"_ivl_10", 1 0, L_0x158078058;  1 drivers
v0x150672410_0 .net *"_ivl_12", 0 0, L_0x150680ee0;  1 drivers
v0x1506724a0_0 .net *"_ivl_19", 1 0, L_0x1506810f0;  1 drivers
L_0x158078010 .functor BUFT 1, C4<00>, C4<0>, C4<0>, C4<0>;
v0x150672550_0 .net/2u *"_ivl_2", 1 0, L_0x158078010;  1 drivers
L_0x1580780a0 .functor BUFT 1, C4<01>, C4<0>, C4<0>, C4<0>;
v0x150672640_0 .net/2u *"_ivl_20", 1 0, L_0x1580780a0;  1 drivers
v0x1506726f0_0 .net *"_ivl_22", 0 0, L_0x150681200;  1 drivers
v0x150672790_0 .net *"_ivl_27", 1 0, L_0x150681430;  1 drivers
L_0x1580780e8 .functor BUFT 1, C4<01>, C4<0>, C4<0>, C4<0>;
v0x150672840_0 .net/2u *"_ivl_28", 1 0, L_0x1580780e8;  1 drivers
v0x150672950_0 .net *"_ivl_30", 0 0, L_0x150681550;  1 drivers
v0x1506729f0_0 .net *"_ivl_37", 1 0, L_0x150681760;  1 drivers
L_0x158078130 .functor BUFT 1, C4<10>, C4<0>, C4<0>, C4<0>;
v0x150672aa0_0 .net/2u *"_ivl_38", 1 0, L_0x158078130;  1 drivers
v0x150672b50_0 .net *"_ivl_4", 0 0, L_0x150680bd0;  1 drivers
v0x150672bf0_0 .net *"_ivl_40", 0 0, L_0x150681850;  1 drivers
v0x150672c90_0 .net *"_ivl_45", 1 0, L_0x150681a50;  1 drivers
L_0x158078178 .functor BUFT 1, C4<10>, C4<0>, C4<0>, C4<0>;
v0x150672d40_0 .net/2u *"_ivl_46", 1 0, L_0x158078178;  1 drivers
v0x150672df0_0 .net *"_ivl_48", 0 0, L_0x150681b50;  1 drivers
v0x150672f80_0 .net *"_ivl_55", 1 0, L_0x150681d20;  1 drivers
L_0x1580781c0 .functor BUFT 1, C4<11>, C4<0>, C4<0>, C4<0>;
v0x150673010_0 .net/2u *"_ivl_56", 1 0, L_0x1580781c0;  1 drivers
v0x1506730b0_0 .net *"_ivl_58", 0 0, L_0x150681eb0;  1 drivers
v0x150673150_0 .net *"_ivl_63", 1 0, L_0x150682080;  1 drivers
L_0x158078208 .functor BUFT 1, C4<11>, C4<0>, C4<0>, C4<0>;
v0x150673200_0 .net/2u *"_ivl_64", 1 0, L_0x158078208;  1 drivers
v0x1506732b0_0 .net *"_ivl_66", 0 0, L_0x150682220;  1 drivers
v0x150673350_0 .net *"_ivl_9", 1 0, L_0x150680de0;  1 drivers
v0x150673400 .array "addrs", 0 3, 6 0;
v0x1506734e0_0 .net "clk", 0 0, v0x150680640_0;  alias, 1 drivers
v0x1506735f0_0 .net "din", 7 0, v0x1506806e0_0;  alias, 1 drivers
v0x150673700_0 .var "dout", 7 0;
v0x150673790 .array "douts", 0 3;
v0x150673790_0 .net v0x150673790 0, 7 0, v0x1506708f0_0; 1 drivers
v0x150673790_1 .net v0x150673790 1, 7 0, v0x1506710c0_0; 1 drivers
v0x150673790_2 .net v0x150673790 2, 7 0, v0x1506718c0_0; 1 drivers
v0x150673790_3 .net v0x150673790 3, 7 0, v0x150672010_0; 1 drivers
v0x150673820_0 .net "raddr", 8 0, L_0x150682a70;  1 drivers
v0x1506738b0_0 .net "ren", 0 0, L_0x1506825f0;  1 drivers
v0x150673940_0 .net "waddr", 8 0, L_0x1506829d0;  1 drivers
v0x1506739e0_0 .net "wen", 0 0, L_0x1506828e0;  1 drivers
E_0x15066c1e0 .event edge, v0x150672010_0, v0x1506718c0_0, v0x1506710c0_0, v0x1506708f0_0;
E_0x15066c5b0 .event edge, v0x1506738b0_0, v0x150673820_0, v0x1506739e0_0, v0x150673940_0;
L_0x150680af0 .part L_0x150682a70, 7, 2;
L_0x150680bd0 .cmp/eq 2, L_0x150680af0, L_0x158078010;
L_0x150680de0 .part L_0x1506829d0, 7, 2;
L_0x150680ee0 .cmp/eq 2, L_0x150680de0, L_0x158078058;
L_0x1506810f0 .part L_0x150682a70, 7, 2;
L_0x150681200 .cmp/eq 2, L_0x1506810f0, L_0x1580780a0;
L_0x150681430 .part L_0x1506829d0, 7, 2;
L_0x150681550 .cmp/eq 2, L_0x150681430, L_0x1580780e8;
L_0x150681760 .part L_0x150682a70, 7, 2;
L_0x150681850 .cmp/eq 2, L_0x150681760, L_0x158078130;
L_0x150681a50 .part L_0x1506829d0, 7, 2;
L_0x150681b50 .cmp/eq 2, L_0x150681a50, L_0x158078178;
L_0x150681d20 .part L_0x150682a70, 7, 2;
L_0x150681eb0 .cmp/eq 2, L_0x150681d20, L_0x1580781c0;
L_0x150682080 .part L_0x1506829d0, 7, 2;
L_0x150682220 .cmp/eq 2, L_0x150682080, L_0x158078208;
S_0x150656640 .scope module, "M0" "Memory" 3 46, 3 3 0, S_0x15065f850;
 .timescale -9 -12;
    .port_info 0 /INPUT 1 "clk";
    .port_info 1 /INPUT 1 "ren";
    .port_info 2 /INPUT 1 "wen";
    .port_info 3 /INPUT 7 "addr";
    .port_info 4 /INPUT 8 "din";
    .port_info 5 /OUTPUT 8 "dout";
v0x15066bdb0 .array "My_Memory", 0 127, 7 0;
v0x150673400_0 .array/port v0x150673400, 0;
v0x15066c250_0 .net "addr", 6 0, v0x150673400_0;  1 drivers
v0x150670790_0 .net "clk", 0 0, v0x150680640_0;  alias, 1 drivers
v0x150670840_0 .net "din", 7 0, v0x1506806e0_0;  alias, 1 drivers
v0x1506708f0_0 .var "dout", 7 0;
v0x1506709e0_0 .net "ren", 0 0, L_0x150680d10;  1 drivers
v0x150670a80_0 .net "wen", 0 0, L_0x150681020;  1 drivers
E_0x15064f5f0 .event posedge, v0x150670790_0;
S_0x150670bb0 .scope module, "M1" "Memory" 3 47, 3 3 0, S_0x15065f850;
 .timescale -9 -12;
    .port_info 0 /INPUT 1 "clk";
    .port_info 1 /INPUT 1 "ren";
    .port_info 2 /INPUT 1 "wen";
    .port_info 3 /INPUT 7 "addr";
    .port_info 4 /INPUT 8 "din";
    .port_info 5 /OUTPUT 8 "dout";
v0x150670e00 .array "My_Memory", 0 127, 7 0;
v0x150673400_1 .array/port v0x150673400, 1;
v0x150670e90_0 .net "addr", 6 0, v0x150673400_1;  1 drivers
v0x150670f40_0 .net "clk", 0 0, v0x150680640_0;  alias, 1 drivers
v0x150671010_0 .net "din", 7 0, v0x1506806e0_0;  alias, 1 drivers
v0x1506710c0_0 .var "dout", 7 0;
v0x150671190_0 .net "ren", 0 0, L_0x150681340;  1 drivers
v0x150671230_0 .net "wen", 0 0, L_0x150681670;  1 drivers
S_0x150671360 .scope module, "M2" "Memory" 3 48, 3 3 0, S_0x15065f850;
 .timescale -9 -12;
    .port_info 0 /INPUT 1 "clk";
    .port_info 1 /INPUT 1 "ren";
    .port_info 2 /INPUT 1 "wen";
    .port_info 3 /INPUT 7 "addr";
    .port_info 4 /INPUT 8 "din";
    .port_info 5 /OUTPUT 8 "dout";
v0x1506715b0 .array "My_Memory", 0 127, 7 0;
v0x150673400_2 .array/port v0x150673400, 2;
v0x150671650_0 .net "addr", 6 0, v0x150673400_2;  1 drivers
v0x150671700_0 .net "clk", 0 0, v0x150680640_0;  alias, 1 drivers
v0x1506717f0_0 .net "din", 7 0, v0x1506806e0_0;  alias, 1 drivers
v0x1506718c0_0 .var "dout", 7 0;
v0x150671990_0 .net "ren", 0 0, L_0x150681970;  1 drivers
v0x150671a20_0 .net "wen", 0 0, L_0x150681c70;  1 drivers
S_0x150671b40 .scope module, "M3" "Memory" 3 49, 3 3 0, S_0x15065f850;
 .timescale -9 -12;
    .port_info 0 /INPUT 1 "clk";
    .port_info 1 /INPUT 1 "ren";
    .port_info 2 /INPUT 1 "wen";
    .port_info 3 /INPUT 7 "addr";
    .port_info 4 /INPUT 8 "din";
    .port_info 5 /OUTPUT 8 "dout";
v0x150671d90 .array "My_Memory", 0 127, 7 0;
v0x150673400_3 .array/port v0x150673400, 3;
v0x150671e20_0 .net "addr", 6 0, v0x150673400_3;  1 drivers
v0x150671ed0_0 .net "clk", 0 0, v0x150680640_0;  alias, 1 drivers
v0x150671f80_0 .net "din", 7 0, v0x1506806e0_0;  alias, 1 drivers
v0x150672010_0 .var "dout", 7 0;
v0x150672100_0 .net "ren", 0 0, L_0x150681f50;  1 drivers
v0x1506721a0_0 .net "wen", 0 0, L_0x1506822c0;  1 drivers
S_0x150673c70 .scope module, "B1" "Bank" 3 73, 3 26 0, S_0x150661f20;
 .timescale -9 -12;
    .port_info 0 /INPUT 1 "clk";
    .port_info 1 /INPUT 1 "ren";
    .port_info 2 /INPUT 1 "wen";
    .port_info 3 /INPUT 9 "waddr";
    .port_info 4 /INPUT 9 "raddr";
    .port_info 5 /INPUT 8 "din";
    .port_info 6 /OUTPUT 8 "dout";
L_0x150682cd0 .functor AND 1, L_0x150684620, L_0x150682bb0, C4<1>, C4<1>;
L_0x150682fe0 .functor AND 1, L_0x1506848e0, L_0x150682ea0, C4<1>, C4<1>;
L_0x1506832e0 .functor AND 1, L_0x150684620, L_0x1506831c0, C4<1>, C4<1>;
L_0x150683610 .functor AND 1, L_0x1506848e0, L_0x1506834f0, C4<1>, C4<1>;
L_0x150683910 .functor AND 1, L_0x150684620, L_0x1506837f0, C4<1>, C4<1>;
L_0x150683be0 .functor AND 1, L_0x1506848e0, L_0x150683ac0, C4<1>, C4<1>;
L_0x150683fc0 .functor AND 1, L_0x150684620, L_0x150683f20, C4<1>, C4<1>;
L_0x1506842f0 .functor AND 1, L_0x1506848e0, L_0x150684250, C4<1>, C4<1>;
v0x150675f00_0 .net *"_ivl_1", 1 0, L_0x150682b10;  1 drivers
L_0x158078328 .functor BUFT 1, C4<00>, C4<0>, C4<0>, C4<0>;
v0x150675fa0_0 .net/2u *"_ivl_10", 1 0, L_0x158078328;  1 drivers
v0x150676040_0 .net *"_ivl_12", 0 0, L_0x150682ea0;  1 drivers
v0x1506760d0_0 .net *"_ivl_19", 1 0, L_0x1506830b0;  1 drivers
L_0x1580782e0 .functor BUFT 1, C4<00>, C4<0>, C4<0>, C4<0>;
v0x150676180_0 .net/2u *"_ivl_2", 1 0, L_0x1580782e0;  1 drivers
L_0x158078370 .functor BUFT 1, C4<01>, C4<0>, C4<0>, C4<0>;
v0x150676270_0 .net/2u *"_ivl_20", 1 0, L_0x158078370;  1 drivers
v0x150676320_0 .net *"_ivl_22", 0 0, L_0x1506831c0;  1 drivers
v0x1506763c0_0 .net *"_ivl_27", 1 0, L_0x1506833d0;  1 drivers
L_0x1580783b8 .functor BUFT 1, C4<01>, C4<0>, C4<0>, C4<0>;
v0x150676470_0 .net/2u *"_ivl_28", 1 0, L_0x1580783b8;  1 drivers
v0x150676580_0 .net *"_ivl_30", 0 0, L_0x1506834f0;  1 drivers
v0x150676620_0 .net *"_ivl_37", 1 0, L_0x150683700;  1 drivers
L_0x158078400 .functor BUFT 1, C4<10>, C4<0>, C4<0>, C4<0>;
v0x1506766d0_0 .net/2u *"_ivl_38", 1 0, L_0x158078400;  1 drivers
v0x150676780_0 .net *"_ivl_4", 0 0, L_0x150682bb0;  1 drivers
v0x150676820_0 .net *"_ivl_40", 0 0, L_0x1506837f0;  1 drivers
v0x1506768c0_0 .net *"_ivl_45", 1 0, L_0x1506839c0;  1 drivers
L_0x158078448 .functor BUFT 1, C4<10>, C4<0>, C4<0>, C4<0>;
v0x150676970_0 .net/2u *"_ivl_46", 1 0, L_0x158078448;  1 drivers
v0x150676a20_0 .net *"_ivl_48", 0 0, L_0x150683ac0;  1 drivers
v0x150676bb0_0 .net *"_ivl_55", 1 0, L_0x150683c90;  1 drivers
L_0x158078490 .functor BUFT 1, C4<11>, C4<0>, C4<0>, C4<0>;
v0x150676c40_0 .net/2u *"_ivl_56", 1 0, L_0x158078490;  1 drivers
v0x150676ce0_0 .net *"_ivl_58", 0 0, L_0x150683f20;  1 drivers
v0x150676d80_0 .net *"_ivl_63", 1 0, L_0x1506840b0;  1 drivers
L_0x1580784d8 .functor BUFT 1, C4<11>, C4<0>, C4<0>, C4<0>;
v0x150676e30_0 .net/2u *"_ivl_64", 1 0, L_0x1580784d8;  1 drivers
v0x150676ee0_0 .net *"_ivl_66", 0 0, L_0x150684250;  1 drivers
v0x150676f80_0 .net *"_ivl_9", 1 0, L_0x150682da0;  1 drivers
v0x150677030 .array "addrs", 0 3, 6 0;
v0x150677110_0 .net "clk", 0 0, v0x150680640_0;  alias, 1 drivers
v0x1506771a0_0 .net "din", 7 0, v0x1506806e0_0;  alias, 1 drivers
v0x150677230_0 .var "dout", 7 0;
v0x1506772c0 .array "douts", 0 3;
v0x1506772c0_0 .net v0x1506772c0 0, 7 0, v0x150674480_0; 1 drivers
v0x1506772c0_1 .net v0x1506772c0 1, 7 0, v0x150674c10_0; 1 drivers
v0x1506772c0_2 .net v0x1506772c0 2, 7 0, v0x1506753b0_0; 1 drivers
v0x1506772c0_3 .net v0x1506772c0 3, 7 0, v0x150675d40_0; 1 drivers
v0x1506773d0_0 .net "raddr", 8 0, L_0x150684a90;  1 drivers
v0x150677460_0 .net "ren", 0 0, L_0x150684620;  1 drivers
v0x1506774f0_0 .net "waddr", 8 0, L_0x150684990;  1 drivers
v0x150677590_0 .net "wen", 0 0, L_0x1506848e0;  1 drivers
E_0x150672f50 .event edge, v0x150675d40_0, v0x1506753b0_0, v0x150674c10_0, v0x150674480_0;
E_0x150673f00 .event edge, v0x150677460_0, v0x1506773d0_0, v0x150677590_0, v0x1506774f0_0;
L_0x150682b10 .part L_0x150684a90, 7, 2;
L_0x150682bb0 .cmp/eq 2, L_0x150682b10, L_0x1580782e0;
L_0x150682da0 .part L_0x150684990, 7, 2;
L_0x150682ea0 .cmp/eq 2, L_0x150682da0, L_0x158078328;
L_0x1506830b0 .part L_0x150684a90, 7, 2;
L_0x1506831c0 .cmp/eq 2, L_0x1506830b0, L_0x158078370;
L_0x1506833d0 .part L_0x150684990, 7, 2;
L_0x1506834f0 .cmp/eq 2, L_0x1506833d0, L_0x1580783b8;
L_0x150683700 .part L_0x150684a90, 7, 2;
L_0x1506837f0 .cmp/eq 2, L_0x150683700, L_0x158078400;
L_0x1506839c0 .part L_0x150684990, 7, 2;
L_0x150683ac0 .cmp/eq 2, L_0x1506839c0, L_0x158078448;
L_0x150683c90 .part L_0x150684a90, 7, 2;
L_0x150683f20 .cmp/eq 2, L_0x150683c90, L_0x158078490;
L_0x1506840b0 .part L_0x150684990, 7, 2;
L_0x150684250 .cmp/eq 2, L_0x1506840b0, L_0x1580784d8;
S_0x150673f50 .scope module, "M0" "Memory" 3 46, 3 3 0, S_0x150673c70;
 .timescale -9 -12;
    .port_info 0 /INPUT 1 "clk";
    .port_info 1 /INPUT 1 "ren";
    .port_info 2 /INPUT 1 "wen";
    .port_info 3 /INPUT 7 "addr";
    .port_info 4 /INPUT 8 "din";
    .port_info 5 /OUTPUT 8 "dout";
v0x1506741e0 .array "My_Memory", 0 127, 7 0;
v0x150677030_0 .array/port v0x150677030, 0;
v0x150674290_0 .net "addr", 6 0, v0x150677030_0;  1 drivers
v0x150674340_0 .net "clk", 0 0, v0x150680640_0;  alias, 1 drivers
v0x1506743f0_0 .net "din", 7 0, v0x1506806e0_0;  alias, 1 drivers
v0x150674480_0 .var "dout", 7 0;
v0x150674570_0 .net "ren", 0 0, L_0x150682cd0;  1 drivers
v0x150674610_0 .net "wen", 0 0, L_0x150682fe0;  1 drivers
S_0x150674740 .scope module, "M1" "Memory" 3 47, 3 3 0, S_0x150673c70;
 .timescale -9 -12;
    .port_info 0 /INPUT 1 "clk";
    .port_info 1 /INPUT 1 "ren";
    .port_info 2 /INPUT 1 "wen";
    .port_info 3 /INPUT 7 "addr";
    .port_info 4 /INPUT 8 "din";
    .port_info 5 /OUTPUT 8 "dout";
v0x150674990 .array "My_Memory", 0 127, 7 0;
v0x150677030_1 .array/port v0x150677030, 1;
v0x150674a20_0 .net "addr", 6 0, v0x150677030_1;  1 drivers
v0x150674ad0_0 .net "clk", 0 0, v0x150680640_0;  alias, 1 drivers
v0x150674b80_0 .net "din", 7 0, v0x1506806e0_0;  alias, 1 drivers
v0x150674c10_0 .var "dout", 7 0;
v0x150674d00_0 .net "ren", 0 0, L_0x1506832e0;  1 drivers
v0x150674da0_0 .net "wen", 0 0, L_0x150683610;  1 drivers
S_0x150674ed0 .scope module, "M2" "Memory" 3 48, 3 3 0, S_0x150673c70;
 .timescale -9 -12;
    .port_info 0 /INPUT 1 "clk";
    .port_info 1 /INPUT 1 "ren";
    .port_info 2 /INPUT 1 "wen";
    .port_info 3 /INPUT 7 "addr";
    .port_info 4 /INPUT 8 "din";
    .port_info 5 /OUTPUT 8 "dout";
v0x150675120 .array "My_Memory", 0 127, 7 0;
v0x150677030_2 .array/port v0x150677030, 2;
v0x1506751c0_0 .net "addr", 6 0, v0x150677030_2;  1 drivers
v0x150675270_0 .net "clk", 0 0, v0x150680640_0;  alias, 1 drivers
v0x150675320_0 .net "din", 7 0, v0x1506806e0_0;  alias, 1 drivers
v0x1506753b0_0 .var "dout", 7 0;
v0x1506754a0_0 .net "ren", 0 0, L_0x150683910;  1 drivers
v0x150675540_0 .net "wen", 0 0, L_0x150683be0;  1 drivers
S_0x150675670 .scope module, "M3" "Memory" 3 49, 3 3 0, S_0x150673c70;
 .timescale -9 -12;
    .port_info 0 /INPUT 1 "clk";
    .port_info 1 /INPUT 1 "ren";
    .port_info 2 /INPUT 1 "wen";
    .port_info 3 /INPUT 7 "addr";
    .port_info 4 /INPUT 8 "din";
    .port_info 5 /OUTPUT 8 "dout";
v0x1506758c0 .array "My_Memory", 0 127, 7 0;
v0x150677030_3 .array/port v0x150677030, 3;
v0x150675950_0 .net "addr", 6 0, v0x150677030_3;  1 drivers
v0x150675a00_0 .net "clk", 0 0, v0x150680640_0;  alias, 1 drivers
v0x150675bb0_0 .net "din", 7 0, v0x1506806e0_0;  alias, 1 drivers
v0x150675d40_0 .var "dout", 7 0;
v0x150675dd0_0 .net "ren", 0 0, L_0x150683fc0;  1 drivers
v0x150675e60_0 .net "wen", 0 0, L_0x1506842f0;  1 drivers
S_0x150677820 .scope module, "B2" "Bank" 3 74, 3 26 0, S_0x150661f20;
 .timescale -9 -12;
    .port_info 0 /INPUT 1 "clk";
    .port_info 1 /INPUT 1 "ren";
    .port_info 2 /INPUT 1 "wen";
    .port_info 3 /INPUT 9 "waddr";
    .port_info 4 /INPUT 9 "raddr";
    .port_info 5 /INPUT 8 "din";
    .port_info 6 /OUTPUT 8 "dout";
L_0x150684cf0 .functor AND 1, L_0x150686570, L_0x150684bd0, C4<1>, C4<1>;
L_0x150685000 .functor AND 1, L_0x150686860, L_0x150684ec0, C4<1>, C4<1>;
L_0x150685300 .functor AND 1, L_0x150686570, L_0x1506851e0, C4<1>, C4<1>;
L_0x150685630 .functor AND 1, L_0x150686860, L_0x150685510, C4<1>, C4<1>;
L_0x150685930 .functor AND 1, L_0x150686570, L_0x150685810, C4<1>, C4<1>;
L_0x150685c00 .functor AND 1, L_0x150686860, L_0x150685ae0, C4<1>, C4<1>;
L_0x150685f20 .functor AND 1, L_0x150686570, L_0x150685e40, C4<1>, C4<1>;
L_0x150686290 .functor AND 1, L_0x150686860, L_0x1506861f0, C4<1>, C4<1>;
v0x1506799c0_0 .net *"_ivl_1", 1 0, L_0x150684b30;  1 drivers
L_0x1580785f8 .functor BUFT 1, C4<00>, C4<0>, C4<0>, C4<0>;
v0x150679a60_0 .net/2u *"_ivl_10", 1 0, L_0x1580785f8;  1 drivers
v0x150679b00_0 .net *"_ivl_12", 0 0, L_0x150684ec0;  1 drivers
v0x150679b90_0 .net *"_ivl_19", 1 0, L_0x1506850d0;  1 drivers
L_0x1580785b0 .functor BUFT 1, C4<00>, C4<0>, C4<0>, C4<0>;
v0x150679c40_0 .net/2u *"_ivl_2", 1 0, L_0x1580785b0;  1 drivers
L_0x158078640 .functor BUFT 1, C4<01>, C4<0>, C4<0>, C4<0>;
v0x150679d30_0 .net/2u *"_ivl_20", 1 0, L_0x158078640;  1 drivers
v0x150679de0_0 .net *"_ivl_22", 0 0, L_0x1506851e0;  1 drivers
v0x150679e80_0 .net *"_ivl_27", 1 0, L_0x1506853f0;  1 drivers
L_0x158078688 .functor BUFT 1, C4<01>, C4<0>, C4<0>, C4<0>;
v0x150679f30_0 .net/2u *"_ivl_28", 1 0, L_0x158078688;  1 drivers
v0x15067a040_0 .net *"_ivl_30", 0 0, L_0x150685510;  1 drivers
v0x15067a0e0_0 .net *"_ivl_37", 1 0, L_0x150685720;  1 drivers
L_0x1580786d0 .functor BUFT 1, C4<10>, C4<0>, C4<0>, C4<0>;
v0x15067a190_0 .net/2u *"_ivl_38", 1 0, L_0x1580786d0;  1 drivers
v0x15067a240_0 .net *"_ivl_4", 0 0, L_0x150684bd0;  1 drivers
v0x15067a2e0_0 .net *"_ivl_40", 0 0, L_0x150685810;  1 drivers
v0x15067a380_0 .net *"_ivl_45", 1 0, L_0x1506859e0;  1 drivers
L_0x158078718 .functor BUFT 1, C4<10>, C4<0>, C4<0>, C4<0>;
v0x15067a430_0 .net/2u *"_ivl_46", 1 0, L_0x158078718;  1 drivers
v0x15067a4e0_0 .net *"_ivl_48", 0 0, L_0x150685ae0;  1 drivers
v0x15067a670_0 .net *"_ivl_55", 1 0, L_0x150685cb0;  1 drivers
L_0x158078760 .functor BUFT 1, C4<11>, C4<0>, C4<0>, C4<0>;
v0x15067a700_0 .net/2u *"_ivl_56", 1 0, L_0x158078760;  1 drivers
v0x15067a7a0_0 .net *"_ivl_58", 0 0, L_0x150685e40;  1 drivers
v0x15067a840_0 .net *"_ivl_63", 1 0, L_0x150686050;  1 drivers
L_0x1580787a8 .functor BUFT 1, C4<11>, C4<0>, C4<0>, C4<0>;
v0x15067a8f0_0 .net/2u *"_ivl_64", 1 0, L_0x1580787a8;  1 drivers
v0x15067a9a0_0 .net *"_ivl_66", 0 0, L_0x1506861f0;  1 drivers
v0x15067aa40_0 .net *"_ivl_9", 1 0, L_0x150684dc0;  1 drivers
v0x15067aaf0 .array "addrs", 0 3, 6 0;
v0x15067abd0_0 .net "clk", 0 0, v0x150680640_0;  alias, 1 drivers
v0x15067ac60_0 .net "din", 7 0, v0x1506806e0_0;  alias, 1 drivers
v0x15067acf0_0 .var "dout", 7 0;
v0x15067ad80 .array "douts", 0 3;
v0x15067ad80_0 .net v0x15067ad80 0, 7 0, v0x150678040_0; 1 drivers
v0x15067ad80_1 .net v0x15067ad80 1, 7 0, v0x1506787d0_0; 1 drivers
v0x15067ad80_2 .net v0x15067ad80 2, 7 0, v0x150678f70_0; 1 drivers
v0x15067ad80_3 .net v0x15067ad80 3, 7 0, v0x150679700_0; 1 drivers
v0x15067ae90_0 .net "raddr", 8 0, L_0x150686a80;  1 drivers
v0x15067af20_0 .net "ren", 0 0, L_0x150686570;  1 drivers
v0x15067afb0_0 .net "waddr", 8 0, L_0x150686950;  1 drivers
v0x15067b050_0 .net "wen", 0 0, L_0x150686860;  1 drivers
E_0x150677a90 .event edge, v0x150679700_0, v0x150678f70_0, v0x1506787d0_0, v0x150678040_0;
E_0x150677ac0 .event edge, v0x15067af20_0, v0x15067ae90_0, v0x15067b050_0, v0x15067afb0_0;
L_0x150684b30 .part L_0x150686a80, 7, 2;
L_0x150684bd0 .cmp/eq 2, L_0x150684b30, L_0x1580785b0;
L_0x150684dc0 .part L_0x150686950, 7, 2;
L_0x150684ec0 .cmp/eq 2, L_0x150684dc0, L_0x1580785f8;
L_0x1506850d0 .part L_0x150686a80, 7, 2;
L_0x1506851e0 .cmp/eq 2, L_0x1506850d0, L_0x158078640;
L_0x1506853f0 .part L_0x150686950, 7, 2;
L_0x150685510 .cmp/eq 2, L_0x1506853f0, L_0x158078688;
L_0x150685720 .part L_0x150686a80, 7, 2;
L_0x150685810 .cmp/eq 2, L_0x150685720, L_0x1580786d0;
L_0x1506859e0 .part L_0x150686950, 7, 2;
L_0x150685ae0 .cmp/eq 2, L_0x1506859e0, L_0x158078718;
L_0x150685cb0 .part L_0x150686a80, 7, 2;
L_0x150685e40 .cmp/eq 2, L_0x150685cb0, L_0x158078760;
L_0x150686050 .part L_0x150686950, 7, 2;
L_0x1506861f0 .cmp/eq 2, L_0x150686050, L_0x1580787a8;
S_0x150677b10 .scope module, "M0" "Memory" 3 46, 3 3 0, S_0x150677820;
 .timescale -9 -12;
    .port_info 0 /INPUT 1 "clk";
    .port_info 1 /INPUT 1 "ren";
    .port_info 2 /INPUT 1 "wen";
    .port_info 3 /INPUT 7 "addr";
    .port_info 4 /INPUT 8 "din";
    .port_info 5 /OUTPUT 8 "dout";
v0x150677da0 .array "My_Memory", 0 127, 7 0;
v0x15067aaf0_0 .array/port v0x15067aaf0, 0;
v0x150677e50_0 .net "addr", 6 0, v0x15067aaf0_0;  1 drivers
v0x150677f00_0 .net "clk", 0 0, v0x150680640_0;  alias, 1 drivers
v0x150677fb0_0 .net "din", 7 0, v0x1506806e0_0;  alias, 1 drivers
v0x150678040_0 .var "dout", 7 0;
v0x150678130_0 .net "ren", 0 0, L_0x150684cf0;  1 drivers
v0x1506781d0_0 .net "wen", 0 0, L_0x150685000;  1 drivers
S_0x150678300 .scope module, "M1" "Memory" 3 47, 3 3 0, S_0x150677820;
 .timescale -9 -12;
    .port_info 0 /INPUT 1 "clk";
    .port_info 1 /INPUT 1 "ren";
    .port_info 2 /INPUT 1 "wen";
    .port_info 3 /INPUT 7 "addr";
    .port_info 4 /INPUT 8 "din";
    .port_info 5 /OUTPUT 8 "dout";
v0x150678550 .array "My_Memory", 0 127, 7 0;
v0x15067aaf0_1 .array/port v0x15067aaf0, 1;
v0x1506785e0_0 .net "addr", 6 0, v0x15067aaf0_1;  1 drivers
v0x150678690_0 .net "clk", 0 0, v0x150680640_0;  alias, 1 drivers
v0x150678740_0 .net "din", 7 0, v0x1506806e0_0;  alias, 1 drivers
v0x1506787d0_0 .var "dout", 7 0;
v0x1506788c0_0 .net "ren", 0 0, L_0x150685300;  1 drivers
v0x150678960_0 .net "wen", 0 0, L_0x150685630;  1 drivers
S_0x150678a90 .scope module, "M2" "Memory" 3 48, 3 3 0, S_0x150677820;
 .timescale -9 -12;
    .port_info 0 /INPUT 1 "clk";
    .port_info 1 /INPUT 1 "ren";
    .port_info 2 /INPUT 1 "wen";
    .port_info 3 /INPUT 7 "addr";
    .port_info 4 /INPUT 8 "din";
    .port_info 5 /OUTPUT 8 "dout";
v0x150678ce0 .array "My_Memory", 0 127, 7 0;
v0x15067aaf0_2 .array/port v0x15067aaf0, 2;
v0x150678d80_0 .net "addr", 6 0, v0x15067aaf0_2;  1 drivers
v0x150678e30_0 .net "clk", 0 0, v0x150680640_0;  alias, 1 drivers
v0x150678ee0_0 .net "din", 7 0, v0x1506806e0_0;  alias, 1 drivers
v0x150678f70_0 .var "dout", 7 0;
v0x150679060_0 .net "ren", 0 0, L_0x150685930;  1 drivers
v0x150679100_0 .net "wen", 0 0, L_0x150685c00;  1 drivers
S_0x150679230 .scope module, "M3" "Memory" 3 49, 3 3 0, S_0x150677820;
 .timescale -9 -12;
    .port_info 0 /INPUT 1 "clk";
    .port_info 1 /INPUT 1 "ren";
    .port_info 2 /INPUT 1 "wen";
    .port_info 3 /INPUT 7 "addr";
    .port_info 4 /INPUT 8 "din";
    .port_info 5 /OUTPUT 8 "dout";
v0x150679480 .array "My_Memory", 0 127, 7 0;
v0x15067aaf0_3 .array/port v0x15067aaf0, 3;
v0x150679510_0 .net "addr", 6 0, v0x15067aaf0_3;  1 drivers
v0x1506795c0_0 .net "clk", 0 0, v0x150680640_0;  alias, 1 drivers
v0x150679670_0 .net "din", 7 0, v0x1506806e0_0;  alias, 1 drivers
v0x150679700_0 .var "dout", 7 0;
v0x1506797f0_0 .net "ren", 0 0, L_0x150685f20;  1 drivers
v0x150679890_0 .net "wen", 0 0, L_0x150686290;  1 drivers
S_0x15067b2e0 .scope module, "B3" "Bank" 3 75, 3 26 0, S_0x150661f20;
 .timescale -9 -12;
    .port_info 0 /INPUT 1 "clk";
    .port_info 1 /INPUT 1 "ren";
    .port_info 2 /INPUT 1 "wen";
    .port_info 3 /INPUT 9 "waddr";
    .port_info 4 /INPUT 9 "raddr";
    .port_info 5 /INPUT 8 "din";
    .port_info 6 /OUTPUT 8 "dout";
L_0x150686ca0 .functor AND 1, L_0x1506869f0, L_0x150686bc0, C4<1>, C4<1>;
L_0x150686f90 .functor AND 1, L_0x1506889a0, L_0x150686e50, C4<1>, C4<1>;
L_0x1506873b0 .functor AND 1, L_0x1506869f0, L_0x150683e10, C4<1>, C4<1>;
L_0x1506876e0 .functor AND 1, L_0x1506889a0, L_0x1506875c0, C4<1>, C4<1>;
L_0x1506879a0 .functor AND 1, L_0x1506869f0, L_0x1506878c0, C4<1>, C4<1>;
L_0x150687c70 .functor AND 1, L_0x1506889a0, L_0x150687b50, C4<1>, C4<1>;
L_0x150687f90 .functor AND 1, L_0x1506869f0, L_0x150687eb0, C4<1>, C4<1>;
L_0x150688300 .functor AND 1, L_0x1506889a0, L_0x150688260, C4<1>, C4<1>;
v0x15067d670_0 .net *"_ivl_1", 1 0, L_0x150686b20;  1 drivers
L_0x1580788c8 .functor BUFT 1, C4<00>, C4<0>, C4<0>, C4<0>;
v0x15067d710_0 .net/2u *"_ivl_10", 1 0, L_0x1580788c8;  1 drivers
v0x15067d7b0_0 .net *"_ivl_12", 0 0, L_0x150686e50;  1 drivers
v0x15067d840_0 .net *"_ivl_19", 1 0, L_0x150687060;  1 drivers
L_0x158078880 .functor BUFT 1, C4<00>, C4<0>, C4<0>, C4<0>;
v0x15067d8f0_0 .net/2u *"_ivl_2", 1 0, L_0x158078880;  1 drivers
L_0x158078910 .functor BUFT 1, C4<01>, C4<0>, C4<0>, C4<0>;
v0x15067d9e0_0 .net/2u *"_ivl_20", 1 0, L_0x158078910;  1 drivers
v0x15067da90_0 .net *"_ivl_22", 0 0, L_0x150683e10;  1 drivers
v0x15067db30_0 .net *"_ivl_27", 1 0, L_0x1506874a0;  1 drivers
L_0x158078958 .functor BUFT 1, C4<01>, C4<0>, C4<0>, C4<0>;
v0x15067dbe0_0 .net/2u *"_ivl_28", 1 0, L_0x158078958;  1 drivers
v0x15067dcf0_0 .net *"_ivl_30", 0 0, L_0x1506875c0;  1 drivers
v0x15067dd90_0 .net *"_ivl_37", 1 0, L_0x1506877d0;  1 drivers
L_0x1580789a0 .functor BUFT 1, C4<10>, C4<0>, C4<0>, C4<0>;
v0x15067de40_0 .net/2u *"_ivl_38", 1 0, L_0x1580789a0;  1 drivers
v0x15067def0_0 .net *"_ivl_4", 0 0, L_0x150686bc0;  1 drivers
v0x15067df90_0 .net *"_ivl_40", 0 0, L_0x1506878c0;  1 drivers
v0x15067e030_0 .net *"_ivl_45", 1 0, L_0x150687a50;  1 drivers
L_0x1580789e8 .functor BUFT 1, C4<10>, C4<0>, C4<0>, C4<0>;
v0x15067e0e0_0 .net/2u *"_ivl_46", 1 0, L_0x1580789e8;  1 drivers
v0x15067e190_0 .net *"_ivl_48", 0 0, L_0x150687b50;  1 drivers
v0x15067e320_0 .net *"_ivl_55", 1 0, L_0x150687d20;  1 drivers
L_0x158078a30 .functor BUFT 1, C4<11>, C4<0>, C4<0>, C4<0>;
v0x15067e3b0_0 .net/2u *"_ivl_56", 1 0, L_0x158078a30;  1 drivers
v0x15067e450_0 .net *"_ivl_58", 0 0, L_0x150687eb0;  1 drivers
v0x15067e4f0_0 .net *"_ivl_63", 1 0, L_0x1506880c0;  1 drivers
L_0x158078a78 .functor BUFT 1, C4<11>, C4<0>, C4<0>, C4<0>;
v0x15067e5a0_0 .net/2u *"_ivl_64", 1 0, L_0x158078a78;  1 drivers
v0x15067e650_0 .net *"_ivl_66", 0 0, L_0x150688260;  1 drivers
v0x15067e6f0_0 .net *"_ivl_9", 1 0, L_0x150686d50;  1 drivers
v0x15067e7a0 .array "addrs", 0 3, 6 0;
v0x15067e880_0 .net "clk", 0 0, v0x150680640_0;  alias, 1 drivers
v0x15067e910_0 .net "din", 7 0, v0x1506806e0_0;  alias, 1 drivers
v0x15067e9a0_0 .var "dout", 7 0;
v0x15067ea30 .array "douts", 0 3;
v0x15067ea30_0 .net v0x15067ea30 0, 7 0, v0x15067baf0_0; 1 drivers
v0x15067ea30_1 .net v0x15067ea30 1, 7 0, v0x150675c40_0; 1 drivers
v0x15067ea30_2 .net v0x15067ea30 2, 7 0, v0x15067cc20_0; 1 drivers
v0x15067ea30_3 .net v0x15067ea30 3, 7 0, v0x15067d3b0_0; 1 drivers
v0x15067eb40_0 .net "raddr", 8 0, L_0x150688bb0;  1 drivers
v0x15067ebd0_0 .net "ren", 0 0, L_0x1506869f0;  1 drivers
v0x15067ec60_0 .net "waddr", 8 0, L_0x150688a50;  1 drivers
v0x15067ed00_0 .net "wen", 0 0, L_0x1506889a0;  1 drivers
E_0x15067a630 .event edge, v0x15067d3b0_0, v0x15067cc20_0, v0x150675c40_0, v0x15067baf0_0;
E_0x15067b570 .event edge, v0x15067ebd0_0, v0x15067eb40_0, v0x15067ed00_0, v0x15067ec60_0;
L_0x150686b20 .part L_0x150688bb0, 7, 2;
L_0x150686bc0 .cmp/eq 2, L_0x150686b20, L_0x158078880;
L_0x150686d50 .part L_0x150688a50, 7, 2;
L_0x150686e50 .cmp/eq 2, L_0x150686d50, L_0x1580788c8;
L_0x150687060 .part L_0x150688bb0, 7, 2;
L_0x150683e10 .cmp/eq 2, L_0x150687060, L_0x158078910;
L_0x1506874a0 .part L_0x150688a50, 7, 2;
L_0x1506875c0 .cmp/eq 2, L_0x1506874a0, L_0x158078958;
L_0x1506877d0 .part L_0x150688bb0, 7, 2;
L_0x1506878c0 .cmp/eq 2, L_0x1506877d0, L_0x1580789a0;
L_0x150687a50 .part L_0x150688a50, 7, 2;
L_0x150687b50 .cmp/eq 2, L_0x150687a50, L_0x1580789e8;
L_0x150687d20 .part L_0x150688bb0, 7, 2;
L_0x150687eb0 .cmp/eq 2, L_0x150687d20, L_0x158078a30;
L_0x1506880c0 .part L_0x150688a50, 7, 2;
L_0x150688260 .cmp/eq 2, L_0x1506880c0, L_0x158078a78;
S_0x15067b5c0 .scope module, "M0" "Memory" 3 46, 3 3 0, S_0x15067b2e0;
 .timescale -9 -12;
    .port_info 0 /INPUT 1 "clk";
    .port_info 1 /INPUT 1 "ren";
    .port_info 2 /INPUT 1 "wen";
    .port_info 3 /INPUT 7 "addr";
    .port_info 4 /INPUT 8 "din";
    .port_info 5 /OUTPUT 8 "dout";
v0x15067b850 .array "My_Memory", 0 127, 7 0;
v0x15067e7a0_0 .array/port v0x15067e7a0, 0;
v0x15067b900_0 .net "addr", 6 0, v0x15067e7a0_0;  1 drivers
v0x15067b9b0_0 .net "clk", 0 0, v0x150680640_0;  alias, 1 drivers
v0x15067ba60_0 .net "din", 7 0, v0x1506806e0_0;  alias, 1 drivers
v0x15067baf0_0 .var "dout", 7 0;
v0x15067bbe0_0 .net "ren", 0 0, L_0x150686ca0;  1 drivers
v0x15067bc80_0 .net "wen", 0 0, L_0x150686f90;  1 drivers
S_0x15067bdb0 .scope module, "M1" "Memory" 3 47, 3 3 0, S_0x15067b2e0;
 .timescale -9 -12;
    .port_info 0 /INPUT 1 "clk";
    .port_info 1 /INPUT 1 "ren";
    .port_info 2 /INPUT 1 "wen";
    .port_info 3 /INPUT 7 "addr";
    .port_info 4 /INPUT 8 "din";
    .port_info 5 /OUTPUT 8 "dout";
v0x15067c000 .array "My_Memory", 0 127, 7 0;
v0x15067e7a0_1 .array/port v0x15067e7a0, 1;
v0x15067c090_0 .net "addr", 6 0, v0x15067e7a0_1;  1 drivers
v0x15067c140_0 .net "clk", 0 0, v0x150680640_0;  alias, 1 drivers
v0x150675ab0_0 .net "din", 7 0, v0x1506806e0_0;  alias, 1 drivers
v0x150675c40_0 .var "dout", 7 0;
v0x15067c5f0_0 .net "ren", 0 0, L_0x1506873b0;  1 drivers
v0x15067c680_0 .net "wen", 0 0, L_0x1506876e0;  1 drivers
S_0x15067c740 .scope module, "M2" "Memory" 3 48, 3 3 0, S_0x15067b2e0;
 .timescale -9 -12;
    .port_info 0 /INPUT 1 "clk";
    .port_info 1 /INPUT 1 "ren";
    .port_info 2 /INPUT 1 "wen";
    .port_info 3 /INPUT 7 "addr";
    .port_info 4 /INPUT 8 "din";
    .port_info 5 /OUTPUT 8 "dout";
v0x15067c990 .array "My_Memory", 0 127, 7 0;
v0x15067e7a0_2 .array/port v0x15067e7a0, 2;
v0x15067ca30_0 .net "addr", 6 0, v0x15067e7a0_2;  1 drivers
v0x15067cae0_0 .net "clk", 0 0, v0x150680640_0;  alias, 1 drivers
v0x15067cb90_0 .net "din", 7 0, v0x1506806e0_0;  alias, 1 drivers
v0x15067cc20_0 .var "dout", 7 0;
v0x15067cd10_0 .net "ren", 0 0, L_0x1506879a0;  1 drivers
v0x15067cdb0_0 .net "wen", 0 0, L_0x150687c70;  1 drivers
S_0x15067cee0 .scope module, "M3" "Memory" 3 49, 3 3 0, S_0x15067b2e0;
 .timescale -9 -12;
    .port_info 0 /INPUT 1 "clk";
    .port_info 1 /INPUT 1 "ren";
    .port_info 2 /INPUT 1 "wen";
    .port_info 3 /INPUT 7 "addr";
    .port_info 4 /INPUT 8 "din";
    .port_info 5 /OUTPUT 8 "dout";
v0x15067d130 .array "My_Memory", 0 127, 7 0;
v0x15067e7a0_3 .array/port v0x15067e7a0, 3;
v0x15067d1c0_0 .net "addr", 6 0, v0x15067e7a0_3;  1 drivers
v0x15067d270_0 .net "clk", 0 0, v0x150680640_0;  alias, 1 drivers
v0x15067d320_0 .net "din", 7 0, v0x1506806e0_0;  alias, 1 drivers
v0x15067d3b0_0 .var "dout", 7 0;
v0x15067d4a0_0 .net "ren", 0 0, L_0x150687f90;  1 drivers
v0x15067d540_0 .net "wen", 0 0, L_0x150688300;  1 drivers
    .scope S_0x150656640;
T_0 ;
    %wait E_0x15064f5f0;
    %load/vec4 v0x1506709e0_0;
    %flag_set/vec4 8;
    %jmp/0xz  T_0.0, 8;
    %load/vec4 v0x15066c250_0;
    %pad/u 9;
    %ix/vec4 4;
    %load/vec4a v0x15066bdb0, 4;
    %store/vec4 v0x1506708f0_0, 0, 8;
    %jmp T_0.1;
T_0.0 ;
    %load/vec4 v0x150670a80_0;
    %flag_set/vec4 8;
    %jmp/0xz  T_0.2, 8;
    %load/vec4 v0x150670840_0;
    %load/vec4 v0x15066c250_0;
    %pad/u 9;
    %ix/vec4 4;
    %store/vec4a v0x15066bdb0, 4, 0;
    %pushi/vec4 0, 0, 8;
    %store/vec4 v0x1506708f0_0, 0, 8;
    %jmp T_0.3;
T_0.2 ;
    %pushi/vec4 0, 0, 8;
    %store/vec4 v0x1506708f0_0, 0, 8;
T_0.3 ;
T_0.1 ;
    %jmp T_0;
    .thread T_0;
    .scope S_0x150670bb0;
T_1 ;
    %wait E_0x15064f5f0;
    %load/vec4 v0x150671190_0;
    %flag_set/vec4 8;
    %jmp/0xz  T_1.0, 8;
    %load/vec4 v0x150670e90_0;
    %pad/u 9;
    %ix/vec4 4;
    %load/vec4a v0x150670e00, 4;
    %store/vec4 v0x1506710c0_0, 0, 8;
    %jmp T_1.1;
T_1.0 ;
    %load/vec4 v0x150671230_0;
    %flag_set/vec4 8;
    %jmp/0xz  T_1.2, 8;
    %load/vec4 v0x150671010_0;
    %load/vec4 v0x150670e90_0;
    %pad/u 9;
    %ix/vec4 4;
    %store/vec4a v0x150670e00, 4, 0;
    %pushi/vec4 0, 0, 8;
    %store/vec4 v0x1506710c0_0, 0, 8;
    %jmp T_1.3;
T_1.2 ;
    %pushi/vec4 0, 0, 8;
    %store/vec4 v0x1506710c0_0, 0, 8;
T_1.3 ;
T_1.1 ;
    %jmp T_1;
    .thread T_1;
    .scope S_0x150671360;
T_2 ;
    %wait E_0x15064f5f0;
    %load/vec4 v0x150671990_0;
    %flag_set/vec4 8;
    %jmp/0xz  T_2.0, 8;
    %load/vec4 v0x150671650_0;
    %pad/u 9;
    %ix/vec4 4;
    %load/vec4a v0x1506715b0, 4;
    %store/vec4 v0x1506718c0_0, 0, 8;
    %jmp T_2.1;
T_2.0 ;
    %load/vec4 v0x150671a20_0;
    %flag_set/vec4 8;
    %jmp/0xz  T_2.2, 8;
    %load/vec4 v0x1506717f0_0;
    %load/vec4 v0x150671650_0;
    %pad/u 9;
    %ix/vec4 4;
    %store/vec4a v0x1506715b0, 4, 0;
    %pushi/vec4 0, 0, 8;
    %store/vec4 v0x1506718c0_0, 0, 8;
    %jmp T_2.3;
T_2.2 ;
    %pushi/vec4 0, 0, 8;
    %store/vec4 v0x1506718c0_0, 0, 8;
T_2.3 ;
T_2.1 ;
    %jmp T_2;
    .thread T_2;
    .scope S_0x150671b40;
T_3 ;
    %wait E_0x15064f5f0;
    %load/vec4 v0x150672100_0;
    %flag_set/vec4 8;
    %jmp/0xz  T_3.0, 8;
    %load/vec4 v0x150671e20_0;
    %pad/u 9;
    %ix/vec4 4;
    %load/vec4a v0x150671d90, 4;
    %store/vec4 v0x150672010_0, 0, 8;
    %jmp T_3.1;
T_3.0 ;
    %load/vec4 v0x1506721a0_0;
    %flag_set/vec4 8;
    %jmp/0xz  T_3.2, 8;
    %load/vec4 v0x150671f80_0;
    %load/vec4 v0x150671e20_0;
    %pad/u 9;
    %ix/vec4 4;
    %store/vec4a v0x150671d90, 4, 0;
    %pushi/vec4 0, 0, 8;
    %store/vec4 v0x150672010_0, 0, 8;
    %jmp T_3.3;
T_3.2 ;
    %pushi/vec4 0, 0, 8;
    %store/vec4 v0x150672010_0, 0, 8;
T_3.3 ;
T_3.1 ;
    %jmp T_3;
    .thread T_3;
    .scope S_0x15065f850;
T_4 ;
    %wait E_0x15066c5b0;
    %load/vec4 v0x1506738b0_0;
    %flag_set/vec4 8;
    %jmp/0xz  T_4.0, 8;
    %load/vec4 v0x150673820_0;
    %parti/s 7, 0, 2;
    %load/vec4 v0x150673820_0;
    %parti/s 2, 7, 4;
    %pad/u 4;
    %ix/vec4 3;
    %ix/load 4, 0, 0; Constant delay
    %assign/vec4/a/d v0x150673400, 0, 4;
    %load/vec4 v0x1506739e0_0;
    %load/vec4 v0x150673940_0;
    %parti/s 2, 7, 4;
    %load/vec4 v0x150673820_0;
    %parti/s 2, 7, 4;
    %cmp/ne;
    %flag_get/vec4 4;
    %and;
    %flag_set/vec4 8;
    %jmp/0xz  T_4.2, 8;
    %load/vec4 v0x150673940_0;
    %parti/s 7, 0, 2;
    %load/vec4 v0x150673940_0;
    %parti/s 2, 7, 4;
    %pad/u 4;
    %ix/vec4 3;
    %ix/load 4, 0, 0; Constant delay
    %assign/vec4/a/d v0x150673400, 0, 4;
T_4.2 ;
    %jmp T_4.1;
T_4.0 ;
    %load/vec4 v0x1506739e0_0;
    %flag_set/vec4 8;
    %jmp/0xz  T_4.4, 8;
    %load/vec4 v0x150673940_0;
    %parti/s 7, 0, 2;
    %load/vec4 v0x150673940_0;
    %parti/s 2, 7, 4;
    %pad/u 4;
    %ix/vec4 3;
    %ix/load 4, 0, 0; Constant delay
    %assign/vec4/a/d v0x150673400, 0, 4;
T_4.4 ;
T_4.1 ;
    %jmp T_4;
    .thread T_4, $push;
    .scope S_0x15065f850;
T_5 ;
    %wait E_0x15066c1e0;
    %load/vec4 v0x1506738b0_0;
    %flag_set/vec4 8;
    %jmp/0xz  T_5.0, 8;
    %load/vec4 v0x150673820_0;
    %parti/s 2, 7, 4;
    %pad/u 4;
    %ix/vec4 4;
    %load/vec4a v0x150673790, 4;
    %store/vec4 v0x150673700_0, 0, 8;
    %jmp T_5.1;
T_5.0 ;
    %pushi/vec4 0, 0, 8;
    %store/vec4 v0x150673700_0, 0, 8;
T_5.1 ;
    %jmp T_5;
    .thread T_5, $push;
    .scope S_0x150673f50;
T_6 ;
    %wait E_0x15064f5f0;
    %load/vec4 v0x150674570_0;
    %flag_set/vec4 8;
    %jmp/0xz  T_6.0, 8;
    %load/vec4 v0x150674290_0;
    %pad/u 9;
    %ix/vec4 4;
    %load/vec4a v0x1506741e0, 4;
    %store/vec4 v0x150674480_0, 0, 8;
    %jmp T_6.1;
T_6.0 ;
    %load/vec4 v0x150674610_0;
    %flag_set/vec4 8;
    %jmp/0xz  T_6.2, 8;
    %load/vec4 v0x1506743f0_0;
    %load/vec4 v0x150674290_0;
    %pad/u 9;
    %ix/vec4 4;
    %store/vec4a v0x1506741e0, 4, 0;
    %pushi/vec4 0, 0, 8;
    %store/vec4 v0x150674480_0, 0, 8;
    %jmp T_6.3;
T_6.2 ;
    %pushi/vec4 0, 0, 8;
    %store/vec4 v0x150674480_0, 0, 8;
T_6.3 ;
T_6.1 ;
    %jmp T_6;
    .thread T_6;
    .scope S_0x150674740;
T_7 ;
    %wait E_0x15064f5f0;
    %load/vec4 v0x150674d00_0;
    %flag_set/vec4 8;
    %jmp/0xz  T_7.0, 8;
    %load/vec4 v0x150674a20_0;
    %pad/u 9;
    %ix/vec4 4;
    %load/vec4a v0x150674990, 4;
    %store/vec4 v0x150674c10_0, 0, 8;
    %jmp T_7.1;
T_7.0 ;
    %load/vec4 v0x150674da0_0;
    %flag_set/vec4 8;
    %jmp/0xz  T_7.2, 8;
    %load/vec4 v0x150674b80_0;
    %load/vec4 v0x150674a20_0;
    %pad/u 9;
    %ix/vec4 4;
    %store/vec4a v0x150674990, 4, 0;
    %pushi/vec4 0, 0, 8;
    %store/vec4 v0x150674c10_0, 0, 8;
    %jmp T_7.3;
T_7.2 ;
    %pushi/vec4 0, 0, 8;
    %store/vec4 v0x150674c10_0, 0, 8;
T_7.3 ;
T_7.1 ;
    %jmp T_7;
    .thread T_7;
    .scope S_0x150674ed0;
T_8 ;
    %wait E_0x15064f5f0;
    %load/vec4 v0x1506754a0_0;
    %flag_set/vec4 8;
    %jmp/0xz  T_8.0, 8;
    %load/vec4 v0x1506751c0_0;
    %pad/u 9;
    %ix/vec4 4;
    %load/vec4a v0x150675120, 4;
    %store/vec4 v0x1506753b0_0, 0, 8;
    %jmp T_8.1;
T_8.0 ;
    %load/vec4 v0x150675540_0;
    %flag_set/vec4 8;
    %jmp/0xz  T_8.2, 8;
    %load/vec4 v0x150675320_0;
    %load/vec4 v0x1506751c0_0;
    %pad/u 9;
    %ix/vec4 4;
    %store/vec4a v0x150675120, 4, 0;
    %pushi/vec4 0, 0, 8;
    %store/vec4 v0x1506753b0_0, 0, 8;
    %jmp T_8.3;
T_8.2 ;
    %pushi/vec4 0, 0, 8;
    %store/vec4 v0x1506753b0_0, 0, 8;
T_8.3 ;
T_8.1 ;
    %jmp T_8;
    .thread T_8;
    .scope S_0x150675670;
T_9 ;
    %wait E_0x15064f5f0;
    %load/vec4 v0x150675dd0_0;
    %flag_set/vec4 8;
    %jmp/0xz  T_9.0, 8;
    %load/vec4 v0x150675950_0;
    %pad/u 9;
    %ix/vec4 4;
    %load/vec4a v0x1506758c0, 4;
    %store/vec4 v0x150675d40_0, 0, 8;
    %jmp T_9.1;
T_9.0 ;
    %load/vec4 v0x150675e60_0;
    %flag_set/vec4 8;
    %jmp/0xz  T_9.2, 8;
    %load/vec4 v0x150675bb0_0;
    %load/vec4 v0x150675950_0;
    %pad/u 9;
    %ix/vec4 4;
    %store/vec4a v0x1506758c0, 4, 0;
    %pushi/vec4 0, 0, 8;
    %store/vec4 v0x150675d40_0, 0, 8;
    %jmp T_9.3;
T_9.2 ;
    %pushi/vec4 0, 0, 8;
    %store/vec4 v0x150675d40_0, 0, 8;
T_9.3 ;
T_9.1 ;
    %jmp T_9;
    .thread T_9;
    .scope S_0x150673c70;
T_10 ;
    %wait E_0x150673f00;
    %load/vec4 v0x150677460_0;
    %flag_set/vec4 8;
    %jmp/0xz  T_10.0, 8;
    %load/vec4 v0x1506773d0_0;
    %parti/s 7, 0, 2;
    %load/vec4 v0x1506773d0_0;
    %parti/s 2, 7, 4;
    %pad/u 4;
    %ix/vec4 3;
    %ix/load 4, 0, 0; Constant delay
    %assign/vec4/a/d v0x150677030, 0, 4;
    %load/vec4 v0x150677590_0;
    %load/vec4 v0x1506774f0_0;
    %parti/s 2, 7, 4;
    %load/vec4 v0x1506773d0_0;
    %parti/s 2, 7, 4;
    %cmp/ne;
    %flag_get/vec4 4;
    %and;
    %flag_set/vec4 8;
    %jmp/0xz  T_10.2, 8;
    %load/vec4 v0x1506774f0_0;
    %parti/s 7, 0, 2;
    %load/vec4 v0x1506774f0_0;
    %parti/s 2, 7, 4;
    %pad/u 4;
    %ix/vec4 3;
    %ix/load 4, 0, 0; Constant delay
    %assign/vec4/a/d v0x150677030, 0, 4;
T_10.2 ;
    %jmp T_10.1;
T_10.0 ;
    %load/vec4 v0x150677590_0;
    %flag_set/vec4 8;
    %jmp/0xz  T_10.4, 8;
    %load/vec4 v0x1506774f0_0;
    %parti/s 7, 0, 2;
    %load/vec4 v0x1506774f0_0;
    %parti/s 2, 7, 4;
    %pad/u 4;
    %ix/vec4 3;
    %ix/load 4, 0, 0; Constant delay
    %assign/vec4/a/d v0x150677030, 0, 4;
T_10.4 ;
T_10.1 ;
    %jmp T_10;
    .thread T_10, $push;
    .scope S_0x150673c70;
T_11 ;
    %wait E_0x150672f50;
    %load/vec4 v0x150677460_0;
    %flag_set/vec4 8;
    %jmp/0xz  T_11.0, 8;
    %load/vec4 v0x1506773d0_0;
    %parti/s 2, 7, 4;
    %pad/u 4;
    %ix/vec4 4;
    %load/vec4a v0x1506772c0, 4;
    %store/vec4 v0x150677230_0, 0, 8;
    %jmp T_11.1;
T_11.0 ;
    %pushi/vec4 0, 0, 8;
    %store/vec4 v0x150677230_0, 0, 8;
T_11.1 ;
    %jmp T_11;
    .thread T_11, $push;
    .scope S_0x150677b10;
T_12 ;
    %wait E_0x15064f5f0;
    %load/vec4 v0x150678130_0;
    %flag_set/vec4 8;
    %jmp/0xz  T_12.0, 8;
    %load/vec4 v0x150677e50_0;
    %pad/u 9;
    %ix/vec4 4;
    %load/vec4a v0x150677da0, 4;
    %store/vec4 v0x150678040_0, 0, 8;
    %jmp T_12.1;
T_12.0 ;
    %load/vec4 v0x1506781d0_0;
    %flag_set/vec4 8;
    %jmp/0xz  T_12.2, 8;
    %load/vec4 v0x150677fb0_0;
    %load/vec4 v0x150677e50_0;
    %pad/u 9;
    %ix/vec4 4;
    %store/vec4a v0x150677da0, 4, 0;
    %pushi/vec4 0, 0, 8;
    %store/vec4 v0x150678040_0, 0, 8;
    %jmp T_12.3;
T_12.2 ;
    %pushi/vec4 0, 0, 8;
    %store/vec4 v0x150678040_0, 0, 8;
T_12.3 ;
T_12.1 ;
    %jmp T_12;
    .thread T_12;
    .scope S_0x150678300;
T_13 ;
    %wait E_0x15064f5f0;
    %load/vec4 v0x1506788c0_0;
    %flag_set/vec4 8;
    %jmp/0xz  T_13.0, 8;
    %load/vec4 v0x1506785e0_0;
    %pad/u 9;
    %ix/vec4 4;
    %load/vec4a v0x150678550, 4;
    %store/vec4 v0x1506787d0_0, 0, 8;
    %jmp T_13.1;
T_13.0 ;
    %load/vec4 v0x150678960_0;
    %flag_set/vec4 8;
    %jmp/0xz  T_13.2, 8;
    %load/vec4 v0x150678740_0;
    %load/vec4 v0x1506785e0_0;
    %pad/u 9;
    %ix/vec4 4;
    %store/vec4a v0x150678550, 4, 0;
    %pushi/vec4 0, 0, 8;
    %store/vec4 v0x1506787d0_0, 0, 8;
    %jmp T_13.3;
T_13.2 ;
    %pushi/vec4 0, 0, 8;
    %store/vec4 v0x1506787d0_0, 0, 8;
T_13.3 ;
T_13.1 ;
    %jmp T_13;
    .thread T_13;
    .scope S_0x150678a90;
T_14 ;
    %wait E_0x15064f5f0;
    %load/vec4 v0x150679060_0;
    %flag_set/vec4 8;
    %jmp/0xz  T_14.0, 8;
    %load/vec4 v0x150678d80_0;
    %pad/u 9;
    %ix/vec4 4;
    %load/vec4a v0x150678ce0, 4;
    %store/vec4 v0x150678f70_0, 0, 8;
    %jmp T_14.1;
T_14.0 ;
    %load/vec4 v0x150679100_0;
    %flag_set/vec4 8;
    %jmp/0xz  T_14.2, 8;
    %load/vec4 v0x150678ee0_0;
    %load/vec4 v0x150678d80_0;
    %pad/u 9;
    %ix/vec4 4;
    %store/vec4a v0x150678ce0, 4, 0;
    %pushi/vec4 0, 0, 8;
    %store/vec4 v0x150678f70_0, 0, 8;
    %jmp T_14.3;
T_14.2 ;
    %pushi/vec4 0, 0, 8;
    %store/vec4 v0x150678f70_0, 0, 8;
T_14.3 ;
T_14.1 ;
    %jmp T_14;
    .thread T_14;
    .scope S_0x150679230;
T_15 ;
    %wait E_0x15064f5f0;
    %load/vec4 v0x1506797f0_0;
    %flag_set/vec4 8;
    %jmp/0xz  T_15.0, 8;
    %load/vec4 v0x150679510_0;
    %pad/u 9;
    %ix/vec4 4;
    %load/vec4a v0x150679480, 4;
    %store/vec4 v0x150679700_0, 0, 8;
    %jmp T_15.1;
T_15.0 ;
    %load/vec4 v0x150679890_0;
    %flag_set/vec4 8;
    %jmp/0xz  T_15.2, 8;
    %load/vec4 v0x150679670_0;
    %load/vec4 v0x150679510_0;
    %pad/u 9;
    %ix/vec4 4;
    %store/vec4a v0x150679480, 4, 0;
    %pushi/vec4 0, 0, 8;
    %store/vec4 v0x150679700_0, 0, 8;
    %jmp T_15.3;
T_15.2 ;
    %pushi/vec4 0, 0, 8;
    %store/vec4 v0x150679700_0, 0, 8;
T_15.3 ;
T_15.1 ;
    %jmp T_15;
    .thread T_15;
    .scope S_0x150677820;
T_16 ;
    %wait E_0x150677ac0;
    %load/vec4 v0x15067af20_0;
    %flag_set/vec4 8;
    %jmp/0xz  T_16.0, 8;
    %load/vec4 v0x15067ae90_0;
    %parti/s 7, 0, 2;
    %load/vec4 v0x15067ae90_0;
    %parti/s 2, 7, 4;
    %pad/u 4;
    %ix/vec4 3;
    %ix/load 4, 0, 0; Constant delay
    %assign/vec4/a/d v0x15067aaf0, 0, 4;
    %load/vec4 v0x15067b050_0;
    %load/vec4 v0x15067afb0_0;
    %parti/s 2, 7, 4;
    %load/vec4 v0x15067ae90_0;
    %parti/s 2, 7, 4;
    %cmp/ne;
    %flag_get/vec4 4;
    %and;
    %flag_set/vec4 8;
    %jmp/0xz  T_16.2, 8;
    %load/vec4 v0x15067afb0_0;
    %parti/s 7, 0, 2;
    %load/vec4 v0x15067afb0_0;
    %parti/s 2, 7, 4;
    %pad/u 4;
    %ix/vec4 3;
    %ix/load 4, 0, 0; Constant delay
    %assign/vec4/a/d v0x15067aaf0, 0, 4;
T_16.2 ;
    %jmp T_16.1;
T_16.0 ;
    %load/vec4 v0x15067b050_0;
    %flag_set/vec4 8;
    %jmp/0xz  T_16.4, 8;
    %load/vec4 v0x15067afb0_0;
    %parti/s 7, 0, 2;
    %load/vec4 v0x15067afb0_0;
    %parti/s 2, 7, 4;
    %pad/u 4;
    %ix/vec4 3;
    %ix/load 4, 0, 0; Constant delay
    %assign/vec4/a/d v0x15067aaf0, 0, 4;
T_16.4 ;
T_16.1 ;
    %jmp T_16;
    .thread T_16, $push;
    .scope S_0x150677820;
T_17 ;
    %wait E_0x150677a90;
    %load/vec4 v0x15067af20_0;
    %flag_set/vec4 8;
    %jmp/0xz  T_17.0, 8;
    %load/vec4 v0x15067ae90_0;
    %parti/s 2, 7, 4;
    %pad/u 4;
    %ix/vec4 4;
    %load/vec4a v0x15067ad80, 4;
    %store/vec4 v0x15067acf0_0, 0, 8;
    %jmp T_17.1;
T_17.0 ;
    %pushi/vec4 0, 0, 8;
    %store/vec4 v0x15067acf0_0, 0, 8;
T_17.1 ;
    %jmp T_17;
    .thread T_17, $push;
    .scope S_0x15067b5c0;
T_18 ;
    %wait E_0x15064f5f0;
    %load/vec4 v0x15067bbe0_0;
    %flag_set/vec4 8;
    %jmp/0xz  T_18.0, 8;
    %load/vec4 v0x15067b900_0;
    %pad/u 9;
    %ix/vec4 4;
    %load/vec4a v0x15067b850, 4;
    %store/vec4 v0x15067baf0_0, 0, 8;
    %jmp T_18.1;
T_18.0 ;
    %load/vec4 v0x15067bc80_0;
    %flag_set/vec4 8;
    %jmp/0xz  T_18.2, 8;
    %load/vec4 v0x15067ba60_0;
    %load/vec4 v0x15067b900_0;
    %pad/u 9;
    %ix/vec4 4;
    %store/vec4a v0x15067b850, 4, 0;
    %pushi/vec4 0, 0, 8;
    %store/vec4 v0x15067baf0_0, 0, 8;
    %jmp T_18.3;
T_18.2 ;
    %pushi/vec4 0, 0, 8;
    %store/vec4 v0x15067baf0_0, 0, 8;
T_18.3 ;
T_18.1 ;
    %jmp T_18;
    .thread T_18;
    .scope S_0x15067bdb0;
T_19 ;
    %wait E_0x15064f5f0;
    %load/vec4 v0x15067c5f0_0;
    %flag_set/vec4 8;
    %jmp/0xz  T_19.0, 8;
    %load/vec4 v0x15067c090_0;
    %pad/u 9;
    %ix/vec4 4;
    %load/vec4a v0x15067c000, 4;
    %store/vec4 v0x150675c40_0, 0, 8;
    %jmp T_19.1;
T_19.0 ;
    %load/vec4 v0x15067c680_0;
    %flag_set/vec4 8;
    %jmp/0xz  T_19.2, 8;
    %load/vec4 v0x150675ab0_0;
    %load/vec4 v0x15067c090_0;
    %pad/u 9;
    %ix/vec4 4;
    %store/vec4a v0x15067c000, 4, 0;
    %pushi/vec4 0, 0, 8;
    %store/vec4 v0x150675c40_0, 0, 8;
    %jmp T_19.3;
T_19.2 ;
    %pushi/vec4 0, 0, 8;
    %store/vec4 v0x150675c40_0, 0, 8;
T_19.3 ;
T_19.1 ;
    %jmp T_19;
    .thread T_19;
    .scope S_0x15067c740;
T_20 ;
    %wait E_0x15064f5f0;
    %load/vec4 v0x15067cd10_0;
    %flag_set/vec4 8;
    %jmp/0xz  T_20.0, 8;
    %load/vec4 v0x15067ca30_0;
    %pad/u 9;
    %ix/vec4 4;
    %load/vec4a v0x15067c990, 4;
    %store/vec4 v0x15067cc20_0, 0, 8;
    %jmp T_20.1;
T_20.0 ;
    %load/vec4 v0x15067cdb0_0;
    %flag_set/vec4 8;
    %jmp/0xz  T_20.2, 8;
    %load/vec4 v0x15067cb90_0;
    %load/vec4 v0x15067ca30_0;
    %pad/u 9;
    %ix/vec4 4;
    %store/vec4a v0x15067c990, 4, 0;
    %pushi/vec4 0, 0, 8;
    %store/vec4 v0x15067cc20_0, 0, 8;
    %jmp T_20.3;
T_20.2 ;
    %pushi/vec4 0, 0, 8;
    %store/vec4 v0x15067cc20_0, 0, 8;
T_20.3 ;
T_20.1 ;
    %jmp T_20;
    .thread T_20;
    .scope S_0x15067cee0;
T_21 ;
    %wait E_0x15064f5f0;
    %load/vec4 v0x15067d4a0_0;
    %flag_set/vec4 8;
    %jmp/0xz  T_21.0, 8;
    %load/vec4 v0x15067d1c0_0;
    %pad/u 9;
    %ix/vec4 4;
    %load/vec4a v0x15067d130, 4;
    %store/vec4 v0x15067d3b0_0, 0, 8;
    %jmp T_21.1;
T_21.0 ;
    %load/vec4 v0x15067d540_0;
    %flag_set/vec4 8;
    %jmp/0xz  T_21.2, 8;
    %load/vec4 v0x15067d320_0;
    %load/vec4 v0x15067d1c0_0;
    %pad/u 9;
    %ix/vec4 4;
    %store/vec4a v0x15067d130, 4, 0;
    %pushi/vec4 0, 0, 8;
    %store/vec4 v0x15067d3b0_0, 0, 8;
    %jmp T_21.3;
T_21.2 ;
    %pushi/vec4 0, 0, 8;
    %store/vec4 v0x15067d3b0_0, 0, 8;
T_21.3 ;
T_21.1 ;
    %jmp T_21;
    .thread T_21;
    .scope S_0x15067b2e0;
T_22 ;
    %wait E_0x15067b570;
    %load/vec4 v0x15067ebd0_0;
    %flag_set/vec4 8;
    %jmp/0xz  T_22.0, 8;
    %load/vec4 v0x15067eb40_0;
    %parti/s 7, 0, 2;
    %load/vec4 v0x15067eb40_0;
    %parti/s 2, 7, 4;
    %pad/u 4;
    %ix/vec4 3;
    %ix/load 4, 0, 0; Constant delay
    %assign/vec4/a/d v0x15067e7a0, 0, 4;
    %load/vec4 v0x15067ed00_0;
    %load/vec4 v0x15067ec60_0;
    %parti/s 2, 7, 4;
    %load/vec4 v0x15067eb40_0;
    %parti/s 2, 7, 4;
    %cmp/ne;
    %flag_get/vec4 4;
    %and;
    %flag_set/vec4 8;
    %jmp/0xz  T_22.2, 8;
    %load/vec4 v0x15067ec60_0;
    %parti/s 7, 0, 2;
    %load/vec4 v0x15067ec60_0;
    %parti/s 2, 7, 4;
    %pad/u 4;
    %ix/vec4 3;
    %ix/load 4, 0, 0; Constant delay
    %assign/vec4/a/d v0x15067e7a0, 0, 4;
T_22.2 ;
    %jmp T_22.1;
T_22.0 ;
    %load/vec4 v0x15067ed00_0;
    %flag_set/vec4 8;
    %jmp/0xz  T_22.4, 8;
    %load/vec4 v0x15067ec60_0;
    %parti/s 7, 0, 2;
    %load/vec4 v0x15067ec60_0;
    %parti/s 2, 7, 4;
    %pad/u 4;
    %ix/vec4 3;
    %ix/load 4, 0, 0; Constant delay
    %assign/vec4/a/d v0x15067e7a0, 0, 4;
T_22.4 ;
T_22.1 ;
    %jmp T_22;
    .thread T_22, $push;
    .scope S_0x15067b2e0;
T_23 ;
    %wait E_0x15067a630;
    %load/vec4 v0x15067ebd0_0;
    %flag_set/vec4 8;
    %jmp/0xz  T_23.0, 8;
    %load/vec4 v0x15067eb40_0;
    %parti/s 2, 7, 4;
    %pad/u 4;
    %ix/vec4 4;
    %load/vec4a v0x15067ea30, 4;
    %store/vec4 v0x15067e9a0_0, 0, 8;
    %jmp T_23.1;
T_23.0 ;
    %pushi/vec4 0, 0, 8;
    %store/vec4 v0x15067e9a0_0, 0, 8;
T_23.1 ;
    %jmp T_23;
    .thread T_23, $push;
    .scope S_0x150661f20;
T_24 ;
    %wait E_0x15066a340;
    %load/vec4 v0x1506803e0_0;
    %flag_set/vec4 8;
    %jmp/0xz  T_24.0, 8;
    %load/vec4 v0x150680350_0;
    %parti/s 2, 9, 5;
    %pad/u 4;
    %ix/vec4 4;
    %load/vec4a v0x150680270, 4;
    %store/vec4 v0x1506801c0_0, 0, 8;
    %jmp T_24.1;
T_24.0 ;
    %pushi/vec4 0, 0, 8;
    %store/vec4 v0x1506801c0_0, 0, 8;
T_24.1 ;
    %jmp T_24;
    .thread T_24;
    .scope S_0x1506645f0;
T_25 ;
    %pushi/vec4 0, 0, 1;
    %store/vec4 v0x150680640_0, 0, 1;
    %vpi_call 2 14 "$dumpfile", "Multi_Bank_Memory_t.vcd" {0 0 0};
    %vpi_call 2 15 "$dumpvars", 32'sb00000000000000000000000000000000, S_0x1506645f0 {0 0 0};
    %wait E_0x15066a7e0;
    %pushi/vec4 87, 0, 11;
    %store/vec4 v0x150680990_0, 0, 11;
    %pushi/vec4 87, 0, 8;
    %store/vec4 v0x1506806e0_0, 0, 8;
    %pushi/vec4 0, 0, 1;
    %store/vec4 v0x1506808c0_0, 0, 1;
    %pushi/vec4 1, 0, 1;
    %store/vec4 v0x150680a40_0, 0, 1;
    %wait E_0x15066a7e0;
    %pushi/vec4 0, 0, 1;
    %store/vec4 v0x1506808c0_0, 0, 1;
    %pushi/vec4 0, 0, 1;
    %store/vec4 v0x150680a40_0, 0, 1;
    %wait E_0x15066a7e0;
    %pushi/vec4 87, 0, 11;
    %store/vec4 v0x150680810_0, 0, 11;
    %pushi/vec4 1, 0, 1;
    %store/vec4 v0x1506808c0_0, 0, 1;
    %pushi/vec4 0, 0, 1;
    %store/vec4 v0x150680a40_0, 0, 1;
    %wait E_0x15066a7e0;
    %pushi/vec4 655, 0, 11;
    %store/vec4 v0x150680990_0, 0, 11;
    %pushi/vec4 85, 0, 8;
    %store/vec4 v0x1506806e0_0, 0, 8;
    %pushi/vec4 1, 0, 1;
    %store/vec4 v0x1506808c0_0, 0, 1;
    %pushi/vec4 1, 0, 1;
    %store/vec4 v0x150680a40_0, 0, 1;
    %wait E_0x15066a7e0;
    %pushi/vec4 665, 0, 11;
    %store/vec4 v0x150680990_0, 0, 11;
    %pushi/vec4 655, 0, 11;
    %store/vec4 v0x150680810_0, 0, 11;
    %pushi/vec4 100, 0, 8;
    %store/vec4 v0x1506806e0_0, 0, 8;
    %wait E_0x15066a7e0;
    %pushi/vec4 1407, 0, 11;
    %store/vec4 v0x150680990_0, 0, 11;
    %pushi/vec4 665, 0, 11;
    %store/vec4 v0x150680810_0, 0, 11;
    %pushi/vec4 77, 0, 8;
    %store/vec4 v0x1506806e0_0, 0, 8;
    %wait E_0x15066a7e0;
    %pushi/vec4 1919, 0, 11;
    %store/vec4 v0x150680810_0, 0, 11;
    %pushi/vec4 1, 0, 1;
    %store/vec4 v0x1506808c0_0, 0, 1;
    %pushi/vec4 0, 0, 1;
    %store/vec4 v0x150680a40_0, 0, 1;
    %wait E_0x15066a7e0;
    %pushi/vec4 0, 0, 1;
    %store/vec4 v0x1506808c0_0, 0, 1;
    %wait E_0x15066a7e0;
    %vpi_call 2 48 "$finish" {0 0 0};
    %end;
    .thread T_25;
    .scope S_0x1506645f0;
T_26 ;
    %delay 5000, 0;
    %load/vec4 v0x150680640_0;
    %inv;
    %store/vec4 v0x150680640_0, 0, 1;
    %jmp T_26;
    .thread T_26;
# The file index is used to find the file name in the following table.
:file_names 4;
    "N/A";
    "<interactive>";
    "Lab3_111062109_Multi_Bank_Memory_t.v";
    "./Lab3_111062109_Multi_Bank_Memory.v";
