#! /c/Source/iverilog-install/bin/vvp
:ivl_version "12.0 (devel)" "(s20150603-1110-g18392a46)";
:ivl_delay_selection "TYPICAL";
:vpi_time_precision - 12;
:vpi_module "C:\iverilog\lib\ivl\system.vpi";
:vpi_module "C:\iverilog\lib\ivl\vhdl_sys.vpi";
:vpi_module "C:\iverilog\lib\ivl\vhdl_textio.vpi";
:vpi_module "C:\iverilog\lib\ivl\v2005_math.vpi";
:vpi_module "C:\iverilog\lib\ivl\va_math.vpi";
S_000001e262632e10 .scope module, "mealy_machine" "mealy_machine" 2 3;
 .timescale -9 -12;
    .port_info 0 /INPUT 1 "clk";
    .port_info 1 /INPUT 1 "in";
    .port_info 2 /INPUT 1 "rst_n";
    .port_info 3 /OUTPUT 3 "state";
    .port_info 4 /OUTPUT 1 "out";
P_000001e262632fa0 .param/l "S0" 0 2 10, C4<000>;
P_000001e262632fd8 .param/l "S1" 0 2 10, C4<001>;
P_000001e262633010 .param/l "S2" 0 2 10, C4<010>;
P_000001e262633048 .param/l "S3" 0 2 10, C4<011>;
P_000001e262633080 .param/l "S4" 0 2 10, C4<100>;
P_000001e2626330b8 .param/l "S5" 0 2 10, C4<101>;
o000001e26266cfd8 .functor BUFZ 1, C4<z>; HiZ drive
v000001e262633100_0 .net "clk", 0 0, o000001e26266cfd8;  0 drivers
o000001e26266d008 .functor BUFZ 1, C4<z>; HiZ drive
v000001e26254b8d0_0 .net "in", 0 0, o000001e26266d008;  0 drivers
v000001e26254b970_0 .var "next_state", 2 0;
v000001e26254ba10_0 .var "out", 0 0;
o000001e26266d098 .functor BUFZ 1, C4<z>; HiZ drive
v000001e26254bab0_0 .net "rst_n", 0 0, o000001e26266d098;  0 drivers
v000001e26254bb50_0 .var "state", 2 0;
E_000001e26266a750 .event anyedge, v000001e26254bb50_0, v000001e26254b8d0_0;
E_000001e26266a4d0 .event posedge, v000001e262633100_0;
    .scope S_000001e262632e10;
T_0 ;
    %wait E_000001e26266a4d0;
    %load/vec4 v000001e26254bab0_0;
    %nor/r;
    %flag_set/vec4 8;
    %jmp/0xz  T_0.0, 8;
    %pushi/vec4 0, 0, 3;
    %assign/vec4 v000001e26254bb50_0, 0;
    %jmp T_0.1;
T_0.0 ;
    %load/vec4 v000001e26254b970_0;
    %assign/vec4 v000001e26254bb50_0, 0;
T_0.1 ;
    %jmp T_0;
    .thread T_0;
    .scope S_000001e262632e10;
T_1 ;
    %wait E_000001e26266a750;
    %load/vec4 v000001e26254bb50_0;
    %dup/vec4;
    %pushi/vec4 0, 0, 3;
    %cmp/u;
    %jmp/1 T_1.0, 6;
    %dup/vec4;
    %pushi/vec4 1, 0, 3;
    %cmp/u;
    %jmp/1 T_1.1, 6;
    %dup/vec4;
    %pushi/vec4 2, 0, 3;
    %cmp/u;
    %jmp/1 T_1.2, 6;
    %dup/vec4;
    %pushi/vec4 3, 0, 3;
    %cmp/u;
    %jmp/1 T_1.3, 6;
    %dup/vec4;
    %pushi/vec4 4, 0, 3;
    %cmp/u;
    %jmp/1 T_1.4, 6;
    %dup/vec4;
    %pushi/vec4 5, 0, 3;
    %cmp/u;
    %jmp/1 T_1.5, 6;
    %jmp T_1.6;
T_1.0 ;
    %load/vec4 v000001e26254b8d0_0;
    %flag_set/vec4 8;
    %jmp/0xz  T_1.7, 8;
    %pushi/vec4 2, 0, 3;
    %store/vec4 v000001e26254b970_0, 0, 3;
    %pushi/vec4 1, 0, 1;
    %store/vec4 v000001e26254ba10_0, 0, 1;
    %jmp T_1.8;
T_1.7 ;
    %pushi/vec4 0, 0, 3;
    %store/vec4 v000001e26254b970_0, 0, 3;
    %pushi/vec4 0, 0, 1;
    %store/vec4 v000001e26254ba10_0, 0, 1;
T_1.8 ;
    %jmp T_1.6;
T_1.1 ;
    %pushi/vec4 1, 0, 1;
    %store/vec4 v000001e26254ba10_0, 0, 1;
    %load/vec4 v000001e26254b8d0_0;
    %flag_set/vec4 8;
    %jmp/0xz  T_1.9, 8;
    %pushi/vec4 4, 0, 3;
    %store/vec4 v000001e26254b970_0, 0, 3;
    %jmp T_1.10;
T_1.9 ;
    %pushi/vec4 0, 0, 3;
    %store/vec4 v000001e26254b970_0, 0, 3;
T_1.10 ;
    %jmp T_1.6;
T_1.2 ;
    %load/vec4 v000001e26254b8d0_0;
    %flag_set/vec4 8;
    %jmp/0xz  T_1.11, 8;
    %pushi/vec4 1, 0, 3;
    %store/vec4 v000001e26254b970_0, 0, 3;
    %pushi/vec4 0, 0, 1;
    %store/vec4 v000001e26254ba10_0, 0, 1;
    %jmp T_1.12;
T_1.11 ;
    %pushi/vec4 5, 0, 3;
    %store/vec4 v000001e26254b970_0, 0, 3;
    %pushi/vec4 1, 0, 1;
    %store/vec4 v000001e26254ba10_0, 0, 1;
T_1.12 ;
    %jmp T_1.6;
T_1.3 ;
    %load/vec4 v000001e26254b8d0_0;
    %flag_set/vec4 8;
    %jmp/0xz  T_1.13, 8;
    %pushi/vec4 2, 0, 3;
    %store/vec4 v000001e26254b970_0, 0, 3;
    %pushi/vec4 0, 0, 1;
    %store/vec4 v000001e26254ba10_0, 0, 1;
    %jmp T_1.14;
T_1.13 ;
    %pushi/vec4 3, 0, 3;
    %store/vec4 v000001e26254b970_0, 0, 3;
    %pushi/vec4 1, 0, 1;
    %store/vec4 v000001e26254ba10_0, 0, 1;
T_1.14 ;
    %jmp T_1.6;
T_1.4 ;
    %pushi/vec4 1, 0, 1;
    %store/vec4 v000001e26254ba10_0, 0, 1;
    %load/vec4 v000001e26254b8d0_0;
    %flag_set/vec4 8;
    %jmp/0xz  T_1.15, 8;
    %pushi/vec4 4, 0, 3;
    %store/vec4 v000001e26254b970_0, 0, 3;
    %jmp T_1.16;
T_1.15 ;
    %pushi/vec4 2, 0, 3;
    %store/vec4 v000001e26254b970_0, 0, 3;
T_1.16 ;
    %jmp T_1.6;
T_1.5 ;
    %pushi/vec4 0, 0, 1;
    %store/vec4 v000001e26254ba10_0, 0, 1;
    %load/vec4 v000001e26254b8d0_0;
    %flag_set/vec4 8;
    %jmp/0xz  T_1.17, 8;
    %pushi/vec4 4, 0, 3;
    %store/vec4 v000001e26254b970_0, 0, 3;
    %jmp T_1.18;
T_1.17 ;
    %pushi/vec4 3, 0, 3;
    %store/vec4 v000001e26254b970_0, 0, 3;
T_1.18 ;
    %jmp T_1.6;
T_1.6 ;
    %pop/vec4 1;
    %jmp T_1;
    .thread T_1, $push;
# The file index is used to find the file name in the following table.
:file_names 3;
    "N/A";
    "<interactive>";
    "mealy_machine.v";
