#! /c/Source/iverilog-install/bin/vvp
:ivl_version "12.0 (devel)" "(s20150603-1110-g18392a46)";
:ivl_delay_selection "TYPICAL";
:vpi_time_precision - 12;
:vpi_module "C:\iverilog\lib\ivl\system.vpi";
:vpi_module "C:\iverilog\lib\ivl\vhdl_sys.vpi";
:vpi_module "C:\iverilog\lib\ivl\vhdl_textio.vpi";
:vpi_module "C:\iverilog\lib\ivl\v2005_math.vpi";
:vpi_module "C:\iverilog\lib\ivl\va_math.vpi";
S_000001b88a881310 .scope module, "Adders_t" "Adders_t" 2 3;
 .timescale -9 -12;
v000001b88a8ed320_0 .var "a", 0 0;
v000001b88a8ec6a0_0 .var "b", 0 0;
v000001b88a8ec420_0 .var "cin", 0 0;
v000001b88a8ec740_0 .net "fa_cout", 0 0, L_000001b88a87f1b0;  1 drivers
v000001b88a8ec600_0 .net "fa_sum", 0 0, L_000001b88a8ee2d0;  1 drivers
v000001b88a8edc80_0 .net "ha_cout", 0 0, L_000001b88a87f8b0;  1 drivers
v000001b88a8ed000_0 .net "ha_sum", 0 0, L_000001b88a87f680;  1 drivers
S_000001b88a95d380 .scope module, "fa" "Full_Adder" 2 17, 3 49 0, S_000001b88a881310;
 .timescale -9 -12;
    .port_info 0 /INPUT 1 "a";
    .port_info 1 /INPUT 1 "b";
    .port_info 2 /INPUT 1 "cin";
    .port_info 3 /OUTPUT 1 "cout";
    .port_info 4 /OUTPUT 1 "sum";
v000001b88a8e10d0_0 .net "a", 0 0, v000001b88a8ed320_0;  1 drivers
v000001b88a8e1fd0_0 .net "b", 0 0, v000001b88a8ec6a0_0;  1 drivers
v000001b88a8e2070_0 .net "cin", 0 0, v000001b88a8ec420_0;  1 drivers
v000001b88a8e1670_0 .net "cout", 0 0, L_000001b88a87f1b0;  alias, 1 drivers
v000001b88a8e2390_0 .net "sum", 0 0, L_000001b88a8ee2d0;  alias, 1 drivers
v000001b88a8e1530_0 .net "temp1", 0 0, L_000001b88a87eea0;  1 drivers
S_000001b88a95d510 .scope module, "M1" "Majority" 3 53, 3 30 0, S_000001b88a95d380;
 .timescale -9 -12;
    .port_info 0 /INPUT 1 "a";
    .port_info 1 /INPUT 1 "b";
    .port_info 2 /INPUT 1 "c";
    .port_info 3 /OUTPUT 1 "out";
v000001b88a8e1170_0 .net "a", 0 0, v000001b88a8ed320_0;  alias, 1 drivers
v000001b88a8e2bb0_0 .net "b", 0 0, v000001b88a8ec6a0_0;  alias, 1 drivers
v000001b88a8e1710_0 .net "c", 0 0, v000001b88a8ec420_0;  alias, 1 drivers
v000001b88a8e1b70_0 .net "out", 0 0, L_000001b88a87f1b0;  alias, 1 drivers
v000001b88a8e2570_0 .net "temp1", 0 0, L_000001b88a87ed50;  1 drivers
v000001b88a8e1c10_0 .net "temp2", 0 0, L_000001b88a87ef10;  1 drivers
v000001b88a8e2ed0_0 .net "temp3", 0 0, L_000001b88a87f060;  1 drivers
v000001b88a8e1cb0_0 .net "temp4", 0 0, L_000001b88a87f0d0;  1 drivers
S_000001b88a95d6a0 .scope module, "A1" "AND" 3 34, 3 2 0, S_000001b88a95d510;
 .timescale -9 -12;
    .port_info 0 /OUTPUT 1 "out";
    .port_info 1 /INPUT 1 "a";
    .port_info 2 /INPUT 1 "b";
L_000001b88a87fa00 .functor NAND 1, v000001b88a8ed320_0, v000001b88a8ec6a0_0, C4<1>, C4<1>;
L_000001b88a87ed50 .functor NAND 1, L_000001b88a87fa00, L_000001b88a87fa00, C4<1>, C4<1>;
v000001b88a87e800_0 .net "a", 0 0, v000001b88a8ed320_0;  alias, 1 drivers
v000001b88a87df40_0 .net "b", 0 0, v000001b88a8ec6a0_0;  alias, 1 drivers
v000001b88a87e940_0 .net "out", 0 0, L_000001b88a87ed50;  alias, 1 drivers
v000001b88a87dfe0_0 .net "temp", 0 0, L_000001b88a87fa00;  1 drivers
S_000001b88a885f40 .scope module, "A2" "AND" 3 35, 3 2 0, S_000001b88a95d510;
 .timescale -9 -12;
    .port_info 0 /OUTPUT 1 "out";
    .port_info 1 /INPUT 1 "a";
    .port_info 2 /INPUT 1 "b";
L_000001b88a87ec00 .functor NAND 1, v000001b88a8ed320_0, v000001b88a8ec420_0, C4<1>, C4<1>;
L_000001b88a87ef10 .functor NAND 1, L_000001b88a87ec00, L_000001b88a87ec00, C4<1>, C4<1>;
v000001b88a87e080_0 .net "a", 0 0, v000001b88a8ed320_0;  alias, 1 drivers
v000001b88a87e8a0_0 .net "b", 0 0, v000001b88a8ec420_0;  alias, 1 drivers
v000001b88a87e120_0 .net "out", 0 0, L_000001b88a87ef10;  alias, 1 drivers
v000001b88a87e9e0_0 .net "temp", 0 0, L_000001b88a87ec00;  1 drivers
S_000001b88a8860d0 .scope module, "A3" "AND" 3 36, 3 2 0, S_000001b88a95d510;
 .timescale -9 -12;
    .port_info 0 /OUTPUT 1 "out";
    .port_info 1 /INPUT 1 "a";
    .port_info 2 /INPUT 1 "b";
L_000001b88a87f6f0 .functor NAND 1, v000001b88a8ec6a0_0, v000001b88a8ec420_0, C4<1>, C4<1>;
L_000001b88a87f060 .functor NAND 1, L_000001b88a87f6f0, L_000001b88a87f6f0, C4<1>, C4<1>;
v000001b88a87e260_0 .net "a", 0 0, v000001b88a8ec6a0_0;  alias, 1 drivers
v000001b88a87dd60_0 .net "b", 0 0, v000001b88a8ec420_0;  alias, 1 drivers
v000001b88a87dc20_0 .net "out", 0 0, L_000001b88a87f060;  alias, 1 drivers
v000001b88a87dcc0_0 .net "temp", 0 0, L_000001b88a87f6f0;  1 drivers
S_000001b88a886260 .scope module, "O1" "OR" 3 37, 3 10 0, S_000001b88a95d510;
 .timescale -9 -12;
    .port_info 0 /OUTPUT 1 "out";
    .port_info 1 /INPUT 1 "a";
    .port_info 2 /INPUT 1 "b";
L_000001b88a87ec70 .functor NAND 1, L_000001b88a87ed50, L_000001b88a87ed50, C4<1>, C4<1>;
L_000001b88a87ece0 .functor NAND 1, L_000001b88a87ef10, L_000001b88a87ef10, C4<1>, C4<1>;
L_000001b88a87f0d0 .functor NAND 1, L_000001b88a87ec70, L_000001b88a87ece0, C4<1>, C4<1>;
v000001b88a87e1c0_0 .net "a", 0 0, L_000001b88a87ed50;  alias, 1 drivers
v000001b88a8e27f0_0 .net "b", 0 0, L_000001b88a87ef10;  alias, 1 drivers
v000001b88a8e24d0_0 .net "out", 0 0, L_000001b88a87f0d0;  alias, 1 drivers
v000001b88a8e17b0_0 .net "temp1", 0 0, L_000001b88a87ec70;  1 drivers
v000001b88a8e2890_0 .net "temp2", 0 0, L_000001b88a87ece0;  1 drivers
S_000001b88a886fb0 .scope module, "O2" "OR" 3 38, 3 10 0, S_000001b88a95d510;
 .timescale -9 -12;
    .port_info 0 /OUTPUT 1 "out";
    .port_info 1 /INPUT 1 "a";
    .port_info 2 /INPUT 1 "b";
L_000001b88a87f140 .functor NAND 1, L_000001b88a87f0d0, L_000001b88a87f0d0, C4<1>, C4<1>;
L_000001b88a87f840 .functor NAND 1, L_000001b88a87f060, L_000001b88a87f060, C4<1>, C4<1>;
L_000001b88a87f1b0 .functor NAND 1, L_000001b88a87f140, L_000001b88a87f840, C4<1>, C4<1>;
v000001b88a8e1990_0 .net "a", 0 0, L_000001b88a87f0d0;  alias, 1 drivers
v000001b88a8e1ad0_0 .net "b", 0 0, L_000001b88a87f060;  alias, 1 drivers
v000001b88a8e2b10_0 .net "out", 0 0, L_000001b88a87f1b0;  alias, 1 drivers
v000001b88a8e1210_0 .net "temp1", 0 0, L_000001b88a87f140;  1 drivers
v000001b88a8e2e30_0 .net "temp2", 0 0, L_000001b88a87f840;  1 drivers
S_000001b88a887140 .scope module, "X1" "XOR" 3 54, 3 19 0, S_000001b88a95d380;
 .timescale -9 -12;
    .port_info 0 /OUTPUT 1 "out";
    .port_info 1 /INPUT 1 "a";
    .port_info 2 /INPUT 1 "b";
L_000001b88a87f920 .functor NAND 1, v000001b88a8ed320_0, v000001b88a8ed320_0, C4<1>, C4<1>;
L_000001b88a87f990 .functor NAND 1, v000001b88a8ec6a0_0, v000001b88a8ec6a0_0, C4<1>, C4<1>;
L_000001b88a87fa70 .functor NAND 1, L_000001b88a87f920, v000001b88a8ec6a0_0, C4<1>, C4<1>;
L_000001b88a87f300 .functor NAND 1, L_000001b88a87f990, v000001b88a8ed320_0, C4<1>, C4<1>;
L_000001b88a87eea0 .functor NAND 1, L_000001b88a87fa70, L_000001b88a87f300, C4<1>, C4<1>;
v000001b88a8e1d50_0 .net "a", 0 0, v000001b88a8ed320_0;  alias, 1 drivers
v000001b88a8e1490_0 .net "b", 0 0, v000001b88a8ec6a0_0;  alias, 1 drivers
v000001b88a8e12b0_0 .net "na", 0 0, L_000001b88a87f920;  1 drivers
v000001b88a8e2110_0 .net "nb", 0 0, L_000001b88a87f990;  1 drivers
v000001b88a8e1e90_0 .net "out", 0 0, L_000001b88a87eea0;  alias, 1 drivers
v000001b88a8e1350_0 .net "temp1", 0 0, L_000001b88a87fa70;  1 drivers
v000001b88a8e2430_0 .net "temp2", 0 0, L_000001b88a87f300;  1 drivers
S_000001b88a8872d0 .scope module, "X2" "XOR" 3 55, 3 19 0, S_000001b88a95d380;
 .timescale -9 -12;
    .port_info 0 /OUTPUT 1 "out";
    .port_info 1 /INPUT 1 "a";
    .port_info 2 /INPUT 1 "b";
L_000001b88a87f220 .functor NAND 1, L_000001b88a87eea0, L_000001b88a87eea0, C4<1>, C4<1>;
L_000001b88a8ee810 .functor NAND 1, v000001b88a8ec420_0, v000001b88a8ec420_0, C4<1>, C4<1>;
L_000001b88a8ee5e0 .functor NAND 1, L_000001b88a87f220, v000001b88a8ec420_0, C4<1>, C4<1>;
L_000001b88a8ee880 .functor NAND 1, L_000001b88a8ee810, L_000001b88a87eea0, C4<1>, C4<1>;
L_000001b88a8ee2d0 .functor NAND 1, L_000001b88a8ee5e0, L_000001b88a8ee880, C4<1>, C4<1>;
v000001b88a8e1850_0 .net "a", 0 0, L_000001b88a87eea0;  alias, 1 drivers
v000001b88a8e2610_0 .net "b", 0 0, v000001b88a8ec420_0;  alias, 1 drivers
v000001b88a8e2f70_0 .net "na", 0 0, L_000001b88a87f220;  1 drivers
v000001b88a8e1df0_0 .net "nb", 0 0, L_000001b88a8ee810;  1 drivers
v000001b88a8e1f30_0 .net "out", 0 0, L_000001b88a8ee2d0;  alias, 1 drivers
v000001b88a8e26b0_0 .net "temp1", 0 0, L_000001b88a8ee5e0;  1 drivers
v000001b88a8e18f0_0 .net "temp2", 0 0, L_000001b88a8ee880;  1 drivers
S_000001b88a88a3a0 .scope module, "ha" "Half_Adder" 2 10, 3 41 0, S_000001b88a881310;
 .timescale -9 -12;
    .port_info 0 /INPUT 1 "a";
    .port_info 1 /INPUT 1 "b";
    .port_info 2 /OUTPUT 1 "cout";
    .port_info 3 /OUTPUT 1 "sum";
v000001b88a8e2cf0_0 .net "a", 0 0, v000001b88a8ed320_0;  alias, 1 drivers
v000001b88a8e2d90_0 .net "b", 0 0, v000001b88a8ec6a0_0;  alias, 1 drivers
v000001b88a8ed8c0_0 .net "cout", 0 0, L_000001b88a87f8b0;  alias, 1 drivers
v000001b88a8ed460_0 .net "sum", 0 0, L_000001b88a87f680;  alias, 1 drivers
S_000001b88a88a530 .scope module, "A1" "AND" 3 46, 3 2 0, S_000001b88a88a3a0;
 .timescale -9 -12;
    .port_info 0 /OUTPUT 1 "out";
    .port_info 1 /INPUT 1 "a";
    .port_info 2 /INPUT 1 "b";
L_000001b88a87f7d0 .functor NAND 1, v000001b88a8ed320_0, v000001b88a8ec6a0_0, C4<1>, C4<1>;
L_000001b88a87f8b0 .functor NAND 1, L_000001b88a87f7d0, L_000001b88a87f7d0, C4<1>, C4<1>;
v000001b88a8e21b0_0 .net "a", 0 0, v000001b88a8ed320_0;  alias, 1 drivers
v000001b88a8e13f0_0 .net "b", 0 0, v000001b88a8ec6a0_0;  alias, 1 drivers
v000001b88a8e15d0_0 .net "out", 0 0, L_000001b88a87f8b0;  alias, 1 drivers
v000001b88a8e2250_0 .net "temp", 0 0, L_000001b88a87f7d0;  1 drivers
S_000001b88a88a6c0 .scope module, "X1" "XOR" 3 45, 3 19 0, S_000001b88a88a3a0;
 .timescale -9 -12;
    .port_info 0 /OUTPUT 1 "out";
    .port_info 1 /INPUT 1 "a";
    .port_info 2 /INPUT 1 "b";
L_000001b88a87f4c0 .functor NAND 1, v000001b88a8ed320_0, v000001b88a8ed320_0, C4<1>, C4<1>;
L_000001b88a87f5a0 .functor NAND 1, v000001b88a8ec6a0_0, v000001b88a8ec6a0_0, C4<1>, C4<1>;
L_000001b88a87eff0 .functor NAND 1, L_000001b88a87f4c0, v000001b88a8ec6a0_0, C4<1>, C4<1>;
L_000001b88a87f760 .functor NAND 1, L_000001b88a87f5a0, v000001b88a8ed320_0, C4<1>, C4<1>;
L_000001b88a87f680 .functor NAND 1, L_000001b88a87eff0, L_000001b88a87f760, C4<1>, C4<1>;
v000001b88a8e29d0_0 .net "a", 0 0, v000001b88a8ed320_0;  alias, 1 drivers
v000001b88a8e2c50_0 .net "b", 0 0, v000001b88a8ec6a0_0;  alias, 1 drivers
v000001b88a8e22f0_0 .net "na", 0 0, L_000001b88a87f4c0;  1 drivers
v000001b88a8e1a30_0 .net "nb", 0 0, L_000001b88a87f5a0;  1 drivers
v000001b88a8e2750_0 .net "out", 0 0, L_000001b88a87f680;  alias, 1 drivers
v000001b88a8e2930_0 .net "temp1", 0 0, L_000001b88a87eff0;  1 drivers
v000001b88a8e2a70_0 .net "temp2", 0 0, L_000001b88a87f760;  1 drivers
    .scope S_000001b88a881310;
T_0 ;
    %pushi/vec4 0, 0, 1;
    %store/vec4 v000001b88a8ed320_0, 0, 1;
    %pushi/vec4 0, 0, 1;
    %store/vec4 v000001b88a8ec6a0_0, 0, 1;
    %pushi/vec4 0, 0, 1;
    %store/vec4 v000001b88a8ec420_0, 0, 1;
    %end;
    .thread T_0;
    .scope S_000001b88a881310;
T_1 ;
    %vpi_call 2 32 "$dumpfile", "Adders.vcd" {0 0 0};
    %vpi_call 2 33 "$dumpvars", 32'sb00000000000000000000000000000000, S_000001b88a881310 {0 0 0};
    %pushi/vec4 8, 0, 32;
T_1.0 %dup/vec4;
    %pushi/vec4 0, 0, 32;
    %cmp/s;
    %jmp/1xz T_1.1, 5;
    %jmp/1 T_1.1, 4;
    %pushi/vec4 1, 0, 32;
    %sub;
    %delay 1000, 0;
    %load/vec4 v000001b88a8ed320_0;
    %load/vec4 v000001b88a8ec6a0_0;
    %concat/vec4; draw_concat_vec4
    %load/vec4 v000001b88a8ec420_0;
    %concat/vec4; draw_concat_vec4
    %addi 1, 0, 3;
    %split/vec4 1;
    %store/vec4 v000001b88a8ec420_0, 0, 1;
    %split/vec4 1;
    %store/vec4 v000001b88a8ec6a0_0, 0, 1;
    %store/vec4 v000001b88a8ed320_0, 0, 1;
    %jmp T_1.0;
T_1.1 ;
    %pop/vec4 1;
    %delay 1000, 0;
    %vpi_call 2 37 "$finish" {0 0 0};
    %end;
    .thread T_1;
# The file index is used to find the file name in the following table.
:file_names 4;
    "N/A";
    "<interactive>";
    "Adders_t.v";
    "./Lab2_Adders.v";
